[1.921s] Invoking command in '/home/ubuntu/magician_ros2_control_system_ws/src/dobot_end_effector': PYTHONPATH=/home/ubuntu/magician_ros2_control_system_ws/build/dobot_end_effector/prefix_override:/usr/lib/python3/dist-packages/colcon_core/task/python/colcon_distutils_commands:/home/ubuntu/magician_ros2_control_system_ws/install/dobot_end_effector/lib/python3.10/site-packages:${PYTHONPATH} /usr/bin/python3 -W ignore:setup.py install is deprecated setup.py egg_info --egg-base ../../build/dobot_end_effector build --build-base /home/ubuntu/magician_ros2_control_system_ws/build/dobot_end_effector/build install --record /home/ubuntu/magician_ros2_control_system_ws/build/dobot_end_effector/install.log --single-version-externally-managed install_data
[2.113s] running egg_info
[2.113s] writing ../../build/dobot_end_effector/dobot_end_effector.egg-info/PKG-INFO
[2.113s] writing dependency_links to ../../build/dobot_end_effector/dobot_end_effector.egg-info/dependency_links.txt
[2.113s] writing entry points to ../../build/dobot_end_effector/dobot_end_effector.egg-info/entry_points.txt
[2.113s] writing requirements to ../../build/dobot_end_effector/dobot_end_effector.egg-info/requires.txt
[2.113s] writing top-level names to ../../build/dobot_end_effector/dobot_end_effector.egg-info/top_level.txt
[2.115s] reading manifest file '../../build/dobot_end_effector/dobot_end_effector.egg-info/SOURCES.txt'
[2.115s] writing manifest file '../../build/dobot_end_effector/dobot_end_effector.egg-info/SOURCES.txt'
[2.115s] running build
[2.115s] running build_py
[2.115s] running install
[2.116s] running install_lib
[2.117s] running install_data
[2.117s] running install_egg_info
[2.118s] removing '/home/ubuntu/magician_ros2_control_system_ws/install/dobot_end_effector/lib/python3.10/site-packages/dobot_end_effector-1.0.0-py3.10.egg-info' (and everything under it)
[2.118s] Copying ../../build/dobot_end_effector/dobot_end_effector.egg-info to /home/ubuntu/magician_ros2_control_system_ws/install/dobot_end_effector/lib/python3.10/site-packages/dobot_end_effector-1.0.0-py3.10.egg-info
[2.119s] running install_scripts
[2.134s] Installing gripper_server script to /home/ubuntu/magician_ros2_control_system_ws/install/dobot_end_effector/lib/dobot_end_effector
[2.134s] Installing suction_cup_server script to /home/ubuntu/magician_ros2_control_system_ws/install/dobot_end_effector/lib/dobot_end_effector
[2.134s] writing list of installed files to '/home/ubuntu/magician_ros2_control_system_ws/build/dobot_end_effector/install.log'
[2.157s] Invoked command in '/home/ubuntu/magician_ros2_control_system_ws/src/dobot_end_effector' returned '0': PYTHONPATH=/home/ubuntu/magician_ros2_control_system_ws/build/dobot_end_effector/prefix_override:/usr/lib/python3/dist-packages/colcon_core/task/python/colcon_distutils_commands:/home/ubuntu/magician_ros2_control_system_ws/install/dobot_end_effector/lib/python3.10/site-packages:${PYTHONPATH} /usr/bin/python3 -W ignore:setup.py install is deprecated setup.py egg_info --egg-base ../../build/dobot_end_effector build --build-base /home/ubuntu/magician_ros2_control_system_ws/build/dobot_end_effector/build install --record /home/ubuntu/magician_ros2_control_system_ws/build/dobot_end_effector/install.log --single-version-externally-managed install_data
