/home/ubuntu/magician_ros2_control_system_ws/install/gyeong_pkg/lib/python3.10/site-packages/gyeong_pkg/__init__.py
/home/ubuntu/magician_ros2_control_system_ws/install/gyeong_pkg/lib/python3.10/site-packages/gyeong_pkg/pie(notuse).py
/home/ubuntu/magician_ros2_control_system_ws/install/gyeong_pkg/lib/python3.10/site-packages/gyeong_pkg/mvrobotbydk(window_notuse).py
/home/ubuntu/magician_ros2_control_system_ws/install/gyeong_pkg/lib/python3.10/site-packages/gyeong_pkg/mvdkbyrobot.py
/home/ubuntu/magician_ros2_control_system_ws/install/gyeong_pkg/lib/python3.10/site-packages/gyeong_pkg/mvdkbyrobot(window_notuse).py
/home/ubuntu/magician_ros2_control_system_ws/install/gyeong_pkg/lib/python3.10/site-packages/gyeong_pkg/yolo_with_socket.py
/home/ubuntu/magician_ros2_control_system_ws/install/gyeong_pkg/lib/python3.10/site-packages/gyeong_pkg/mvrobotbydk.py
/home/ubuntu/magician_ros2_control_system_ws/install/gyeong_pkg/lib/python3.10/site-packages/gyeong_pkg/dobot_mv.py
/home/ubuntu/magician_ros2_control_system_ws/install/gyeong_pkg/lib/python3.10/site-packages/gyeong_pkg/__pycache__/__init__.cpython-310.pyc
/home/ubuntu/magician_ros2_control_system_ws/install/gyeong_pkg/lib/python3.10/site-packages/gyeong_pkg/__pycache__/pie(notuse).cpython-310.pyc
/home/ubuntu/magician_ros2_control_system_ws/install/gyeong_pkg/lib/python3.10/site-packages/gyeong_pkg/__pycache__/mvrobotbydk(window_notuse).cpython-310.pyc
/home/ubuntu/magician_ros2_control_system_ws/install/gyeong_pkg/lib/python3.10/site-packages/gyeong_pkg/__pycache__/mvdkbyrobot.cpython-310.pyc
/home/ubuntu/magician_ros2_control_system_ws/install/gyeong_pkg/lib/python3.10/site-packages/gyeong_pkg/__pycache__/mvdkbyrobot(window_notuse).cpython-310.pyc
/home/ubuntu/magician_ros2_control_system_ws/install/gyeong_pkg/lib/python3.10/site-packages/gyeong_pkg/__pycache__/yolo_with_socket.cpython-310.pyc
/home/ubuntu/magician_ros2_control_system_ws/install/gyeong_pkg/lib/python3.10/site-packages/gyeong_pkg/__pycache__/mvrobotbydk.cpython-310.pyc
/home/ubuntu/magician_ros2_control_system_ws/install/gyeong_pkg/lib/python3.10/site-packages/gyeong_pkg/__pycache__/dobot_mv.cpython-310.pyc
/home/ubuntu/magician_ros2_control_system_ws/install/gyeong_pkg/share/ament_index/resource_index/packages/gyeong_pkg
/home/ubuntu/magician_ros2_control_system_ws/install/gyeong_pkg/share/gyeong_pkg/package.xml
/home/ubuntu/magician_ros2_control_system_ws/install/gyeong_pkg/share/gyeong_pkg/test.launch.py
/home/ubuntu/magician_ros2_control_system_ws/install/gyeong_pkg/lib/python3.10/site-packages/gyeong_pkg-0.0.0-py3.10.egg-info/SOURCES.txt
/home/ubuntu/magician_ros2_control_system_ws/install/gyeong_pkg/lib/python3.10/site-packages/gyeong_pkg-0.0.0-py3.10.egg-info/dependency_links.txt
/home/ubuntu/magician_ros2_control_system_ws/install/gyeong_pkg/lib/python3.10/site-packages/gyeong_pkg-0.0.0-py3.10.egg-info/requires.txt
/home/ubuntu/magician_ros2_control_system_ws/install/gyeong_pkg/lib/python3.10/site-packages/gyeong_pkg-0.0.0-py3.10.egg-info/PKG-INFO
/home/ubuntu/magician_ros2_control_system_ws/install/gyeong_pkg/lib/python3.10/site-packages/gyeong_pkg-0.0.0-py3.10.egg-info/top_level.txt
/home/ubuntu/magician_ros2_control_system_ws/install/gyeong_pkg/lib/python3.10/site-packages/gyeong_pkg-0.0.0-py3.10.egg-info/entry_points.txt
/home/ubuntu/magician_ros2_control_system_ws/install/gyeong_pkg/lib/python3.10/site-packages/gyeong_pkg-0.0.0-py3.10.egg-info/zip-safe
/home/ubuntu/magician_ros2_control_system_ws/install/gyeong_pkg/lib/gyeong_pkg/dobot_mv
/home/ubuntu/magician_ros2_control_system_ws/install/gyeong_pkg/lib/gyeong_pkg/mvdkbyrobot
/home/ubuntu/magician_ros2_control_system_ws/install/gyeong_pkg/lib/gyeong_pkg/mvrobotbydk
/home/ubuntu/magician_ros2_control_system_ws/install/gyeong_pkg/lib/gyeong_pkg/sock_yolo
