[2.657s] Invoking command in '/home/ubuntu/magician_ros2_control_system_ws/src/interate_prac': PYTHONPATH=/home/ubuntu/magician_ros2_control_system_ws/build/interate_prac/prefix_override:/usr/lib/python3/dist-packages/colcon_core/task/python/colcon_distutils_commands:/home/ubuntu/magician_ros2_control_system_ws/install/interate_prac/lib/python3.10/site-packages:${PYTHONPATH} /usr/bin/python3 -W ignore:setup.py install is deprecated setup.py egg_info --egg-base ../../build/interate_prac build --build-base /home/ubuntu/magician_ros2_control_system_ws/build/interate_prac/build install --record /home/ubuntu/magician_ros2_control_system_ws/build/interate_prac/install.log --single-version-externally-managed install_data
[2.877s] running egg_info
[2.878s] writing ../../build/interate_prac/interate_prac.egg-info/PKG-INFO
[2.878s] writing dependency_links to ../../build/interate_prac/interate_prac.egg-info/dependency_links.txt
[2.878s] writing entry points to ../../build/interate_prac/interate_prac.egg-info/entry_points.txt
[2.880s] writing requirements to ../../build/interate_prac/interate_prac.egg-info/requires.txt
[2.880s] writing top-level names to ../../build/interate_prac/interate_prac.egg-info/top_level.txt
[2.880s] reading manifest file '../../build/interate_prac/interate_prac.egg-info/SOURCES.txt'
[2.880s] writing manifest file '../../build/interate_prac/interate_prac.egg-info/SOURCES.txt'
[2.881s] running build
[2.881s] running build_py
[2.881s] running install
[2.881s] running install_lib
[2.882s] running install_data
[2.882s] running install_egg_info
[2.883s] removing '/home/ubuntu/magician_ros2_control_system_ws/install/interate_prac/lib/python3.10/site-packages/interate_prac-0.0.0-py3.10.egg-info' (and everything under it)
[2.883s] Copying ../../build/interate_prac/interate_prac.egg-info to /home/ubuntu/magician_ros2_control_system_ws/install/interate_prac/lib/python3.10/site-packages/interate_prac-0.0.0-py3.10.egg-info
[2.884s] running install_scripts
[2.900s] Installing gd script to /home/ubuntu/magician_ros2_control_system_ws/install/interate_prac/lib/interate_prac
[2.900s] writing list of installed files to '/home/ubuntu/magician_ros2_control_system_ws/build/interate_prac/install.log'
[2.922s] Invoked command in '/home/ubuntu/magician_ros2_control_system_ws/src/interate_prac' returned '0': PYTHONPATH=/home/ubuntu/magician_ros2_control_system_ws/build/interate_prac/prefix_override:/usr/lib/python3/dist-packages/colcon_core/task/python/colcon_distutils_commands:/home/ubuntu/magician_ros2_control_system_ws/install/interate_prac/lib/python3.10/site-packages:${PYTHONPATH} /usr/bin/python3 -W ignore:setup.py install is deprecated setup.py egg_info --egg-base ../../build/interate_prac build --build-base /home/ubuntu/magician_ros2_control_system_ws/build/interate_prac/build install --record /home/ubuntu/magician_ros2_control_system_ws/build/interate_prac/install.log --single-version-externally-managed install_data
