[0.400s] Invoking command in '/home/ubuntu/magician_ros2_control_system_ws/build/dobot_description': CMAKE_PREFIX_PATH=${CMAKE_PREFIX_PATH}:/home/ubuntu/magician_ros2_control_system_ws/install/interate_prac:/home/ubuntu/magician_ros2_control_system_ws/install/gyeong_pkg:/home/ubuntu/magician_ros2_control_system_ws/install/dobot_visualization_tools:/home/ubuntu/magician_ros2_control_system_ws/install/dobot_state_updater:/home/ubuntu/magician_ros2_control_system_ws/install/dobot_motion:/home/ubuntu/magician_ros2_control_system_ws/install/dobot_kinematics:/home/ubuntu/magician_ros2_control_system_ws/install/dobot_homing:/home/ubuntu/magician_ros2_control_system_ws/install/dobot_end_effector:/home/ubuntu/magician_ros2_control_system_ws/install/dobot_diagnostics:/home/ubuntu/magician_ros2_control_system_ws/install/dobot_demos:/home/ubuntu/magician_ros2_control_system_ws/install/dobot_control_panel:/home/ubuntu/magician_ros2_control_system_ws/install/dobot_bringup:/opt/ros/humble /usr/bin/cmake --build /home/ubuntu/magician_ros2_control_system_ws/build/dobot_description -- -j20 -l20
[0.970s] Invoked command in '/home/ubuntu/magician_ros2_control_system_ws/build/dobot_description' returned '0': CMAKE_PREFIX_PATH=${CMAKE_PREFIX_PATH}:/home/ubuntu/magician_ros2_control_system_ws/install/interate_prac:/home/ubuntu/magician_ros2_control_system_ws/install/gyeong_pkg:/home/ubuntu/magician_ros2_control_system_ws/install/dobot_visualization_tools:/home/ubuntu/magician_ros2_control_system_ws/install/dobot_state_updater:/home/ubuntu/magician_ros2_control_system_ws/install/dobot_motion:/home/ubuntu/magician_ros2_control_system_ws/install/dobot_kinematics:/home/ubuntu/magician_ros2_control_system_ws/install/dobot_homing:/home/ubuntu/magician_ros2_control_system_ws/install/dobot_end_effector:/home/ubuntu/magician_ros2_control_system_ws/install/dobot_diagnostics:/home/ubuntu/magician_ros2_control_system_ws/install/dobot_demos:/home/ubuntu/magician_ros2_control_system_ws/install/dobot_control_panel:/home/ubuntu/magician_ros2_control_system_ws/install/dobot_bringup:/opt/ros/humble /usr/bin/cmake --build /home/ubuntu/magician_ros2_control_system_ws/build/dobot_description -- -j20 -l20
[0.996s] Invoking command in '/home/ubuntu/magician_ros2_control_system_ws/build/dobot_description': CMAKE_PREFIX_PATH=${CMAKE_PREFIX_PATH}:/home/ubuntu/magician_ros2_control_system_ws/install/interate_prac:/home/ubuntu/magician_ros2_control_system_ws/install/gyeong_pkg:/home/ubuntu/magician_ros2_control_system_ws/install/dobot_visualization_tools:/home/ubuntu/magician_ros2_control_system_ws/install/dobot_state_updater:/home/ubuntu/magician_ros2_control_system_ws/install/dobot_motion:/home/ubuntu/magician_ros2_control_system_ws/install/dobot_kinematics:/home/ubuntu/magician_ros2_control_system_ws/install/dobot_homing:/home/ubuntu/magician_ros2_control_system_ws/install/dobot_end_effector:/home/ubuntu/magician_ros2_control_system_ws/install/dobot_diagnostics:/home/ubuntu/magician_ros2_control_system_ws/install/dobot_demos:/home/ubuntu/magician_ros2_control_system_ws/install/dobot_control_panel:/home/ubuntu/magician_ros2_control_system_ws/install/dobot_bringup:/opt/ros/humble /usr/bin/cmake --install /home/ubuntu/magician_ros2_control_system_ws/build/dobot_description
[1.004s] -- Install configuration: ""
[1.004s] -- Up-to-date: /home/ubuntu/magician_ros2_control_system_ws/install/dobot_description/share/dobot_description/launch
[1.004s] -- Up-to-date: /home/ubuntu/magician_ros2_control_system_ws/install/dobot_description/share/dobot_description/launch/display_with_rs.launch.py
[1.004s] -- Up-to-date: /home/ubuntu/magician_ros2_control_system_ws/install/dobot_description/share/dobot_description/launch/display.launch.py
[1.004s] -- Up-to-date: /home/ubuntu/magician_ros2_control_system_ws/install/dobot_description/share/dobot_description/meshes
[1.004s] -- Up-to-date: /home/ubuntu/magician_ros2_control_system_ws/install/dobot_description/share/dobot_description/meshes/collision
[1.004s] -- Up-to-date: /home/ubuntu/magician_ros2_control_system_ws/install/dobot_description/share/dobot_description/meshes/collision/end_tools
[1.005s] -- Up-to-date: /home/ubuntu/magician_ros2_control_system_ws/install/dobot_description/share/dobot_description/meshes/collision/end_tools/gripper_collision_part1.dae
[1.005s] -- Up-to-date: /home/ubuntu/magician_ros2_control_system_ws/install/dobot_description/share/dobot_description/meshes/collision/end_tools/suction_cup_collision_part1.dae
[1.005s] -- Up-to-date: /home/ubuntu/magician_ros2_control_system_ws/install/dobot_description/share/dobot_description/meshes/collision/end_tools/extended_gripper_collision_part2.dae
[1.005s] -- Up-to-date: /home/ubuntu/magician_ros2_control_system_ws/install/dobot_description/share/dobot_description/meshes/collision/end_tools/suction_cup_collision_part2.dae
[1.005s] -- Up-to-date: /home/ubuntu/magician_ros2_control_system_ws/install/dobot_description/share/dobot_description/meshes/collision/end_tools/pen_collision_part2.dae
[1.005s] -- Up-to-date: /home/ubuntu/magician_ros2_control_system_ws/install/dobot_description/share/dobot_description/meshes/collision/end_tools/extended_gripper_collision_part1.dae
[1.005s] -- Up-to-date: /home/ubuntu/magician_ros2_control_system_ws/install/dobot_description/share/dobot_description/meshes/collision/end_tools/link4_collision.dae
[1.005s] -- Up-to-date: /home/ubuntu/magician_ros2_control_system_ws/install/dobot_description/share/dobot_description/meshes/collision/end_tools/gripper_collision_part2.dae
[1.005s] -- Up-to-date: /home/ubuntu/magician_ros2_control_system_ws/install/dobot_description/share/dobot_description/meshes/collision/end_tools/pen_collision_part1.dae
[1.005s] -- Up-to-date: /home/ubuntu/magician_ros2_control_system_ws/install/dobot_description/share/dobot_description/meshes/collision/urdf_models
[1.005s] -- Up-to-date: /home/ubuntu/magician_ros2_control_system_ws/install/dobot_description/share/dobot_description/meshes/collision/urdf_models/suction_cup.urdf
[1.005s] -- Up-to-date: /home/ubuntu/magician_ros2_control_system_ws/install/dobot_description/share/dobot_description/meshes/collision/urdf_models/3DOF.urdf
[1.005s] -- Up-to-date: /home/ubuntu/magician_ros2_control_system_ws/install/dobot_description/share/dobot_description/meshes/collision/urdf_models/dobot_with_rail.urdf
[1.005s] -- Up-to-date: /home/ubuntu/magician_ros2_control_system_ws/install/dobot_description/share/dobot_description/meshes/collision/urdf_models/sliding_rail_draft.urdf
[1.005s] -- Up-to-date: /home/ubuntu/magician_ros2_control_system_ws/install/dobot_description/share/dobot_description/meshes/collision/urdf_models/pen.urdf
[1.005s] -- Up-to-date: /home/ubuntu/magician_ros2_control_system_ws/install/dobot_description/share/dobot_description/meshes/collision/urdf_models/gripper.urdf
[1.005s] -- Up-to-date: /home/ubuntu/magician_ros2_control_system_ws/install/dobot_description/share/dobot_description/meshes/collision/urdf_models/extended_gripper.urdf
[1.005s] -- Up-to-date: /home/ubuntu/magician_ros2_control_system_ws/install/dobot_description/share/dobot_description/meshes/collision/additional_elements
[1.005s] -- Up-to-date: /home/ubuntu/magician_ros2_control_system_ws/install/dobot_description/share/dobot_description/meshes/collision/additional_elements/sliding_rail.dae
[1.005s] -- Up-to-date: /home/ubuntu/magician_ros2_control_system_ws/install/dobot_description/share/dobot_description/meshes/collision/core
[1.006s] -- Up-to-date: /home/ubuntu/magician_ros2_control_system_ws/install/dobot_description/share/dobot_description/meshes/collision/core/magicianLink3.dae
[1.006s] -- Up-to-date: /home/ubuntu/magician_ros2_control_system_ws/install/dobot_description/share/dobot_description/meshes/collision/core/magicianLink2.dae
[1.006s] -- Up-to-date: /home/ubuntu/magician_ros2_control_system_ws/install/dobot_description/share/dobot_description/meshes/collision/core/magicianBase.dae
[1.006s] -- Up-to-date: /home/ubuntu/magician_ros2_control_system_ws/install/dobot_description/share/dobot_description/meshes/collision/core/magicianLink1.dae
[1.006s] -- Up-to-date: /home/ubuntu/magician_ros2_control_system_ws/install/dobot_description/share/dobot_description/meshes/dae
[1.006s] -- Up-to-date: /home/ubuntu/magician_ros2_control_system_ws/install/dobot_description/share/dobot_description/meshes/dae/jaw_right_extended.dae
[1.006s] -- Up-to-date: /home/ubuntu/magician_ros2_control_system_ws/install/dobot_description/share/dobot_description/meshes/dae/stl
[1.006s] -- Up-to-date: /home/ubuntu/magician_ros2_control_system_ws/install/dobot_description/share/dobot_description/meshes/dae/stl/dobot_gripper_extender.stl
[1.006s] -- Up-to-date: /home/ubuntu/magician_ros2_control_system_ws/install/dobot_description/share/dobot_description/meshes/dae/stl/realsense_gripper.stl
[1.006s] -- Up-to-date: /home/ubuntu/magician_ros2_control_system_ws/install/dobot_description/share/dobot_description/meshes/dae/magicianLink3.dae
[1.006s] -- Up-to-date: /home/ubuntu/magician_ros2_control_system_ws/install/dobot_description/share/dobot_description/meshes/dae/camera.dae
[1.006s] -- Up-to-date: /home/ubuntu/magician_ros2_control_system_ws/install/dobot_description/share/dobot_description/meshes/dae/magicianLink2.dae
[1.006s] -- Up-to-date: /home/ubuntu/magician_ros2_control_system_ws/install/dobot_description/share/dobot_description/meshes/dae/jaw_left_extended.dae
[1.006s] -- Up-to-date: /home/ubuntu/magician_ros2_control_system_ws/install/dobot_description/share/dobot_description/meshes/dae/magicianLink4.dae
[1.006s] -- Up-to-date: /home/ubuntu/magician_ros2_control_system_ws/install/dobot_description/share/dobot_description/meshes/dae/magician_pen.dae
[1.006s] -- Up-to-date: /home/ubuntu/magician_ros2_control_system_ws/install/dobot_description/share/dobot_description/meshes/dae/jaw_right.dae
[1.006s] -- Up-to-date: /home/ubuntu/magician_ros2_control_system_ws/install/dobot_description/share/dobot_description/meshes/dae/magicianBase.dae
[1.006s] -- Up-to-date: /home/ubuntu/magician_ros2_control_system_ws/install/dobot_description/share/dobot_description/meshes/dae/magicianLink1.dae
[1.006s] -- Up-to-date: /home/ubuntu/magician_ros2_control_system_ws/install/dobot_description/share/dobot_description/meshes/dae/magicianSuctionCup.dae
[1.006s] -- Up-to-date: /home/ubuntu/magician_ros2_control_system_ws/install/dobot_description/share/dobot_description/meshes/dae/IntelRealSenseD435i.dae
[1.006s] -- Up-to-date: /home/ubuntu/magician_ros2_control_system_ws/install/dobot_description/share/dobot_description/meshes/dae/moving_gripper.dae
[1.006s] -- Up-to-date: /home/ubuntu/magician_ros2_control_system_ws/install/dobot_description/share/dobot_description/meshes/dae/gripper_core.dae
[1.006s] -- Up-to-date: /home/ubuntu/magician_ros2_control_system_ws/install/dobot_description/share/dobot_description/meshes/dae/jaw_left.dae
[1.006s] -- Up-to-date: /home/ubuntu/magician_ros2_control_system_ws/install/dobot_description/share/dobot_description/meshes/dae/magicianGripper.dae
[1.006s] -- Up-to-date: /home/ubuntu/magician_ros2_control_system_ws/install/dobot_description/share/dobot_description/meshes/dae/magicianLink4_default.dae
[1.007s] -- Up-to-date: /home/ubuntu/magician_ros2_control_system_ws/install/dobot_description/share/dobot_description/meshes/dae/suction_cup.dae
[1.007s] -- Up-to-date: /home/ubuntu/magician_ros2_control_system_ws/install/dobot_description/share/dobot_description/rviz
[1.007s] -- Up-to-date: /home/ubuntu/magician_ros2_control_system_ws/install/dobot_description/share/dobot_description/rviz/urdf.rviz
[1.007s] -- Up-to-date: /home/ubuntu/magician_ros2_control_system_ws/install/dobot_description/share/dobot_description/rviz/urdf_full.rviz
[1.007s] -- Up-to-date: /home/ubuntu/magician_ros2_control_system_ws/install/dobot_description/share/dobot_description/model
[1.007s] -- Up-to-date: /home/ubuntu/magician_ros2_control_system_ws/install/dobot_description/share/dobot_description/model/dobot_common.urdf.xacro
[1.007s] -- Up-to-date: /home/ubuntu/magician_ros2_control_system_ws/install/dobot_description/share/dobot_description/model/magician.urdf.xacro
[1.007s] -- Up-to-date: /home/ubuntu/magician_ros2_control_system_ws/install/dobot_description/share/dobot_description/model/clean_model_no_macros.urdf
[1.007s] -- Up-to-date: /home/ubuntu/magician_ros2_control_system_ws/install/dobot_description/share/dobot_description/model/magician_standalone.urdf.xacro
[1.007s] -- Up-to-date: /home/ubuntu/magician_ros2_control_system_ws/install/dobot_description/share/dobot_description/model/magician_standalone_with_rs.urdf.xacro
[1.007s] -- Up-to-date: /home/ubuntu/magician_ros2_control_system_ws/install/dobot_description/share/ament_index/resource_index/package_run_dependencies/dobot_description
[1.007s] -- Up-to-date: /home/ubuntu/magician_ros2_control_system_ws/install/dobot_description/share/ament_index/resource_index/parent_prefix_path/dobot_description
[1.007s] -- Up-to-date: /home/ubuntu/magician_ros2_control_system_ws/install/dobot_description/share/dobot_description/environment/ament_prefix_path.sh
[1.007s] -- Up-to-date: /home/ubuntu/magician_ros2_control_system_ws/install/dobot_description/share/dobot_description/environment/ament_prefix_path.dsv
[1.007s] -- Up-to-date: /home/ubuntu/magician_ros2_control_system_ws/install/dobot_description/share/dobot_description/environment/path.sh
[1.007s] -- Up-to-date: /home/ubuntu/magician_ros2_control_system_ws/install/dobot_description/share/dobot_description/environment/path.dsv
[1.007s] -- Up-to-date: /home/ubuntu/magician_ros2_control_system_ws/install/dobot_description/share/dobot_description/local_setup.bash
[1.007s] -- Up-to-date: /home/ubuntu/magician_ros2_control_system_ws/install/dobot_description/share/dobot_description/local_setup.sh
[1.007s] -- Up-to-date: /home/ubuntu/magician_ros2_control_system_ws/install/dobot_description/share/dobot_description/local_setup.zsh
[1.007s] -- Up-to-date: /home/ubuntu/magician_ros2_control_system_ws/install/dobot_description/share/dobot_description/local_setup.dsv
[1.007s] -- Installing: /home/ubuntu/magician_ros2_control_system_ws/install/dobot_description/share/dobot_description/package.dsv
[1.007s] -- Up-to-date: /home/ubuntu/magician_ros2_control_system_ws/install/dobot_description/share/ament_index/resource_index/packages/dobot_description
[1.007s] -- Up-to-date: /home/ubuntu/magician_ros2_control_system_ws/install/dobot_description/share/dobot_description/cmake/dobot_descriptionConfig.cmake
[1.007s] -- Up-to-date: /home/ubuntu/magician_ros2_control_system_ws/install/dobot_description/share/dobot_description/cmake/dobot_descriptionConfig-version.cmake
[1.007s] -- Up-to-date: /home/ubuntu/magician_ros2_control_system_ws/install/dobot_description/share/dobot_description/package.xml
[1.008s] Invoked command in '/home/ubuntu/magician_ros2_control_system_ws/build/dobot_description' returned '0': CMAKE_PREFIX_PATH=${CMAKE_PREFIX_PATH}:/home/ubuntu/magician_ros2_control_system_ws/install/interate_prac:/home/ubuntu/magician_ros2_control_system_ws/install/gyeong_pkg:/home/ubuntu/magician_ros2_control_system_ws/install/dobot_visualization_tools:/home/ubuntu/magician_ros2_control_system_ws/install/dobot_state_updater:/home/ubuntu/magician_ros2_control_system_ws/install/dobot_motion:/home/ubuntu/magician_ros2_control_system_ws/install/dobot_kinematics:/home/ubuntu/magician_ros2_control_system_ws/install/dobot_homing:/home/ubuntu/magician_ros2_control_system_ws/install/dobot_end_effector:/home/ubuntu/magician_ros2_control_system_ws/install/dobot_diagnostics:/home/ubuntu/magician_ros2_control_system_ws/install/dobot_demos:/home/ubuntu/magician_ros2_control_system_ws/install/dobot_control_panel:/home/ubuntu/magician_ros2_control_system_ws/install/dobot_bringup:/opt/ros/humble /usr/bin/cmake --install /home/ubuntu/magician_ros2_control_system_ws/build/dobot_description
