[1.739s] Invoking command in '/home/ubuntu/magician_ros2_control_system_ws/src/dobot_diagnostics': AMENT_PREFIX_PATH=/home/ubuntu/magician_ros2_control_system_ws/install/dobot_msgs:${AMENT_PREFIX_PATH} CMAKE_PREFIX_PATH=/home/ubuntu/magician_ros2_control_system_ws/install/dobot_msgs LD_LIBRARY_PATH=/home/ubuntu/magician_ros2_control_system_ws/install/dobot_msgs/lib:${LD_LIBRARY_PATH} PYTHONPATH=/home/ubuntu/magician_ros2_control_system_ws/build/dobot_diagnostics/prefix_override:/usr/lib/python3/dist-packages/colcon_core/task/python/colcon_distutils_commands:/home/ubuntu/magician_ros2_control_system_ws/install/dobot_diagnostics/lib/python3.10/site-packages:/home/ubuntu/magician_ros2_control_system_ws/install/dobot_msgs/local/lib/python3.10/dist-packages:${PYTHONPATH} /usr/bin/python3 -W ignore:setup.py install is deprecated setup.py egg_info --egg-base ../../build/dobot_diagnostics build --build-base /home/ubuntu/magician_ros2_control_system_ws/build/dobot_diagnostics/build install --record /home/ubuntu/magician_ros2_control_system_ws/build/dobot_diagnostics/install.log --single-version-externally-managed install_data
[1.955s] running egg_info
[1.955s] writing ../../build/dobot_diagnostics/dobot_diagnostics.egg-info/PKG-INFO
[1.955s] writing dependency_links to ../../build/dobot_diagnostics/dobot_diagnostics.egg-info/dependency_links.txt
[1.955s] writing entry points to ../../build/dobot_diagnostics/dobot_diagnostics.egg-info/entry_points.txt
[1.956s] writing requirements to ../../build/dobot_diagnostics/dobot_diagnostics.egg-info/requires.txt
[1.956s] writing top-level names to ../../build/dobot_diagnostics/dobot_diagnostics.egg-info/top_level.txt
[1.956s] reading manifest file '../../build/dobot_diagnostics/dobot_diagnostics.egg-info/SOURCES.txt'
[1.957s] writing manifest file '../../build/dobot_diagnostics/dobot_diagnostics.egg-info/SOURCES.txt'
[1.957s] running build
[1.957s] running build_py
[1.958s] running install
[1.958s] running install_lib
[1.958s] running install_data
[1.958s] running install_egg_info
[1.959s] removing '/home/ubuntu/magician_ros2_control_system_ws/install/dobot_diagnostics/lib/python3.10/site-packages/dobot_diagnostics-1.0.0-py3.10.egg-info' (and everything under it)
[1.959s] Copying ../../build/dobot_diagnostics/dobot_diagnostics.egg-info to /home/ubuntu/magician_ros2_control_system_ws/install/dobot_diagnostics/lib/python3.10/site-packages/dobot_diagnostics-1.0.0-py3.10.egg-info
[1.960s] running install_scripts
[1.973s] Installing alarms_parser script to /home/ubuntu/magician_ros2_control_system_ws/install/dobot_diagnostics/lib/dobot_diagnostics
[1.973s] writing list of installed files to '/home/ubuntu/magician_ros2_control_system_ws/build/dobot_diagnostics/install.log'
[1.992s] Invoked command in '/home/ubuntu/magician_ros2_control_system_ws/src/dobot_diagnostics' returned '0': AMENT_PREFIX_PATH=/home/ubuntu/magician_ros2_control_system_ws/install/dobot_msgs:${AMENT_PREFIX_PATH} CMAKE_PREFIX_PATH=/home/ubuntu/magician_ros2_control_system_ws/install/dobot_msgs LD_LIBRARY_PATH=/home/ubuntu/magician_ros2_control_system_ws/install/dobot_msgs/lib:${LD_LIBRARY_PATH} PYTHONPATH=/home/ubuntu/magician_ros2_control_system_ws/build/dobot_diagnostics/prefix_override:/usr/lib/python3/dist-packages/colcon_core/task/python/colcon_distutils_commands:/home/ubuntu/magician_ros2_control_system_ws/install/dobot_diagnostics/lib/python3.10/site-packages:/home/ubuntu/magician_ros2_control_system_ws/install/dobot_msgs/local/lib/python3.10/dist-packages:${PYTHONPATH} /usr/bin/python3 -W ignore:setup.py install is deprecated setup.py egg_info --egg-base ../../build/dobot_diagnostics build --build-base /home/ubuntu/magician_ros2_control_system_ws/build/dobot_diagnostics/build install --record /home/ubuntu/magician_ros2_control_system_ws/build/dobot_diagnostics/install.log --single-version-externally-managed install_data
