running egg_info
writing ../../build/interate_prac/interate_prac.egg-info/PKG-INFO
writing dependency_links to ../../build/interate_prac/interate_prac.egg-info/dependency_links.txt
writing entry points to ../../build/interate_prac/interate_prac.egg-info/entry_points.txt
writing requirements to ../../build/interate_prac/interate_prac.egg-info/requires.txt
writing top-level names to ../../build/interate_prac/interate_prac.egg-info/top_level.txt
reading manifest file '../../build/interate_prac/interate_prac.egg-info/SOURCES.txt'
writing manifest file '../../build/interate_prac/interate_prac.egg-info/SOURCES.txt'
running build
running build_py
creating /home/ubuntu/magician_ros2_control_system_ws/build/interate_prac/build
creating /home/ubuntu/magician_ros2_control_system_ws/build/interate_prac/build/lib
creating /home/ubuntu/magician_ros2_control_system_ws/build/interate_prac/build/lib/interate_prac
copying interate_prac/__init__.py -> /home/ubuntu/magician_ros2_control_system_ws/build/interate_prac/build/lib/interate_prac
copying interate_prac/getDistance.py -> /home/ubuntu/magician_ros2_control_system_ws/build/interate_prac/build/lib/interate_prac
running install
running install_lib
creating /home/ubuntu/magician_ros2_control_system_ws/install/interate_prac/lib/python3.10/site-packages/interate_prac
copying /home/ubuntu/magician_ros2_control_system_ws/build/interate_prac/build/lib/interate_prac/__init__.py -> /home/ubuntu/magician_ros2_control_system_ws/install/interate_prac/lib/python3.10/site-packages/interate_prac
copying /home/ubuntu/magician_ros2_control_system_ws/build/interate_prac/build/lib/interate_prac/getDistance.py -> /home/ubuntu/magician_ros2_control_system_ws/install/interate_prac/lib/python3.10/site-packages/interate_prac
byte-compiling /home/ubuntu/magician_ros2_control_system_ws/install/interate_prac/lib/python3.10/site-packages/interate_prac/__init__.py to __init__.cpython-310.pyc
byte-compiling /home/ubuntu/magician_ros2_control_system_ws/install/interate_prac/lib/python3.10/site-packages/interate_prac/getDistance.py to getDistance.cpython-310.pyc
running install_data
creating /home/ubuntu/magician_ros2_control_system_ws/install/interate_prac/share/ament_index
creating /home/ubuntu/magician_ros2_control_system_ws/install/interate_prac/share/ament_index/resource_index
creating /home/ubuntu/magician_ros2_control_system_ws/install/interate_prac/share/ament_index/resource_index/packages
copying resource/interate_prac -> /home/ubuntu/magician_ros2_control_system_ws/install/interate_prac/share/ament_index/resource_index/packages
copying package.xml -> /home/ubuntu/magician_ros2_control_system_ws/install/interate_prac/share/interate_prac
running install_egg_info
Copying ../../build/interate_prac/interate_prac.egg-info to /home/ubuntu/magician_ros2_control_system_ws/install/interate_prac/lib/python3.10/site-packages/interate_prac-0.0.0-py3.10.egg-info
running install_scripts
Installing gd script to /home/ubuntu/magician_ros2_control_system_ws/install/interate_prac/lib/interate_prac
writing list of installed files to '/home/ubuntu/magician_ros2_control_system_ws/build/interate_prac/install.log'
