[1.707s] Invoking command in '/home/ubuntu/magician_ros2_control_system_ws/src/dobot_visualization_tools': PYTHONPATH=/home/ubuntu/magician_ros2_control_system_ws/build/dobot_visualization_tools/prefix_override:/usr/lib/python3/dist-packages/colcon_core/task/python/colcon_distutils_commands:/home/ubuntu/magician_ros2_control_system_ws/install/dobot_visualization_tools/lib/python3.10/site-packages:${PYTHONPATH} /usr/bin/python3 -W ignore:setup.py install is deprecated setup.py egg_info --egg-base ../../build/dobot_visualization_tools build --build-base /home/ubuntu/magician_ros2_control_system_ws/build/dobot_visualization_tools/build install --record /home/ubuntu/magician_ros2_control_system_ws/build/dobot_visualization_tools/install.log --single-version-externally-managed install_data
[1.882s] running egg_info
[1.882s] writing ../../build/dobot_visualization_tools/dobot_visualization_tools.egg-info/PKG-INFO
[1.882s] writing dependency_links to ../../build/dobot_visualization_tools/dobot_visualization_tools.egg-info/dependency_links.txt
[1.882s] writing entry points to ../../build/dobot_visualization_tools/dobot_visualization_tools.egg-info/entry_points.txt
[1.882s] writing requirements to ../../build/dobot_visualization_tools/dobot_visualization_tools.egg-info/requires.txt
[1.882s] writing top-level names to ../../build/dobot_visualization_tools/dobot_visualization_tools.egg-info/top_level.txt
[1.883s] reading manifest file '../../build/dobot_visualization_tools/dobot_visualization_tools.egg-info/SOURCES.txt'
[1.884s] writing manifest file '../../build/dobot_visualization_tools/dobot_visualization_tools.egg-info/SOURCES.txt'
[1.884s] running build
[1.884s] running build_py
[1.884s] creating /home/ubuntu/magician_ros2_control_system_ws/build/dobot_visualization_tools/build
[1.884s] creating /home/ubuntu/magician_ros2_control_system_ws/build/dobot_visualization_tools/build/lib
[1.885s] creating /home/ubuntu/magician_ros2_control_system_ws/build/dobot_visualization_tools/build/lib/dobot_visualization_tools
[1.885s] copying dobot_visualization_tools/trajectory_markers.py -> /home/ubuntu/magician_ros2_control_system_ws/build/dobot_visualization_tools/build/lib/dobot_visualization_tools
[1.885s] copying dobot_visualization_tools/__init__.py -> /home/ubuntu/magician_ros2_control_system_ws/build/dobot_visualization_tools/build/lib/dobot_visualization_tools
[1.885s] copying dobot_visualization_tools/int_marker.py -> /home/ubuntu/magician_ros2_control_system_ws/build/dobot_visualization_tools/build/lib/dobot_visualization_tools
[1.885s] copying dobot_visualization_tools/camera_range.py -> /home/ubuntu/magician_ros2_control_system_ws/build/dobot_visualization_tools/build/lib/dobot_visualization_tools
[1.885s] copying dobot_visualization_tools/dobot_range.py -> /home/ubuntu/magician_ros2_control_system_ws/build/dobot_visualization_tools/build/lib/dobot_visualization_tools
[1.885s] running install
[1.885s] running install_lib
[1.886s] creating /home/ubuntu/magician_ros2_control_system_ws/install/dobot_visualization_tools/lib/python3.10/site-packages/dobot_visualization_tools
[1.886s] copying /home/ubuntu/magician_ros2_control_system_ws/build/dobot_visualization_tools/build/lib/dobot_visualization_tools/trajectory_markers.py -> /home/ubuntu/magician_ros2_control_system_ws/install/dobot_visualization_tools/lib/python3.10/site-packages/dobot_visualization_tools
[1.887s] copying /home/ubuntu/magician_ros2_control_system_ws/build/dobot_visualization_tools/build/lib/dobot_visualization_tools/__init__.py -> /home/ubuntu/magician_ros2_control_system_ws/install/dobot_visualization_tools/lib/python3.10/site-packages/dobot_visualization_tools
[1.887s] copying /home/ubuntu/magician_ros2_control_system_ws/build/dobot_visualization_tools/build/lib/dobot_visualization_tools/int_marker.py -> /home/ubuntu/magician_ros2_control_system_ws/install/dobot_visualization_tools/lib/python3.10/site-packages/dobot_visualization_tools
[1.887s] copying /home/ubuntu/magician_ros2_control_system_ws/build/dobot_visualization_tools/build/lib/dobot_visualization_tools/camera_range.py -> /home/ubuntu/magician_ros2_control_system_ws/install/dobot_visualization_tools/lib/python3.10/site-packages/dobot_visualization_tools
[1.887s] copying /home/ubuntu/magician_ros2_control_system_ws/build/dobot_visualization_tools/build/lib/dobot_visualization_tools/dobot_range.py -> /home/ubuntu/magician_ros2_control_system_ws/install/dobot_visualization_tools/lib/python3.10/site-packages/dobot_visualization_tools
[1.888s] byte-compiling /home/ubuntu/magician_ros2_control_system_ws/install/dobot_visualization_tools/lib/python3.10/site-packages/dobot_visualization_tools/trajectory_markers.py to trajectory_markers.cpython-310.pyc
[1.888s] byte-compiling /home/ubuntu/magician_ros2_control_system_ws/install/dobot_visualization_tools/lib/python3.10/site-packages/dobot_visualization_tools/__init__.py to __init__.cpython-310.pyc
[1.888s] byte-compiling /home/ubuntu/magician_ros2_control_system_ws/install/dobot_visualization_tools/lib/python3.10/site-packages/dobot_visualization_tools/int_marker.py to int_marker.cpython-310.pyc
[1.890s] byte-compiling /home/ubuntu/magician_ros2_control_system_ws/install/dobot_visualization_tools/lib/python3.10/site-packages/dobot_visualization_tools/camera_range.py to camera_range.cpython-310.pyc
[1.891s] byte-compiling /home/ubuntu/magician_ros2_control_system_ws/install/dobot_visualization_tools/lib/python3.10/site-packages/dobot_visualization_tools/dobot_range.py to dobot_range.cpython-310.pyc
[1.891s] running install_data
[1.891s] creating /home/ubuntu/magician_ros2_control_system_ws/install/dobot_visualization_tools/share/ament_index
[1.891s] creating /home/ubuntu/magician_ros2_control_system_ws/install/dobot_visualization_tools/share/ament_index/resource_index
[1.891s] creating /home/ubuntu/magician_ros2_control_system_ws/install/dobot_visualization_tools/share/ament_index/resource_index/packages
[1.891s] copying resource/dobot_visualization_tools -> /home/ubuntu/magician_ros2_control_system_ws/install/dobot_visualization_tools/share/ament_index/resource_index/packages
[1.891s] copying package.xml -> /home/ubuntu/magician_ros2_control_system_ws/install/dobot_visualization_tools/share/dobot_visualization_tools
[1.891s] creating /home/ubuntu/magician_ros2_control_system_ws/install/dobot_visualization_tools/share/dobot_visualization_tools/dae_models
[1.891s] copying dae_models/realsense_FOV.dae -> /home/ubuntu/magician_ros2_control_system_ws/install/dobot_visualization_tools/share/dobot_visualization_tools/dae_models
[1.892s] copying dae_models/dobot_range.dae -> /home/ubuntu/magician_ros2_control_system_ws/install/dobot_visualization_tools/share/dobot_visualization_tools/dae_models
[1.892s] running install_egg_info
[1.892s] Copying ../../build/dobot_visualization_tools/dobot_visualization_tools.egg-info to /home/ubuntu/magician_ros2_control_system_ws/install/dobot_visualization_tools/lib/python3.10/site-packages/dobot_visualization_tools-1.0.0-py3.10.egg-info
[1.893s] running install_scripts
[1.904s] Installing int_marker script to /home/ubuntu/magician_ros2_control_system_ws/install/dobot_visualization_tools/lib/dobot_visualization_tools
[1.904s] Installing show_camera_FOV script to /home/ubuntu/magician_ros2_control_system_ws/install/dobot_visualization_tools/lib/dobot_visualization_tools
[1.904s] Installing show_dobot_range script to /home/ubuntu/magician_ros2_control_system_ws/install/dobot_visualization_tools/lib/dobot_visualization_tools
[1.904s] Installing show_trajectory script to /home/ubuntu/magician_ros2_control_system_ws/install/dobot_visualization_tools/lib/dobot_visualization_tools
[1.904s] writing list of installed files to '/home/ubuntu/magician_ros2_control_system_ws/build/dobot_visualization_tools/install.log'
[1.933s] Invoked command in '/home/ubuntu/magician_ros2_control_system_ws/src/dobot_visualization_tools' returned '0': PYTHONPATH=/home/ubuntu/magician_ros2_control_system_ws/build/dobot_visualization_tools/prefix_override:/usr/lib/python3/dist-packages/colcon_core/task/python/colcon_distutils_commands:/home/ubuntu/magician_ros2_control_system_ws/install/dobot_visualization_tools/lib/python3.10/site-packages:${PYTHONPATH} /usr/bin/python3 -W ignore:setup.py install is deprecated setup.py egg_info --egg-base ../../build/dobot_visualization_tools build --build-base /home/ubuntu/magician_ros2_control_system_ws/build/dobot_visualization_tools/build install --record /home/ubuntu/magician_ros2_control_system_ws/build/dobot_visualization_tools/install.log --single-version-externally-managed install_data
