[1.224s] Invoking command in '/home/ubuntu/magician_ros2_control_system_ws/src/dobot_bringup': PYTHONPATH=/home/ubuntu/magician_ros2_control_system_ws/build/dobot_bringup/prefix_override:/usr/lib/python3/dist-packages/colcon_core/task/python/colcon_distutils_commands:/home/ubuntu/magician_ros2_control_system_ws/install/dobot_bringup/lib/python3.10/site-packages:${PYTHONPATH} /usr/bin/python3 -W ignore:setup.py install is deprecated setup.py egg_info --egg-base ../../build/dobot_bringup build --build-base /home/ubuntu/magician_ros2_control_system_ws/build/dobot_bringup/build install --record /home/ubuntu/magician_ros2_control_system_ws/build/dobot_bringup/install.log --single-version-externally-managed install_data
[1.395s] running egg_info
[1.395s] writing ../../build/dobot_bringup/dobot_bringup.egg-info/PKG-INFO
[1.395s] writing dependency_links to ../../build/dobot_bringup/dobot_bringup.egg-info/dependency_links.txt
[1.395s] writing entry points to ../../build/dobot_bringup/dobot_bringup.egg-info/entry_points.txt
[1.396s] writing requirements to ../../build/dobot_bringup/dobot_bringup.egg-info/requires.txt
[1.396s] writing top-level names to ../../build/dobot_bringup/dobot_bringup.egg-info/top_level.txt
[1.396s] reading manifest file '../../build/dobot_bringup/dobot_bringup.egg-info/SOURCES.txt'
[1.397s] writing manifest file '../../build/dobot_bringup/dobot_bringup.egg-info/SOURCES.txt'
[1.397s] running build
[1.397s] running build_py
[1.397s] running install
[1.398s] running install_lib
[1.398s] running install_data
[1.398s] running install_egg_info
[1.399s] removing '/home/ubuntu/magician_ros2_control_system_ws/install/dobot_bringup/lib/python3.10/site-packages/dobot_bringup-1.0.0-py3.10.egg-info' (and everything under it)
[1.400s] Copying ../../build/dobot_bringup/dobot_bringup.egg-info to /home/ubuntu/magician_ros2_control_system_ws/install/dobot_bringup/lib/python3.10/site-packages/dobot_bringup-1.0.0-py3.10.egg-info
[1.400s] running install_scripts
[1.414s] Installing set_tool_null script to /home/ubuntu/magician_ros2_control_system_ws/install/dobot_bringup/lib/dobot_bringup
[1.414s] writing list of installed files to '/home/ubuntu/magician_ros2_control_system_ws/build/dobot_bringup/install.log'
[2.703s] Invoked command in '/home/ubuntu/magician_ros2_control_system_ws/src/dobot_bringup' returned '0': PYTHONPATH=/home/ubuntu/magician_ros2_control_system_ws/build/dobot_bringup/prefix_override:/usr/lib/python3/dist-packages/colcon_core/task/python/colcon_distutils_commands:/home/ubuntu/magician_ros2_control_system_ws/install/dobot_bringup/lib/python3.10/site-packages:${PYTHONPATH} /usr/bin/python3 -W ignore:setup.py install is deprecated setup.py egg_info --egg-base ../../build/dobot_bringup build --build-base /home/ubuntu/magician_ros2_control_system_ws/build/dobot_bringup/build install --record /home/ubuntu/magician_ros2_control_system_ws/build/dobot_bringup/install.log --single-version-externally-managed install_data
