[1.166s] Invoking command in '/home/ubuntu/magician_ros2_control_system_ws/src/dobot_bringup': PYTHONPATH=/home/ubuntu/magician_ros2_control_system_ws/build/dobot_bringup/prefix_override:/usr/lib/python3/dist-packages/colcon_core/task/python/colcon_distutils_commands:/home/ubuntu/magician_ros2_control_system_ws/install/dobot_bringup/lib/python3.10/site-packages:${PYTHONPATH} /usr/bin/python3 -W ignore:setup.py install is deprecated setup.py egg_info --egg-base ../../build/dobot_bringup build --build-base /home/ubuntu/magician_ros2_control_system_ws/build/dobot_bringup/build install --record /home/ubuntu/magician_ros2_control_system_ws/build/dobot_bringup/install.log --single-version-externally-managed install_data
[1.282s] /home/ubuntu/.local/lib/python3.10/site-packages/setuptools/_distutils/dist.py:261: UserWarning: Unknown distribution option: 'tests_require'
[1.282s]   warnings.warn(msg)
[1.340s] running egg_info
[1.350s] creating ../../build/dobot_bringup/dobot_bringup.egg-info
[1.350s] writing ../../build/dobot_bringup/dobot_bringup.egg-info/PKG-INFO
[1.350s] writing dependency_links to ../../build/dobot_bringup/dobot_bringup.egg-info/dependency_links.txt
[1.350s] writing entry points to ../../build/dobot_bringup/dobot_bringup.egg-info/entry_points.txt
[1.351s] writing requirements to ../../build/dobot_bringup/dobot_bringup.egg-info/requires.txt
[1.351s] writing top-level names to ../../build/dobot_bringup/dobot_bringup.egg-info/top_level.txt
[1.351s] writing manifest file '../../build/dobot_bringup/dobot_bringup.egg-info/SOURCES.txt'
[1.372s] reading manifest file '../../build/dobot_bringup/dobot_bringup.egg-info/SOURCES.txt'
[1.372s] Traceback (most recent call last):
[1.372s]   File "/home/ubuntu/magician_ros2_control_system_ws/src/dobot_bringup/setup.py", line 7, in <module>
[1.372s]     setup(
[1.372s]   File "/home/ubuntu/.local/lib/python3.10/site-packages/setuptools/__init__.py", line 117, in setup
[1.373s]     return distutils.core.setup(**attrs)
[1.373s]   File "/home/ubuntu/.local/lib/python3.10/site-packages/setuptools/_distutils/core.py", line 183, in setup
[1.373s]     return run_commands(dist)
[1.373s]   File "/home/ubuntu/.local/lib/python3.10/site-packages/setuptools/_distutils/core.py", line 199, in run_commands
[1.373s]     dist.run_commands()
[1.373s]   File "/home/ubuntu/.local/lib/python3.10/site-packages/setuptools/_distutils/dist.py", line 954, in run_commands
[1.373s]     self.run_command(cmd)
[1.373s]   File "/home/ubuntu/.local/lib/python3.10/site-packages/setuptools/dist.py", line 994, in run_command
[1.374s]     super().run_command(command)
[1.374s]   File "/home/ubuntu/.local/lib/python3.10/site-packages/setuptools/_distutils/dist.py", line 973, in run_command
[1.374s]     cmd_obj.run()
[1.374s]   File "/home/ubuntu/.local/lib/python3.10/site-packages/setuptools/command/egg_info.py", line 312, in run
[1.374s]     self.find_sources()
[1.374s]   File "/home/ubuntu/.local/lib/python3.10/site-packages/setuptools/command/egg_info.py", line 320, in find_sources
[1.375s]     mm.run()
[1.375s]   File "/home/ubuntu/.local/lib/python3.10/site-packages/setuptools/command/egg_info.py", line 548, in run
[1.377s]     self.prune_file_list()
[1.377s]   File "/home/ubuntu/.local/lib/python3.10/site-packages/setuptools/command/sdist.py", line 162, in prune_file_list
[1.377s]     super().prune_file_list()
[1.377s]   File "/home/ubuntu/.local/lib/python3.10/site-packages/setuptools/_distutils/command/sdist.py", line 380, in prune_file_list
[1.377s]     base_dir = self.distribution.get_fullname()
[1.377s]   File "/home/ubuntu/.local/lib/python3.10/site-packages/setuptools/_core_metadata.py", line 267, in get_fullname
[1.377s]     return _distribution_fullname(self.get_name(), self.get_version())
[1.377s]   File "/home/ubuntu/.local/lib/python3.10/site-packages/setuptools/_core_metadata.py", line 285, in _distribution_fullname
[1.377s]     canonicalize_version(version, strip_trailing_zero=False),
[1.377s] TypeError: canonicalize_version() got an unexpected keyword argument 'strip_trailing_zero'
