[1.164s] Invoking command in '/home/ubuntu/magician_ros2_control_system_ws/src/interate_prac': PYTHONPATH=/home/ubuntu/magician_ros2_control_system_ws/build/interate_prac/prefix_override:/usr/lib/python3/dist-packages/colcon_core/task/python/colcon_distutils_commands:/home/ubuntu/magician_ros2_control_system_ws/install/interate_prac/lib/python3.10/site-packages:${PYTHONPATH} /usr/bin/python3 -W ignore:setup.py install is deprecated setup.py egg_info --egg-base ../../build/interate_prac build --build-base /home/ubuntu/magician_ros2_control_system_ws/build/interate_prac/build install --record /home/ubuntu/magician_ros2_control_system_ws/build/interate_prac/install.log --single-version-externally-managed install_data
[1.333s] running egg_info
[1.333s] writing ../../build/interate_prac/interate_prac.egg-info/PKG-INFO
[1.334s] writing dependency_links to ../../build/interate_prac/interate_prac.egg-info/dependency_links.txt
[1.334s] writing entry points to ../../build/interate_prac/interate_prac.egg-info/entry_points.txt
[1.334s] writing requirements to ../../build/interate_prac/interate_prac.egg-info/requires.txt
[1.334s] writing top-level names to ../../build/interate_prac/interate_prac.egg-info/top_level.txt
[1.335s] reading manifest file '../../build/interate_prac/interate_prac.egg-info/SOURCES.txt'
[1.336s] writing manifest file '../../build/interate_prac/interate_prac.egg-info/SOURCES.txt'
[1.336s] running build
[1.336s] running build_py
[1.337s] running install
[1.337s] running install_lib
[1.338s] running install_data
[1.338s] running install_egg_info
[1.339s] removing '/home/ubuntu/magician_ros2_control_system_ws/install/interate_prac/lib/python3.10/site-packages/interate_prac-0.0.0-py3.10.egg-info' (and everything under it)
[1.339s] Copying ../../build/interate_prac/interate_prac.egg-info to /home/ubuntu/magician_ros2_control_system_ws/install/interate_prac/lib/python3.10/site-packages/interate_prac-0.0.0-py3.10.egg-info
[1.340s] running install_scripts
[1.354s] Installing gd script to /home/ubuntu/magician_ros2_control_system_ws/install/interate_prac/lib/interate_prac
[1.354s] writing list of installed files to '/home/ubuntu/magician_ros2_control_system_ws/build/interate_prac/install.log'
[2.596s] Invoked command in '/home/ubuntu/magician_ros2_control_system_ws/src/interate_prac' returned '0': PYTHONPATH=/home/ubuntu/magician_ros2_control_system_ws/build/interate_prac/prefix_override:/usr/lib/python3/dist-packages/colcon_core/task/python/colcon_distutils_commands:/home/ubuntu/magician_ros2_control_system_ws/install/interate_prac/lib/python3.10/site-packages:${PYTHONPATH} /usr/bin/python3 -W ignore:setup.py install is deprecated setup.py egg_info --egg-base ../../build/interate_prac build --build-base /home/ubuntu/magician_ros2_control_system_ws/build/interate_prac/build install --record /home/ubuntu/magician_ros2_control_system_ws/build/interate_prac/install.log --single-version-externally-managed install_data
