[1.270s] Invoking command in '/home/ubuntu/magician_ros2_control_system_ws/src/dobot_visualization_tools': PYTHONPATH=/home/ubuntu/magician_ros2_control_system_ws/build/dobot_visualization_tools/prefix_override:/usr/lib/python3/dist-packages/colcon_core/task/python/colcon_distutils_commands:/home/ubuntu/magician_ros2_control_system_ws/install/dobot_visualization_tools/lib/python3.10/site-packages:${PYTHONPATH} /usr/bin/python3 -W ignore:setup.py install is deprecated setup.py egg_info --egg-base ../../build/dobot_visualization_tools build --build-base /home/ubuntu/magician_ros2_control_system_ws/build/dobot_visualization_tools/build install --record /home/ubuntu/magician_ros2_control_system_ws/build/dobot_visualization_tools/install.log --single-version-externally-managed install_data
[1.453s] running egg_info
[1.453s] writing ../../build/dobot_visualization_tools/dobot_visualization_tools.egg-info/PKG-INFO
[1.454s] writing dependency_links to ../../build/dobot_visualization_tools/dobot_visualization_tools.egg-info/dependency_links.txt
[1.454s] writing entry points to ../../build/dobot_visualization_tools/dobot_visualization_tools.egg-info/entry_points.txt
[1.454s] writing requirements to ../../build/dobot_visualization_tools/dobot_visualization_tools.egg-info/requires.txt
[1.454s] writing top-level names to ../../build/dobot_visualization_tools/dobot_visualization_tools.egg-info/top_level.txt
[1.455s] reading manifest file '../../build/dobot_visualization_tools/dobot_visualization_tools.egg-info/SOURCES.txt'
[1.455s] writing manifest file '../../build/dobot_visualization_tools/dobot_visualization_tools.egg-info/SOURCES.txt'
[1.456s] running build
[1.456s] running build_py
[1.456s] running install
[1.456s] running install_lib
[1.457s] running install_data
[1.457s] running install_egg_info
[1.458s] removing '/home/ubuntu/magician_ros2_control_system_ws/install/dobot_visualization_tools/lib/python3.10/site-packages/dobot_visualization_tools-1.0.0-py3.10.egg-info' (and everything under it)
[1.458s] Copying ../../build/dobot_visualization_tools/dobot_visualization_tools.egg-info to /home/ubuntu/magician_ros2_control_system_ws/install/dobot_visualization_tools/lib/python3.10/site-packages/dobot_visualization_tools-1.0.0-py3.10.egg-info
[1.459s] running install_scripts
[1.473s] Installing int_marker script to /home/ubuntu/magician_ros2_control_system_ws/install/dobot_visualization_tools/lib/dobot_visualization_tools
[1.473s] Installing show_camera_FOV script to /home/ubuntu/magician_ros2_control_system_ws/install/dobot_visualization_tools/lib/dobot_visualization_tools
[1.473s] Installing show_dobot_range script to /home/ubuntu/magician_ros2_control_system_ws/install/dobot_visualization_tools/lib/dobot_visualization_tools
[1.473s] Installing show_trajectory script to /home/ubuntu/magician_ros2_control_system_ws/install/dobot_visualization_tools/lib/dobot_visualization_tools
[1.473s] writing list of installed files to '/home/ubuntu/magician_ros2_control_system_ws/build/dobot_visualization_tools/install.log'
[2.604s] Invoked command in '/home/ubuntu/magician_ros2_control_system_ws/src/dobot_visualization_tools' returned '0': PYTHONPATH=/home/ubuntu/magician_ros2_control_system_ws/build/dobot_visualization_tools/prefix_override:/usr/lib/python3/dist-packages/colcon_core/task/python/colcon_distutils_commands:/home/ubuntu/magician_ros2_control_system_ws/install/dobot_visualization_tools/lib/python3.10/site-packages:${PYTHONPATH} /usr/bin/python3 -W ignore:setup.py install is deprecated setup.py egg_info --egg-base ../../build/dobot_visualization_tools build --build-base /home/ubuntu/magician_ros2_control_system_ws/build/dobot_visualization_tools/build install --record /home/ubuntu/magician_ros2_control_system_ws/build/dobot_visualization_tools/install.log --single-version-externally-managed install_data
