[1.606s] Invoking command in '/home/ubuntu/magician_ros2_control_system_ws/src/dobot_state_updater': AMENT_PREFIX_PATH=/home/ubuntu/magician_ros2_control_system_ws/install/dobot_msgs:${AMENT_PREFIX_PATH} CMAKE_PREFIX_PATH=/home/ubuntu/magician_ros2_control_system_ws/install/dobot_msgs LD_LIBRARY_PATH=/home/ubuntu/magician_ros2_control_system_ws/install/dobot_msgs/lib:${LD_LIBRARY_PATH} PYTHONPATH=/home/ubuntu/magician_ros2_control_system_ws/build/dobot_state_updater/prefix_override:/usr/lib/python3/dist-packages/colcon_core/task/python/colcon_distutils_commands:/home/ubuntu/magician_ros2_control_system_ws/install/dobot_state_updater/lib/python3.10/site-packages:/home/ubuntu/magician_ros2_control_system_ws/install/dobot_msgs/local/lib/python3.10/dist-packages:${PYTHONPATH} /usr/bin/python3 -W ignore:setup.py install is deprecated setup.py egg_info --egg-base ../../build/dobot_state_updater build --build-base /home/ubuntu/magician_ros2_control_system_ws/build/dobot_state_updater/build install --record /home/ubuntu/magician_ros2_control_system_ws/build/dobot_state_updater/install.log --single-version-externally-managed install_data
[1.776s] running egg_info
[1.776s] creating ../../build/dobot_state_updater/dobot_state_updater.egg-info
[1.776s] writing ../../build/dobot_state_updater/dobot_state_updater.egg-info/PKG-INFO
[1.776s] writing dependency_links to ../../build/dobot_state_updater/dobot_state_updater.egg-info/dependency_links.txt
[1.776s] writing entry points to ../../build/dobot_state_updater/dobot_state_updater.egg-info/entry_points.txt
[1.776s] writing requirements to ../../build/dobot_state_updater/dobot_state_updater.egg-info/requires.txt
[1.777s] writing top-level names to ../../build/dobot_state_updater/dobot_state_updater.egg-info/top_level.txt
[1.777s] writing manifest file '../../build/dobot_state_updater/dobot_state_updater.egg-info/SOURCES.txt'
[1.777s] reading manifest file '../../build/dobot_state_updater/dobot_state_updater.egg-info/SOURCES.txt'
[1.778s] writing manifest file '../../build/dobot_state_updater/dobot_state_updater.egg-info/SOURCES.txt'
[1.778s] running build
[1.778s] running build_py
[1.778s] creating /home/ubuntu/magician_ros2_control_system_ws/build/dobot_state_updater/build
[1.778s] creating /home/ubuntu/magician_ros2_control_system_ws/build/dobot_state_updater/build/lib
[1.778s] creating /home/ubuntu/magician_ros2_control_system_ws/build/dobot_state_updater/build/lib/dobot_state_updater
[1.779s] copying dobot_state_updater/dobot_state_publ.py -> /home/ubuntu/magician_ros2_control_system_ws/build/dobot_state_updater/build/lib/dobot_state_updater
[1.779s] copying dobot_state_updater/__init__.py -> /home/ubuntu/magician_ros2_control_system_ws/build/dobot_state_updater/build/lib/dobot_state_updater
[1.779s] running install
[1.779s] running install_lib
[1.779s] creating /home/ubuntu/magician_ros2_control_system_ws/install/dobot_state_updater/lib/python3.10/site-packages/dobot_state_updater
[1.779s] copying /home/ubuntu/magician_ros2_control_system_ws/build/dobot_state_updater/build/lib/dobot_state_updater/dobot_state_publ.py -> /home/ubuntu/magician_ros2_control_system_ws/install/dobot_state_updater/lib/python3.10/site-packages/dobot_state_updater
[1.779s] copying /home/ubuntu/magician_ros2_control_system_ws/build/dobot_state_updater/build/lib/dobot_state_updater/__init__.py -> /home/ubuntu/magician_ros2_control_system_ws/install/dobot_state_updater/lib/python3.10/site-packages/dobot_state_updater
[1.779s] byte-compiling /home/ubuntu/magician_ros2_control_system_ws/install/dobot_state_updater/lib/python3.10/site-packages/dobot_state_updater/dobot_state_publ.py to dobot_state_publ.cpython-310.pyc
[1.780s] byte-compiling /home/ubuntu/magician_ros2_control_system_ws/install/dobot_state_updater/lib/python3.10/site-packages/dobot_state_updater/__init__.py to __init__.cpython-310.pyc
[1.780s] running install_data
[1.780s] creating /home/ubuntu/magician_ros2_control_system_ws/install/dobot_state_updater/share/ament_index
[1.781s] creating /home/ubuntu/magician_ros2_control_system_ws/install/dobot_state_updater/share/ament_index/resource_index
[1.781s] creating /home/ubuntu/magician_ros2_control_system_ws/install/dobot_state_updater/share/ament_index/resource_index/packages
[1.781s] copying resource/dobot_state_updater -> /home/ubuntu/magician_ros2_control_system_ws/install/dobot_state_updater/share/ament_index/resource_index/packages
[1.781s] copying package.xml -> /home/ubuntu/magician_ros2_control_system_ws/install/dobot_state_updater/share/dobot_state_updater
[1.781s] running install_egg_info
[1.782s] Copying ../../build/dobot_state_updater/dobot_state_updater.egg-info to /home/ubuntu/magician_ros2_control_system_ws/install/dobot_state_updater/lib/python3.10/site-packages/dobot_state_updater-1.0.0-py3.10.egg-info
[1.782s] running install_scripts
[1.796s] Installing state_publisher script to /home/ubuntu/magician_ros2_control_system_ws/install/dobot_state_updater/lib/dobot_state_updater
[1.796s] writing list of installed files to '/home/ubuntu/magician_ros2_control_system_ws/build/dobot_state_updater/install.log'
[1.817s] Invoked command in '/home/ubuntu/magician_ros2_control_system_ws/src/dobot_state_updater' returned '0': AMENT_PREFIX_PATH=/home/ubuntu/magician_ros2_control_system_ws/install/dobot_msgs:${AMENT_PREFIX_PATH} CMAKE_PREFIX_PATH=/home/ubuntu/magician_ros2_control_system_ws/install/dobot_msgs LD_LIBRARY_PATH=/home/ubuntu/magician_ros2_control_system_ws/install/dobot_msgs/lib:${LD_LIBRARY_PATH} PYTHONPATH=/home/ubuntu/magician_ros2_control_system_ws/build/dobot_state_updater/prefix_override:/usr/lib/python3/dist-packages/colcon_core/task/python/colcon_distutils_commands:/home/ubuntu/magician_ros2_control_system_ws/install/dobot_state_updater/lib/python3.10/site-packages:/home/ubuntu/magician_ros2_control_system_ws/install/dobot_msgs/local/lib/python3.10/dist-packages:${PYTHONPATH} /usr/bin/python3 -W ignore:setup.py install is deprecated setup.py egg_info --egg-base ../../build/dobot_state_updater build --build-base /home/ubuntu/magician_ros2_control_system_ws/build/dobot_state_updater/build install --record /home/ubuntu/magician_ros2_control_system_ws/build/dobot_state_updater/install.log --single-version-externally-managed install_data
