[0.314s] Invoking command in '/home/ubuntu/magician_ros2_control_system_ws/build/dobot_driver': CMAKE_PREFIX_PATH=${CMAKE_PREFIX_PATH}:/home/ubuntu/magician_ros2_control_system_ws/install/interate_prac:/home/ubuntu/magician_ros2_control_system_ws/install/gyeong_pkg:/home/ubuntu/magician_ros2_control_system_ws/install/dobot_visualization_tools:/home/ubuntu/magician_ros2_control_system_ws/install/dobot_state_updater:/home/ubuntu/magician_ros2_control_system_ws/install/dobot_motion:/home/ubuntu/magician_ros2_control_system_ws/install/dobot_kinematics:/home/ubuntu/magician_ros2_control_system_ws/install/dobot_homing:/home/ubuntu/magician_ros2_control_system_ws/install/dobot_end_effector:/home/ubuntu/magician_ros2_control_system_ws/install/dobot_diagnostics:/home/ubuntu/magician_ros2_control_system_ws/install/dobot_demos:/home/ubuntu/magician_ros2_control_system_ws/install/dobot_control_panel:/home/ubuntu/magician_ros2_control_system_ws/install/dobot_bringup:/opt/ros/humble /usr/bin/cmake /home/ubuntu/magician_ros2_control_system_ws/src/dobot_driver -DCMAKE_INSTALL_PREFIX=/home/ubuntu/magician_ros2_control_system_ws/install/dobot_driver
[0.636s] -- The C compiler identification is GNU 11.4.0
[0.637s] -- The CXX compiler identification is GNU 11.4.0
[0.637s] -- Detecting C compiler ABI info
[0.637s] -- Detecting C compiler ABI info - done
[0.637s] -- Check for working C compiler: /usr/bin/cc - skipped
[0.637s] -- Detecting C compile features
[0.637s] -- Detecting C compile features - done
[0.637s] -- Detecting CXX compiler ABI info
[0.637s] -- Detecting CXX compiler ABI info - done
[0.637s] -- Check for working CXX compiler: /usr/bin/c++ - skipped
[0.637s] -- Detecting CXX compile features
[0.637s] -- Detecting CXX compile features - done
[0.637s] -- Found ament_cmake: 1.3.10 (/opt/ros/humble/share/ament_cmake/cmake)
[0.863s] -- Found Python3: /usr/bin/python3 (found version "3.10.12") found components: Interpreter 
[0.999s] -- Found ament_lint_auto: 0.12.11 (/opt/ros/humble/share/ament_lint_auto/cmake)
[1.072s] -- Added test 'copyright' to check source files copyright and LICENSE
[1.073s] -- Added test 'flake8' to check Python code syntax and style conventions
[1.073s] -- Added test 'lint_cmake' to check CMake code style
[1.074s] -- Added test 'pep257' to check Python code against some of the docstring style conventions in PEP 257
[1.074s] -- Added test 'xmllint' to check XML markup files
[1.074s] -- Configuring done
[1.074s] -- Generating done
[1.074s] -- Build files have been written to: /home/ubuntu/magician_ros2_control_system_ws/build/dobot_driver
[1.076s] Invoked command in '/home/ubuntu/magician_ros2_control_system_ws/build/dobot_driver' returned '0': CMAKE_PREFIX_PATH=${CMAKE_PREFIX_PATH}:/home/ubuntu/magician_ros2_control_system_ws/install/interate_prac:/home/ubuntu/magician_ros2_control_system_ws/install/gyeong_pkg:/home/ubuntu/magician_ros2_control_system_ws/install/dobot_visualization_tools:/home/ubuntu/magician_ros2_control_system_ws/install/dobot_state_updater:/home/ubuntu/magician_ros2_control_system_ws/install/dobot_motion:/home/ubuntu/magician_ros2_control_system_ws/install/dobot_kinematics:/home/ubuntu/magician_ros2_control_system_ws/install/dobot_homing:/home/ubuntu/magician_ros2_control_system_ws/install/dobot_end_effector:/home/ubuntu/magician_ros2_control_system_ws/install/dobot_diagnostics:/home/ubuntu/magician_ros2_control_system_ws/install/dobot_demos:/home/ubuntu/magician_ros2_control_system_ws/install/dobot_control_panel:/home/ubuntu/magician_ros2_control_system_ws/install/dobot_bringup:/opt/ros/humble /usr/bin/cmake /home/ubuntu/magician_ros2_control_system_ws/src/dobot_driver -DCMAKE_INSTALL_PREFIX=/home/ubuntu/magician_ros2_control_system_ws/install/dobot_driver
[1.079s] Invoking command in '/home/ubuntu/magician_ros2_control_system_ws/build/dobot_driver': CMAKE_PREFIX_PATH=${CMAKE_PREFIX_PATH}:/home/ubuntu/magician_ros2_control_system_ws/install/interate_prac:/home/ubuntu/magician_ros2_control_system_ws/install/gyeong_pkg:/home/ubuntu/magician_ros2_control_system_ws/install/dobot_visualization_tools:/home/ubuntu/magician_ros2_control_system_ws/install/dobot_state_updater:/home/ubuntu/magician_ros2_control_system_ws/install/dobot_motion:/home/ubuntu/magician_ros2_control_system_ws/install/dobot_kinematics:/home/ubuntu/magician_ros2_control_system_ws/install/dobot_homing:/home/ubuntu/magician_ros2_control_system_ws/install/dobot_end_effector:/home/ubuntu/magician_ros2_control_system_ws/install/dobot_diagnostics:/home/ubuntu/magician_ros2_control_system_ws/install/dobot_demos:/home/ubuntu/magician_ros2_control_system_ws/install/dobot_control_panel:/home/ubuntu/magician_ros2_control_system_ws/install/dobot_bringup:/opt/ros/humble /usr/bin/cmake --build /home/ubuntu/magician_ros2_control_system_ws/build/dobot_driver -- -j20 -l20
[1.135s] Built target ament_cmake_python_copy_dobot_driver
[1.291s] running egg_info
[1.301s] creating dobot_driver.egg-info
[1.301s] writing dobot_driver.egg-info/PKG-INFO
[1.302s] writing dependency_links to dobot_driver.egg-info/dependency_links.txt
[1.302s] writing top-level names to dobot_driver.egg-info/top_level.txt
[1.302s] writing manifest file 'dobot_driver.egg-info/SOURCES.txt'
[1.332s] reading manifest file 'dobot_driver.egg-info/SOURCES.txt'
[1.343s] Traceback (most recent call last):
[1.344s]   File "/home/ubuntu/magician_ros2_control_system_ws/build/dobot_driver/ament_cmake_python/dobot_driver/setup.py", line 4, in <module>
[1.344s]     setup(
[1.344s]   File "/home/ubuntu/.local/lib/python3.10/site-packages/setuptools/__init__.py", line 117, in setup
[1.344s]     return distutils.core.setup(**attrs)
[1.344s]   File "/home/ubuntu/.local/lib/python3.10/site-packages/setuptools/_distutils/core.py", line 183, in setup
[1.344s]     return run_commands(dist)
[1.344s]   File "/home/ubuntu/.local/lib/python3.10/site-packages/setuptools/_distutils/core.py", line 199, in run_commands
[1.344s]     dist.run_commands()
[1.344s]   File "/home/ubuntu/.local/lib/python3.10/site-packages/setuptools/_distutils/dist.py", line 954, in run_commands
[1.344s]     self.run_command(cmd)
[1.344s]   File "/home/ubuntu/.local/lib/python3.10/site-packages/setuptools/dist.py", line 994, in run_command
[1.344s]     super().run_command(command)
[1.345s]   File "/home/ubuntu/.local/lib/python3.10/site-packages/setuptools/_distutils/dist.py", line 973, in run_command
[1.345s]     cmd_obj.run()
[1.345s]   File "/home/ubuntu/.local/lib/python3.10/site-packages/setuptools/command/egg_info.py", line 312, in run
[1.345s]     self.find_sources()
[1.345s]   File "/home/ubuntu/.local/lib/python3.10/site-packages/setuptools/command/egg_info.py", line 320, in find_sources
[1.345s]     mm.run()
[1.345s]   File "/home/ubuntu/.local/lib/python3.10/site-packages/setuptools/command/egg_info.py", line 548, in run
[1.345s]     self.prune_file_list()
[1.345s]   File "/home/ubuntu/.local/lib/python3.10/site-packages/setuptools/command/sdist.py", line 162, in prune_file_list
[1.345s]     super().prune_file_list()
[1.345s]   File "/home/ubuntu/.local/lib/python3.10/site-packages/setuptools/_distutils/command/sdist.py", line 380, in prune_file_list
[1.345s]     base_dir = self.distribution.get_fullname()
[1.345s]   File "/home/ubuntu/.local/lib/python3.10/site-packages/setuptools/_core_metadata.py", line 267, in get_fullname
[1.345s]     return _distribution_fullname(self.get_name(), self.get_version())
[1.345s]   File "/home/ubuntu/.local/lib/python3.10/site-packages/setuptools/_core_metadata.py", line 285, in _distribution_fullname
[1.346s]     canonicalize_version(version, strip_trailing_zero=False),
[1.346s] TypeError: canonicalize_version() got an unexpected keyword argument 'strip_trailing_zero'
[1.370s] gmake[2]: *** [CMakeFiles/ament_cmake_python_build_dobot_driver_egg.dir/build.make:70: CMakeFiles/ament_cmake_python_build_dobot_driver_egg] Error 1
[1.370s] gmake[1]: *** [CMakeFiles/Makefile2:164: CMakeFiles/ament_cmake_python_build_dobot_driver_egg.dir/all] Error 2
[1.370s] gmake: *** [Makefile:146: all] Error 2
