[1.546s] Invoking command in '/home/ubuntu/magician_ros2_control_system_ws/src/dobot_homing': AMENT_PREFIX_PATH=/home/ubuntu/magician_ros2_control_system_ws/install/dobot_msgs:${AMENT_PREFIX_PATH} CMAKE_PREFIX_PATH=/home/ubuntu/magician_ros2_control_system_ws/install/dobot_msgs LD_LIBRARY_PATH=/home/ubuntu/magician_ros2_control_system_ws/install/dobot_msgs/lib:${LD_LIBRARY_PATH} PYTHONPATH=/home/ubuntu/magician_ros2_control_system_ws/build/dobot_homing/prefix_override:/usr/lib/python3/dist-packages/colcon_core/task/python/colcon_distutils_commands:/home/ubuntu/magician_ros2_control_system_ws/install/dobot_homing/lib/python3.10/site-packages:/home/ubuntu/magician_ros2_control_system_ws/install/dobot_msgs/local/lib/python3.10/dist-packages:${PYTHONPATH} /usr/bin/python3 -W ignore:setup.py install is deprecated setup.py egg_info --egg-base ../../build/dobot_homing build --build-base /home/ubuntu/magician_ros2_control_system_ws/build/dobot_homing/build install --record /home/ubuntu/magician_ros2_control_system_ws/build/dobot_homing/install.log --single-version-externally-managed install_data
[1.709s] running egg_info
[1.709s] writing ../../build/dobot_homing/dobot_homing.egg-info/PKG-INFO
[1.709s] writing dependency_links to ../../build/dobot_homing/dobot_homing.egg-info/dependency_links.txt
[1.709s] writing entry points to ../../build/dobot_homing/dobot_homing.egg-info/entry_points.txt
[1.709s] writing requirements to ../../build/dobot_homing/dobot_homing.egg-info/requires.txt
[1.710s] writing top-level names to ../../build/dobot_homing/dobot_homing.egg-info/top_level.txt
[1.710s] reading manifest file '../../build/dobot_homing/dobot_homing.egg-info/SOURCES.txt'
[1.711s] writing manifest file '../../build/dobot_homing/dobot_homing.egg-info/SOURCES.txt'
[1.711s] running build
[1.711s] running build_py
[1.711s] running install
[1.712s] running install_lib
[1.712s] running install_data
[1.712s] running install_egg_info
[1.713s] removing '/home/ubuntu/magician_ros2_control_system_ws/install/dobot_homing/lib/python3.10/site-packages/dobot_homing-1.0.0-py3.10.egg-info' (and everything under it)
[1.713s] Copying ../../build/dobot_homing/dobot_homing.egg-info to /home/ubuntu/magician_ros2_control_system_ws/install/dobot_homing/lib/python3.10/site-packages/dobot_homing-1.0.0-py3.10.egg-info
[1.714s] running install_scripts
[1.727s] Installing homing_server script to /home/ubuntu/magician_ros2_control_system_ws/install/dobot_homing/lib/dobot_homing
[1.728s] writing list of installed files to '/home/ubuntu/magician_ros2_control_system_ws/build/dobot_homing/install.log'
[1.751s] Invoked command in '/home/ubuntu/magician_ros2_control_system_ws/src/dobot_homing' returned '0': AMENT_PREFIX_PATH=/home/ubuntu/magician_ros2_control_system_ws/install/dobot_msgs:${AMENT_PREFIX_PATH} CMAKE_PREFIX_PATH=/home/ubuntu/magician_ros2_control_system_ws/install/dobot_msgs LD_LIBRARY_PATH=/home/ubuntu/magician_ros2_control_system_ws/install/dobot_msgs/lib:${LD_LIBRARY_PATH} PYTHONPATH=/home/ubuntu/magician_ros2_control_system_ws/build/dobot_homing/prefix_override:/usr/lib/python3/dist-packages/colcon_core/task/python/colcon_distutils_commands:/home/ubuntu/magician_ros2_control_system_ws/install/dobot_homing/lib/python3.10/site-packages:/home/ubuntu/magician_ros2_control_system_ws/install/dobot_msgs/local/lib/python3.10/dist-packages:${PYTHONPATH} /usr/bin/python3 -W ignore:setup.py install is deprecated setup.py egg_info --egg-base ../../build/dobot_homing build --build-base /home/ubuntu/magician_ros2_control_system_ws/build/dobot_homing/build install --record /home/ubuntu/magician_ros2_control_system_ws/build/dobot_homing/install.log --single-version-externally-managed install_data
