[0.406s] Invoking command in '/home/ubuntu/magician_ros2_control_system_ws/build/dobot_driver': CMAKE_PREFIX_PATH=${CMAKE_PREFIX_PATH}:/home/ubuntu/magician_ros2_control_system_ws/install/interate_prac:/home/ubuntu/magician_ros2_control_system_ws/install/gyeong_pkg:/home/ubuntu/magician_ros2_control_system_ws/install/dobot_visualization_tools:/home/ubuntu/magician_ros2_control_system_ws/install/dobot_state_updater:/home/ubuntu/magician_ros2_control_system_ws/install/dobot_motion:/home/ubuntu/magician_ros2_control_system_ws/install/dobot_kinematics:/home/ubuntu/magician_ros2_control_system_ws/install/dobot_homing:/home/ubuntu/magician_ros2_control_system_ws/install/dobot_end_effector:/home/ubuntu/magician_ros2_control_system_ws/install/dobot_diagnostics:/home/ubuntu/magician_ros2_control_system_ws/install/dobot_demos:/home/ubuntu/magician_ros2_control_system_ws/install/dobot_control_panel:/home/ubuntu/magician_ros2_control_system_ws/install/dobot_bringup:/opt/ros/humble /usr/bin/cmake --build /home/ubuntu/magician_ros2_control_system_ws/build/dobot_driver -- -j20 -l20
[0.805s] Built target ament_cmake_python_copy_dobot_driver
[0.805s] running egg_info
[0.805s] writing dobot_driver.egg-info/PKG-INFO
[0.805s] writing dependency_links to dobot_driver.egg-info/dependency_links.txt
[0.805s] writing top-level names to dobot_driver.egg-info/top_level.txt
[0.805s] reading manifest file 'dobot_driver.egg-info/SOURCES.txt'
[0.805s] writing manifest file 'dobot_driver.egg-info/SOURCES.txt'
[0.805s] Built target ament_cmake_python_build_dobot_driver_egg
[1.001s] Invoked command in '/home/ubuntu/magician_ros2_control_system_ws/build/dobot_driver' returned '0': CMAKE_PREFIX_PATH=${CMAKE_PREFIX_PATH}:/home/ubuntu/magician_ros2_control_system_ws/install/interate_prac:/home/ubuntu/magician_ros2_control_system_ws/install/gyeong_pkg:/home/ubuntu/magician_ros2_control_system_ws/install/dobot_visualization_tools:/home/ubuntu/magician_ros2_control_system_ws/install/dobot_state_updater:/home/ubuntu/magician_ros2_control_system_ws/install/dobot_motion:/home/ubuntu/magician_ros2_control_system_ws/install/dobot_kinematics:/home/ubuntu/magician_ros2_control_system_ws/install/dobot_homing:/home/ubuntu/magician_ros2_control_system_ws/install/dobot_end_effector:/home/ubuntu/magician_ros2_control_system_ws/install/dobot_diagnostics:/home/ubuntu/magician_ros2_control_system_ws/install/dobot_demos:/home/ubuntu/magician_ros2_control_system_ws/install/dobot_control_panel:/home/ubuntu/magician_ros2_control_system_ws/install/dobot_bringup:/opt/ros/humble /usr/bin/cmake --build /home/ubuntu/magician_ros2_control_system_ws/build/dobot_driver -- -j20 -l20
[1.056s] Invoking command in '/home/ubuntu/magician_ros2_control_system_ws/build/dobot_driver': CMAKE_PREFIX_PATH=${CMAKE_PREFIX_PATH}:/home/ubuntu/magician_ros2_control_system_ws/install/interate_prac:/home/ubuntu/magician_ros2_control_system_ws/install/gyeong_pkg:/home/ubuntu/magician_ros2_control_system_ws/install/dobot_visualization_tools:/home/ubuntu/magician_ros2_control_system_ws/install/dobot_state_updater:/home/ubuntu/magician_ros2_control_system_ws/install/dobot_motion:/home/ubuntu/magician_ros2_control_system_ws/install/dobot_kinematics:/home/ubuntu/magician_ros2_control_system_ws/install/dobot_homing:/home/ubuntu/magician_ros2_control_system_ws/install/dobot_end_effector:/home/ubuntu/magician_ros2_control_system_ws/install/dobot_diagnostics:/home/ubuntu/magician_ros2_control_system_ws/install/dobot_demos:/home/ubuntu/magician_ros2_control_system_ws/install/dobot_control_panel:/home/ubuntu/magician_ros2_control_system_ws/install/dobot_bringup:/opt/ros/humble /usr/bin/cmake --install /home/ubuntu/magician_ros2_control_system_ws/build/dobot_driver
[1.086s] -- Install configuration: ""
[1.087s] -- Up-to-date: /home/ubuntu/magician_ros2_control_system_ws/install/dobot_driver/share/dobot_driver/environment/pythonpath.sh
[1.087s] -- Up-to-date: /home/ubuntu/magician_ros2_control_system_ws/install/dobot_driver/share/dobot_driver/environment/pythonpath.dsv
[1.087s] -- Up-to-date: /home/ubuntu/magician_ros2_control_system_ws/install/dobot_driver/local/lib/python3.10/dist-packages/dobot_driver-1.0.0-py3.10.egg-info
[1.087s] -- Installing: /home/ubuntu/magician_ros2_control_system_ws/install/dobot_driver/local/lib/python3.10/dist-packages/dobot_driver-1.0.0-py3.10.egg-info/SOURCES.txt
[1.087s] -- Installing: /home/ubuntu/magician_ros2_control_system_ws/install/dobot_driver/local/lib/python3.10/dist-packages/dobot_driver-1.0.0-py3.10.egg-info/dependency_links.txt
[1.087s] -- Installing: /home/ubuntu/magician_ros2_control_system_ws/install/dobot_driver/local/lib/python3.10/dist-packages/dobot_driver-1.0.0-py3.10.egg-info/PKG-INFO
[1.087s] -- Installing: /home/ubuntu/magician_ros2_control_system_ws/install/dobot_driver/local/lib/python3.10/dist-packages/dobot_driver-1.0.0-py3.10.egg-info/top_level.txt
[1.087s] -- Up-to-date: /home/ubuntu/magician_ros2_control_system_ws/install/dobot_driver/local/lib/python3.10/dist-packages/dobot_driver
[1.087s] -- Up-to-date: /home/ubuntu/magician_ros2_control_system_ws/install/dobot_driver/local/lib/python3.10/dist-packages/dobot_driver/__init__.py
[1.087s] -- Up-to-date: /home/ubuntu/magician_ros2_control_system_ws/install/dobot_driver/local/lib/python3.10/dist-packages/dobot_driver/parsers.py
[1.087s] -- Up-to-date: /home/ubuntu/magician_ros2_control_system_ws/install/dobot_driver/local/lib/python3.10/dist-packages/dobot_driver/interface.py
[1.088s] -- Installing: /home/ubuntu/magician_ros2_control_system_ws/install/dobot_driver/local/lib/python3.10/dist-packages/dobot_driver/dobot_handle.py
[1.088s] -- Up-to-date: /home/ubuntu/magician_ros2_control_system_ws/install/dobot_driver/local/lib/python3.10/dist-packages/dobot_driver/message.py
[1.089s] Listing '/home/ubuntu/magician_ros2_control_system_ws/install/dobot_driver/local/lib/python3.10/dist-packages/dobot_driver'...
[1.089s] Compiling '/home/ubuntu/magician_ros2_control_system_ws/install/dobot_driver/local/lib/python3.10/dist-packages/dobot_driver/dobot_handle.py'...
[1.094s] -- Up-to-date: /home/ubuntu/magician_ros2_control_system_ws/install/dobot_driver/share/ament_index/resource_index/package_run_dependencies/dobot_driver
[1.094s] -- Up-to-date: /home/ubuntu/magician_ros2_control_system_ws/install/dobot_driver/share/ament_index/resource_index/parent_prefix_path/dobot_driver
[1.094s] -- Up-to-date: /home/ubuntu/magician_ros2_control_system_ws/install/dobot_driver/share/dobot_driver/environment/ament_prefix_path.sh
[1.094s] -- Up-to-date: /home/ubuntu/magician_ros2_control_system_ws/install/dobot_driver/share/dobot_driver/environment/ament_prefix_path.dsv
[1.094s] -- Up-to-date: /home/ubuntu/magician_ros2_control_system_ws/install/dobot_driver/share/dobot_driver/environment/path.sh
[1.095s] -- Up-to-date: /home/ubuntu/magician_ros2_control_system_ws/install/dobot_driver/share/dobot_driver/environment/path.dsv
[1.095s] -- Up-to-date: /home/ubuntu/magician_ros2_control_system_ws/install/dobot_driver/share/dobot_driver/local_setup.bash
[1.095s] -- Up-to-date: /home/ubuntu/magician_ros2_control_system_ws/install/dobot_driver/share/dobot_driver/local_setup.sh
[1.096s] -- Up-to-date: /home/ubuntu/magician_ros2_control_system_ws/install/dobot_driver/share/dobot_driver/local_setup.zsh
[1.096s] -- Up-to-date: /home/ubuntu/magician_ros2_control_system_ws/install/dobot_driver/share/dobot_driver/local_setup.dsv
[1.096s] -- Installing: /home/ubuntu/magician_ros2_control_system_ws/install/dobot_driver/share/dobot_driver/package.dsv
[1.097s] -- Up-to-date: /home/ubuntu/magician_ros2_control_system_ws/install/dobot_driver/share/ament_index/resource_index/packages/dobot_driver
[1.097s] -- Up-to-date: /home/ubuntu/magician_ros2_control_system_ws/install/dobot_driver/share/dobot_driver/cmake/dobot_driverConfig.cmake
[1.097s] -- Up-to-date: /home/ubuntu/magician_ros2_control_system_ws/install/dobot_driver/share/dobot_driver/cmake/dobot_driverConfig-version.cmake
[1.098s] -- Up-to-date: /home/ubuntu/magician_ros2_control_system_ws/install/dobot_driver/share/dobot_driver/package.xml
[1.099s] Invoked command in '/home/ubuntu/magician_ros2_control_system_ws/build/dobot_driver' returned '0': CMAKE_PREFIX_PATH=${CMAKE_PREFIX_PATH}:/home/ubuntu/magician_ros2_control_system_ws/install/interate_prac:/home/ubuntu/magician_ros2_control_system_ws/install/gyeong_pkg:/home/ubuntu/magician_ros2_control_system_ws/install/dobot_visualization_tools:/home/ubuntu/magician_ros2_control_system_ws/install/dobot_state_updater:/home/ubuntu/magician_ros2_control_system_ws/install/dobot_motion:/home/ubuntu/magician_ros2_control_system_ws/install/dobot_kinematics:/home/ubuntu/magician_ros2_control_system_ws/install/dobot_homing:/home/ubuntu/magician_ros2_control_system_ws/install/dobot_end_effector:/home/ubuntu/magician_ros2_control_system_ws/install/dobot_diagnostics:/home/ubuntu/magician_ros2_control_system_ws/install/dobot_demos:/home/ubuntu/magician_ros2_control_system_ws/install/dobot_control_panel:/home/ubuntu/magician_ros2_control_system_ws/install/dobot_bringup:/opt/ros/humble /usr/bin/cmake --install /home/ubuntu/magician_ros2_control_system_ws/build/dobot_driver
