[2.587s] Invoking command in '/home/ubuntu/magician_ros2_control_system_ws/src/dobot_visualization_tools': PYTHONPATH=/home/ubuntu/magician_ros2_control_system_ws/build/dobot_visualization_tools/prefix_override:/usr/lib/python3/dist-packages/colcon_core/task/python/colcon_distutils_commands:/home/ubuntu/magician_ros2_control_system_ws/install/dobot_visualization_tools/lib/python3.10/site-packages:${PYTHONPATH} /usr/bin/python3 -W ignore:setup.py install is deprecated setup.py egg_info --egg-base ../../build/dobot_visualization_tools build --build-base /home/ubuntu/magician_ros2_control_system_ws/build/dobot_visualization_tools/build install --record /home/ubuntu/magician_ros2_control_system_ws/build/dobot_visualization_tools/install.log --single-version-externally-managed install_data
[2.762s] running egg_info
[2.762s] writing ../../build/dobot_visualization_tools/dobot_visualization_tools.egg-info/PKG-INFO
[2.762s] writing dependency_links to ../../build/dobot_visualization_tools/dobot_visualization_tools.egg-info/dependency_links.txt
[2.762s] writing entry points to ../../build/dobot_visualization_tools/dobot_visualization_tools.egg-info/entry_points.txt
[2.762s] writing requirements to ../../build/dobot_visualization_tools/dobot_visualization_tools.egg-info/requires.txt
[2.762s] writing top-level names to ../../build/dobot_visualization_tools/dobot_visualization_tools.egg-info/top_level.txt
[2.763s] reading manifest file '../../build/dobot_visualization_tools/dobot_visualization_tools.egg-info/SOURCES.txt'
[2.764s] writing manifest file '../../build/dobot_visualization_tools/dobot_visualization_tools.egg-info/SOURCES.txt'
[2.764s] running build
[2.764s] running build_py
[2.764s] running install
[2.765s] running install_lib
[2.765s] running install_data
[2.765s] running install_egg_info
[2.767s] removing '/home/ubuntu/magician_ros2_control_system_ws/install/dobot_visualization_tools/lib/python3.10/site-packages/dobot_visualization_tools-1.0.0-py3.10.egg-info' (and everything under it)
[2.767s] Copying ../../build/dobot_visualization_tools/dobot_visualization_tools.egg-info to /home/ubuntu/magician_ros2_control_system_ws/install/dobot_visualization_tools/lib/python3.10/site-packages/dobot_visualization_tools-1.0.0-py3.10.egg-info
[2.767s] running install_scripts
[2.781s] Installing int_marker script to /home/ubuntu/magician_ros2_control_system_ws/install/dobot_visualization_tools/lib/dobot_visualization_tools
[2.781s] Installing show_camera_FOV script to /home/ubuntu/magician_ros2_control_system_ws/install/dobot_visualization_tools/lib/dobot_visualization_tools
[2.781s] Installing show_dobot_range script to /home/ubuntu/magician_ros2_control_system_ws/install/dobot_visualization_tools/lib/dobot_visualization_tools
[2.781s] Installing show_trajectory script to /home/ubuntu/magician_ros2_control_system_ws/install/dobot_visualization_tools/lib/dobot_visualization_tools
[2.781s] writing list of installed files to '/home/ubuntu/magician_ros2_control_system_ws/build/dobot_visualization_tools/install.log'
[2.799s] Invoked command in '/home/ubuntu/magician_ros2_control_system_ws/src/dobot_visualization_tools' returned '0': PYTHONPATH=/home/ubuntu/magician_ros2_control_system_ws/build/dobot_visualization_tools/prefix_override:/usr/lib/python3/dist-packages/colcon_core/task/python/colcon_distutils_commands:/home/ubuntu/magician_ros2_control_system_ws/install/dobot_visualization_tools/lib/python3.10/site-packages:${PYTHONPATH} /usr/bin/python3 -W ignore:setup.py install is deprecated setup.py egg_info --egg-base ../../build/dobot_visualization_tools build --build-base /home/ubuntu/magician_ros2_control_system_ws/build/dobot_visualization_tools/build install --record /home/ubuntu/magician_ros2_control_system_ws/build/dobot_visualization_tools/install.log --single-version-externally-managed install_data
