[1.809s] Invoking command in '/home/ubuntu/magician_ros2_control_system_ws/src/dobot_kinematics': PYTHONPATH=/home/ubuntu/magician_ros2_control_system_ws/build/dobot_kinematics/prefix_override:/usr/lib/python3/dist-packages/colcon_core/task/python/colcon_distutils_commands:/home/ubuntu/magician_ros2_control_system_ws/install/dobot_kinematics/lib/python3.10/site-packages:${PYTHONPATH} /usr/bin/python3 -W ignore:setup.py install is deprecated setup.py egg_info --egg-base ../../build/dobot_kinematics build --build-base /home/ubuntu/magician_ros2_control_system_ws/build/dobot_kinematics/build install --record /home/ubuntu/magician_ros2_control_system_ws/build/dobot_kinematics/install.log --single-version-externally-managed install_data
[1.998s] running egg_info
[1.998s] writing ../../build/dobot_kinematics/dobot_kinematics.egg-info/PKG-INFO
[1.999s] writing dependency_links to ../../build/dobot_kinematics/dobot_kinematics.egg-info/dependency_links.txt
[1.999s] writing entry points to ../../build/dobot_kinematics/dobot_kinematics.egg-info/entry_points.txt
[1.999s] writing requirements to ../../build/dobot_kinematics/dobot_kinematics.egg-info/requires.txt
[1.999s] writing top-level names to ../../build/dobot_kinematics/dobot_kinematics.egg-info/top_level.txt
[2.000s] reading manifest file '../../build/dobot_kinematics/dobot_kinematics.egg-info/SOURCES.txt'
[2.001s] writing manifest file '../../build/dobot_kinematics/dobot_kinematics.egg-info/SOURCES.txt'
[2.001s] running build
[2.001s] running build_py
[2.001s] running install
[2.001s] running install_lib
[2.002s] running install_data
[2.002s] running install_egg_info
[2.004s] removing '/home/ubuntu/magician_ros2_control_system_ws/install/dobot_kinematics/lib/python3.10/site-packages/dobot_kinematics-1.0.0-py3.10.egg-info' (and everything under it)
[2.004s] Copying ../../build/dobot_kinematics/dobot_kinematics.egg-info to /home/ubuntu/magician_ros2_control_system_ws/install/dobot_kinematics/lib/python3.10/site-packages/dobot_kinematics-1.0.0-py3.10.egg-info
[2.004s] running install_scripts
[2.019s] Installing trajectory_validator_client script to /home/ubuntu/magician_ros2_control_system_ws/install/dobot_kinematics/lib/dobot_kinematics
[2.019s] Installing trajectory_validator_server script to /home/ubuntu/magician_ros2_control_system_ws/install/dobot_kinematics/lib/dobot_kinematics
[2.020s] writing list of installed files to '/home/ubuntu/magician_ros2_control_system_ws/build/dobot_kinematics/install.log'
[2.042s] Invoked command in '/home/ubuntu/magician_ros2_control_system_ws/src/dobot_kinematics' returned '0': PYTHONPATH=/home/ubuntu/magician_ros2_control_system_ws/build/dobot_kinematics/prefix_override:/usr/lib/python3/dist-packages/colcon_core/task/python/colcon_distutils_commands:/home/ubuntu/magician_ros2_control_system_ws/install/dobot_kinematics/lib/python3.10/site-packages:${PYTHONPATH} /usr/bin/python3 -W ignore:setup.py install is deprecated setup.py egg_info --egg-base ../../build/dobot_kinematics build --build-base /home/ubuntu/magician_ros2_control_system_ws/build/dobot_kinematics/build install --record /home/ubuntu/magician_ros2_control_system_ws/build/dobot_kinematics/install.log --single-version-externally-managed install_data
