[1.138s] Invoking command in '/home/ubuntu/magician_ros2_control_system_ws/src/dobot_visualization_tools': PYTHONPATH=/home/ubuntu/magician_ros2_control_system_ws/build/dobot_visualization_tools/prefix_override:/usr/lib/python3/dist-packages/colcon_core/task/python/colcon_distutils_commands:/home/ubuntu/magician_ros2_control_system_ws/install/dobot_visualization_tools/lib/python3.10/site-packages:${PYTHONPATH} /usr/bin/python3 -W ignore:setup.py install is deprecated setup.py egg_info --egg-base ../../build/dobot_visualization_tools build --build-base /home/ubuntu/magician_ros2_control_system_ws/build/dobot_visualization_tools/build install --record /home/ubuntu/magician_ros2_control_system_ws/build/dobot_visualization_tools/install.log --single-version-externally-managed install_data
[1.273s] /home/ubuntu/.local/lib/python3.10/site-packages/setuptools/_distutils/dist.py:261: UserWarning: Unknown distribution option: 'tests_require'
[1.273s]   warnings.warn(msg)
[1.330s] running egg_info
[1.340s] creating ../../build/dobot_visualization_tools/dobot_visualization_tools.egg-info
[1.340s] writing ../../build/dobot_visualization_tools/dobot_visualization_tools.egg-info/PKG-INFO
[1.340s] writing dependency_links to ../../build/dobot_visualization_tools/dobot_visualization_tools.egg-info/dependency_links.txt
[1.341s] writing entry points to ../../build/dobot_visualization_tools/dobot_visualization_tools.egg-info/entry_points.txt
[1.341s] writing requirements to ../../build/dobot_visualization_tools/dobot_visualization_tools.egg-info/requires.txt
[1.341s] writing top-level names to ../../build/dobot_visualization_tools/dobot_visualization_tools.egg-info/top_level.txt
[1.341s] writing manifest file '../../build/dobot_visualization_tools/dobot_visualization_tools.egg-info/SOURCES.txt'
[1.362s] reading manifest file '../../build/dobot_visualization_tools/dobot_visualization_tools.egg-info/SOURCES.txt'
[1.362s] Traceback (most recent call last):
[1.362s]   File "/home/ubuntu/magician_ros2_control_system_ws/src/dobot_visualization_tools/setup.py", line 8, in <module>
[1.363s]     setup(
[1.363s]   File "/home/ubuntu/.local/lib/python3.10/site-packages/setuptools/__init__.py", line 117, in setup
[1.363s]     return distutils.core.setup(**attrs)
[1.363s]   File "/home/ubuntu/.local/lib/python3.10/site-packages/setuptools/_distutils/core.py", line 183, in setup
[1.364s]     return run_commands(dist)
[1.364s]   File "/home/ubuntu/.local/lib/python3.10/site-packages/setuptools/_distutils/core.py", line 199, in run_commands
[1.364s]     dist.run_commands()
[1.364s]   File "/home/ubuntu/.local/lib/python3.10/site-packages/setuptools/_distutils/dist.py", line 954, in run_commands
[1.364s]     self.run_command(cmd)
[1.364s]   File "/home/ubuntu/.local/lib/python3.10/site-packages/setuptools/dist.py", line 994, in run_command
[1.364s]     super().run_command(command)
[1.364s]   File "/home/ubuntu/.local/lib/python3.10/site-packages/setuptools/_distutils/dist.py", line 973, in run_command
[1.365s]     cmd_obj.run()
[1.365s]   File "/home/ubuntu/.local/lib/python3.10/site-packages/setuptools/command/egg_info.py", line 312, in run
[1.365s]     self.find_sources()
[1.365s]   File "/home/ubuntu/.local/lib/python3.10/site-packages/setuptools/command/egg_info.py", line 320, in find_sources
[1.365s]     mm.run()
[1.366s]   File "/home/ubuntu/.local/lib/python3.10/site-packages/setuptools/command/egg_info.py", line 548, in run
[1.366s]     self.prune_file_list()
[1.366s]   File "/home/ubuntu/.local/lib/python3.10/site-packages/setuptools/command/sdist.py", line 162, in prune_file_list
[1.366s]     super().prune_file_list()
[1.366s]   File "/home/ubuntu/.local/lib/python3.10/site-packages/setuptools/_distutils/command/sdist.py", line 380, in prune_file_list
[1.366s]     base_dir = self.distribution.get_fullname()
[1.366s]   File "/home/ubuntu/.local/lib/python3.10/site-packages/setuptools/_core_metadata.py", line 267, in get_fullname
[1.367s]     return _distribution_fullname(self.get_name(), self.get_version())
[1.367s]   File "/home/ubuntu/.local/lib/python3.10/site-packages/setuptools/_core_metadata.py", line 285, in _distribution_fullname
[1.367s]     canonicalize_version(version, strip_trailing_zero=False),
[1.367s] TypeError: canonicalize_version() got an unexpected keyword argument 'strip_trailing_zero'
