[1.748s] Invoking command in '/home/ubuntu/magician_ros2_control_system_ws/src/dobot_diagnostics': PYTHONPATH=/home/ubuntu/magician_ros2_control_system_ws/build/dobot_diagnostics/prefix_override:/usr/lib/python3/dist-packages/colcon_core/task/python/colcon_distutils_commands:/home/ubuntu/magician_ros2_control_system_ws/install/dobot_diagnostics/lib/python3.10/site-packages:${PYTHONPATH} /usr/bin/python3 -W ignore:setup.py install is deprecated setup.py egg_info --egg-base ../../build/dobot_diagnostics build --build-base /home/ubuntu/magician_ros2_control_system_ws/build/dobot_diagnostics/build install --record /home/ubuntu/magician_ros2_control_system_ws/build/dobot_diagnostics/install.log --single-version-externally-managed install_data
[1.967s] running egg_info
[1.967s] writing ../../build/dobot_diagnostics/dobot_diagnostics.egg-info/PKG-INFO
[1.967s] writing dependency_links to ../../build/dobot_diagnostics/dobot_diagnostics.egg-info/dependency_links.txt
[1.967s] writing entry points to ../../build/dobot_diagnostics/dobot_diagnostics.egg-info/entry_points.txt
[1.967s] writing requirements to ../../build/dobot_diagnostics/dobot_diagnostics.egg-info/requires.txt
[1.968s] writing top-level names to ../../build/dobot_diagnostics/dobot_diagnostics.egg-info/top_level.txt
[1.968s] reading manifest file '../../build/dobot_diagnostics/dobot_diagnostics.egg-info/SOURCES.txt'
[1.969s] writing manifest file '../../build/dobot_diagnostics/dobot_diagnostics.egg-info/SOURCES.txt'
[1.969s] running build
[1.969s] running build_py
[1.969s] running install
[1.969s] running install_lib
[1.970s] running install_data
[1.970s] running install_egg_info
[1.971s] removing '/home/ubuntu/magician_ros2_control_system_ws/install/dobot_diagnostics/lib/python3.10/site-packages/dobot_diagnostics-1.0.0-py3.10.egg-info' (and everything under it)
[1.971s] Copying ../../build/dobot_diagnostics/dobot_diagnostics.egg-info to /home/ubuntu/magician_ros2_control_system_ws/install/dobot_diagnostics/lib/python3.10/site-packages/dobot_diagnostics-1.0.0-py3.10.egg-info
[1.972s] running install_scripts
[1.986s] Installing alarms_parser script to /home/ubuntu/magician_ros2_control_system_ws/install/dobot_diagnostics/lib/dobot_diagnostics
[1.986s] writing list of installed files to '/home/ubuntu/magician_ros2_control_system_ws/build/dobot_diagnostics/install.log'
[2.001s] Invoked command in '/home/ubuntu/magician_ros2_control_system_ws/src/dobot_diagnostics' returned '0': PYTHONPATH=/home/ubuntu/magician_ros2_control_system_ws/build/dobot_diagnostics/prefix_override:/usr/lib/python3/dist-packages/colcon_core/task/python/colcon_distutils_commands:/home/ubuntu/magician_ros2_control_system_ws/install/dobot_diagnostics/lib/python3.10/site-packages:${PYTHONPATH} /usr/bin/python3 -W ignore:setup.py install is deprecated setup.py egg_info --egg-base ../../build/dobot_diagnostics build --build-base /home/ubuntu/magician_ros2_control_system_ws/build/dobot_diagnostics/build install --record /home/ubuntu/magician_ros2_control_system_ws/build/dobot_diagnostics/install.log --single-version-externally-managed install_data
