[0.074s] DEBUG:colcon:Command line arguments: ['/usr/bin/colcon', 'build']
[0.074s] DEBUG:colcon:Parsed command line arguments: Namespace(log_base=None, log_level=None, verb_name='build', build_base='build', install_base='install', merge_install=False, symlink_install=False, test_result_base=None, continue_on_error=False, executor='parallel', parallel_workers=20, event_handlers=None, ignore_user_meta=False, metas=['./colcon.meta'], base_paths=['.'], packages_ignore=None, packages_ignore_regex=None, paths=None, packages_up_to=None, packages_up_to_regex=None, packages_above=None, packages_above_and_dependencies=None, packages_above_depth=None, packages_select_by_dep=None, packages_skip_by_dep=None, packages_skip_up_to=None, packages_select_build_failed=False, packages_skip_build_finished=False, packages_select_test_failures=False, packages_skip_test_passed=False, packages_select=None, packages_skip=None, packages_select_regex=None, packages_skip_regex=None, packages_start=None, packages_end=None, allow_overriding=[], cmake_args=None, cmake_target=None, cmake_target_skip_unavailable=False, cmake_clean_cache=False, cmake_clean_first=False, cmake_force_configure=False, ament_cmake_args=None, catkin_cmake_args=None, catkin_skip_building_tests=False, mixin_files=None, mixin=None, verb_parser=<colcon_mixin.mixin.mixin_argument.MixinArgumentDecorator object at 0x71a1b8a61db0>, verb_extension=<colcon_core.verb.build.BuildVerb object at 0x71a1b8a61810>, main=<bound method BuildVerb.main of <colcon_core.verb.build.BuildVerb object at 0x71a1b8a61810>>, mixin_verb=('build',))
[0.109s] Level 1:colcon.colcon_core.package_discovery:discover_packages(colcon_meta) check parameters
[0.109s] Level 1:colcon.colcon_core.package_discovery:discover_packages(recursive) check parameters
[0.109s] Level 1:colcon.colcon_core.package_discovery:discover_packages(ignore) check parameters
[0.109s] Level 1:colcon.colcon_core.package_discovery:discover_packages(path) check parameters
[0.109s] Level 1:colcon.colcon_core.package_discovery:discover_packages(colcon_meta) discover
[0.109s] Level 1:colcon.colcon_core.package_discovery:discover_packages(recursive) discover
[0.110s] INFO:colcon.colcon_core.package_discovery:Crawling recursively for packages in '/home/ubuntu/magician_ros2_control_system_ws'
[0.110s] Level 1:colcon.colcon_core.package_identification:_identify(.) by extensions ['ignore', 'ignore_ament_install']
[0.110s] Level 1:colcon.colcon_core.package_identification:_identify(.) by extension 'ignore'
[0.110s] Level 1:colcon.colcon_core.package_identification:_identify(.) by extension 'ignore_ament_install'
[0.110s] Level 1:colcon.colcon_core.package_identification:_identify(.) by extensions ['colcon_pkg']
[0.110s] Level 1:colcon.colcon_core.package_identification:_identify(.) by extension 'colcon_pkg'
[0.110s] Level 1:colcon.colcon_core.package_identification:_identify(.) by extensions ['colcon_meta']
[0.110s] Level 1:colcon.colcon_core.package_identification:_identify(.) by extension 'colcon_meta'
[0.110s] Level 1:colcon.colcon_core.package_identification:_identify(.) by extensions ['ros']
[0.110s] Level 1:colcon.colcon_core.package_identification:_identify(.) by extension 'ros'
[0.112s] Level 1:colcon.colcon_core.package_identification:_identify(.) by extensions ['cmake', 'python']
[0.112s] Level 1:colcon.colcon_core.package_identification:_identify(.) by extension 'cmake'
[0.112s] Level 1:colcon.colcon_core.package_identification:_identify(.) by extension 'python'
[0.112s] Level 1:colcon.colcon_core.package_identification:_identify(.) by extensions ['python_setup_py']
[0.112s] Level 1:colcon.colcon_core.package_identification:_identify(.) by extension 'python_setup_py'
[0.112s] Level 1:colcon.colcon_core.package_identification:_identify(build) by extensions ['ignore', 'ignore_ament_install']
[0.112s] Level 1:colcon.colcon_core.package_identification:_identify(build) by extension 'ignore'
[0.112s] Level 1:colcon.colcon_core.package_identification:_identify(build) ignored
[0.112s] Level 1:colcon.colcon_core.package_identification:_identify(install) by extensions ['ignore', 'ignore_ament_install']
[0.113s] Level 1:colcon.colcon_core.package_identification:_identify(install) by extension 'ignore'
[0.113s] Level 1:colcon.colcon_core.package_identification:_identify(install) ignored
[0.113s] Level 1:colcon.colcon_core.package_identification:_identify(log) by extensions ['ignore', 'ignore_ament_install']
[0.113s] Level 1:colcon.colcon_core.package_identification:_identify(log) by extension 'ignore'
[0.113s] Level 1:colcon.colcon_core.package_identification:_identify(log) ignored
[0.113s] Level 1:colcon.colcon_core.package_identification:_identify(src) by extensions ['ignore', 'ignore_ament_install']
[0.113s] Level 1:colcon.colcon_core.package_identification:_identify(src) by extension 'ignore'
[0.113s] Level 1:colcon.colcon_core.package_identification:_identify(src) by extension 'ignore_ament_install'
[0.113s] Level 1:colcon.colcon_core.package_identification:_identify(src) by extensions ['colcon_pkg']
[0.113s] Level 1:colcon.colcon_core.package_identification:_identify(src) by extension 'colcon_pkg'
[0.113s] Level 1:colcon.colcon_core.package_identification:_identify(src) by extensions ['colcon_meta']
[0.113s] Level 1:colcon.colcon_core.package_identification:_identify(src) by extension 'colcon_meta'
[0.113s] Level 1:colcon.colcon_core.package_identification:_identify(src) by extensions ['ros']
[0.113s] Level 1:colcon.colcon_core.package_identification:_identify(src) by extension 'ros'
[0.113s] Level 1:colcon.colcon_core.package_identification:_identify(src) by extensions ['cmake', 'python']
[0.113s] Level 1:colcon.colcon_core.package_identification:_identify(src) by extension 'cmake'
[0.113s] Level 1:colcon.colcon_core.package_identification:_identify(src) by extension 'python'
[0.113s] Level 1:colcon.colcon_core.package_identification:_identify(src) by extensions ['python_setup_py']
[0.113s] Level 1:colcon.colcon_core.package_identification:_identify(src) by extension 'python_setup_py'
[0.113s] Level 1:colcon.colcon_core.package_identification:_identify(src/dobot_bringup) by extensions ['ignore', 'ignore_ament_install']
[0.113s] Level 1:colcon.colcon_core.package_identification:_identify(src/dobot_bringup) by extension 'ignore'
[0.113s] Level 1:colcon.colcon_core.package_identification:_identify(src/dobot_bringup) by extension 'ignore_ament_install'
[0.113s] Level 1:colcon.colcon_core.package_identification:_identify(src/dobot_bringup) by extensions ['colcon_pkg']
[0.113s] Level 1:colcon.colcon_core.package_identification:_identify(src/dobot_bringup) by extension 'colcon_pkg'
[0.113s] Level 1:colcon.colcon_core.package_identification:_identify(src/dobot_bringup) by extensions ['colcon_meta']
[0.113s] Level 1:colcon.colcon_core.package_identification:_identify(src/dobot_bringup) by extension 'colcon_meta'
[0.113s] Level 1:colcon.colcon_core.package_identification:_identify(src/dobot_bringup) by extensions ['ros']
[0.113s] Level 1:colcon.colcon_core.package_identification:_identify(src/dobot_bringup) by extension 'ros'
[0.115s] DEBUG:colcon.colcon_core.package_identification:Package 'src/dobot_bringup' with type 'ros.ament_python' and name 'dobot_bringup'
[0.115s] Level 1:colcon.colcon_core.package_identification:_identify(src/dobot_control_panel) by extensions ['ignore', 'ignore_ament_install']
[0.115s] Level 1:colcon.colcon_core.package_identification:_identify(src/dobot_control_panel) by extension 'ignore'
[0.115s] Level 1:colcon.colcon_core.package_identification:_identify(src/dobot_control_panel) by extension 'ignore_ament_install'
[0.115s] Level 1:colcon.colcon_core.package_identification:_identify(src/dobot_control_panel) by extensions ['colcon_pkg']
[0.115s] Level 1:colcon.colcon_core.package_identification:_identify(src/dobot_control_panel) by extension 'colcon_pkg'
[0.115s] Level 1:colcon.colcon_core.package_identification:_identify(src/dobot_control_panel) by extensions ['colcon_meta']
[0.115s] Level 1:colcon.colcon_core.package_identification:_identify(src/dobot_control_panel) by extension 'colcon_meta'
[0.115s] Level 1:colcon.colcon_core.package_identification:_identify(src/dobot_control_panel) by extensions ['ros']
[0.115s] Level 1:colcon.colcon_core.package_identification:_identify(src/dobot_control_panel) by extension 'ros'
[0.116s] DEBUG:colcon.colcon_core.package_identification:Package 'src/dobot_control_panel' with type 'ros.ament_python' and name 'dobot_control_panel'
[0.116s] Level 1:colcon.colcon_core.package_identification:_identify(src/dobot_demos) by extensions ['ignore', 'ignore_ament_install']
[0.116s] Level 1:colcon.colcon_core.package_identification:_identify(src/dobot_demos) by extension 'ignore'
[0.116s] Level 1:colcon.colcon_core.package_identification:_identify(src/dobot_demos) by extension 'ignore_ament_install'
[0.116s] Level 1:colcon.colcon_core.package_identification:_identify(src/dobot_demos) by extensions ['colcon_pkg']
[0.116s] Level 1:colcon.colcon_core.package_identification:_identify(src/dobot_demos) by extension 'colcon_pkg'
[0.116s] Level 1:colcon.colcon_core.package_identification:_identify(src/dobot_demos) by extensions ['colcon_meta']
[0.116s] Level 1:colcon.colcon_core.package_identification:_identify(src/dobot_demos) by extension 'colcon_meta'
[0.116s] Level 1:colcon.colcon_core.package_identification:_identify(src/dobot_demos) by extensions ['ros']
[0.116s] Level 1:colcon.colcon_core.package_identification:_identify(src/dobot_demos) by extension 'ros'
[0.116s] DEBUG:colcon.colcon_core.package_identification:Package 'src/dobot_demos' with type 'ros.ament_python' and name 'dobot_demos'
[0.116s] Level 1:colcon.colcon_core.package_identification:_identify(src/dobot_description) by extensions ['ignore', 'ignore_ament_install']
[0.116s] Level 1:colcon.colcon_core.package_identification:_identify(src/dobot_description) by extension 'ignore'
[0.116s] Level 1:colcon.colcon_core.package_identification:_identify(src/dobot_description) by extension 'ignore_ament_install'
[0.116s] Level 1:colcon.colcon_core.package_identification:_identify(src/dobot_description) by extensions ['colcon_pkg']
[0.116s] Level 1:colcon.colcon_core.package_identification:_identify(src/dobot_description) by extension 'colcon_pkg'
[0.117s] Level 1:colcon.colcon_core.package_identification:_identify(src/dobot_description) by extensions ['colcon_meta']
[0.117s] Level 1:colcon.colcon_core.package_identification:_identify(src/dobot_description) by extension 'colcon_meta'
[0.117s] Level 1:colcon.colcon_core.package_identification:_identify(src/dobot_description) by extensions ['ros']
[0.117s] Level 1:colcon.colcon_core.package_identification:_identify(src/dobot_description) by extension 'ros'
[0.117s] DEBUG:colcon.colcon_core.package_identification:Package 'src/dobot_description' with type 'ros.ament_cmake' and name 'dobot_description'
[0.117s] Level 1:colcon.colcon_core.package_identification:_identify(src/dobot_diagnostics) by extensions ['ignore', 'ignore_ament_install']
[0.117s] Level 1:colcon.colcon_core.package_identification:_identify(src/dobot_diagnostics) by extension 'ignore'
[0.117s] Level 1:colcon.colcon_core.package_identification:_identify(src/dobot_diagnostics) by extension 'ignore_ament_install'
[0.117s] Level 1:colcon.colcon_core.package_identification:_identify(src/dobot_diagnostics) by extensions ['colcon_pkg']
[0.117s] Level 1:colcon.colcon_core.package_identification:_identify(src/dobot_diagnostics) by extension 'colcon_pkg'
[0.117s] Level 1:colcon.colcon_core.package_identification:_identify(src/dobot_diagnostics) by extensions ['colcon_meta']
[0.117s] Level 1:colcon.colcon_core.package_identification:_identify(src/dobot_diagnostics) by extension 'colcon_meta'
[0.117s] Level 1:colcon.colcon_core.package_identification:_identify(src/dobot_diagnostics) by extensions ['ros']
[0.117s] Level 1:colcon.colcon_core.package_identification:_identify(src/dobot_diagnostics) by extension 'ros'
[0.118s] DEBUG:colcon.colcon_core.package_identification:Package 'src/dobot_diagnostics' with type 'ros.ament_python' and name 'dobot_diagnostics'
[0.118s] Level 1:colcon.colcon_core.package_identification:_identify(src/dobot_driver) by extensions ['ignore', 'ignore_ament_install']
[0.118s] Level 1:colcon.colcon_core.package_identification:_identify(src/dobot_driver) by extension 'ignore'
[0.118s] Level 1:colcon.colcon_core.package_identification:_identify(src/dobot_driver) by extension 'ignore_ament_install'
[0.118s] Level 1:colcon.colcon_core.package_identification:_identify(src/dobot_driver) by extensions ['colcon_pkg']
[0.118s] Level 1:colcon.colcon_core.package_identification:_identify(src/dobot_driver) by extension 'colcon_pkg'
[0.118s] Level 1:colcon.colcon_core.package_identification:_identify(src/dobot_driver) by extensions ['colcon_meta']
[0.118s] Level 1:colcon.colcon_core.package_identification:_identify(src/dobot_driver) by extension 'colcon_meta'
[0.118s] Level 1:colcon.colcon_core.package_identification:_identify(src/dobot_driver) by extensions ['ros']
[0.118s] Level 1:colcon.colcon_core.package_identification:_identify(src/dobot_driver) by extension 'ros'
[0.118s] DEBUG:colcon.colcon_core.package_identification:Package 'src/dobot_driver' with type 'ros.ament_cmake' and name 'dobot_driver'
[0.118s] Level 1:colcon.colcon_core.package_identification:_identify(src/dobot_end_effector) by extensions ['ignore', 'ignore_ament_install']
[0.118s] Level 1:colcon.colcon_core.package_identification:_identify(src/dobot_end_effector) by extension 'ignore'
[0.118s] Level 1:colcon.colcon_core.package_identification:_identify(src/dobot_end_effector) by extension 'ignore_ament_install'
[0.118s] Level 1:colcon.colcon_core.package_identification:_identify(src/dobot_end_effector) by extensions ['colcon_pkg']
[0.118s] Level 1:colcon.colcon_core.package_identification:_identify(src/dobot_end_effector) by extension 'colcon_pkg'
[0.118s] Level 1:colcon.colcon_core.package_identification:_identify(src/dobot_end_effector) by extensions ['colcon_meta']
[0.118s] Level 1:colcon.colcon_core.package_identification:_identify(src/dobot_end_effector) by extension 'colcon_meta'
[0.118s] Level 1:colcon.colcon_core.package_identification:_identify(src/dobot_end_effector) by extensions ['ros']
[0.118s] Level 1:colcon.colcon_core.package_identification:_identify(src/dobot_end_effector) by extension 'ros'
[0.119s] DEBUG:colcon.colcon_core.package_identification:Package 'src/dobot_end_effector' with type 'ros.ament_python' and name 'dobot_end_effector'
[0.119s] Level 1:colcon.colcon_core.package_identification:_identify(src/dobot_homing) by extensions ['ignore', 'ignore_ament_install']
[0.119s] Level 1:colcon.colcon_core.package_identification:_identify(src/dobot_homing) by extension 'ignore'
[0.119s] Level 1:colcon.colcon_core.package_identification:_identify(src/dobot_homing) by extension 'ignore_ament_install'
[0.119s] Level 1:colcon.colcon_core.package_identification:_identify(src/dobot_homing) by extensions ['colcon_pkg']
[0.119s] Level 1:colcon.colcon_core.package_identification:_identify(src/dobot_homing) by extension 'colcon_pkg'
[0.119s] Level 1:colcon.colcon_core.package_identification:_identify(src/dobot_homing) by extensions ['colcon_meta']
[0.119s] Level 1:colcon.colcon_core.package_identification:_identify(src/dobot_homing) by extension 'colcon_meta'
[0.119s] Level 1:colcon.colcon_core.package_identification:_identify(src/dobot_homing) by extensions ['ros']
[0.119s] Level 1:colcon.colcon_core.package_identification:_identify(src/dobot_homing) by extension 'ros'
[0.119s] DEBUG:colcon.colcon_core.package_identification:Package 'src/dobot_homing' with type 'ros.ament_python' and name 'dobot_homing'
[0.119s] Level 1:colcon.colcon_core.package_identification:_identify(src/dobot_kinematics) by extensions ['ignore', 'ignore_ament_install']
[0.120s] Level 1:colcon.colcon_core.package_identification:_identify(src/dobot_kinematics) by extension 'ignore'
[0.120s] Level 1:colcon.colcon_core.package_identification:_identify(src/dobot_kinematics) by extension 'ignore_ament_install'
[0.120s] Level 1:colcon.colcon_core.package_identification:_identify(src/dobot_kinematics) by extensions ['colcon_pkg']
[0.120s] Level 1:colcon.colcon_core.package_identification:_identify(src/dobot_kinematics) by extension 'colcon_pkg'
[0.120s] Level 1:colcon.colcon_core.package_identification:_identify(src/dobot_kinematics) by extensions ['colcon_meta']
[0.120s] Level 1:colcon.colcon_core.package_identification:_identify(src/dobot_kinematics) by extension 'colcon_meta'
[0.120s] Level 1:colcon.colcon_core.package_identification:_identify(src/dobot_kinematics) by extensions ['ros']
[0.120s] Level 1:colcon.colcon_core.package_identification:_identify(src/dobot_kinematics) by extension 'ros'
[0.120s] DEBUG:colcon.colcon_core.package_identification:Package 'src/dobot_kinematics' with type 'ros.ament_python' and name 'dobot_kinematics'
[0.120s] Level 1:colcon.colcon_core.package_identification:_identify(src/dobot_motion) by extensions ['ignore', 'ignore_ament_install']
[0.120s] Level 1:colcon.colcon_core.package_identification:_identify(src/dobot_motion) by extension 'ignore'
[0.120s] Level 1:colcon.colcon_core.package_identification:_identify(src/dobot_motion) by extension 'ignore_ament_install'
[0.120s] Level 1:colcon.colcon_core.package_identification:_identify(src/dobot_motion) by extensions ['colcon_pkg']
[0.120s] Level 1:colcon.colcon_core.package_identification:_identify(src/dobot_motion) by extension 'colcon_pkg'
[0.120s] Level 1:colcon.colcon_core.package_identification:_identify(src/dobot_motion) by extensions ['colcon_meta']
[0.120s] Level 1:colcon.colcon_core.package_identification:_identify(src/dobot_motion) by extension 'colcon_meta'
[0.120s] Level 1:colcon.colcon_core.package_identification:_identify(src/dobot_motion) by extensions ['ros']
[0.120s] Level 1:colcon.colcon_core.package_identification:_identify(src/dobot_motion) by extension 'ros'
[0.121s] DEBUG:colcon.colcon_core.package_identification:Package 'src/dobot_motion' with type 'ros.ament_python' and name 'dobot_motion'
[0.121s] Level 1:colcon.colcon_core.package_identification:_identify(src/dobot_msgs) by extensions ['ignore', 'ignore_ament_install']
[0.121s] Level 1:colcon.colcon_core.package_identification:_identify(src/dobot_msgs) by extension 'ignore'
[0.121s] Level 1:colcon.colcon_core.package_identification:_identify(src/dobot_msgs) by extension 'ignore_ament_install'
[0.121s] Level 1:colcon.colcon_core.package_identification:_identify(src/dobot_msgs) by extensions ['colcon_pkg']
[0.121s] Level 1:colcon.colcon_core.package_identification:_identify(src/dobot_msgs) by extension 'colcon_pkg'
[0.121s] Level 1:colcon.colcon_core.package_identification:_identify(src/dobot_msgs) by extensions ['colcon_meta']
[0.121s] Level 1:colcon.colcon_core.package_identification:_identify(src/dobot_msgs) by extension 'colcon_meta'
[0.121s] Level 1:colcon.colcon_core.package_identification:_identify(src/dobot_msgs) by extensions ['ros']
[0.121s] Level 1:colcon.colcon_core.package_identification:_identify(src/dobot_msgs) by extension 'ros'
[0.122s] DEBUG:colcon.colcon_core.package_identification:Package 'src/dobot_msgs' with type 'ros.ament_cmake' and name 'dobot_msgs'
[0.122s] Level 1:colcon.colcon_core.package_identification:_identify(src/dobot_state_updater) by extensions ['ignore', 'ignore_ament_install']
[0.122s] Level 1:colcon.colcon_core.package_identification:_identify(src/dobot_state_updater) by extension 'ignore'
[0.122s] Level 1:colcon.colcon_core.package_identification:_identify(src/dobot_state_updater) by extension 'ignore_ament_install'
[0.122s] Level 1:colcon.colcon_core.package_identification:_identify(src/dobot_state_updater) by extensions ['colcon_pkg']
[0.122s] Level 1:colcon.colcon_core.package_identification:_identify(src/dobot_state_updater) by extension 'colcon_pkg'
[0.122s] Level 1:colcon.colcon_core.package_identification:_identify(src/dobot_state_updater) by extensions ['colcon_meta']
[0.122s] Level 1:colcon.colcon_core.package_identification:_identify(src/dobot_state_updater) by extension 'colcon_meta'
[0.122s] Level 1:colcon.colcon_core.package_identification:_identify(src/dobot_state_updater) by extensions ['ros']
[0.122s] Level 1:colcon.colcon_core.package_identification:_identify(src/dobot_state_updater) by extension 'ros'
[0.122s] DEBUG:colcon.colcon_core.package_identification:Package 'src/dobot_state_updater' with type 'ros.ament_python' and name 'dobot_state_updater'
[0.122s] Level 1:colcon.colcon_core.package_identification:_identify(src/dobot_visualization_tools) by extensions ['ignore', 'ignore_ament_install']
[0.122s] Level 1:colcon.colcon_core.package_identification:_identify(src/dobot_visualization_tools) by extension 'ignore'
[0.122s] Level 1:colcon.colcon_core.package_identification:_identify(src/dobot_visualization_tools) by extension 'ignore_ament_install'
[0.122s] Level 1:colcon.colcon_core.package_identification:_identify(src/dobot_visualization_tools) by extensions ['colcon_pkg']
[0.122s] Level 1:colcon.colcon_core.package_identification:_identify(src/dobot_visualization_tools) by extension 'colcon_pkg'
[0.122s] Level 1:colcon.colcon_core.package_identification:_identify(src/dobot_visualization_tools) by extensions ['colcon_meta']
[0.122s] Level 1:colcon.colcon_core.package_identification:_identify(src/dobot_visualization_tools) by extension 'colcon_meta'
[0.122s] Level 1:colcon.colcon_core.package_identification:_identify(src/dobot_visualization_tools) by extensions ['ros']
[0.122s] Level 1:colcon.colcon_core.package_identification:_identify(src/dobot_visualization_tools) by extension 'ros'
[0.123s] DEBUG:colcon.colcon_core.package_identification:Package 'src/dobot_visualization_tools' with type 'ros.ament_python' and name 'dobot_visualization_tools'
[0.123s] Level 1:colcon.colcon_core.package_identification:_identify(src/gyeong_pkg) by extensions ['ignore', 'ignore_ament_install']
[0.123s] Level 1:colcon.colcon_core.package_identification:_identify(src/gyeong_pkg) by extension 'ignore'
[0.123s] Level 1:colcon.colcon_core.package_identification:_identify(src/gyeong_pkg) by extension 'ignore_ament_install'
[0.123s] Level 1:colcon.colcon_core.package_identification:_identify(src/gyeong_pkg) by extensions ['colcon_pkg']
[0.123s] Level 1:colcon.colcon_core.package_identification:_identify(src/gyeong_pkg) by extension 'colcon_pkg'
[0.123s] Level 1:colcon.colcon_core.package_identification:_identify(src/gyeong_pkg) by extensions ['colcon_meta']
[0.123s] Level 1:colcon.colcon_core.package_identification:_identify(src/gyeong_pkg) by extension 'colcon_meta'
[0.123s] Level 1:colcon.colcon_core.package_identification:_identify(src/gyeong_pkg) by extensions ['ros']
[0.123s] Level 1:colcon.colcon_core.package_identification:_identify(src/gyeong_pkg) by extension 'ros'
[0.123s] DEBUG:colcon.colcon_core.package_identification:Package 'src/gyeong_pkg' with type 'ros.ament_python' and name 'gyeong_pkg'
[0.123s] Level 1:colcon.colcon_core.package_identification:_identify(src/interate_prac) by extensions ['ignore', 'ignore_ament_install']
[0.124s] Level 1:colcon.colcon_core.package_identification:_identify(src/interate_prac) by extension 'ignore'
[0.124s] Level 1:colcon.colcon_core.package_identification:_identify(src/interate_prac) by extension 'ignore_ament_install'
[0.124s] Level 1:colcon.colcon_core.package_identification:_identify(src/interate_prac) by extensions ['colcon_pkg']
[0.124s] Level 1:colcon.colcon_core.package_identification:_identify(src/interate_prac) by extension 'colcon_pkg'
[0.124s] Level 1:colcon.colcon_core.package_identification:_identify(src/interate_prac) by extensions ['colcon_meta']
[0.124s] Level 1:colcon.colcon_core.package_identification:_identify(src/interate_prac) by extension 'colcon_meta'
[0.124s] Level 1:colcon.colcon_core.package_identification:_identify(src/interate_prac) by extensions ['ros']
[0.124s] Level 1:colcon.colcon_core.package_identification:_identify(src/interate_prac) by extension 'ros'
[0.124s] DEBUG:colcon.colcon_core.package_identification:Package 'src/interate_prac' with type 'ros.ament_python' and name 'interate_prac'
[0.124s] Level 1:colcon.colcon_core.package_discovery:discover_packages(recursive) using defaults
[0.124s] Level 1:colcon.colcon_core.package_discovery:discover_packages(ignore) discover
[0.124s] Level 1:colcon.colcon_core.package_discovery:discover_packages(ignore) using defaults
[0.124s] Level 1:colcon.colcon_core.package_discovery:discover_packages(path) discover
[0.124s] Level 1:colcon.colcon_core.package_discovery:discover_packages(path) using defaults
[0.139s] Level 1:colcon.colcon_core.package_discovery:discover_packages(prefix_path) check parameters
[0.139s] Level 1:colcon.colcon_core.package_discovery:discover_packages(prefix_path) discover
[0.141s] DEBUG:colcon.colcon_installed_package_information.package_discovery:Found 15 installed packages in /home/ubuntu/magician_ros2_control_system_ws/install
[0.142s] DEBUG:colcon.colcon_installed_package_information.package_discovery:Found 310 installed packages in /opt/ros/humble
[0.142s] Level 1:colcon.colcon_core.package_discovery:discover_packages(prefix_path) using defaults
[0.166s] Level 5:colcon.colcon_core.verb:set package 'dobot_bringup' build argument 'cmake_args' from command line to 'None'
[0.166s] Level 5:colcon.colcon_core.verb:set package 'dobot_bringup' build argument 'cmake_target' from command line to 'None'
[0.166s] Level 5:colcon.colcon_core.verb:set package 'dobot_bringup' build argument 'cmake_target_skip_unavailable' from command line to 'False'
[0.167s] Level 5:colcon.colcon_core.verb:set package 'dobot_bringup' build argument 'cmake_clean_cache' from command line to 'False'
[0.167s] Level 5:colcon.colcon_core.verb:set package 'dobot_bringup' build argument 'cmake_clean_first' from command line to 'False'
[0.167s] Level 5:colcon.colcon_core.verb:set package 'dobot_bringup' build argument 'cmake_force_configure' from command line to 'False'
[0.167s] Level 5:colcon.colcon_core.verb:set package 'dobot_bringup' build argument 'ament_cmake_args' from command line to 'None'
[0.167s] Level 5:colcon.colcon_core.verb:set package 'dobot_bringup' build argument 'catkin_cmake_args' from command line to 'None'
[0.167s] Level 5:colcon.colcon_core.verb:set package 'dobot_bringup' build argument 'catkin_skip_building_tests' from command line to 'False'
[0.167s] DEBUG:colcon.colcon_core.verb:Building package 'dobot_bringup' with the following arguments: {'ament_cmake_args': None, 'build_base': '/home/ubuntu/magician_ros2_control_system_ws/build/dobot_bringup', 'catkin_cmake_args': None, 'catkin_skip_building_tests': False, 'cmake_args': None, 'cmake_clean_cache': False, 'cmake_clean_first': False, 'cmake_force_configure': False, 'cmake_target': None, 'cmake_target_skip_unavailable': False, 'install_base': '/home/ubuntu/magician_ros2_control_system_ws/install/dobot_bringup', 'merge_install': False, 'path': '/home/ubuntu/magician_ros2_control_system_ws/src/dobot_bringup', 'symlink_install': False, 'test_result_base': None}
[0.167s] Level 5:colcon.colcon_core.verb:set package 'dobot_control_panel' build argument 'cmake_args' from command line to 'None'
[0.167s] Level 5:colcon.colcon_core.verb:set package 'dobot_control_panel' build argument 'cmake_target' from command line to 'None'
[0.167s] Level 5:colcon.colcon_core.verb:set package 'dobot_control_panel' build argument 'cmake_target_skip_unavailable' from command line to 'False'
[0.167s] Level 5:colcon.colcon_core.verb:set package 'dobot_control_panel' build argument 'cmake_clean_cache' from command line to 'False'
[0.167s] Level 5:colcon.colcon_core.verb:set package 'dobot_control_panel' build argument 'cmake_clean_first' from command line to 'False'
[0.167s] Level 5:colcon.colcon_core.verb:set package 'dobot_control_panel' build argument 'cmake_force_configure' from command line to 'False'
[0.167s] Level 5:colcon.colcon_core.verb:set package 'dobot_control_panel' build argument 'ament_cmake_args' from command line to 'None'
[0.167s] Level 5:colcon.colcon_core.verb:set package 'dobot_control_panel' build argument 'catkin_cmake_args' from command line to 'None'
[0.167s] Level 5:colcon.colcon_core.verb:set package 'dobot_control_panel' build argument 'catkin_skip_building_tests' from command line to 'False'
[0.167s] DEBUG:colcon.colcon_core.verb:Building package 'dobot_control_panel' with the following arguments: {'ament_cmake_args': None, 'build_base': '/home/ubuntu/magician_ros2_control_system_ws/build/dobot_control_panel', 'catkin_cmake_args': None, 'catkin_skip_building_tests': False, 'cmake_args': None, 'cmake_clean_cache': False, 'cmake_clean_first': False, 'cmake_force_configure': False, 'cmake_target': None, 'cmake_target_skip_unavailable': False, 'install_base': '/home/ubuntu/magician_ros2_control_system_ws/install/dobot_control_panel', 'merge_install': False, 'path': '/home/ubuntu/magician_ros2_control_system_ws/src/dobot_control_panel', 'symlink_install': False, 'test_result_base': None}
[0.167s] Level 5:colcon.colcon_core.verb:set package 'dobot_description' build argument 'cmake_args' from command line to 'None'
[0.167s] Level 5:colcon.colcon_core.verb:set package 'dobot_description' build argument 'cmake_target' from command line to 'None'
[0.167s] Level 5:colcon.colcon_core.verb:set package 'dobot_description' build argument 'cmake_target_skip_unavailable' from command line to 'False'
[0.167s] Level 5:colcon.colcon_core.verb:set package 'dobot_description' build argument 'cmake_clean_cache' from command line to 'False'
[0.167s] Level 5:colcon.colcon_core.verb:set package 'dobot_description' build argument 'cmake_clean_first' from command line to 'False'
[0.167s] Level 5:colcon.colcon_core.verb:set package 'dobot_description' build argument 'cmake_force_configure' from command line to 'False'
[0.167s] Level 5:colcon.colcon_core.verb:set package 'dobot_description' build argument 'ament_cmake_args' from command line to 'None'
[0.167s] Level 5:colcon.colcon_core.verb:set package 'dobot_description' build argument 'catkin_cmake_args' from command line to 'None'
[0.167s] Level 5:colcon.colcon_core.verb:set package 'dobot_description' build argument 'catkin_skip_building_tests' from command line to 'False'
[0.167s] DEBUG:colcon.colcon_core.verb:Building package 'dobot_description' with the following arguments: {'ament_cmake_args': None, 'build_base': '/home/ubuntu/magician_ros2_control_system_ws/build/dobot_description', 'catkin_cmake_args': None, 'catkin_skip_building_tests': False, 'cmake_args': None, 'cmake_clean_cache': False, 'cmake_clean_first': False, 'cmake_force_configure': False, 'cmake_target': None, 'cmake_target_skip_unavailable': False, 'install_base': '/home/ubuntu/magician_ros2_control_system_ws/install/dobot_description', 'merge_install': False, 'path': '/home/ubuntu/magician_ros2_control_system_ws/src/dobot_description', 'symlink_install': False, 'test_result_base': None}
[0.167s] Level 5:colcon.colcon_core.verb:set package 'dobot_driver' build argument 'cmake_args' from command line to 'None'
[0.167s] Level 5:colcon.colcon_core.verb:set package 'dobot_driver' build argument 'cmake_target' from command line to 'None'
[0.168s] Level 5:colcon.colcon_core.verb:set package 'dobot_driver' build argument 'cmake_target_skip_unavailable' from command line to 'False'
[0.168s] Level 5:colcon.colcon_core.verb:set package 'dobot_driver' build argument 'cmake_clean_cache' from command line to 'False'
[0.168s] Level 5:colcon.colcon_core.verb:set package 'dobot_driver' build argument 'cmake_clean_first' from command line to 'False'
[0.168s] Level 5:colcon.colcon_core.verb:set package 'dobot_driver' build argument 'cmake_force_configure' from command line to 'False'
[0.168s] Level 5:colcon.colcon_core.verb:set package 'dobot_driver' build argument 'ament_cmake_args' from command line to 'None'
[0.168s] Level 5:colcon.colcon_core.verb:set package 'dobot_driver' build argument 'catkin_cmake_args' from command line to 'None'
[0.168s] Level 5:colcon.colcon_core.verb:set package 'dobot_driver' build argument 'catkin_skip_building_tests' from command line to 'False'
[0.168s] DEBUG:colcon.colcon_core.verb:Building package 'dobot_driver' with the following arguments: {'ament_cmake_args': None, 'build_base': '/home/ubuntu/magician_ros2_control_system_ws/build/dobot_driver', 'catkin_cmake_args': None, 'catkin_skip_building_tests': False, 'cmake_args': None, 'cmake_clean_cache': False, 'cmake_clean_first': False, 'cmake_force_configure': False, 'cmake_target': None, 'cmake_target_skip_unavailable': False, 'install_base': '/home/ubuntu/magician_ros2_control_system_ws/install/dobot_driver', 'merge_install': False, 'path': '/home/ubuntu/magician_ros2_control_system_ws/src/dobot_driver', 'symlink_install': False, 'test_result_base': None}
[0.168s] Level 5:colcon.colcon_core.verb:set package 'dobot_msgs' build argument 'cmake_args' from command line to 'None'
[0.168s] Level 5:colcon.colcon_core.verb:set package 'dobot_msgs' build argument 'cmake_target' from command line to 'None'
[0.168s] Level 5:colcon.colcon_core.verb:set package 'dobot_msgs' build argument 'cmake_target_skip_unavailable' from command line to 'False'
[0.168s] Level 5:colcon.colcon_core.verb:set package 'dobot_msgs' build argument 'cmake_clean_cache' from command line to 'False'
[0.168s] Level 5:colcon.colcon_core.verb:set package 'dobot_msgs' build argument 'cmake_clean_first' from command line to 'False'
[0.168s] Level 5:colcon.colcon_core.verb:set package 'dobot_msgs' build argument 'cmake_force_configure' from command line to 'False'
[0.168s] Level 5:colcon.colcon_core.verb:set package 'dobot_msgs' build argument 'ament_cmake_args' from command line to 'None'
[0.168s] Level 5:colcon.colcon_core.verb:set package 'dobot_msgs' build argument 'catkin_cmake_args' from command line to 'None'
[0.168s] Level 5:colcon.colcon_core.verb:set package 'dobot_msgs' build argument 'catkin_skip_building_tests' from command line to 'False'
[0.168s] DEBUG:colcon.colcon_core.verb:Building package 'dobot_msgs' with the following arguments: {'ament_cmake_args': None, 'build_base': '/home/ubuntu/magician_ros2_control_system_ws/build/dobot_msgs', 'catkin_cmake_args': None, 'catkin_skip_building_tests': False, 'cmake_args': None, 'cmake_clean_cache': False, 'cmake_clean_first': False, 'cmake_force_configure': False, 'cmake_target': None, 'cmake_target_skip_unavailable': False, 'install_base': '/home/ubuntu/magician_ros2_control_system_ws/install/dobot_msgs', 'merge_install': False, 'path': '/home/ubuntu/magician_ros2_control_system_ws/src/dobot_msgs', 'symlink_install': False, 'test_result_base': None}
[0.168s] Level 5:colcon.colcon_core.verb:set package 'dobot_visualization_tools' build argument 'cmake_args' from command line to 'None'
[0.168s] Level 5:colcon.colcon_core.verb:set package 'dobot_visualization_tools' build argument 'cmake_target' from command line to 'None'
[0.168s] Level 5:colcon.colcon_core.verb:set package 'dobot_visualization_tools' build argument 'cmake_target_skip_unavailable' from command line to 'False'
[0.168s] Level 5:colcon.colcon_core.verb:set package 'dobot_visualization_tools' build argument 'cmake_clean_cache' from command line to 'False'
[0.168s] Level 5:colcon.colcon_core.verb:set package 'dobot_visualization_tools' build argument 'cmake_clean_first' from command line to 'False'
[0.168s] Level 5:colcon.colcon_core.verb:set package 'dobot_visualization_tools' build argument 'cmake_force_configure' from command line to 'False'
[0.168s] Level 5:colcon.colcon_core.verb:set package 'dobot_visualization_tools' build argument 'ament_cmake_args' from command line to 'None'
[0.168s] Level 5:colcon.colcon_core.verb:set package 'dobot_visualization_tools' build argument 'catkin_cmake_args' from command line to 'None'
[0.168s] Level 5:colcon.colcon_core.verb:set package 'dobot_visualization_tools' build argument 'catkin_skip_building_tests' from command line to 'False'
[0.168s] DEBUG:colcon.colcon_core.verb:Building package 'dobot_visualization_tools' with the following arguments: {'ament_cmake_args': None, 'build_base': '/home/ubuntu/magician_ros2_control_system_ws/build/dobot_visualization_tools', 'catkin_cmake_args': None, 'catkin_skip_building_tests': False, 'cmake_args': None, 'cmake_clean_cache': False, 'cmake_clean_first': False, 'cmake_force_configure': False, 'cmake_target': None, 'cmake_target_skip_unavailable': False, 'install_base': '/home/ubuntu/magician_ros2_control_system_ws/install/dobot_visualization_tools', 'merge_install': False, 'path': '/home/ubuntu/magician_ros2_control_system_ws/src/dobot_visualization_tools', 'symlink_install': False, 'test_result_base': None}
[0.168s] Level 5:colcon.colcon_core.verb:set package 'gyeong_pkg' build argument 'cmake_args' from command line to 'None'
[0.168s] Level 5:colcon.colcon_core.verb:set package 'gyeong_pkg' build argument 'cmake_target' from command line to 'None'
[0.168s] Level 5:colcon.colcon_core.verb:set package 'gyeong_pkg' build argument 'cmake_target_skip_unavailable' from command line to 'False'
[0.168s] Level 5:colcon.colcon_core.verb:set package 'gyeong_pkg' build argument 'cmake_clean_cache' from command line to 'False'
[0.168s] Level 5:colcon.colcon_core.verb:set package 'gyeong_pkg' build argument 'cmake_clean_first' from command line to 'False'
[0.168s] Level 5:colcon.colcon_core.verb:set package 'gyeong_pkg' build argument 'cmake_force_configure' from command line to 'False'
[0.168s] Level 5:colcon.colcon_core.verb:set package 'gyeong_pkg' build argument 'ament_cmake_args' from command line to 'None'
[0.168s] Level 5:colcon.colcon_core.verb:set package 'gyeong_pkg' build argument 'catkin_cmake_args' from command line to 'None'
[0.169s] Level 5:colcon.colcon_core.verb:set package 'gyeong_pkg' build argument 'catkin_skip_building_tests' from command line to 'False'
[0.169s] DEBUG:colcon.colcon_core.verb:Building package 'gyeong_pkg' with the following arguments: {'ament_cmake_args': None, 'build_base': '/home/ubuntu/magician_ros2_control_system_ws/build/gyeong_pkg', 'catkin_cmake_args': None, 'catkin_skip_building_tests': False, 'cmake_args': None, 'cmake_clean_cache': False, 'cmake_clean_first': False, 'cmake_force_configure': False, 'cmake_target': None, 'cmake_target_skip_unavailable': False, 'install_base': '/home/ubuntu/magician_ros2_control_system_ws/install/gyeong_pkg', 'merge_install': False, 'path': '/home/ubuntu/magician_ros2_control_system_ws/src/gyeong_pkg', 'symlink_install': False, 'test_result_base': None}
[0.169s] Level 5:colcon.colcon_core.verb:set package 'interate_prac' build argument 'cmake_args' from command line to 'None'
[0.169s] Level 5:colcon.colcon_core.verb:set package 'interate_prac' build argument 'cmake_target' from command line to 'None'
[0.169s] Level 5:colcon.colcon_core.verb:set package 'interate_prac' build argument 'cmake_target_skip_unavailable' from command line to 'False'
[0.169s] Level 5:colcon.colcon_core.verb:set package 'interate_prac' build argument 'cmake_clean_cache' from command line to 'False'
[0.169s] Level 5:colcon.colcon_core.verb:set package 'interate_prac' build argument 'cmake_clean_first' from command line to 'False'
[0.169s] Level 5:colcon.colcon_core.verb:set package 'interate_prac' build argument 'cmake_force_configure' from command line to 'False'
[0.169s] Level 5:colcon.colcon_core.verb:set package 'interate_prac' build argument 'ament_cmake_args' from command line to 'None'
[0.169s] Level 5:colcon.colcon_core.verb:set package 'interate_prac' build argument 'catkin_cmake_args' from command line to 'None'
[0.169s] Level 5:colcon.colcon_core.verb:set package 'interate_prac' build argument 'catkin_skip_building_tests' from command line to 'False'
[0.169s] DEBUG:colcon.colcon_core.verb:Building package 'interate_prac' with the following arguments: {'ament_cmake_args': None, 'build_base': '/home/ubuntu/magician_ros2_control_system_ws/build/interate_prac', 'catkin_cmake_args': None, 'catkin_skip_building_tests': False, 'cmake_args': None, 'cmake_clean_cache': False, 'cmake_clean_first': False, 'cmake_force_configure': False, 'cmake_target': None, 'cmake_target_skip_unavailable': False, 'install_base': '/home/ubuntu/magician_ros2_control_system_ws/install/interate_prac', 'merge_install': False, 'path': '/home/ubuntu/magician_ros2_control_system_ws/src/interate_prac', 'symlink_install': False, 'test_result_base': None}
[0.169s] Level 5:colcon.colcon_core.verb:set package 'dobot_demos' build argument 'cmake_args' from command line to 'None'
[0.169s] Level 5:colcon.colcon_core.verb:set package 'dobot_demos' build argument 'cmake_target' from command line to 'None'
[0.169s] Level 5:colcon.colcon_core.verb:set package 'dobot_demos' build argument 'cmake_target_skip_unavailable' from command line to 'False'
[0.169s] Level 5:colcon.colcon_core.verb:set package 'dobot_demos' build argument 'cmake_clean_cache' from command line to 'False'
[0.169s] Level 5:colcon.colcon_core.verb:set package 'dobot_demos' build argument 'cmake_clean_first' from command line to 'False'
[0.169s] Level 5:colcon.colcon_core.verb:set package 'dobot_demos' build argument 'cmake_force_configure' from command line to 'False'
[0.169s] Level 5:colcon.colcon_core.verb:set package 'dobot_demos' build argument 'ament_cmake_args' from command line to 'None'
[0.169s] Level 5:colcon.colcon_core.verb:set package 'dobot_demos' build argument 'catkin_cmake_args' from command line to 'None'
[0.169s] Level 5:colcon.colcon_core.verb:set package 'dobot_demos' build argument 'catkin_skip_building_tests' from command line to 'False'
[0.169s] DEBUG:colcon.colcon_core.verb:Building package 'dobot_demos' with the following arguments: {'ament_cmake_args': None, 'build_base': '/home/ubuntu/magician_ros2_control_system_ws/build/dobot_demos', 'catkin_cmake_args': None, 'catkin_skip_building_tests': False, 'cmake_args': None, 'cmake_clean_cache': False, 'cmake_clean_first': False, 'cmake_force_configure': False, 'cmake_target': None, 'cmake_target_skip_unavailable': False, 'install_base': '/home/ubuntu/magician_ros2_control_system_ws/install/dobot_demos', 'merge_install': False, 'path': '/home/ubuntu/magician_ros2_control_system_ws/src/dobot_demos', 'symlink_install': False, 'test_result_base': None}
[0.169s] Level 5:colcon.colcon_core.verb:set package 'dobot_diagnostics' build argument 'cmake_args' from command line to 'None'
[0.169s] Level 5:colcon.colcon_core.verb:set package 'dobot_diagnostics' build argument 'cmake_target' from command line to 'None'
[0.169s] Level 5:colcon.colcon_core.verb:set package 'dobot_diagnostics' build argument 'cmake_target_skip_unavailable' from command line to 'False'
[0.169s] Level 5:colcon.colcon_core.verb:set package 'dobot_diagnostics' build argument 'cmake_clean_cache' from command line to 'False'
[0.169s] Level 5:colcon.colcon_core.verb:set package 'dobot_diagnostics' build argument 'cmake_clean_first' from command line to 'False'
[0.169s] Level 5:colcon.colcon_core.verb:set package 'dobot_diagnostics' build argument 'cmake_force_configure' from command line to 'False'
[0.169s] Level 5:colcon.colcon_core.verb:set package 'dobot_diagnostics' build argument 'ament_cmake_args' from command line to 'None'
[0.169s] Level 5:colcon.colcon_core.verb:set package 'dobot_diagnostics' build argument 'catkin_cmake_args' from command line to 'None'
[0.169s] Level 5:colcon.colcon_core.verb:set package 'dobot_diagnostics' build argument 'catkin_skip_building_tests' from command line to 'False'
[0.169s] DEBUG:colcon.colcon_core.verb:Building package 'dobot_diagnostics' with the following arguments: {'ament_cmake_args': None, 'build_base': '/home/ubuntu/magician_ros2_control_system_ws/build/dobot_diagnostics', 'catkin_cmake_args': None, 'catkin_skip_building_tests': False, 'cmake_args': None, 'cmake_clean_cache': False, 'cmake_clean_first': False, 'cmake_force_configure': False, 'cmake_target': None, 'cmake_target_skip_unavailable': False, 'install_base': '/home/ubuntu/magician_ros2_control_system_ws/install/dobot_diagnostics', 'merge_install': False, 'path': '/home/ubuntu/magician_ros2_control_system_ws/src/dobot_diagnostics', 'symlink_install': False, 'test_result_base': None}
[0.170s] Level 5:colcon.colcon_core.verb:set package 'dobot_end_effector' build argument 'cmake_args' from command line to 'None'
[0.170s] Level 5:colcon.colcon_core.verb:set package 'dobot_end_effector' build argument 'cmake_target' from command line to 'None'
[0.170s] Level 5:colcon.colcon_core.verb:set package 'dobot_end_effector' build argument 'cmake_target_skip_unavailable' from command line to 'False'
[0.170s] Level 5:colcon.colcon_core.verb:set package 'dobot_end_effector' build argument 'cmake_clean_cache' from command line to 'False'
[0.170s] Level 5:colcon.colcon_core.verb:set package 'dobot_end_effector' build argument 'cmake_clean_first' from command line to 'False'
[0.170s] Level 5:colcon.colcon_core.verb:set package 'dobot_end_effector' build argument 'cmake_force_configure' from command line to 'False'
[0.170s] Level 5:colcon.colcon_core.verb:set package 'dobot_end_effector' build argument 'ament_cmake_args' from command line to 'None'
[0.170s] Level 5:colcon.colcon_core.verb:set package 'dobot_end_effector' build argument 'catkin_cmake_args' from command line to 'None'
[0.170s] Level 5:colcon.colcon_core.verb:set package 'dobot_end_effector' build argument 'catkin_skip_building_tests' from command line to 'False'
[0.170s] DEBUG:colcon.colcon_core.verb:Building package 'dobot_end_effector' with the following arguments: {'ament_cmake_args': None, 'build_base': '/home/ubuntu/magician_ros2_control_system_ws/build/dobot_end_effector', 'catkin_cmake_args': None, 'catkin_skip_building_tests': False, 'cmake_args': None, 'cmake_clean_cache': False, 'cmake_clean_first': False, 'cmake_force_configure': False, 'cmake_target': None, 'cmake_target_skip_unavailable': False, 'install_base': '/home/ubuntu/magician_ros2_control_system_ws/install/dobot_end_effector', 'merge_install': False, 'path': '/home/ubuntu/magician_ros2_control_system_ws/src/dobot_end_effector', 'symlink_install': False, 'test_result_base': None}
[0.170s] Level 5:colcon.colcon_core.verb:set package 'dobot_homing' build argument 'cmake_args' from command line to 'None'
[0.170s] Level 5:colcon.colcon_core.verb:set package 'dobot_homing' build argument 'cmake_target' from command line to 'None'
[0.170s] Level 5:colcon.colcon_core.verb:set package 'dobot_homing' build argument 'cmake_target_skip_unavailable' from command line to 'False'
[0.170s] Level 5:colcon.colcon_core.verb:set package 'dobot_homing' build argument 'cmake_clean_cache' from command line to 'False'
[0.170s] Level 5:colcon.colcon_core.verb:set package 'dobot_homing' build argument 'cmake_clean_first' from command line to 'False'
[0.170s] Level 5:colcon.colcon_core.verb:set package 'dobot_homing' build argument 'cmake_force_configure' from command line to 'False'
[0.170s] Level 5:colcon.colcon_core.verb:set package 'dobot_homing' build argument 'ament_cmake_args' from command line to 'None'
[0.170s] Level 5:colcon.colcon_core.verb:set package 'dobot_homing' build argument 'catkin_cmake_args' from command line to 'None'
[0.170s] Level 5:colcon.colcon_core.verb:set package 'dobot_homing' build argument 'catkin_skip_building_tests' from command line to 'False'
[0.170s] DEBUG:colcon.colcon_core.verb:Building package 'dobot_homing' with the following arguments: {'ament_cmake_args': None, 'build_base': '/home/ubuntu/magician_ros2_control_system_ws/build/dobot_homing', 'catkin_cmake_args': None, 'catkin_skip_building_tests': False, 'cmake_args': None, 'cmake_clean_cache': False, 'cmake_clean_first': False, 'cmake_force_configure': False, 'cmake_target': None, 'cmake_target_skip_unavailable': False, 'install_base': '/home/ubuntu/magician_ros2_control_system_ws/install/dobot_homing', 'merge_install': False, 'path': '/home/ubuntu/magician_ros2_control_system_ws/src/dobot_homing', 'symlink_install': False, 'test_result_base': None}
[0.170s] Level 5:colcon.colcon_core.verb:set package 'dobot_kinematics' build argument 'cmake_args' from command line to 'None'
[0.170s] Level 5:colcon.colcon_core.verb:set package 'dobot_kinematics' build argument 'cmake_target' from command line to 'None'
[0.170s] Level 5:colcon.colcon_core.verb:set package 'dobot_kinematics' build argument 'cmake_target_skip_unavailable' from command line to 'False'
[0.170s] Level 5:colcon.colcon_core.verb:set package 'dobot_kinematics' build argument 'cmake_clean_cache' from command line to 'False'
[0.170s] Level 5:colcon.colcon_core.verb:set package 'dobot_kinematics' build argument 'cmake_clean_first' from command line to 'False'
[0.170s] Level 5:colcon.colcon_core.verb:set package 'dobot_kinematics' build argument 'cmake_force_configure' from command line to 'False'
[0.170s] Level 5:colcon.colcon_core.verb:set package 'dobot_kinematics' build argument 'ament_cmake_args' from command line to 'None'
[0.170s] Level 5:colcon.colcon_core.verb:set package 'dobot_kinematics' build argument 'catkin_cmake_args' from command line to 'None'
[0.170s] Level 5:colcon.colcon_core.verb:set package 'dobot_kinematics' build argument 'catkin_skip_building_tests' from command line to 'False'
[0.170s] DEBUG:colcon.colcon_core.verb:Building package 'dobot_kinematics' with the following arguments: {'ament_cmake_args': None, 'build_base': '/home/ubuntu/magician_ros2_control_system_ws/build/dobot_kinematics', 'catkin_cmake_args': None, 'catkin_skip_building_tests': False, 'cmake_args': None, 'cmake_clean_cache': False, 'cmake_clean_first': False, 'cmake_force_configure': False, 'cmake_target': None, 'cmake_target_skip_unavailable': False, 'install_base': '/home/ubuntu/magician_ros2_control_system_ws/install/dobot_kinematics', 'merge_install': False, 'path': '/home/ubuntu/magician_ros2_control_system_ws/src/dobot_kinematics', 'symlink_install': False, 'test_result_base': None}
[0.171s] Level 5:colcon.colcon_core.verb:set package 'dobot_motion' build argument 'cmake_args' from command line to 'None'
[0.171s] Level 5:colcon.colcon_core.verb:set package 'dobot_motion' build argument 'cmake_target' from command line to 'None'
[0.171s] Level 5:colcon.colcon_core.verb:set package 'dobot_motion' build argument 'cmake_target_skip_unavailable' from command line to 'False'
[0.171s] Level 5:colcon.colcon_core.verb:set package 'dobot_motion' build argument 'cmake_clean_cache' from command line to 'False'
[0.171s] Level 5:colcon.colcon_core.verb:set package 'dobot_motion' build argument 'cmake_clean_first' from command line to 'False'
[0.171s] Level 5:colcon.colcon_core.verb:set package 'dobot_motion' build argument 'cmake_force_configure' from command line to 'False'
[0.171s] Level 5:colcon.colcon_core.verb:set package 'dobot_motion' build argument 'ament_cmake_args' from command line to 'None'
[0.171s] Level 5:colcon.colcon_core.verb:set package 'dobot_motion' build argument 'catkin_cmake_args' from command line to 'None'
[0.171s] Level 5:colcon.colcon_core.verb:set package 'dobot_motion' build argument 'catkin_skip_building_tests' from command line to 'False'
[0.171s] DEBUG:colcon.colcon_core.verb:Building package 'dobot_motion' with the following arguments: {'ament_cmake_args': None, 'build_base': '/home/ubuntu/magician_ros2_control_system_ws/build/dobot_motion', 'catkin_cmake_args': None, 'catkin_skip_building_tests': False, 'cmake_args': None, 'cmake_clean_cache': False, 'cmake_clean_first': False, 'cmake_force_configure': False, 'cmake_target': None, 'cmake_target_skip_unavailable': False, 'install_base': '/home/ubuntu/magician_ros2_control_system_ws/install/dobot_motion', 'merge_install': False, 'path': '/home/ubuntu/magician_ros2_control_system_ws/src/dobot_motion', 'symlink_install': False, 'test_result_base': None}
[0.171s] Level 5:colcon.colcon_core.verb:set package 'dobot_state_updater' build argument 'cmake_args' from command line to 'None'
[0.171s] Level 5:colcon.colcon_core.verb:set package 'dobot_state_updater' build argument 'cmake_target' from command line to 'None'
[0.171s] Level 5:colcon.colcon_core.verb:set package 'dobot_state_updater' build argument 'cmake_target_skip_unavailable' from command line to 'False'
[0.171s] Level 5:colcon.colcon_core.verb:set package 'dobot_state_updater' build argument 'cmake_clean_cache' from command line to 'False'
[0.171s] Level 5:colcon.colcon_core.verb:set package 'dobot_state_updater' build argument 'cmake_clean_first' from command line to 'False'
[0.171s] Level 5:colcon.colcon_core.verb:set package 'dobot_state_updater' build argument 'cmake_force_configure' from command line to 'False'
[0.171s] Level 5:colcon.colcon_core.verb:set package 'dobot_state_updater' build argument 'ament_cmake_args' from command line to 'None'
[0.171s] Level 5:colcon.colcon_core.verb:set package 'dobot_state_updater' build argument 'catkin_cmake_args' from command line to 'None'
[0.171s] Level 5:colcon.colcon_core.verb:set package 'dobot_state_updater' build argument 'catkin_skip_building_tests' from command line to 'False'
[0.171s] DEBUG:colcon.colcon_core.verb:Building package 'dobot_state_updater' with the following arguments: {'ament_cmake_args': None, 'build_base': '/home/ubuntu/magician_ros2_control_system_ws/build/dobot_state_updater', 'catkin_cmake_args': None, 'catkin_skip_building_tests': False, 'cmake_args': None, 'cmake_clean_cache': False, 'cmake_clean_first': False, 'cmake_force_configure': False, 'cmake_target': None, 'cmake_target_skip_unavailable': False, 'install_base': '/home/ubuntu/magician_ros2_control_system_ws/install/dobot_state_updater', 'merge_install': False, 'path': '/home/ubuntu/magician_ros2_control_system_ws/src/dobot_state_updater', 'symlink_install': False, 'test_result_base': None}
[0.171s] INFO:colcon.colcon_core.executor:Executing jobs using 'parallel' executor
[0.172s] DEBUG:colcon.colcon_parallel_executor.executor.parallel:run_until_complete
[0.172s] INFO:colcon.colcon_ros.task.ament_cmake.build:Building ROS package in '/home/ubuntu/magician_ros2_control_system_ws/src/dobot_msgs' with build type 'ament_cmake'
[0.172s] INFO:colcon.colcon_cmake.task.cmake.build:Building CMake package in '/home/ubuntu/magician_ros2_control_system_ws/src/dobot_msgs'
[0.174s] INFO:colcon.colcon_core.plugin_system:Skipping extension 'colcon_core.shell.bat': Not used on non-Windows systems
[0.174s] INFO:colcon.colcon_core.shell:Skip shell extension 'powershell' for command environment: Not usable outside of PowerShell
[0.174s] DEBUG:colcon.colcon_core.shell:Skip shell extension 'dsv' for command environment
[0.177s] INFO:colcon.colcon_ros.task.ament_python.build:Building ROS package in '/home/ubuntu/magician_ros2_control_system_ws/src/dobot_bringup' with build type 'ament_python'
[0.177s] Level 1:colcon.colcon_core.shell:create_environment_hook('dobot_bringup', 'ament_prefix_path')
[0.177s] INFO:colcon.colcon_core.shell:Creating environment hook '/home/ubuntu/magician_ros2_control_system_ws/install/dobot_bringup/share/dobot_bringup/hook/ament_prefix_path.ps1'
[0.177s] INFO:colcon.colcon_core.shell:Creating environment descriptor '/home/ubuntu/magician_ros2_control_system_ws/install/dobot_bringup/share/dobot_bringup/hook/ament_prefix_path.dsv'
[0.177s] INFO:colcon.colcon_core.shell:Creating environment hook '/home/ubuntu/magician_ros2_control_system_ws/install/dobot_bringup/share/dobot_bringup/hook/ament_prefix_path.sh'
[0.178s] INFO:colcon.colcon_core.shell:Skip shell extension 'powershell' for command environment: Not usable outside of PowerShell
[0.178s] DEBUG:colcon.colcon_core.shell:Skip shell extension 'dsv' for command environment
[0.180s] INFO:colcon.colcon_ros.task.ament_python.build:Building ROS package in '/home/ubuntu/magician_ros2_control_system_ws/src/dobot_control_panel' with build type 'ament_python'
[0.180s] Level 1:colcon.colcon_core.shell:create_environment_hook('dobot_control_panel', 'ament_prefix_path')
[0.180s] INFO:colcon.colcon_core.shell:Creating environment hook '/home/ubuntu/magician_ros2_control_system_ws/install/dobot_control_panel/share/dobot_control_panel/hook/ament_prefix_path.ps1'
[0.181s] INFO:colcon.colcon_core.shell:Creating environment descriptor '/home/ubuntu/magician_ros2_control_system_ws/install/dobot_control_panel/share/dobot_control_panel/hook/ament_prefix_path.dsv'
[0.181s] INFO:colcon.colcon_core.shell:Creating environment hook '/home/ubuntu/magician_ros2_control_system_ws/install/dobot_control_panel/share/dobot_control_panel/hook/ament_prefix_path.sh'
[0.181s] INFO:colcon.colcon_core.shell:Skip shell extension 'powershell' for command environment: Not usable outside of PowerShell
[0.181s] DEBUG:colcon.colcon_core.shell:Skip shell extension 'dsv' for command environment
[0.183s] INFO:colcon.colcon_ros.task.ament_cmake.build:Building ROS package in '/home/ubuntu/magician_ros2_control_system_ws/src/dobot_description' with build type 'ament_cmake'
[0.183s] INFO:colcon.colcon_cmake.task.cmake.build:Building CMake package in '/home/ubuntu/magician_ros2_control_system_ws/src/dobot_description'
[0.184s] INFO:colcon.colcon_core.shell:Skip shell extension 'powershell' for command environment: Not usable outside of PowerShell
[0.184s] DEBUG:colcon.colcon_core.shell:Skip shell extension 'dsv' for command environment
[0.186s] INFO:colcon.colcon_ros.task.ament_cmake.build:Building ROS package in '/home/ubuntu/magician_ros2_control_system_ws/src/dobot_driver' with build type 'ament_cmake'
[0.186s] INFO:colcon.colcon_cmake.task.cmake.build:Building CMake package in '/home/ubuntu/magician_ros2_control_system_ws/src/dobot_driver'
[0.186s] INFO:colcon.colcon_core.shell:Skip shell extension 'powershell' for command environment: Not usable outside of PowerShell
[0.186s] DEBUG:colcon.colcon_core.shell:Skip shell extension 'dsv' for command environment
[0.188s] INFO:colcon.colcon_ros.task.ament_python.build:Building ROS package in '/home/ubuntu/magician_ros2_control_system_ws/src/dobot_visualization_tools' with build type 'ament_python'
[0.188s] Level 1:colcon.colcon_core.shell:create_environment_hook('dobot_visualization_tools', 'ament_prefix_path')
[0.188s] INFO:colcon.colcon_core.shell:Creating environment hook '/home/ubuntu/magician_ros2_control_system_ws/install/dobot_visualization_tools/share/dobot_visualization_tools/hook/ament_prefix_path.ps1'
[0.189s] INFO:colcon.colcon_core.shell:Creating environment descriptor '/home/ubuntu/magician_ros2_control_system_ws/install/dobot_visualization_tools/share/dobot_visualization_tools/hook/ament_prefix_path.dsv'
[0.189s] INFO:colcon.colcon_core.shell:Creating environment hook '/home/ubuntu/magician_ros2_control_system_ws/install/dobot_visualization_tools/share/dobot_visualization_tools/hook/ament_prefix_path.sh'
[0.189s] INFO:colcon.colcon_core.shell:Skip shell extension 'powershell' for command environment: Not usable outside of PowerShell
[0.189s] DEBUG:colcon.colcon_core.shell:Skip shell extension 'dsv' for command environment
[0.191s] INFO:colcon.colcon_ros.task.ament_python.build:Building ROS package in '/home/ubuntu/magician_ros2_control_system_ws/src/gyeong_pkg' with build type 'ament_python'
[0.191s] Level 1:colcon.colcon_core.shell:create_environment_hook('gyeong_pkg', 'ament_prefix_path')
[0.192s] INFO:colcon.colcon_core.shell:Creating environment hook '/home/ubuntu/magician_ros2_control_system_ws/install/gyeong_pkg/share/gyeong_pkg/hook/ament_prefix_path.ps1'
[0.192s] INFO:colcon.colcon_core.shell:Creating environment descriptor '/home/ubuntu/magician_ros2_control_system_ws/install/gyeong_pkg/share/gyeong_pkg/hook/ament_prefix_path.dsv'
[0.192s] INFO:colcon.colcon_core.shell:Creating environment hook '/home/ubuntu/magician_ros2_control_system_ws/install/gyeong_pkg/share/gyeong_pkg/hook/ament_prefix_path.sh'
[0.193s] INFO:colcon.colcon_core.shell:Skip shell extension 'powershell' for command environment: Not usable outside of PowerShell
[0.193s] DEBUG:colcon.colcon_core.shell:Skip shell extension 'dsv' for command environment
[0.195s] INFO:colcon.colcon_ros.task.ament_python.build:Building ROS package in '/home/ubuntu/magician_ros2_control_system_ws/src/interate_prac' with build type 'ament_python'
[0.195s] Level 1:colcon.colcon_core.shell:create_environment_hook('interate_prac', 'ament_prefix_path')
[0.195s] INFO:colcon.colcon_core.shell:Creating environment hook '/home/ubuntu/magician_ros2_control_system_ws/install/interate_prac/share/interate_prac/hook/ament_prefix_path.ps1'
[0.195s] INFO:colcon.colcon_core.shell:Creating environment descriptor '/home/ubuntu/magician_ros2_control_system_ws/install/interate_prac/share/interate_prac/hook/ament_prefix_path.dsv'
[0.196s] INFO:colcon.colcon_core.shell:Creating environment hook '/home/ubuntu/magician_ros2_control_system_ws/install/interate_prac/share/interate_prac/hook/ament_prefix_path.sh'
[0.196s] INFO:colcon.colcon_core.shell:Skip shell extension 'powershell' for command environment: Not usable outside of PowerShell
[0.196s] DEBUG:colcon.colcon_core.shell:Skip shell extension 'dsv' for command environment
[0.202s] DEBUG:colcon.colcon_core.event_handler.log_command:Invoking command in '/home/ubuntu/magician_ros2_control_system_ws/build/dobot_msgs': CMAKE_PREFIX_PATH=${CMAKE_PREFIX_PATH}:/home/ubuntu/magician_ros2_control_system_ws/install/interate_prac:/home/ubuntu/magician_ros2_control_system_ws/install/gyeong_pkg:/home/ubuntu/magician_ros2_control_system_ws/install/dobot_visualization_tools:/home/ubuntu/magician_ros2_control_system_ws/install/dobot_state_updater:/home/ubuntu/magician_ros2_control_system_ws/install/dobot_motion:/home/ubuntu/magician_ros2_control_system_ws/install/dobot_kinematics:/home/ubuntu/magician_ros2_control_system_ws/install/dobot_homing:/home/ubuntu/magician_ros2_control_system_ws/install/dobot_end_effector:/home/ubuntu/magician_ros2_control_system_ws/install/dobot_diagnostics:/home/ubuntu/magician_ros2_control_system_ws/install/dobot_demos:/home/ubuntu/magician_ros2_control_system_ws/install/dobot_control_panel:/home/ubuntu/magician_ros2_control_system_ws/install/dobot_bringup:/opt/ros/humble /usr/bin/cmake --build /home/ubuntu/magician_ros2_control_system_ws/build/dobot_msgs -- -j20 -l20
[0.363s] INFO:colcon.colcon_core.task.python.build:Building Python package in '/home/ubuntu/magician_ros2_control_system_ws/src/dobot_bringup'
[0.364s] INFO:colcon.colcon_core.shell:Skip shell extension 'powershell' for command environment: Not usable outside of PowerShell
[0.364s] DEBUG:colcon.colcon_core.shell:Skip shell extension 'dsv' for command environment
[0.520s] INFO:colcon.colcon_core.task.python.build:Building Python package in '/home/ubuntu/magician_ros2_control_system_ws/src/dobot_control_panel'
[0.520s] INFO:colcon.colcon_core.shell:Skip shell extension 'powershell' for command environment: Not usable outside of PowerShell
[0.520s] DEBUG:colcon.colcon_core.shell:Skip shell extension 'dsv' for command environment
[0.525s] DEBUG:colcon.colcon_core.event_handler.log_command:Invoking command in '/home/ubuntu/magician_ros2_control_system_ws/build/dobot_description': CMAKE_PREFIX_PATH=${CMAKE_PREFIX_PATH}:/home/ubuntu/magician_ros2_control_system_ws/install/interate_prac:/home/ubuntu/magician_ros2_control_system_ws/install/gyeong_pkg:/home/ubuntu/magician_ros2_control_system_ws/install/dobot_visualization_tools:/home/ubuntu/magician_ros2_control_system_ws/install/dobot_state_updater:/home/ubuntu/magician_ros2_control_system_ws/install/dobot_motion:/home/ubuntu/magician_ros2_control_system_ws/install/dobot_kinematics:/home/ubuntu/magician_ros2_control_system_ws/install/dobot_homing:/home/ubuntu/magician_ros2_control_system_ws/install/dobot_end_effector:/home/ubuntu/magician_ros2_control_system_ws/install/dobot_diagnostics:/home/ubuntu/magician_ros2_control_system_ws/install/dobot_demos:/home/ubuntu/magician_ros2_control_system_ws/install/dobot_control_panel:/home/ubuntu/magician_ros2_control_system_ws/install/dobot_bringup:/opt/ros/humble /usr/bin/cmake --build /home/ubuntu/magician_ros2_control_system_ws/build/dobot_description -- -j20 -l20
[0.528s] DEBUG:colcon.colcon_core.event_handler.log_command:Invoking command in '/home/ubuntu/magician_ros2_control_system_ws/build/dobot_driver': CMAKE_PREFIX_PATH=${CMAKE_PREFIX_PATH}:/home/ubuntu/magician_ros2_control_system_ws/install/interate_prac:/home/ubuntu/magician_ros2_control_system_ws/install/gyeong_pkg:/home/ubuntu/magician_ros2_control_system_ws/install/dobot_visualization_tools:/home/ubuntu/magician_ros2_control_system_ws/install/dobot_state_updater:/home/ubuntu/magician_ros2_control_system_ws/install/dobot_motion:/home/ubuntu/magician_ros2_control_system_ws/install/dobot_kinematics:/home/ubuntu/magician_ros2_control_system_ws/install/dobot_homing:/home/ubuntu/magician_ros2_control_system_ws/install/dobot_end_effector:/home/ubuntu/magician_ros2_control_system_ws/install/dobot_diagnostics:/home/ubuntu/magician_ros2_control_system_ws/install/dobot_demos:/home/ubuntu/magician_ros2_control_system_ws/install/dobot_control_panel:/home/ubuntu/magician_ros2_control_system_ws/install/dobot_bringup:/opt/ros/humble /usr/bin/cmake --build /home/ubuntu/magician_ros2_control_system_ws/build/dobot_driver -- -j20 -l20
[0.695s] INFO:colcon.colcon_core.task.python.build:Building Python package in '/home/ubuntu/magician_ros2_control_system_ws/src/dobot_visualization_tools'
[0.695s] INFO:colcon.colcon_core.shell:Skip shell extension 'powershell' for command environment: Not usable outside of PowerShell
[0.695s] DEBUG:colcon.colcon_core.shell:Skip shell extension 'dsv' for command environment
[0.849s] INFO:colcon.colcon_core.task.python.build:Building Python package in '/home/ubuntu/magician_ros2_control_system_ws/src/gyeong_pkg'
[0.849s] INFO:colcon.colcon_core.shell:Skip shell extension 'powershell' for command environment: Not usable outside of PowerShell
[0.849s] DEBUG:colcon.colcon_core.shell:Skip shell extension 'dsv' for command environment
[1.015s] INFO:colcon.colcon_core.task.python.build:Building Python package in '/home/ubuntu/magician_ros2_control_system_ws/src/interate_prac'
[1.015s] INFO:colcon.colcon_core.shell:Skip shell extension 'powershell' for command environment: Not usable outside of PowerShell
[1.015s] DEBUG:colcon.colcon_core.shell:Skip shell extension 'dsv' for command environment
[1.022s] DEBUG:colcon.colcon_core.event_handler.log_command:Invoked command in '/home/ubuntu/magician_ros2_control_system_ws/build/dobot_msgs' returned '2': CMAKE_PREFIX_PATH=${CMAKE_PREFIX_PATH}:/home/ubuntu/magician_ros2_control_system_ws/install/interate_prac:/home/ubuntu/magician_ros2_control_system_ws/install/gyeong_pkg:/home/ubuntu/magician_ros2_control_system_ws/install/dobot_visualization_tools:/home/ubuntu/magician_ros2_control_system_ws/install/dobot_state_updater:/home/ubuntu/magician_ros2_control_system_ws/install/dobot_motion:/home/ubuntu/magician_ros2_control_system_ws/install/dobot_kinematics:/home/ubuntu/magician_ros2_control_system_ws/install/dobot_homing:/home/ubuntu/magician_ros2_control_system_ws/install/dobot_end_effector:/home/ubuntu/magician_ros2_control_system_ws/install/dobot_diagnostics:/home/ubuntu/magician_ros2_control_system_ws/install/dobot_demos:/home/ubuntu/magician_ros2_control_system_ws/install/dobot_control_panel:/home/ubuntu/magician_ros2_control_system_ws/install/dobot_bringup:/opt/ros/humble /usr/bin/cmake --build /home/ubuntu/magician_ros2_control_system_ws/build/dobot_msgs -- -j20 -l20
[1.022s] DEBUG:colcon.colcon_core.event_handler.log_command:Invoked command in '/home/ubuntu/magician_ros2_control_system_ws/build/dobot_description' returned '0': CMAKE_PREFIX_PATH=${CMAKE_PREFIX_PATH}:/home/ubuntu/magician_ros2_control_system_ws/install/interate_prac:/home/ubuntu/magician_ros2_control_system_ws/install/gyeong_pkg:/home/ubuntu/magician_ros2_control_system_ws/install/dobot_visualization_tools:/home/ubuntu/magician_ros2_control_system_ws/install/dobot_state_updater:/home/ubuntu/magician_ros2_control_system_ws/install/dobot_motion:/home/ubuntu/magician_ros2_control_system_ws/install/dobot_kinematics:/home/ubuntu/magician_ros2_control_system_ws/install/dobot_homing:/home/ubuntu/magician_ros2_control_system_ws/install/dobot_end_effector:/home/ubuntu/magician_ros2_control_system_ws/install/dobot_diagnostics:/home/ubuntu/magician_ros2_control_system_ws/install/dobot_demos:/home/ubuntu/magician_ros2_control_system_ws/install/dobot_control_panel:/home/ubuntu/magician_ros2_control_system_ws/install/dobot_bringup:/opt/ros/humble /usr/bin/cmake --build /home/ubuntu/magician_ros2_control_system_ws/build/dobot_description -- -j20 -l20
[1.023s] DEBUG:colcon.colcon_core.event_handler.log_command:Invoked command in '/home/ubuntu/magician_ros2_control_system_ws/build/dobot_driver' returned '2': CMAKE_PREFIX_PATH=${CMAKE_PREFIX_PATH}:/home/ubuntu/magician_ros2_control_system_ws/install/interate_prac:/home/ubuntu/magician_ros2_control_system_ws/install/gyeong_pkg:/home/ubuntu/magician_ros2_control_system_ws/install/dobot_visualization_tools:/home/ubuntu/magician_ros2_control_system_ws/install/dobot_state_updater:/home/ubuntu/magician_ros2_control_system_ws/install/dobot_motion:/home/ubuntu/magician_ros2_control_system_ws/install/dobot_kinematics:/home/ubuntu/magician_ros2_control_system_ws/install/dobot_homing:/home/ubuntu/magician_ros2_control_system_ws/install/dobot_end_effector:/home/ubuntu/magician_ros2_control_system_ws/install/dobot_diagnostics:/home/ubuntu/magician_ros2_control_system_ws/install/dobot_demos:/home/ubuntu/magician_ros2_control_system_ws/install/dobot_control_panel:/home/ubuntu/magician_ros2_control_system_ws/install/dobot_bringup:/opt/ros/humble /usr/bin/cmake --build /home/ubuntu/magician_ros2_control_system_ws/build/dobot_driver -- -j20 -l20
[1.048s] DEBUG:colcon.colcon_core.event_handler.log_command:Invoking command in '/home/ubuntu/magician_ros2_control_system_ws/build/dobot_description': CMAKE_PREFIX_PATH=${CMAKE_PREFIX_PATH}:/home/ubuntu/magician_ros2_control_system_ws/install/interate_prac:/home/ubuntu/magician_ros2_control_system_ws/install/gyeong_pkg:/home/ubuntu/magician_ros2_control_system_ws/install/dobot_visualization_tools:/home/ubuntu/magician_ros2_control_system_ws/install/dobot_state_updater:/home/ubuntu/magician_ros2_control_system_ws/install/dobot_motion:/home/ubuntu/magician_ros2_control_system_ws/install/dobot_kinematics:/home/ubuntu/magician_ros2_control_system_ws/install/dobot_homing:/home/ubuntu/magician_ros2_control_system_ws/install/dobot_end_effector:/home/ubuntu/magician_ros2_control_system_ws/install/dobot_diagnostics:/home/ubuntu/magician_ros2_control_system_ws/install/dobot_demos:/home/ubuntu/magician_ros2_control_system_ws/install/dobot_control_panel:/home/ubuntu/magician_ros2_control_system_ws/install/dobot_bringup:/opt/ros/humble /usr/bin/cmake --install /home/ubuntu/magician_ros2_control_system_ws/build/dobot_description
[1.049s] Level 1:colcon.colcon_core.environment:create_environment_scripts_only(dobot_driver)
[1.062s] Level 1:colcon.colcon_core.environment:checking '/home/ubuntu/magician_ros2_control_system_ws/install/dobot_driver' for CMake module files
[1.064s] Level 1:colcon.colcon_core.environment:checking '/home/ubuntu/magician_ros2_control_system_ws/install/dobot_driver' for CMake config files
[1.067s] Level 1:colcon.colcon_core.shell:create_environment_hook('dobot_driver', 'cmake_prefix_path')
[1.067s] INFO:colcon.colcon_core.shell:Creating environment hook '/home/ubuntu/magician_ros2_control_system_ws/install/dobot_driver/share/dobot_driver/hook/cmake_prefix_path.ps1'
[1.068s] INFO:colcon.colcon_core.shell:Creating environment descriptor '/home/ubuntu/magician_ros2_control_system_ws/install/dobot_driver/share/dobot_driver/hook/cmake_prefix_path.dsv'
[1.070s] INFO:colcon.colcon_core.shell:Creating environment hook '/home/ubuntu/magician_ros2_control_system_ws/install/dobot_driver/share/dobot_driver/hook/cmake_prefix_path.sh'
[1.071s] Level 1:colcon.colcon_core.environment:checking '/home/ubuntu/magician_ros2_control_system_ws/install/dobot_driver/bin'
[1.071s] Level 1:colcon.colcon_core.environment:checking '/home/ubuntu/magician_ros2_control_system_ws/install/dobot_driver/lib/pkgconfig/dobot_driver.pc'
[1.072s] Level 1:colcon.colcon_core.environment:checking '/home/ubuntu/magician_ros2_control_system_ws/install/dobot_driver/lib/python3.10/site-packages'
[1.072s] Level 1:colcon.colcon_core.environment:checking '/home/ubuntu/magician_ros2_control_system_ws/install/dobot_driver/bin'
[1.072s] INFO:colcon.colcon_core.shell:Creating package script '/home/ubuntu/magician_ros2_control_system_ws/install/dobot_driver/share/dobot_driver/package.ps1'
[1.073s] INFO:colcon.colcon_core.shell:Creating package descriptor '/home/ubuntu/magician_ros2_control_system_ws/install/dobot_driver/share/dobot_driver/package.dsv'
[1.074s] INFO:colcon.colcon_core.shell:Creating package script '/home/ubuntu/magician_ros2_control_system_ws/install/dobot_driver/share/dobot_driver/package.sh'
[1.075s] INFO:colcon.colcon_core.shell:Creating package script '/home/ubuntu/magician_ros2_control_system_ws/install/dobot_driver/share/dobot_driver/package.bash'
[1.076s] INFO:colcon.colcon_core.shell:Creating package script '/home/ubuntu/magician_ros2_control_system_ws/install/dobot_driver/share/dobot_driver/package.zsh'
[1.077s] Level 1:colcon.colcon_core.environment:create_file_with_runtime_dependencies(/home/ubuntu/magician_ros2_control_system_ws/install/dobot_driver/share/colcon-core/packages/dobot_driver)
[1.429s] DEBUG:colcon.colcon_parallel_executor.executor.parallel:closing loop
[1.429s] DEBUG:colcon.colcon_parallel_executor.executor.parallel:loop closed
[1.429s] DEBUG:colcon.colcon_parallel_executor.executor.parallel:run_until_complete finished with '2'
[1.429s] DEBUG:colcon.colcon_core.event_reactor:joining thread
[1.435s] INFO:colcon.colcon_core.plugin_system:Skipping extension 'colcon_notification.desktop_notification.terminal_notifier': Not used on non-Darwin systems
[1.435s] INFO:colcon.colcon_core.plugin_system:Skipping extension 'colcon_notification.desktop_notification.win32': Not used on non-Windows systems
[1.435s] INFO:colcon.colcon_notification.desktop_notification:Sending desktop notification using 'notify2'
[1.453s] DEBUG:colcon.colcon_core.event_reactor:joined thread
[1.454s] INFO:colcon.colcon_core.shell:Creating prefix script '/home/ubuntu/magician_ros2_control_system_ws/install/local_setup.ps1'
[1.455s] INFO:colcon.colcon_core.shell:Creating prefix util module '/home/ubuntu/magician_ros2_control_system_ws/install/_local_setup_util_ps1.py'
[1.457s] INFO:colcon.colcon_core.shell:Creating prefix chain script '/home/ubuntu/magician_ros2_control_system_ws/install/setup.ps1'
[1.459s] INFO:colcon.colcon_core.shell:Creating prefix script '/home/ubuntu/magician_ros2_control_system_ws/install/local_setup.sh'
[1.460s] INFO:colcon.colcon_core.shell:Creating prefix util module '/home/ubuntu/magician_ros2_control_system_ws/install/_local_setup_util_sh.py'
[1.461s] INFO:colcon.colcon_core.shell:Creating prefix chain script '/home/ubuntu/magician_ros2_control_system_ws/install/setup.sh'
[1.463s] INFO:colcon.colcon_core.shell:Creating prefix script '/home/ubuntu/magician_ros2_control_system_ws/install/local_setup.bash'
[1.464s] INFO:colcon.colcon_core.shell:Creating prefix chain script '/home/ubuntu/magician_ros2_control_system_ws/install/setup.bash'
[1.465s] INFO:colcon.colcon_core.shell:Creating prefix script '/home/ubuntu/magician_ros2_control_system_ws/install/local_setup.zsh'
[1.466s] INFO:colcon.colcon_core.shell:Creating prefix chain script '/home/ubuntu/magician_ros2_control_system_ws/install/setup.zsh'
