[1.843s] Invoking command in '/home/ubuntu/magician_ros2_control_system_ws/src/dobot_motion': PYTHONPATH=/home/ubuntu/magician_ros2_control_system_ws/build/dobot_motion/prefix_override:/usr/lib/python3/dist-packages/colcon_core/task/python/colcon_distutils_commands:/home/ubuntu/magician_ros2_control_system_ws/install/dobot_motion/lib/python3.10/site-packages:${PYTHONPATH} /usr/bin/python3 -W ignore:setup.py install is deprecated setup.py egg_info --egg-base ../../build/dobot_motion build --build-base /home/ubuntu/magician_ros2_control_system_ws/build/dobot_motion/build install --record /home/ubuntu/magician_ros2_control_system_ws/build/dobot_motion/install.log --single-version-externally-managed install_data
[2.032s] running egg_info
[2.032s] writing ../../build/dobot_motion/dobot_motion.egg-info/PKG-INFO
[2.033s] writing dependency_links to ../../build/dobot_motion/dobot_motion.egg-info/dependency_links.txt
[2.033s] writing entry points to ../../build/dobot_motion/dobot_motion.egg-info/entry_points.txt
[2.033s] writing requirements to ../../build/dobot_motion/dobot_motion.egg-info/requires.txt
[2.033s] writing top-level names to ../../build/dobot_motion/dobot_motion.egg-info/top_level.txt
[2.034s] reading manifest file '../../build/dobot_motion/dobot_motion.egg-info/SOURCES.txt'
[2.035s] writing manifest file '../../build/dobot_motion/dobot_motion.egg-info/SOURCES.txt'
[2.035s] running build
[2.035s] running build_py
[2.035s] running install
[2.035s] running install_lib
[2.036s] running install_data
[2.036s] running install_egg_info
[2.038s] removing '/home/ubuntu/magician_ros2_control_system_ws/install/dobot_motion/lib/python3.10/site-packages/dobot_motion-1.0.0-py3.10.egg-info' (and everything under it)
[2.038s] Copying ../../build/dobot_motion/dobot_motion.egg-info to /home/ubuntu/magician_ros2_control_system_ws/install/dobot_motion/lib/python3.10/site-packages/dobot_motion-1.0.0-py3.10.egg-info
[2.038s] running install_scripts
[2.053s] Installing PTP_server script to /home/ubuntu/magician_ros2_control_system_ws/install/dobot_motion/lib/dobot_motion
[2.053s] Installing sliding_rail_server script to /home/ubuntu/magician_ros2_control_system_ws/install/dobot_motion/lib/dobot_motion
[2.054s] writing list of installed files to '/home/ubuntu/magician_ros2_control_system_ws/build/dobot_motion/install.log'
[2.074s] Invoked command in '/home/ubuntu/magician_ros2_control_system_ws/src/dobot_motion' returned '0': PYTHONPATH=/home/ubuntu/magician_ros2_control_system_ws/build/dobot_motion/prefix_override:/usr/lib/python3/dist-packages/colcon_core/task/python/colcon_distutils_commands:/home/ubuntu/magician_ros2_control_system_ws/install/dobot_motion/lib/python3.10/site-packages:${PYTHONPATH} /usr/bin/python3 -W ignore:setup.py install is deprecated setup.py egg_info --egg-base ../../build/dobot_motion build --build-base /home/ubuntu/magician_ros2_control_system_ws/build/dobot_motion/build install --record /home/ubuntu/magician_ros2_control_system_ws/build/dobot_motion/install.log --single-version-externally-managed install_data
