[0.372s] Invoking command in '/home/ubuntu/magician_ros2_control_system_ws/build/dobot_driver': CMAKE_PREFIX_PATH=/opt/ros/humble /usr/bin/cmake --build /home/ubuntu/magician_ros2_control_system_ws/build/dobot_driver -- -j20 -l20
[0.735s] Built target ament_cmake_python_copy_dobot_driver
[0.735s] running egg_info
[0.735s] writing dobot_driver.egg-info/PKG-INFO
[0.735s] writing dependency_links to dobot_driver.egg-info/dependency_links.txt
[0.735s] writing top-level names to dobot_driver.egg-info/top_level.txt
[0.735s] reading manifest file 'dobot_driver.egg-info/SOURCES.txt'
[0.735s] writing manifest file 'dobot_driver.egg-info/SOURCES.txt'
[0.735s] Built target ament_cmake_python_build_dobot_driver_egg
[0.915s] Invoked command in '/home/ubuntu/magician_ros2_control_system_ws/build/dobot_driver' returned '0': CMAKE_PREFIX_PATH=/opt/ros/humble /usr/bin/cmake --build /home/ubuntu/magician_ros2_control_system_ws/build/dobot_driver -- -j20 -l20
[0.946s] Invoking command in '/home/ubuntu/magician_ros2_control_system_ws/build/dobot_driver': CMAKE_PREFIX_PATH=/opt/ros/humble /usr/bin/cmake --install /home/ubuntu/magician_ros2_control_system_ws/build/dobot_driver
[0.953s] -- Install configuration: ""
[0.953s] -- Up-to-date: /home/ubuntu/magician_ros2_control_system_ws/install/dobot_driver/share/dobot_driver/environment/pythonpath.sh
[0.953s] -- Up-to-date: /home/ubuntu/magician_ros2_control_system_ws/install/dobot_driver/share/dobot_driver/environment/pythonpath.dsv
[0.957s] -- Up-to-date: /home/ubuntu/magician_ros2_control_system_ws/install/dobot_driver/local/lib/python3.10/dist-packages/dobot_driver-1.0.0-py3.10.egg-info
[0.957s] -- Installing: /home/ubuntu/magician_ros2_control_system_ws/install/dobot_driver/local/lib/python3.10/dist-packages/dobot_driver-1.0.0-py3.10.egg-info/SOURCES.txt
[0.958s] -- Installing: /home/ubuntu/magician_ros2_control_system_ws/install/dobot_driver/local/lib/python3.10/dist-packages/dobot_driver-1.0.0-py3.10.egg-info/dependency_links.txt
[0.958s] -- Installing: /home/ubuntu/magician_ros2_control_system_ws/install/dobot_driver/local/lib/python3.10/dist-packages/dobot_driver-1.0.0-py3.10.egg-info/PKG-INFO
[0.959s] -- Installing: /home/ubuntu/magician_ros2_control_system_ws/install/dobot_driver/local/lib/python3.10/dist-packages/dobot_driver-1.0.0-py3.10.egg-info/top_level.txt
[0.961s] -- Up-to-date: /home/ubuntu/magician_ros2_control_system_ws/install/dobot_driver/local/lib/python3.10/dist-packages/dobot_driver
[0.961s] -- Up-to-date: /home/ubuntu/magician_ros2_control_system_ws/install/dobot_driver/local/lib/python3.10/dist-packages/dobot_driver/__init__.py
[0.961s] -- Up-to-date: /home/ubuntu/magician_ros2_control_system_ws/install/dobot_driver/local/lib/python3.10/dist-packages/dobot_driver/parsers.py
[0.961s] -- Up-to-date: /home/ubuntu/magician_ros2_control_system_ws/install/dobot_driver/local/lib/python3.10/dist-packages/dobot_driver/interface.py
[0.961s] -- Up-to-date: /home/ubuntu/magician_ros2_control_system_ws/install/dobot_driver/local/lib/python3.10/dist-packages/dobot_driver/dobot_handle.py
[0.961s] -- Up-to-date: /home/ubuntu/magician_ros2_control_system_ws/install/dobot_driver/local/lib/python3.10/dist-packages/dobot_driver/message.py
[0.974s] Listing '/home/ubuntu/magician_ros2_control_system_ws/install/dobot_driver/local/lib/python3.10/dist-packages/dobot_driver'...
[0.977s] -- Up-to-date: /home/ubuntu/magician_ros2_control_system_ws/install/dobot_driver/share/ament_index/resource_index/package_run_dependencies/dobot_driver
[0.977s] -- Up-to-date: /home/ubuntu/magician_ros2_control_system_ws/install/dobot_driver/share/ament_index/resource_index/parent_prefix_path/dobot_driver
[0.977s] -- Up-to-date: /home/ubuntu/magician_ros2_control_system_ws/install/dobot_driver/share/dobot_driver/environment/ament_prefix_path.sh
[0.977s] -- Up-to-date: /home/ubuntu/magician_ros2_control_system_ws/install/dobot_driver/share/dobot_driver/environment/ament_prefix_path.dsv
[0.977s] -- Up-to-date: /home/ubuntu/magician_ros2_control_system_ws/install/dobot_driver/share/dobot_driver/environment/path.sh
[0.978s] -- Up-to-date: /home/ubuntu/magician_ros2_control_system_ws/install/dobot_driver/share/dobot_driver/environment/path.dsv
[0.978s] -- Up-to-date: /home/ubuntu/magician_ros2_control_system_ws/install/dobot_driver/share/dobot_driver/local_setup.bash
[0.978s] -- Up-to-date: /home/ubuntu/magician_ros2_control_system_ws/install/dobot_driver/share/dobot_driver/local_setup.sh
[0.978s] -- Up-to-date: /home/ubuntu/magician_ros2_control_system_ws/install/dobot_driver/share/dobot_driver/local_setup.zsh
[0.978s] -- Up-to-date: /home/ubuntu/magician_ros2_control_system_ws/install/dobot_driver/share/dobot_driver/local_setup.dsv
[0.978s] -- Installing: /home/ubuntu/magician_ros2_control_system_ws/install/dobot_driver/share/dobot_driver/package.dsv
[0.978s] -- Up-to-date: /home/ubuntu/magician_ros2_control_system_ws/install/dobot_driver/share/ament_index/resource_index/packages/dobot_driver
[0.978s] -- Up-to-date: /home/ubuntu/magician_ros2_control_system_ws/install/dobot_driver/share/dobot_driver/cmake/dobot_driverConfig.cmake
[0.978s] -- Up-to-date: /home/ubuntu/magician_ros2_control_system_ws/install/dobot_driver/share/dobot_driver/cmake/dobot_driverConfig-version.cmake
[0.979s] -- Up-to-date: /home/ubuntu/magician_ros2_control_system_ws/install/dobot_driver/share/dobot_driver/package.xml
[0.980s] Invoked command in '/home/ubuntu/magician_ros2_control_system_ws/build/dobot_driver' returned '0': CMAKE_PREFIX_PATH=/opt/ros/humble /usr/bin/cmake --install /home/ubuntu/magician_ros2_control_system_ws/build/dobot_driver
