[1.188s] Invoking command in '/home/ubuntu/magician_ros2_control_system_ws/src/dobot_control_panel': PYTHONPATH=/home/ubuntu/magician_ros2_control_system_ws/build/dobot_control_panel/prefix_override:/usr/lib/python3/dist-packages/colcon_core/task/python/colcon_distutils_commands:/home/ubuntu/magician_ros2_control_system_ws/install/dobot_control_panel/lib/python3.10/site-packages:${PYTHONPATH} /usr/bin/python3 -W ignore:setup.py install is deprecated setup.py egg_info --egg-base ../../build/dobot_control_panel build --build-base /home/ubuntu/magician_ros2_control_system_ws/build/dobot_control_panel/build install --record /home/ubuntu/magician_ros2_control_system_ws/build/dobot_control_panel/install.log --single-version-externally-managed install_data
[1.353s] running egg_info
[1.353s] writing ../../build/dobot_control_panel/dobot_control_panel.egg-info/PKG-INFO
[1.353s] writing dependency_links to ../../build/dobot_control_panel/dobot_control_panel.egg-info/dependency_links.txt
[1.353s] writing entry points to ../../build/dobot_control_panel/dobot_control_panel.egg-info/entry_points.txt
[1.353s] writing requirements to ../../build/dobot_control_panel/dobot_control_panel.egg-info/requires.txt
[1.354s] writing top-level names to ../../build/dobot_control_panel/dobot_control_panel.egg-info/top_level.txt
[1.355s] reading manifest file '../../build/dobot_control_panel/dobot_control_panel.egg-info/SOURCES.txt'
[1.356s] writing manifest file '../../build/dobot_control_panel/dobot_control_panel.egg-info/SOURCES.txt'
[1.356s] running build
[1.356s] running build_py
[1.356s] running install
[1.357s] running install_lib
[1.358s] running install_data
[1.358s] running install_egg_info
[1.358s] removing '/home/ubuntu/magician_ros2_control_system_ws/install/dobot_control_panel/lib/python3.10/site-packages/dobot_control_panel-1.0.0-py3.10.egg-info' (and everything under it)
[1.359s] Copying ../../build/dobot_control_panel/dobot_control_panel.egg-info to /home/ubuntu/magician_ros2_control_system_ws/install/dobot_control_panel/lib/python3.10/site-packages/dobot_control_panel-1.0.0-py3.10.egg-info
[1.359s] running install_scripts
[1.373s] Installing dobot_control_panel script to /home/ubuntu/magician_ros2_control_system_ws/install/dobot_control_panel/lib/dobot_control_panel
[1.373s] writing list of installed files to '/home/ubuntu/magician_ros2_control_system_ws/build/dobot_control_panel/install.log'
[2.462s] Invoked command in '/home/ubuntu/magician_ros2_control_system_ws/src/dobot_control_panel' returned '0': PYTHONPATH=/home/ubuntu/magician_ros2_control_system_ws/build/dobot_control_panel/prefix_override:/usr/lib/python3/dist-packages/colcon_core/task/python/colcon_distutils_commands:/home/ubuntu/magician_ros2_control_system_ws/install/dobot_control_panel/lib/python3.10/site-packages:${PYTHONPATH} /usr/bin/python3 -W ignore:setup.py install is deprecated setup.py egg_info --egg-base ../../build/dobot_control_panel build --build-base /home/ubuntu/magician_ros2_control_system_ws/build/dobot_control_panel/build install --record /home/ubuntu/magician_ros2_control_system_ws/build/dobot_control_panel/install.log --single-version-externally-managed install_data
