[2.437s] Invoking command in '/home/ubuntu/magician_ros2_control_system_ws/src/dobot_control_panel': PYTHONPATH=/home/ubuntu/magician_ros2_control_system_ws/build/dobot_control_panel/prefix_override:/usr/lib/python3/dist-packages/colcon_core/task/python/colcon_distutils_commands:/home/ubuntu/magician_ros2_control_system_ws/install/dobot_control_panel/lib/python3.10/site-packages:${PYTHONPATH} /usr/bin/python3 -W ignore:setup.py install is deprecated setup.py egg_info --egg-base ../../build/dobot_control_panel build --build-base /home/ubuntu/magician_ros2_control_system_ws/build/dobot_control_panel/build install --record /home/ubuntu/magician_ros2_control_system_ws/build/dobot_control_panel/install.log --single-version-externally-managed install_data
[2.629s] running egg_info
[2.630s] writing ../../build/dobot_control_panel/dobot_control_panel.egg-info/PKG-INFO
[2.630s] writing dependency_links to ../../build/dobot_control_panel/dobot_control_panel.egg-info/dependency_links.txt
[2.630s] writing entry points to ../../build/dobot_control_panel/dobot_control_panel.egg-info/entry_points.txt
[2.630s] writing requirements to ../../build/dobot_control_panel/dobot_control_panel.egg-info/requires.txt
[2.630s] writing top-level names to ../../build/dobot_control_panel/dobot_control_panel.egg-info/top_level.txt
[2.630s] reading manifest file '../../build/dobot_control_panel/dobot_control_panel.egg-info/SOURCES.txt'
[2.630s] writing manifest file '../../build/dobot_control_panel/dobot_control_panel.egg-info/SOURCES.txt'
[2.630s] running build
[2.631s] running build_py
[2.631s] running install
[2.631s] running install_lib
[2.631s] running install_data
[2.631s] running install_egg_info
[2.631s] removing '/home/ubuntu/magician_ros2_control_system_ws/install/dobot_control_panel/lib/python3.10/site-packages/dobot_control_panel-1.0.0-py3.10.egg-info' (and everything under it)
[2.631s] Copying ../../build/dobot_control_panel/dobot_control_panel.egg-info to /home/ubuntu/magician_ros2_control_system_ws/install/dobot_control_panel/lib/python3.10/site-packages/dobot_control_panel-1.0.0-py3.10.egg-info
[2.632s] running install_scripts
[2.634s] Installing dobot_control_panel script to /home/ubuntu/magician_ros2_control_system_ws/install/dobot_control_panel/lib/dobot_control_panel
[2.634s] writing list of installed files to '/home/ubuntu/magician_ros2_control_system_ws/build/dobot_control_panel/install.log'
[2.674s] Invoked command in '/home/ubuntu/magician_ros2_control_system_ws/src/dobot_control_panel' returned '0': PYTHONPATH=/home/ubuntu/magician_ros2_control_system_ws/build/dobot_control_panel/prefix_override:/usr/lib/python3/dist-packages/colcon_core/task/python/colcon_distutils_commands:/home/ubuntu/magician_ros2_control_system_ws/install/dobot_control_panel/lib/python3.10/site-packages:${PYTHONPATH} /usr/bin/python3 -W ignore:setup.py install is deprecated setup.py egg_info --egg-base ../../build/dobot_control_panel build --build-base /home/ubuntu/magician_ros2_control_system_ws/build/dobot_control_panel/build install --record /home/ubuntu/magician_ros2_control_system_ws/build/dobot_control_panel/install.log --single-version-externally-managed install_data
