[0.035s] Invoking command in '/home/ubuntu/magician_ros2_control_system_ws/build/dobot_msgs': CMAKE_PREFIX_PATH=${CMAKE_PREFIX_PATH}:/home/ubuntu/magician_ros2_control_system_ws/install/interate_prac:/home/ubuntu/magician_ros2_control_system_ws/install/gyeong_pkg:/home/ubuntu/magician_ros2_control_system_ws/install/dobot_visualization_tools:/home/ubuntu/magician_ros2_control_system_ws/install/dobot_state_updater:/home/ubuntu/magician_ros2_control_system_ws/install/dobot_motion:/home/ubuntu/magician_ros2_control_system_ws/install/dobot_kinematics:/home/ubuntu/magician_ros2_control_system_ws/install/dobot_homing:/home/ubuntu/magician_ros2_control_system_ws/install/dobot_end_effector:/home/ubuntu/magician_ros2_control_system_ws/install/dobot_diagnostics:/home/ubuntu/magician_ros2_control_system_ws/install/dobot_demos:/home/ubuntu/magician_ros2_control_system_ws/install/dobot_control_panel:/home/ubuntu/magician_ros2_control_system_ws/install/dobot_bringup:/opt/ros/humble /usr/bin/cmake --build /home/ubuntu/magician_ros2_control_system_ws/build/dobot_msgs -- -j20 -l20
[1.029s] [  1%] Built target dobot_msgs__cpp
[1.029s] [ 12%] Built target dobot_msgs__rosidl_generator_c
[1.029s] [ 12%] Built target ament_cmake_python_copy_dobot_msgs
[1.029s] [ 24%] Built target dobot_msgs__rosidl_typesupport_cpp
[1.029s] [ 45%] Built target dobot_msgs__rosidl_typesupport_introspection_cpp
[1.029s] [ 47%] Built target dobot_msgs__rosidl_typesupport_fastrtps_cpp
[1.029s] [ 58%] Built target dobot_msgs__rosidl_typesupport_fastrtps_c
[1.029s] [ 70%] Built target dobot_msgs__rosidl_typesupport_c
[1.029s] [ 81%] Built target dobot_msgs__rosidl_typesupport_introspection_c
[1.029s] [ 81%] Built target dobot_msgs
[1.029s] [ 82%] Built target dobot_msgs__py
[1.029s] [ 93%] Built target dobot_msgs__rosidl_generator_py
[1.029s] [ 95%] Built target dobot_msgs__rosidl_typesupport_fastrtps_c__pyext
[1.029s] [ 98%] Built target dobot_msgs__rosidl_typesupport_introspection_c__pyext
[1.030s] [100%] Built target dobot_msgs__rosidl_typesupport_c__pyext
[1.030s] running egg_info
[1.030s] writing dobot_msgs.egg-info/PKG-INFO
[1.030s] writing dependency_links to dobot_msgs.egg-info/dependency_links.txt
[1.030s] writing top-level names to dobot_msgs.egg-info/top_level.txt
[1.030s] reading manifest file 'dobot_msgs.egg-info/SOURCES.txt'
[1.030s] writing manifest file 'dobot_msgs.egg-info/SOURCES.txt'
[1.030s] [100%] Built target ament_cmake_python_build_dobot_msgs_egg
[1.032s] Invoked command in '/home/ubuntu/magician_ros2_control_system_ws/build/dobot_msgs' returned '0': CMAKE_PREFIX_PATH=${CMAKE_PREFIX_PATH}:/home/ubuntu/magician_ros2_control_system_ws/install/interate_prac:/home/ubuntu/magician_ros2_control_system_ws/install/gyeong_pkg:/home/ubuntu/magician_ros2_control_system_ws/install/dobot_visualization_tools:/home/ubuntu/magician_ros2_control_system_ws/install/dobot_state_updater:/home/ubuntu/magician_ros2_control_system_ws/install/dobot_motion:/home/ubuntu/magician_ros2_control_system_ws/install/dobot_kinematics:/home/ubuntu/magician_ros2_control_system_ws/install/dobot_homing:/home/ubuntu/magician_ros2_control_system_ws/install/dobot_end_effector:/home/ubuntu/magician_ros2_control_system_ws/install/dobot_diagnostics:/home/ubuntu/magician_ros2_control_system_ws/install/dobot_demos:/home/ubuntu/magician_ros2_control_system_ws/install/dobot_control_panel:/home/ubuntu/magician_ros2_control_system_ws/install/dobot_bringup:/opt/ros/humble /usr/bin/cmake --build /home/ubuntu/magician_ros2_control_system_ws/build/dobot_msgs -- -j20 -l20
[1.189s] Invoking command in '/home/ubuntu/magician_ros2_control_system_ws/build/dobot_msgs': CMAKE_PREFIX_PATH=${CMAKE_PREFIX_PATH}:/home/ubuntu/magician_ros2_control_system_ws/install/interate_prac:/home/ubuntu/magician_ros2_control_system_ws/install/gyeong_pkg:/home/ubuntu/magician_ros2_control_system_ws/install/dobot_visualization_tools:/home/ubuntu/magician_ros2_control_system_ws/install/dobot_state_updater:/home/ubuntu/magician_ros2_control_system_ws/install/dobot_motion:/home/ubuntu/magician_ros2_control_system_ws/install/dobot_kinematics:/home/ubuntu/magician_ros2_control_system_ws/install/dobot_homing:/home/ubuntu/magician_ros2_control_system_ws/install/dobot_end_effector:/home/ubuntu/magician_ros2_control_system_ws/install/dobot_diagnostics:/home/ubuntu/magician_ros2_control_system_ws/install/dobot_demos:/home/ubuntu/magician_ros2_control_system_ws/install/dobot_control_panel:/home/ubuntu/magician_ros2_control_system_ws/install/dobot_bringup:/opt/ros/humble /usr/bin/cmake --install /home/ubuntu/magician_ros2_control_system_ws/build/dobot_msgs
[1.198s] -- Install configuration: ""
[1.198s] -- Up-to-date: /home/ubuntu/magician_ros2_control_system_ws/install/dobot_msgs/share/ament_index/resource_index/rosidl_interfaces/dobot_msgs
[1.198s] -- Up-to-date: /home/ubuntu/magician_ros2_control_system_ws/install/dobot_msgs/include/dobot_msgs/dobot_msgs
[1.198s] -- Up-to-date: /home/ubuntu/magician_ros2_control_system_ws/install/dobot_msgs/include/dobot_msgs/dobot_msgs/action
[1.198s] -- Up-to-date: /home/ubuntu/magician_ros2_control_system_ws/install/dobot_msgs/include/dobot_msgs/dobot_msgs/action/point_to_point.h
[1.198s] -- Up-to-date: /home/ubuntu/magician_ros2_control_system_ws/install/dobot_msgs/include/dobot_msgs/dobot_msgs/action/sliding_rail.h
[1.198s] -- Up-to-date: /home/ubuntu/magician_ros2_control_system_ws/install/dobot_msgs/include/dobot_msgs/dobot_msgs/action/detail
[1.199s] -- Up-to-date: /home/ubuntu/magician_ros2_control_system_ws/install/dobot_msgs/include/dobot_msgs/dobot_msgs/action/detail/sliding_rail__struct.h
[1.199s] -- Up-to-date: /home/ubuntu/magician_ros2_control_system_ws/install/dobot_msgs/include/dobot_msgs/dobot_msgs/action/detail/point_to_point__functions.h
[1.199s] -- Up-to-date: /home/ubuntu/magician_ros2_control_system_ws/install/dobot_msgs/include/dobot_msgs/dobot_msgs/action/detail/point_to_point__struct.h
[1.199s] -- Up-to-date: /home/ubuntu/magician_ros2_control_system_ws/install/dobot_msgs/include/dobot_msgs/dobot_msgs/action/detail/point_to_point__functions.c
[1.199s] -- Up-to-date: /home/ubuntu/magician_ros2_control_system_ws/install/dobot_msgs/include/dobot_msgs/dobot_msgs/action/detail/sliding_rail__functions.h
[1.199s] -- Up-to-date: /home/ubuntu/magician_ros2_control_system_ws/install/dobot_msgs/include/dobot_msgs/dobot_msgs/action/detail/point_to_point__type_support.h
[1.199s] -- Up-to-date: /home/ubuntu/magician_ros2_control_system_ws/install/dobot_msgs/include/dobot_msgs/dobot_msgs/action/detail/sliding_rail__functions.c
[1.199s] -- Up-to-date: /home/ubuntu/magician_ros2_control_system_ws/install/dobot_msgs/include/dobot_msgs/dobot_msgs/action/detail/sliding_rail__type_support.h
[1.199s] -- Up-to-date: /home/ubuntu/magician_ros2_control_system_ws/install/dobot_msgs/include/dobot_msgs/dobot_msgs/srv
[1.199s] -- Up-to-date: /home/ubuntu/magician_ros2_control_system_ws/install/dobot_msgs/include/dobot_msgs/dobot_msgs/srv/suction_cup_control.h
[1.199s] -- Up-to-date: /home/ubuntu/magician_ros2_control_system_ws/install/dobot_msgs/include/dobot_msgs/dobot_msgs/srv/execute_homing_procedure.h
[1.199s] -- Up-to-date: /home/ubuntu/magician_ros2_control_system_ws/install/dobot_msgs/include/dobot_msgs/dobot_msgs/srv/gripper_control.h
[1.199s] -- Up-to-date: /home/ubuntu/magician_ros2_control_system_ws/install/dobot_msgs/include/dobot_msgs/dobot_msgs/srv/detail
[1.200s] -- Up-to-date: /home/ubuntu/magician_ros2_control_system_ws/install/dobot_msgs/include/dobot_msgs/dobot_msgs/srv/detail/gripper_control__struct.h
[1.200s] -- Up-to-date: /home/ubuntu/magician_ros2_control_system_ws/install/dobot_msgs/include/dobot_msgs/dobot_msgs/srv/detail/execute_homing_procedure__functions.c
[1.200s] -- Up-to-date: /home/ubuntu/magician_ros2_control_system_ws/install/dobot_msgs/include/dobot_msgs/dobot_msgs/srv/detail/execute_homing_procedure__struct.h
[1.200s] -- Up-to-date: /home/ubuntu/magician_ros2_control_system_ws/install/dobot_msgs/include/dobot_msgs/dobot_msgs/srv/detail/evaluate_ptp_trajectory__functions.c
[1.200s] -- Up-to-date: /home/ubuntu/magician_ros2_control_system_ws/install/dobot_msgs/include/dobot_msgs/dobot_msgs/srv/detail/suction_cup_control__functions.h
[1.200s] -- Up-to-date: /home/ubuntu/magician_ros2_control_system_ws/install/dobot_msgs/include/dobot_msgs/dobot_msgs/srv/detail/suction_cup_control__struct.h
[1.200s] -- Up-to-date: /home/ubuntu/magician_ros2_control_system_ws/install/dobot_msgs/include/dobot_msgs/dobot_msgs/srv/detail/gripper_control__functions.h
[1.200s] -- Up-to-date: /home/ubuntu/magician_ros2_control_system_ws/install/dobot_msgs/include/dobot_msgs/dobot_msgs/srv/detail/suction_cup_control__functions.c
[1.200s] -- Up-to-date: /home/ubuntu/magician_ros2_control_system_ws/install/dobot_msgs/include/dobot_msgs/dobot_msgs/srv/detail/gripper_control__type_support.h
[1.200s] -- Up-to-date: /home/ubuntu/magician_ros2_control_system_ws/install/dobot_msgs/include/dobot_msgs/dobot_msgs/srv/detail/evaluate_ptp_trajectory__type_support.h
[1.200s] -- Up-to-date: /home/ubuntu/magician_ros2_control_system_ws/install/dobot_msgs/include/dobot_msgs/dobot_msgs/srv/detail/execute_homing_procedure__functions.h
[1.200s] -- Up-to-date: /home/ubuntu/magician_ros2_control_system_ws/install/dobot_msgs/include/dobot_msgs/dobot_msgs/srv/detail/gripper_control__functions.c
[1.200s] -- Up-to-date: /home/ubuntu/magician_ros2_control_system_ws/install/dobot_msgs/include/dobot_msgs/dobot_msgs/srv/detail/execute_homing_procedure__type_support.h
[1.200s] -- Up-to-date: /home/ubuntu/magician_ros2_control_system_ws/install/dobot_msgs/include/dobot_msgs/dobot_msgs/srv/detail/evaluate_ptp_trajectory__functions.h
[1.200s] -- Up-to-date: /home/ubuntu/magician_ros2_control_system_ws/install/dobot_msgs/include/dobot_msgs/dobot_msgs/srv/detail/suction_cup_control__type_support.h
[1.200s] -- Up-to-date: /home/ubuntu/magician_ros2_control_system_ws/install/dobot_msgs/include/dobot_msgs/dobot_msgs/srv/detail/evaluate_ptp_trajectory__struct.h
[1.200s] -- Up-to-date: /home/ubuntu/magician_ros2_control_system_ws/install/dobot_msgs/include/dobot_msgs/dobot_msgs/srv/evaluate_ptp_trajectory.h
[1.200s] -- Up-to-date: /home/ubuntu/magician_ros2_control_system_ws/install/dobot_msgs/include/dobot_msgs/dobot_msgs/msg
[1.200s] -- Up-to-date: /home/ubuntu/magician_ros2_control_system_ws/install/dobot_msgs/include/dobot_msgs/dobot_msgs/msg/rosidl_generator_c__visibility_control.h
[1.200s] -- Up-to-date: /home/ubuntu/magician_ros2_control_system_ws/install/dobot_msgs/include/dobot_msgs/dobot_msgs/msg/gripper_status.h
[1.200s] -- Up-to-date: /home/ubuntu/magician_ros2_control_system_ws/install/dobot_msgs/include/dobot_msgs/dobot_msgs/msg/dobot_alarm_codes.h
[1.200s] -- Up-to-date: /home/ubuntu/magician_ros2_control_system_ws/install/dobot_msgs/include/dobot_msgs/dobot_msgs/msg/detail
[1.200s] -- Up-to-date: /home/ubuntu/magician_ros2_control_system_ws/install/dobot_msgs/include/dobot_msgs/dobot_msgs/msg/detail/dobot_alarm_codes__type_support.h
[1.200s] -- Up-to-date: /home/ubuntu/magician_ros2_control_system_ws/install/dobot_msgs/include/dobot_msgs/dobot_msgs/msg/detail/gripper_status__type_support.h
[1.200s] -- Up-to-date: /home/ubuntu/magician_ros2_control_system_ws/install/dobot_msgs/include/dobot_msgs/dobot_msgs/msg/detail/dobot_alarm_codes__struct.h
[1.200s] -- Up-to-date: /home/ubuntu/magician_ros2_control_system_ws/install/dobot_msgs/include/dobot_msgs/dobot_msgs/msg/detail/dobot_alarm_codes__functions.h
[1.200s] -- Up-to-date: /home/ubuntu/magician_ros2_control_system_ws/install/dobot_msgs/include/dobot_msgs/dobot_msgs/msg/detail/gripper_status__functions.h
[1.201s] -- Up-to-date: /home/ubuntu/magician_ros2_control_system_ws/install/dobot_msgs/include/dobot_msgs/dobot_msgs/msg/detail/gripper_status__functions.c
[1.201s] -- Up-to-date: /home/ubuntu/magician_ros2_control_system_ws/install/dobot_msgs/include/dobot_msgs/dobot_msgs/msg/detail/gripper_status__struct.h
[1.201s] -- Up-to-date: /home/ubuntu/magician_ros2_control_system_ws/install/dobot_msgs/include/dobot_msgs/dobot_msgs/msg/detail/dobot_alarm_codes__functions.c
[1.201s] -- Up-to-date: /home/ubuntu/magician_ros2_control_system_ws/install/dobot_msgs/share/dobot_msgs/environment/library_path.sh
[1.201s] -- Up-to-date: /home/ubuntu/magician_ros2_control_system_ws/install/dobot_msgs/share/dobot_msgs/environment/library_path.dsv
[1.201s] -- Up-to-date: /home/ubuntu/magician_ros2_control_system_ws/install/dobot_msgs/lib/libdobot_msgs__rosidl_generator_c.so
[1.201s] -- Up-to-date: /home/ubuntu/magician_ros2_control_system_ws/install/dobot_msgs/include/dobot_msgs/dobot_msgs
[1.201s] -- Up-to-date: /home/ubuntu/magician_ros2_control_system_ws/install/dobot_msgs/include/dobot_msgs/dobot_msgs/action
[1.201s] -- Up-to-date: /home/ubuntu/magician_ros2_control_system_ws/install/dobot_msgs/include/dobot_msgs/dobot_msgs/action/detail
[1.202s] -- Up-to-date: /home/ubuntu/magician_ros2_control_system_ws/install/dobot_msgs/include/dobot_msgs/dobot_msgs/action/detail/sliding_rail__rosidl_typesupport_fastrtps_c.h
[1.202s] -- Up-to-date: /home/ubuntu/magician_ros2_control_system_ws/install/dobot_msgs/include/dobot_msgs/dobot_msgs/action/detail/point_to_point__rosidl_typesupport_fastrtps_c.h
[1.202s] -- Up-to-date: /home/ubuntu/magician_ros2_control_system_ws/install/dobot_msgs/include/dobot_msgs/dobot_msgs/srv
[1.202s] -- Up-to-date: /home/ubuntu/magician_ros2_control_system_ws/install/dobot_msgs/include/dobot_msgs/dobot_msgs/srv/detail
[1.202s] -- Up-to-date: /home/ubuntu/magician_ros2_control_system_ws/install/dobot_msgs/include/dobot_msgs/dobot_msgs/srv/detail/suction_cup_control__rosidl_typesupport_fastrtps_c.h
[1.202s] -- Up-to-date: /home/ubuntu/magician_ros2_control_system_ws/install/dobot_msgs/include/dobot_msgs/dobot_msgs/srv/detail/execute_homing_procedure__rosidl_typesupport_fastrtps_c.h
[1.202s] -- Up-to-date: /home/ubuntu/magician_ros2_control_system_ws/install/dobot_msgs/include/dobot_msgs/dobot_msgs/srv/detail/evaluate_ptp_trajectory__rosidl_typesupport_fastrtps_c.h
[1.202s] -- Up-to-date: /home/ubuntu/magician_ros2_control_system_ws/install/dobot_msgs/include/dobot_msgs/dobot_msgs/srv/detail/gripper_control__rosidl_typesupport_fastrtps_c.h
[1.203s] -- Up-to-date: /home/ubuntu/magician_ros2_control_system_ws/install/dobot_msgs/include/dobot_msgs/dobot_msgs/msg
[1.203s] -- Up-to-date: /home/ubuntu/magician_ros2_control_system_ws/install/dobot_msgs/include/dobot_msgs/dobot_msgs/msg/rosidl_typesupport_fastrtps_c__visibility_control.h
[1.203s] -- Up-to-date: /home/ubuntu/magician_ros2_control_system_ws/install/dobot_msgs/include/dobot_msgs/dobot_msgs/msg/detail
[1.203s] -- Up-to-date: /home/ubuntu/magician_ros2_control_system_ws/install/dobot_msgs/include/dobot_msgs/dobot_msgs/msg/detail/dobot_alarm_codes__rosidl_typesupport_fastrtps_c.h
[1.203s] -- Up-to-date: /home/ubuntu/magician_ros2_control_system_ws/install/dobot_msgs/include/dobot_msgs/dobot_msgs/msg/detail/gripper_status__rosidl_typesupport_fastrtps_c.h
[1.203s] -- Up-to-date: /home/ubuntu/magician_ros2_control_system_ws/install/dobot_msgs/lib/libdobot_msgs__rosidl_typesupport_fastrtps_c.so
[1.203s] -- Up-to-date: /home/ubuntu/magician_ros2_control_system_ws/install/dobot_msgs/include/dobot_msgs/dobot_msgs
[1.203s] -- Up-to-date: /home/ubuntu/magician_ros2_control_system_ws/install/dobot_msgs/include/dobot_msgs/dobot_msgs/action
[1.203s] -- Up-to-date: /home/ubuntu/magician_ros2_control_system_ws/install/dobot_msgs/include/dobot_msgs/dobot_msgs/action/detail
[1.203s] -- Up-to-date: /home/ubuntu/magician_ros2_control_system_ws/install/dobot_msgs/include/dobot_msgs/dobot_msgs/action/detail/sliding_rail__type_support.c
[1.203s] -- Up-to-date: /home/ubuntu/magician_ros2_control_system_ws/install/dobot_msgs/include/dobot_msgs/dobot_msgs/action/detail/sliding_rail__rosidl_typesupport_introspection_c.h
[1.204s] -- Up-to-date: /home/ubuntu/magician_ros2_control_system_ws/install/dobot_msgs/include/dobot_msgs/dobot_msgs/action/detail/point_to_point__rosidl_typesupport_introspection_c.h
[1.204s] -- Up-to-date: /home/ubuntu/magician_ros2_control_system_ws/install/dobot_msgs/include/dobot_msgs/dobot_msgs/action/detail/point_to_point__type_support.c
[1.204s] -- Up-to-date: /home/ubuntu/magician_ros2_control_system_ws/install/dobot_msgs/include/dobot_msgs/dobot_msgs/srv
[1.204s] -- Up-to-date: /home/ubuntu/magician_ros2_control_system_ws/install/dobot_msgs/include/dobot_msgs/dobot_msgs/srv/detail
[1.204s] -- Up-to-date: /home/ubuntu/magician_ros2_control_system_ws/install/dobot_msgs/include/dobot_msgs/dobot_msgs/srv/detail/execute_homing_procedure__type_support.c
[1.204s] -- Up-to-date: /home/ubuntu/magician_ros2_control_system_ws/install/dobot_msgs/include/dobot_msgs/dobot_msgs/srv/detail/evaluate_ptp_trajectory__rosidl_typesupport_introspection_c.h
[1.204s] -- Up-to-date: /home/ubuntu/magician_ros2_control_system_ws/install/dobot_msgs/include/dobot_msgs/dobot_msgs/srv/detail/execute_homing_procedure__rosidl_typesupport_introspection_c.h
[1.204s] -- Up-to-date: /home/ubuntu/magician_ros2_control_system_ws/install/dobot_msgs/include/dobot_msgs/dobot_msgs/srv/detail/gripper_control__rosidl_typesupport_introspection_c.h
[1.204s] -- Up-to-date: /home/ubuntu/magician_ros2_control_system_ws/install/dobot_msgs/include/dobot_msgs/dobot_msgs/srv/detail/suction_cup_control__rosidl_typesupport_introspection_c.h
[1.204s] -- Up-to-date: /home/ubuntu/magician_ros2_control_system_ws/install/dobot_msgs/include/dobot_msgs/dobot_msgs/srv/detail/evaluate_ptp_trajectory__type_support.c
[1.204s] -- Up-to-date: /home/ubuntu/magician_ros2_control_system_ws/install/dobot_msgs/include/dobot_msgs/dobot_msgs/srv/detail/gripper_control__type_support.c
[1.204s] -- Up-to-date: /home/ubuntu/magician_ros2_control_system_ws/install/dobot_msgs/include/dobot_msgs/dobot_msgs/srv/detail/suction_cup_control__type_support.c
[1.205s] -- Up-to-date: /home/ubuntu/magician_ros2_control_system_ws/install/dobot_msgs/include/dobot_msgs/dobot_msgs/msg
[1.205s] -- Up-to-date: /home/ubuntu/magician_ros2_control_system_ws/install/dobot_msgs/include/dobot_msgs/dobot_msgs/msg/detail
[1.205s] -- Up-to-date: /home/ubuntu/magician_ros2_control_system_ws/install/dobot_msgs/include/dobot_msgs/dobot_msgs/msg/detail/gripper_status__rosidl_typesupport_introspection_c.h
[1.205s] -- Up-to-date: /home/ubuntu/magician_ros2_control_system_ws/install/dobot_msgs/include/dobot_msgs/dobot_msgs/msg/detail/gripper_status__type_support.c
[1.205s] -- Up-to-date: /home/ubuntu/magician_ros2_control_system_ws/install/dobot_msgs/include/dobot_msgs/dobot_msgs/msg/detail/dobot_alarm_codes__rosidl_typesupport_introspection_c.h
[1.205s] -- Up-to-date: /home/ubuntu/magician_ros2_control_system_ws/install/dobot_msgs/include/dobot_msgs/dobot_msgs/msg/detail/dobot_alarm_codes__type_support.c
[1.205s] -- Up-to-date: /home/ubuntu/magician_ros2_control_system_ws/install/dobot_msgs/include/dobot_msgs/dobot_msgs/msg/rosidl_typesupport_introspection_c__visibility_control.h
[1.205s] -- Up-to-date: /home/ubuntu/magician_ros2_control_system_ws/install/dobot_msgs/lib/libdobot_msgs__rosidl_typesupport_introspection_c.so
[1.205s] -- Up-to-date: /home/ubuntu/magician_ros2_control_system_ws/install/dobot_msgs/lib/libdobot_msgs__rosidl_typesupport_c.so
[1.205s] -- Up-to-date: /home/ubuntu/magician_ros2_control_system_ws/install/dobot_msgs/include/dobot_msgs/dobot_msgs
[1.205s] -- Up-to-date: /home/ubuntu/magician_ros2_control_system_ws/install/dobot_msgs/include/dobot_msgs/dobot_msgs/action
[1.205s] -- Up-to-date: /home/ubuntu/magician_ros2_control_system_ws/install/dobot_msgs/include/dobot_msgs/dobot_msgs/action/sliding_rail.hpp
[1.206s] -- Up-to-date: /home/ubuntu/magician_ros2_control_system_ws/install/dobot_msgs/include/dobot_msgs/dobot_msgs/action/point_to_point.hpp
[1.206s] -- Up-to-date: /home/ubuntu/magician_ros2_control_system_ws/install/dobot_msgs/include/dobot_msgs/dobot_msgs/action/detail
[1.206s] -- Up-to-date: /home/ubuntu/magician_ros2_control_system_ws/install/dobot_msgs/include/dobot_msgs/dobot_msgs/action/detail/sliding_rail__traits.hpp
[1.206s] -- Up-to-date: /home/ubuntu/magician_ros2_control_system_ws/install/dobot_msgs/include/dobot_msgs/dobot_msgs/action/detail/point_to_point__builder.hpp
[1.206s] -- Up-to-date: /home/ubuntu/magician_ros2_control_system_ws/install/dobot_msgs/include/dobot_msgs/dobot_msgs/action/detail/point_to_point__traits.hpp
[1.206s] -- Up-to-date: /home/ubuntu/magician_ros2_control_system_ws/install/dobot_msgs/include/dobot_msgs/dobot_msgs/action/detail/point_to_point__struct.hpp
[1.206s] -- Up-to-date: /home/ubuntu/magician_ros2_control_system_ws/install/dobot_msgs/include/dobot_msgs/dobot_msgs/action/detail/sliding_rail__struct.hpp
[1.206s] -- Up-to-date: /home/ubuntu/magician_ros2_control_system_ws/install/dobot_msgs/include/dobot_msgs/dobot_msgs/action/detail/sliding_rail__builder.hpp
[1.206s] -- Up-to-date: /home/ubuntu/magician_ros2_control_system_ws/install/dobot_msgs/include/dobot_msgs/dobot_msgs/srv
[1.206s] -- Up-to-date: /home/ubuntu/magician_ros2_control_system_ws/install/dobot_msgs/include/dobot_msgs/dobot_msgs/srv/evaluate_ptp_trajectory.hpp
[1.206s] -- Up-to-date: /home/ubuntu/magician_ros2_control_system_ws/install/dobot_msgs/include/dobot_msgs/dobot_msgs/srv/gripper_control.hpp
[1.207s] -- Up-to-date: /home/ubuntu/magician_ros2_control_system_ws/install/dobot_msgs/include/dobot_msgs/dobot_msgs/srv/execute_homing_procedure.hpp
[1.207s] -- Up-to-date: /home/ubuntu/magician_ros2_control_system_ws/install/dobot_msgs/include/dobot_msgs/dobot_msgs/srv/detail
[1.207s] -- Up-to-date: /home/ubuntu/magician_ros2_control_system_ws/install/dobot_msgs/include/dobot_msgs/dobot_msgs/srv/detail/suction_cup_control__traits.hpp
[1.207s] -- Up-to-date: /home/ubuntu/magician_ros2_control_system_ws/install/dobot_msgs/include/dobot_msgs/dobot_msgs/srv/detail/gripper_control__traits.hpp
[1.207s] -- Up-to-date: /home/ubuntu/magician_ros2_control_system_ws/install/dobot_msgs/include/dobot_msgs/dobot_msgs/srv/detail/suction_cup_control__struct.hpp
[1.207s] -- Up-to-date: /home/ubuntu/magician_ros2_control_system_ws/install/dobot_msgs/include/dobot_msgs/dobot_msgs/srv/detail/execute_homing_procedure__struct.hpp
[1.207s] -- Up-to-date: /home/ubuntu/magician_ros2_control_system_ws/install/dobot_msgs/include/dobot_msgs/dobot_msgs/srv/detail/execute_homing_procedure__builder.hpp
[1.207s] -- Up-to-date: /home/ubuntu/magician_ros2_control_system_ws/install/dobot_msgs/include/dobot_msgs/dobot_msgs/srv/detail/suction_cup_control__builder.hpp
[1.207s] -- Up-to-date: /home/ubuntu/magician_ros2_control_system_ws/install/dobot_msgs/include/dobot_msgs/dobot_msgs/srv/detail/gripper_control__struct.hpp
[1.207s] -- Up-to-date: /home/ubuntu/magician_ros2_control_system_ws/install/dobot_msgs/include/dobot_msgs/dobot_msgs/srv/detail/evaluate_ptp_trajectory__traits.hpp
[1.207s] -- Up-to-date: /home/ubuntu/magician_ros2_control_system_ws/install/dobot_msgs/include/dobot_msgs/dobot_msgs/srv/detail/evaluate_ptp_trajectory__builder.hpp
[1.207s] -- Up-to-date: /home/ubuntu/magician_ros2_control_system_ws/install/dobot_msgs/include/dobot_msgs/dobot_msgs/srv/detail/execute_homing_procedure__traits.hpp
[1.207s] -- Up-to-date: /home/ubuntu/magician_ros2_control_system_ws/install/dobot_msgs/include/dobot_msgs/dobot_msgs/srv/detail/evaluate_ptp_trajectory__struct.hpp
[1.207s] -- Up-to-date: /home/ubuntu/magician_ros2_control_system_ws/install/dobot_msgs/include/dobot_msgs/dobot_msgs/srv/detail/gripper_control__builder.hpp
[1.208s] -- Up-to-date: /home/ubuntu/magician_ros2_control_system_ws/install/dobot_msgs/include/dobot_msgs/dobot_msgs/srv/suction_cup_control.hpp
[1.208s] -- Up-to-date: /home/ubuntu/magician_ros2_control_system_ws/install/dobot_msgs/include/dobot_msgs/dobot_msgs/msg
[1.208s] -- Up-to-date: /home/ubuntu/magician_ros2_control_system_ws/install/dobot_msgs/include/dobot_msgs/dobot_msgs/msg/dobot_alarm_codes.hpp
[1.208s] -- Up-to-date: /home/ubuntu/magician_ros2_control_system_ws/install/dobot_msgs/include/dobot_msgs/dobot_msgs/msg/gripper_status.hpp
[1.208s] -- Up-to-date: /home/ubuntu/magician_ros2_control_system_ws/install/dobot_msgs/include/dobot_msgs/dobot_msgs/msg/detail
[1.208s] -- Up-to-date: /home/ubuntu/magician_ros2_control_system_ws/install/dobot_msgs/include/dobot_msgs/dobot_msgs/msg/detail/dobot_alarm_codes__traits.hpp
[1.208s] -- Up-to-date: /home/ubuntu/magician_ros2_control_system_ws/install/dobot_msgs/include/dobot_msgs/dobot_msgs/msg/detail/gripper_status__traits.hpp
[1.208s] -- Up-to-date: /home/ubuntu/magician_ros2_control_system_ws/install/dobot_msgs/include/dobot_msgs/dobot_msgs/msg/detail/gripper_status__builder.hpp
[1.208s] -- Up-to-date: /home/ubuntu/magician_ros2_control_system_ws/install/dobot_msgs/include/dobot_msgs/dobot_msgs/msg/detail/gripper_status__struct.hpp
[1.208s] -- Up-to-date: /home/ubuntu/magician_ros2_control_system_ws/install/dobot_msgs/include/dobot_msgs/dobot_msgs/msg/detail/dobot_alarm_codes__struct.hpp
[1.208s] -- Up-to-date: /home/ubuntu/magician_ros2_control_system_ws/install/dobot_msgs/include/dobot_msgs/dobot_msgs/msg/detail/dobot_alarm_codes__builder.hpp
[1.208s] -- Up-to-date: /home/ubuntu/magician_ros2_control_system_ws/install/dobot_msgs/include/dobot_msgs/dobot_msgs
[1.208s] -- Up-to-date: /home/ubuntu/magician_ros2_control_system_ws/install/dobot_msgs/include/dobot_msgs/dobot_msgs/action
[1.209s] -- Up-to-date: /home/ubuntu/magician_ros2_control_system_ws/install/dobot_msgs/include/dobot_msgs/dobot_msgs/action/detail
[1.209s] -- Up-to-date: /home/ubuntu/magician_ros2_control_system_ws/install/dobot_msgs/include/dobot_msgs/dobot_msgs/action/detail/sliding_rail__rosidl_typesupport_fastrtps_cpp.hpp
[1.209s] -- Up-to-date: /home/ubuntu/magician_ros2_control_system_ws/install/dobot_msgs/include/dobot_msgs/dobot_msgs/action/detail/dds_fastrtps
[1.209s] -- Up-to-date: /home/ubuntu/magician_ros2_control_system_ws/install/dobot_msgs/include/dobot_msgs/dobot_msgs/action/detail/point_to_point__rosidl_typesupport_fastrtps_cpp.hpp
[1.209s] -- Up-to-date: /home/ubuntu/magician_ros2_control_system_ws/install/dobot_msgs/include/dobot_msgs/dobot_msgs/srv
[1.209s] -- Up-to-date: /home/ubuntu/magician_ros2_control_system_ws/install/dobot_msgs/include/dobot_msgs/dobot_msgs/srv/detail
[1.209s] -- Up-to-date: /home/ubuntu/magician_ros2_control_system_ws/install/dobot_msgs/include/dobot_msgs/dobot_msgs/srv/detail/evaluate_ptp_trajectory__rosidl_typesupport_fastrtps_cpp.hpp
[1.209s] -- Up-to-date: /home/ubuntu/magician_ros2_control_system_ws/install/dobot_msgs/include/dobot_msgs/dobot_msgs/srv/detail/gripper_control__rosidl_typesupport_fastrtps_cpp.hpp
[1.209s] -- Up-to-date: /home/ubuntu/magician_ros2_control_system_ws/install/dobot_msgs/include/dobot_msgs/dobot_msgs/srv/detail/suction_cup_control__rosidl_typesupport_fastrtps_cpp.hpp
[1.209s] -- Up-to-date: /home/ubuntu/magician_ros2_control_system_ws/install/dobot_msgs/include/dobot_msgs/dobot_msgs/srv/detail/execute_homing_procedure__rosidl_typesupport_fastrtps_cpp.hpp
[1.209s] -- Up-to-date: /home/ubuntu/magician_ros2_control_system_ws/install/dobot_msgs/include/dobot_msgs/dobot_msgs/srv/detail/dds_fastrtps
[1.209s] -- Up-to-date: /home/ubuntu/magician_ros2_control_system_ws/install/dobot_msgs/include/dobot_msgs/dobot_msgs/msg
[1.209s] -- Up-to-date: /home/ubuntu/magician_ros2_control_system_ws/install/dobot_msgs/include/dobot_msgs/dobot_msgs/msg/rosidl_typesupport_fastrtps_cpp__visibility_control.h
[1.209s] -- Up-to-date: /home/ubuntu/magician_ros2_control_system_ws/install/dobot_msgs/include/dobot_msgs/dobot_msgs/msg/detail
[1.210s] -- Up-to-date: /home/ubuntu/magician_ros2_control_system_ws/install/dobot_msgs/include/dobot_msgs/dobot_msgs/msg/detail/gripper_status__rosidl_typesupport_fastrtps_cpp.hpp
[1.210s] -- Up-to-date: /home/ubuntu/magician_ros2_control_system_ws/install/dobot_msgs/include/dobot_msgs/dobot_msgs/msg/detail/dds_fastrtps
[1.210s] -- Up-to-date: /home/ubuntu/magician_ros2_control_system_ws/install/dobot_msgs/include/dobot_msgs/dobot_msgs/msg/detail/dobot_alarm_codes__rosidl_typesupport_fastrtps_cpp.hpp
[1.210s] -- Up-to-date: /home/ubuntu/magician_ros2_control_system_ws/install/dobot_msgs/lib/libdobot_msgs__rosidl_typesupport_fastrtps_cpp.so
[1.210s] -- Up-to-date: /home/ubuntu/magician_ros2_control_system_ws/install/dobot_msgs/include/dobot_msgs/dobot_msgs
[1.210s] -- Up-to-date: /home/ubuntu/magician_ros2_control_system_ws/install/dobot_msgs/include/dobot_msgs/dobot_msgs/action
[1.210s] -- Up-to-date: /home/ubuntu/magician_ros2_control_system_ws/install/dobot_msgs/include/dobot_msgs/dobot_msgs/action/detail
[1.210s] -- Up-to-date: /home/ubuntu/magician_ros2_control_system_ws/install/dobot_msgs/include/dobot_msgs/dobot_msgs/action/detail/point_to_point__type_support.cpp
[1.210s] -- Up-to-date: /home/ubuntu/magician_ros2_control_system_ws/install/dobot_msgs/include/dobot_msgs/dobot_msgs/action/detail/point_to_point__rosidl_typesupport_introspection_cpp.hpp
[1.210s] -- Up-to-date: /home/ubuntu/magician_ros2_control_system_ws/install/dobot_msgs/include/dobot_msgs/dobot_msgs/action/detail/sliding_rail__rosidl_typesupport_introspection_cpp.hpp
[1.210s] -- Up-to-date: /home/ubuntu/magician_ros2_control_system_ws/install/dobot_msgs/include/dobot_msgs/dobot_msgs/action/detail/sliding_rail__type_support.cpp
[1.210s] -- Up-to-date: /home/ubuntu/magician_ros2_control_system_ws/install/dobot_msgs/include/dobot_msgs/dobot_msgs/srv
[1.210s] -- Up-to-date: /home/ubuntu/magician_ros2_control_system_ws/install/dobot_msgs/include/dobot_msgs/dobot_msgs/srv/detail
[1.210s] -- Up-to-date: /home/ubuntu/magician_ros2_control_system_ws/install/dobot_msgs/include/dobot_msgs/dobot_msgs/srv/detail/execute_homing_procedure__type_support.cpp
[1.211s] -- Up-to-date: /home/ubuntu/magician_ros2_control_system_ws/install/dobot_msgs/include/dobot_msgs/dobot_msgs/srv/detail/suction_cup_control__rosidl_typesupport_introspection_cpp.hpp
[1.211s] -- Up-to-date: /home/ubuntu/magician_ros2_control_system_ws/install/dobot_msgs/include/dobot_msgs/dobot_msgs/srv/detail/suction_cup_control__type_support.cpp
[1.211s] -- Up-to-date: /home/ubuntu/magician_ros2_control_system_ws/install/dobot_msgs/include/dobot_msgs/dobot_msgs/srv/detail/execute_homing_procedure__rosidl_typesupport_introspection_cpp.hpp
[1.211s] -- Up-to-date: /home/ubuntu/magician_ros2_control_system_ws/install/dobot_msgs/include/dobot_msgs/dobot_msgs/srv/detail/evaluate_ptp_trajectory__type_support.cpp
[1.211s] -- Up-to-date: /home/ubuntu/magician_ros2_control_system_ws/install/dobot_msgs/include/dobot_msgs/dobot_msgs/srv/detail/gripper_control__rosidl_typesupport_introspection_cpp.hpp
[1.211s] -- Up-to-date: /home/ubuntu/magician_ros2_control_system_ws/install/dobot_msgs/include/dobot_msgs/dobot_msgs/srv/detail/evaluate_ptp_trajectory__rosidl_typesupport_introspection_cpp.hpp
[1.211s] -- Up-to-date: /home/ubuntu/magician_ros2_control_system_ws/install/dobot_msgs/include/dobot_msgs/dobot_msgs/srv/detail/gripper_control__type_support.cpp
[1.211s] -- Up-to-date: /home/ubuntu/magician_ros2_control_system_ws/install/dobot_msgs/include/dobot_msgs/dobot_msgs/msg
[1.211s] -- Up-to-date: /home/ubuntu/magician_ros2_control_system_ws/install/dobot_msgs/include/dobot_msgs/dobot_msgs/msg/detail
[1.211s] -- Up-to-date: /home/ubuntu/magician_ros2_control_system_ws/install/dobot_msgs/include/dobot_msgs/dobot_msgs/msg/detail/dobot_alarm_codes__type_support.cpp
[1.211s] -- Up-to-date: /home/ubuntu/magician_ros2_control_system_ws/install/dobot_msgs/include/dobot_msgs/dobot_msgs/msg/detail/gripper_status__rosidl_typesupport_introspection_cpp.hpp
[1.211s] -- Up-to-date: /home/ubuntu/magician_ros2_control_system_ws/install/dobot_msgs/include/dobot_msgs/dobot_msgs/msg/detail/gripper_status__type_support.cpp
[1.211s] -- Up-to-date: /home/ubuntu/magician_ros2_control_system_ws/install/dobot_msgs/include/dobot_msgs/dobot_msgs/msg/detail/dobot_alarm_codes__rosidl_typesupport_introspection_cpp.hpp
[1.211s] -- Up-to-date: /home/ubuntu/magician_ros2_control_system_ws/install/dobot_msgs/lib/libdobot_msgs__rosidl_typesupport_introspection_cpp.so
[1.211s] -- Up-to-date: /home/ubuntu/magician_ros2_control_system_ws/install/dobot_msgs/lib/libdobot_msgs__rosidl_typesupport_cpp.so
[1.212s] -- Up-to-date: /home/ubuntu/magician_ros2_control_system_ws/install/dobot_msgs/share/dobot_msgs/environment/pythonpath.sh
[1.212s] -- Up-to-date: /home/ubuntu/magician_ros2_control_system_ws/install/dobot_msgs/share/dobot_msgs/environment/pythonpath.dsv
[1.212s] -- Up-to-date: /home/ubuntu/magician_ros2_control_system_ws/install/dobot_msgs/local/lib/python3.10/dist-packages/dobot_msgs-1.0.0-py3.10.egg-info
[1.212s] -- Installing: /home/ubuntu/magician_ros2_control_system_ws/install/dobot_msgs/local/lib/python3.10/dist-packages/dobot_msgs-1.0.0-py3.10.egg-info/SOURCES.txt
[1.212s] -- Installing: /home/ubuntu/magician_ros2_control_system_ws/install/dobot_msgs/local/lib/python3.10/dist-packages/dobot_msgs-1.0.0-py3.10.egg-info/dependency_links.txt
[1.212s] -- Installing: /home/ubuntu/magician_ros2_control_system_ws/install/dobot_msgs/local/lib/python3.10/dist-packages/dobot_msgs-1.0.0-py3.10.egg-info/PKG-INFO
[1.212s] -- Installing: /home/ubuntu/magician_ros2_control_system_ws/install/dobot_msgs/local/lib/python3.10/dist-packages/dobot_msgs-1.0.0-py3.10.egg-info/top_level.txt
[1.212s] -- Up-to-date: /home/ubuntu/magician_ros2_control_system_ws/install/dobot_msgs/local/lib/python3.10/dist-packages/dobot_msgs
[1.212s] -- Up-to-date: /home/ubuntu/magician_ros2_control_system_ws/install/dobot_msgs/local/lib/python3.10/dist-packages/dobot_msgs/dobot_msgs_s__rosidl_typesupport_c.cpython-310-x86_64-linux-gnu.so
[1.212s] -- Up-to-date: /home/ubuntu/magician_ros2_control_system_ws/install/dobot_msgs/local/lib/python3.10/dist-packages/dobot_msgs/__init__.py
[1.212s] -- Up-to-date: /home/ubuntu/magician_ros2_control_system_ws/install/dobot_msgs/local/lib/python3.10/dist-packages/dobot_msgs/dobot_msgs_s__rosidl_typesupport_introspection_c.cpython-310-x86_64-linux-gnu.so
[1.212s] -- Up-to-date: /home/ubuntu/magician_ros2_control_system_ws/install/dobot_msgs/local/lib/python3.10/dist-packages/dobot_msgs/action
[1.212s] -- Up-to-date: /home/ubuntu/magician_ros2_control_system_ws/install/dobot_msgs/local/lib/python3.10/dist-packages/dobot_msgs/action/__init__.py
[1.212s] -- Up-to-date: /home/ubuntu/magician_ros2_control_system_ws/install/dobot_msgs/local/lib/python3.10/dist-packages/dobot_msgs/action/_sliding_rail_s.c
[1.213s] -- Up-to-date: /home/ubuntu/magician_ros2_control_system_ws/install/dobot_msgs/local/lib/python3.10/dist-packages/dobot_msgs/action/_point_to_point.py
[1.213s] -- Up-to-date: /home/ubuntu/magician_ros2_control_system_ws/install/dobot_msgs/local/lib/python3.10/dist-packages/dobot_msgs/action/_point_to_point_s.c
[1.213s] -- Up-to-date: /home/ubuntu/magician_ros2_control_system_ws/install/dobot_msgs/local/lib/python3.10/dist-packages/dobot_msgs/action/_sliding_rail.py
[1.213s] -- Up-to-date: /home/ubuntu/magician_ros2_control_system_ws/install/dobot_msgs/local/lib/python3.10/dist-packages/dobot_msgs/_dobot_msgs_s.ep.rosidl_typesupport_introspection_c.c
[1.213s] -- Up-to-date: /home/ubuntu/magician_ros2_control_system_ws/install/dobot_msgs/local/lib/python3.10/dist-packages/dobot_msgs/srv
[1.213s] -- Up-to-date: /home/ubuntu/magician_ros2_control_system_ws/install/dobot_msgs/local/lib/python3.10/dist-packages/dobot_msgs/srv/__init__.py
[1.213s] -- Up-to-date: /home/ubuntu/magician_ros2_control_system_ws/install/dobot_msgs/local/lib/python3.10/dist-packages/dobot_msgs/srv/_gripper_control.py
[1.213s] -- Up-to-date: /home/ubuntu/magician_ros2_control_system_ws/install/dobot_msgs/local/lib/python3.10/dist-packages/dobot_msgs/srv/_evaluate_ptp_trajectory_s.c
[1.213s] -- Up-to-date: /home/ubuntu/magician_ros2_control_system_ws/install/dobot_msgs/local/lib/python3.10/dist-packages/dobot_msgs/srv/_evaluate_ptp_trajectory.py
[1.213s] -- Up-to-date: /home/ubuntu/magician_ros2_control_system_ws/install/dobot_msgs/local/lib/python3.10/dist-packages/dobot_msgs/srv/_suction_cup_control.py
[1.213s] -- Up-to-date: /home/ubuntu/magician_ros2_control_system_ws/install/dobot_msgs/local/lib/python3.10/dist-packages/dobot_msgs/srv/_gripper_control_s.c
[1.213s] -- Up-to-date: /home/ubuntu/magician_ros2_control_system_ws/install/dobot_msgs/local/lib/python3.10/dist-packages/dobot_msgs/srv/_execute_homing_procedure_s.c
[1.213s] -- Up-to-date: /home/ubuntu/magician_ros2_control_system_ws/install/dobot_msgs/local/lib/python3.10/dist-packages/dobot_msgs/srv/_suction_cup_control_s.c
[1.213s] -- Up-to-date: /home/ubuntu/magician_ros2_control_system_ws/install/dobot_msgs/local/lib/python3.10/dist-packages/dobot_msgs/srv/_execute_homing_procedure.py
[1.214s] -- Up-to-date: /home/ubuntu/magician_ros2_control_system_ws/install/dobot_msgs/local/lib/python3.10/dist-packages/dobot_msgs/dobot_msgs_s__rosidl_typesupport_fastrtps_c.cpython-310-x86_64-linux-gnu.so
[1.214s] -- Up-to-date: /home/ubuntu/magician_ros2_control_system_ws/install/dobot_msgs/local/lib/python3.10/dist-packages/dobot_msgs/msg
[1.214s] -- Up-to-date: /home/ubuntu/magician_ros2_control_system_ws/install/dobot_msgs/local/lib/python3.10/dist-packages/dobot_msgs/msg/__init__.py
[1.214s] -- Up-to-date: /home/ubuntu/magician_ros2_control_system_ws/install/dobot_msgs/local/lib/python3.10/dist-packages/dobot_msgs/msg/_gripper_status.py
[1.214s] -- Up-to-date: /home/ubuntu/magician_ros2_control_system_ws/install/dobot_msgs/local/lib/python3.10/dist-packages/dobot_msgs/msg/_dobot_alarm_codes_s.c
[1.214s] -- Up-to-date: /home/ubuntu/magician_ros2_control_system_ws/install/dobot_msgs/local/lib/python3.10/dist-packages/dobot_msgs/msg/_gripper_status_s.c
[1.214s] -- Up-to-date: /home/ubuntu/magician_ros2_control_system_ws/install/dobot_msgs/local/lib/python3.10/dist-packages/dobot_msgs/msg/_dobot_alarm_codes.py
[1.214s] -- Up-to-date: /home/ubuntu/magician_ros2_control_system_ws/install/dobot_msgs/local/lib/python3.10/dist-packages/dobot_msgs/_dobot_msgs_s.ep.rosidl_typesupport_c.c
[1.214s] -- Up-to-date: /home/ubuntu/magician_ros2_control_system_ws/install/dobot_msgs/local/lib/python3.10/dist-packages/dobot_msgs/libdobot_msgs__rosidl_generator_py.so
[1.214s] -- Up-to-date: /home/ubuntu/magician_ros2_control_system_ws/install/dobot_msgs/local/lib/python3.10/dist-packages/dobot_msgs/_dobot_msgs_s.ep.rosidl_typesupport_fastrtps_c.c
[1.237s] Listing '/home/ubuntu/magician_ros2_control_system_ws/install/dobot_msgs/local/lib/python3.10/dist-packages/dobot_msgs'...
[1.237s] Listing '/home/ubuntu/magician_ros2_control_system_ws/install/dobot_msgs/local/lib/python3.10/dist-packages/dobot_msgs/action'...
[1.237s] Listing '/home/ubuntu/magician_ros2_control_system_ws/install/dobot_msgs/local/lib/python3.10/dist-packages/dobot_msgs/msg'...
[1.237s] Listing '/home/ubuntu/magician_ros2_control_system_ws/install/dobot_msgs/local/lib/python3.10/dist-packages/dobot_msgs/srv'...
[1.240s] -- Up-to-date: /home/ubuntu/magician_ros2_control_system_ws/install/dobot_msgs/local/lib/python3.10/dist-packages/dobot_msgs/dobot_msgs_s__rosidl_typesupport_fastrtps_c.cpython-310-x86_64-linux-gnu.so
[1.241s] -- Up-to-date: /home/ubuntu/magician_ros2_control_system_ws/install/dobot_msgs/local/lib/python3.10/dist-packages/dobot_msgs/dobot_msgs_s__rosidl_typesupport_introspection_c.cpython-310-x86_64-linux-gnu.so
[1.241s] -- Up-to-date: /home/ubuntu/magician_ros2_control_system_ws/install/dobot_msgs/local/lib/python3.10/dist-packages/dobot_msgs/dobot_msgs_s__rosidl_typesupport_c.cpython-310-x86_64-linux-gnu.so
[1.241s] -- Up-to-date: /home/ubuntu/magician_ros2_control_system_ws/install/dobot_msgs/lib/libdobot_msgs__rosidl_generator_py.so
[1.242s] -- Up-to-date: /home/ubuntu/magician_ros2_control_system_ws/install/dobot_msgs/share/dobot_msgs/action/PointToPoint.idl
[1.242s] -- Up-to-date: /home/ubuntu/magician_ros2_control_system_ws/install/dobot_msgs/share/dobot_msgs/action/SlidingRail.idl
[1.242s] -- Up-to-date: /home/ubuntu/magician_ros2_control_system_ws/install/dobot_msgs/share/dobot_msgs/msg/DobotAlarmCodes.idl
[1.242s] -- Up-to-date: /home/ubuntu/magician_ros2_control_system_ws/install/dobot_msgs/share/dobot_msgs/msg/GripperStatus.idl
[1.242s] -- Up-to-date: /home/ubuntu/magician_ros2_control_system_ws/install/dobot_msgs/share/dobot_msgs/srv/EvaluatePTPTrajectory.idl
[1.242s] -- Up-to-date: /home/ubuntu/magician_ros2_control_system_ws/install/dobot_msgs/share/dobot_msgs/srv/ExecuteHomingProcedure.idl
[1.242s] -- Up-to-date: /home/ubuntu/magician_ros2_control_system_ws/install/dobot_msgs/share/dobot_msgs/srv/GripperControl.idl
[1.242s] -- Up-to-date: /home/ubuntu/magician_ros2_control_system_ws/install/dobot_msgs/share/dobot_msgs/srv/SuctionCupControl.idl
[1.242s] -- Up-to-date: /home/ubuntu/magician_ros2_control_system_ws/install/dobot_msgs/share/dobot_msgs/action/PointToPoint.action
[1.242s] -- Up-to-date: /home/ubuntu/magician_ros2_control_system_ws/install/dobot_msgs/share/dobot_msgs/action/SlidingRail.action
[1.243s] -- Up-to-date: /home/ubuntu/magician_ros2_control_system_ws/install/dobot_msgs/share/dobot_msgs/msg/DobotAlarmCodes.msg
[1.243s] -- Up-to-date: /home/ubuntu/magician_ros2_control_system_ws/install/dobot_msgs/share/dobot_msgs/msg/GripperStatus.msg
[1.243s] -- Up-to-date: /home/ubuntu/magician_ros2_control_system_ws/install/dobot_msgs/share/dobot_msgs/srv/EvaluatePTPTrajectory.srv
[1.243s] -- Up-to-date: /home/ubuntu/magician_ros2_control_system_ws/install/dobot_msgs/share/dobot_msgs/srv/EvaluatePTPTrajectory_Request.msg
[1.243s] -- Up-to-date: /home/ubuntu/magician_ros2_control_system_ws/install/dobot_msgs/share/dobot_msgs/srv/EvaluatePTPTrajectory_Response.msg
[1.243s] -- Up-to-date: /home/ubuntu/magician_ros2_control_system_ws/install/dobot_msgs/share/dobot_msgs/srv/ExecuteHomingProcedure.srv
[1.243s] -- Up-to-date: /home/ubuntu/magician_ros2_control_system_ws/install/dobot_msgs/share/dobot_msgs/srv/ExecuteHomingProcedure_Request.msg
[1.243s] -- Up-to-date: /home/ubuntu/magician_ros2_control_system_ws/install/dobot_msgs/share/dobot_msgs/srv/ExecuteHomingProcedure_Response.msg
[1.243s] -- Up-to-date: /home/ubuntu/magician_ros2_control_system_ws/install/dobot_msgs/share/dobot_msgs/srv/GripperControl.srv
[1.243s] -- Up-to-date: /home/ubuntu/magician_ros2_control_system_ws/install/dobot_msgs/share/dobot_msgs/srv/GripperControl_Request.msg
[1.243s] -- Up-to-date: /home/ubuntu/magician_ros2_control_system_ws/install/dobot_msgs/share/dobot_msgs/srv/GripperControl_Response.msg
[1.243s] -- Up-to-date: /home/ubuntu/magician_ros2_control_system_ws/install/dobot_msgs/share/dobot_msgs/srv/SuctionCupControl.srv
[1.244s] -- Up-to-date: /home/ubuntu/magician_ros2_control_system_ws/install/dobot_msgs/share/dobot_msgs/srv/SuctionCupControl_Request.msg
[1.244s] -- Up-to-date: /home/ubuntu/magician_ros2_control_system_ws/install/dobot_msgs/share/dobot_msgs/srv/SuctionCupControl_Response.msg
[1.244s] -- Up-to-date: /home/ubuntu/magician_ros2_control_system_ws/install/dobot_msgs/share/ament_index/resource_index/package_run_dependencies/dobot_msgs
[1.244s] -- Up-to-date: /home/ubuntu/magician_ros2_control_system_ws/install/dobot_msgs/share/ament_index/resource_index/parent_prefix_path/dobot_msgs
[1.244s] -- Up-to-date: /home/ubuntu/magician_ros2_control_system_ws/install/dobot_msgs/share/dobot_msgs/environment/ament_prefix_path.sh
[1.244s] -- Up-to-date: /home/ubuntu/magician_ros2_control_system_ws/install/dobot_msgs/share/dobot_msgs/environment/ament_prefix_path.dsv
[1.244s] -- Up-to-date: /home/ubuntu/magician_ros2_control_system_ws/install/dobot_msgs/share/dobot_msgs/environment/path.sh
[1.244s] -- Up-to-date: /home/ubuntu/magician_ros2_control_system_ws/install/dobot_msgs/share/dobot_msgs/environment/path.dsv
[1.244s] -- Up-to-date: /home/ubuntu/magician_ros2_control_system_ws/install/dobot_msgs/share/dobot_msgs/local_setup.bash
[1.244s] -- Up-to-date: /home/ubuntu/magician_ros2_control_system_ws/install/dobot_msgs/share/dobot_msgs/local_setup.sh
[1.244s] -- Up-to-date: /home/ubuntu/magician_ros2_control_system_ws/install/dobot_msgs/share/dobot_msgs/local_setup.zsh
[1.244s] -- Up-to-date: /home/ubuntu/magician_ros2_control_system_ws/install/dobot_msgs/share/dobot_msgs/local_setup.dsv
[1.245s] -- Installing: /home/ubuntu/magician_ros2_control_system_ws/install/dobot_msgs/share/dobot_msgs/package.dsv
[1.245s] -- Up-to-date: /home/ubuntu/magician_ros2_control_system_ws/install/dobot_msgs/share/ament_index/resource_index/packages/dobot_msgs
[1.245s] -- Up-to-date: /home/ubuntu/magician_ros2_control_system_ws/install/dobot_msgs/share/dobot_msgs/cmake/export_dobot_msgs__rosidl_generator_cExport.cmake
[1.245s] -- Up-to-date: /home/ubuntu/magician_ros2_control_system_ws/install/dobot_msgs/share/dobot_msgs/cmake/export_dobot_msgs__rosidl_generator_cExport-noconfig.cmake
[1.245s] -- Up-to-date: /home/ubuntu/magician_ros2_control_system_ws/install/dobot_msgs/share/dobot_msgs/cmake/export_dobot_msgs__rosidl_typesupport_fastrtps_cExport.cmake
[1.245s] -- Up-to-date: /home/ubuntu/magician_ros2_control_system_ws/install/dobot_msgs/share/dobot_msgs/cmake/export_dobot_msgs__rosidl_typesupport_fastrtps_cExport-noconfig.cmake
[1.246s] -- Up-to-date: /home/ubuntu/magician_ros2_control_system_ws/install/dobot_msgs/share/dobot_msgs/cmake/dobot_msgs__rosidl_typesupport_introspection_cExport.cmake
[1.246s] -- Up-to-date: /home/ubuntu/magician_ros2_control_system_ws/install/dobot_msgs/share/dobot_msgs/cmake/dobot_msgs__rosidl_typesupport_introspection_cExport-noconfig.cmake
[1.246s] -- Up-to-date: /home/ubuntu/magician_ros2_control_system_ws/install/dobot_msgs/share/dobot_msgs/cmake/dobot_msgs__rosidl_typesupport_cExport.cmake
[1.246s] -- Up-to-date: /home/ubuntu/magician_ros2_control_system_ws/install/dobot_msgs/share/dobot_msgs/cmake/dobot_msgs__rosidl_typesupport_cExport-noconfig.cmake
[1.247s] -- Up-to-date: /home/ubuntu/magician_ros2_control_system_ws/install/dobot_msgs/share/dobot_msgs/cmake/export_dobot_msgs__rosidl_generator_cppExport.cmake
[1.247s] -- Up-to-date: /home/ubuntu/magician_ros2_control_system_ws/install/dobot_msgs/share/dobot_msgs/cmake/export_dobot_msgs__rosidl_typesupport_fastrtps_cppExport.cmake
[1.247s] -- Up-to-date: /home/ubuntu/magician_ros2_control_system_ws/install/dobot_msgs/share/dobot_msgs/cmake/export_dobot_msgs__rosidl_typesupport_fastrtps_cppExport-noconfig.cmake
[1.247s] -- Up-to-date: /home/ubuntu/magician_ros2_control_system_ws/install/dobot_msgs/share/dobot_msgs/cmake/dobot_msgs__rosidl_typesupport_introspection_cppExport.cmake
[1.247s] -- Up-to-date: /home/ubuntu/magician_ros2_control_system_ws/install/dobot_msgs/share/dobot_msgs/cmake/dobot_msgs__rosidl_typesupport_introspection_cppExport-noconfig.cmake
[1.248s] -- Up-to-date: /home/ubuntu/magician_ros2_control_system_ws/install/dobot_msgs/share/dobot_msgs/cmake/dobot_msgs__rosidl_typesupport_cppExport.cmake
[1.248s] -- Up-to-date: /home/ubuntu/magician_ros2_control_system_ws/install/dobot_msgs/share/dobot_msgs/cmake/dobot_msgs__rosidl_typesupport_cppExport-noconfig.cmake
[1.248s] -- Up-to-date: /home/ubuntu/magician_ros2_control_system_ws/install/dobot_msgs/share/dobot_msgs/cmake/export_dobot_msgs__rosidl_generator_pyExport.cmake
[1.248s] -- Up-to-date: /home/ubuntu/magician_ros2_control_system_ws/install/dobot_msgs/share/dobot_msgs/cmake/export_dobot_msgs__rosidl_generator_pyExport-noconfig.cmake
[1.248s] -- Up-to-date: /home/ubuntu/magician_ros2_control_system_ws/install/dobot_msgs/share/dobot_msgs/cmake/rosidl_cmake-extras.cmake
[1.248s] -- Up-to-date: /home/ubuntu/magician_ros2_control_system_ws/install/dobot_msgs/share/dobot_msgs/cmake/ament_cmake_export_dependencies-extras.cmake
[1.248s] -- Up-to-date: /home/ubuntu/magician_ros2_control_system_ws/install/dobot_msgs/share/dobot_msgs/cmake/ament_cmake_export_include_directories-extras.cmake
[1.249s] -- Up-to-date: /home/ubuntu/magician_ros2_control_system_ws/install/dobot_msgs/share/dobot_msgs/cmake/ament_cmake_export_libraries-extras.cmake
[1.249s] -- Up-to-date: /home/ubuntu/magician_ros2_control_system_ws/install/dobot_msgs/share/dobot_msgs/cmake/ament_cmake_export_targets-extras.cmake
[1.249s] -- Up-to-date: /home/ubuntu/magician_ros2_control_system_ws/install/dobot_msgs/share/dobot_msgs/cmake/rosidl_cmake_export_typesupport_targets-extras.cmake
[1.249s] -- Up-to-date: /home/ubuntu/magician_ros2_control_system_ws/install/dobot_msgs/share/dobot_msgs/cmake/rosidl_cmake_export_typesupport_libraries-extras.cmake
[1.249s] -- Up-to-date: /home/ubuntu/magician_ros2_control_system_ws/install/dobot_msgs/share/dobot_msgs/cmake/dobot_msgsConfig.cmake
[1.249s] -- Up-to-date: /home/ubuntu/magician_ros2_control_system_ws/install/dobot_msgs/share/dobot_msgs/cmake/dobot_msgsConfig-version.cmake
[1.249s] -- Up-to-date: /home/ubuntu/magician_ros2_control_system_ws/install/dobot_msgs/share/dobot_msgs/package.xml
[1.251s] Invoked command in '/home/ubuntu/magician_ros2_control_system_ws/build/dobot_msgs' returned '0': CMAKE_PREFIX_PATH=${CMAKE_PREFIX_PATH}:/home/ubuntu/magician_ros2_control_system_ws/install/interate_prac:/home/ubuntu/magician_ros2_control_system_ws/install/gyeong_pkg:/home/ubuntu/magician_ros2_control_system_ws/install/dobot_visualization_tools:/home/ubuntu/magician_ros2_control_system_ws/install/dobot_state_updater:/home/ubuntu/magician_ros2_control_system_ws/install/dobot_motion:/home/ubuntu/magician_ros2_control_system_ws/install/dobot_kinematics:/home/ubuntu/magician_ros2_control_system_ws/install/dobot_homing:/home/ubuntu/magician_ros2_control_system_ws/install/dobot_end_effector:/home/ubuntu/magician_ros2_control_system_ws/install/dobot_diagnostics:/home/ubuntu/magician_ros2_control_system_ws/install/dobot_demos:/home/ubuntu/magician_ros2_control_system_ws/install/dobot_control_panel:/home/ubuntu/magician_ros2_control_system_ws/install/dobot_bringup:/opt/ros/humble /usr/bin/cmake --install /home/ubuntu/magician_ros2_control_system_ws/build/dobot_msgs
