[1.945s] Invoking command in '/home/ubuntu/magician_ros2_control_system_ws/src/dobot_diagnostics': PYTHONPATH=/home/ubuntu/magician_ros2_control_system_ws/build/dobot_diagnostics/prefix_override:/usr/lib/python3/dist-packages/colcon_core/task/python/colcon_distutils_commands:/home/ubuntu/magician_ros2_control_system_ws/install/dobot_diagnostics/lib/python3.10/site-packages:${PYTHONPATH} /usr/bin/python3 -W ignore:setup.py install is deprecated setup.py egg_info --egg-base ../../build/dobot_diagnostics build --build-base /home/ubuntu/magician_ros2_control_system_ws/build/dobot_diagnostics/build install --record /home/ubuntu/magician_ros2_control_system_ws/build/dobot_diagnostics/install.log --single-version-externally-managed install_data
[2.162s] running egg_info
[2.162s] writing ../../build/dobot_diagnostics/dobot_diagnostics.egg-info/PKG-INFO
[2.162s] writing dependency_links to ../../build/dobot_diagnostics/dobot_diagnostics.egg-info/dependency_links.txt
[2.162s] writing entry points to ../../build/dobot_diagnostics/dobot_diagnostics.egg-info/entry_points.txt
[2.162s] writing requirements to ../../build/dobot_diagnostics/dobot_diagnostics.egg-info/requires.txt
[2.163s] writing top-level names to ../../build/dobot_diagnostics/dobot_diagnostics.egg-info/top_level.txt
[2.164s] reading manifest file '../../build/dobot_diagnostics/dobot_diagnostics.egg-info/SOURCES.txt'
[2.165s] writing manifest file '../../build/dobot_diagnostics/dobot_diagnostics.egg-info/SOURCES.txt'
[2.165s] running build
[2.165s] running build_py
[2.165s] running install
[2.165s] running install_lib
[2.166s] running install_data
[2.167s] running install_egg_info
[2.168s] removing '/home/ubuntu/magician_ros2_control_system_ws/install/dobot_diagnostics/lib/python3.10/site-packages/dobot_diagnostics-1.0.0-py3.10.egg-info' (and everything under it)
[2.168s] Copying ../../build/dobot_diagnostics/dobot_diagnostics.egg-info to /home/ubuntu/magician_ros2_control_system_ws/install/dobot_diagnostics/lib/python3.10/site-packages/dobot_diagnostics-1.0.0-py3.10.egg-info
[2.169s] running install_scripts
[2.185s] Installing alarms_parser script to /home/ubuntu/magician_ros2_control_system_ws/install/dobot_diagnostics/lib/dobot_diagnostics
[2.186s] writing list of installed files to '/home/ubuntu/magician_ros2_control_system_ws/build/dobot_diagnostics/install.log'
[2.229s] Invoked command in '/home/ubuntu/magician_ros2_control_system_ws/src/dobot_diagnostics' returned '0': PYTHONPATH=/home/ubuntu/magician_ros2_control_system_ws/build/dobot_diagnostics/prefix_override:/usr/lib/python3/dist-packages/colcon_core/task/python/colcon_distutils_commands:/home/ubuntu/magician_ros2_control_system_ws/install/dobot_diagnostics/lib/python3.10/site-packages:${PYTHONPATH} /usr/bin/python3 -W ignore:setup.py install is deprecated setup.py egg_info --egg-base ../../build/dobot_diagnostics build --build-base /home/ubuntu/magician_ros2_control_system_ws/build/dobot_diagnostics/build install --record /home/ubuntu/magician_ros2_control_system_ws/build/dobot_diagnostics/install.log --single-version-externally-managed install_data
