[1.659s] Invoking command in '/home/ubuntu/magician_ros2_control_system_ws/src/dobot_kinematics': AMENT_PREFIX_PATH=/home/ubuntu/magician_ros2_control_system_ws/install/dobot_msgs:${AMENT_PREFIX_PATH} CMAKE_PREFIX_PATH=/home/ubuntu/magician_ros2_control_system_ws/install/dobot_msgs LD_LIBRARY_PATH=/home/ubuntu/magician_ros2_control_system_ws/install/dobot_msgs/lib:${LD_LIBRARY_PATH} PYTHONPATH=/home/ubuntu/magician_ros2_control_system_ws/build/dobot_kinematics/prefix_override:/usr/lib/python3/dist-packages/colcon_core/task/python/colcon_distutils_commands:/home/ubuntu/magician_ros2_control_system_ws/install/dobot_kinematics/lib/python3.10/site-packages:/home/ubuntu/magician_ros2_control_system_ws/install/dobot_msgs/local/lib/python3.10/dist-packages:${PYTHONPATH} /usr/bin/python3 -W ignore:setup.py install is deprecated setup.py egg_info --egg-base ../../build/dobot_kinematics build --build-base /home/ubuntu/magician_ros2_control_system_ws/build/dobot_kinematics/build install --record /home/ubuntu/magician_ros2_control_system_ws/build/dobot_kinematics/install.log --single-version-externally-managed install_data
[1.853s] running egg_info
[1.853s] creating ../../build/dobot_kinematics/dobot_kinematics.egg-info
[1.854s] writing ../../build/dobot_kinematics/dobot_kinematics.egg-info/PKG-INFO
[1.854s] writing dependency_links to ../../build/dobot_kinematics/dobot_kinematics.egg-info/dependency_links.txt
[1.854s] writing entry points to ../../build/dobot_kinematics/dobot_kinematics.egg-info/entry_points.txt
[1.854s] writing requirements to ../../build/dobot_kinematics/dobot_kinematics.egg-info/requires.txt
[1.855s] writing top-level names to ../../build/dobot_kinematics/dobot_kinematics.egg-info/top_level.txt
[1.855s] writing manifest file '../../build/dobot_kinematics/dobot_kinematics.egg-info/SOURCES.txt'
[1.855s] reading manifest file '../../build/dobot_kinematics/dobot_kinematics.egg-info/SOURCES.txt'
[1.855s] writing manifest file '../../build/dobot_kinematics/dobot_kinematics.egg-info/SOURCES.txt'
[1.855s] running build
[1.855s] running build_py
[1.855s] creating /home/ubuntu/magician_ros2_control_system_ws/build/dobot_kinematics/build
[1.856s] creating /home/ubuntu/magician_ros2_control_system_ws/build/dobot_kinematics/build/lib
[1.856s] creating /home/ubuntu/magician_ros2_control_system_ws/build/dobot_kinematics/build/lib/dobot_kinematics
[1.856s] copying dobot_kinematics/__init__.py -> /home/ubuntu/magician_ros2_control_system_ws/build/dobot_kinematics/build/lib/dobot_kinematics
[1.856s] copying dobot_kinematics/trajectory_validator_server.py -> /home/ubuntu/magician_ros2_control_system_ws/build/dobot_kinematics/build/lib/dobot_kinematics
[1.856s] copying dobot_kinematics/dobot_inv_kin.py -> /home/ubuntu/magician_ros2_control_system_ws/build/dobot_kinematics/build/lib/dobot_kinematics
[1.856s] copying dobot_kinematics/dobot_forward_kin.py -> /home/ubuntu/magician_ros2_control_system_ws/build/dobot_kinematics/build/lib/dobot_kinematics
[1.857s] copying dobot_kinematics/trajectory_validator_client.py -> /home/ubuntu/magician_ros2_control_system_ws/build/dobot_kinematics/build/lib/dobot_kinematics
[1.857s] copying dobot_kinematics/collision_utils.py -> /home/ubuntu/magician_ros2_control_system_ws/build/dobot_kinematics/build/lib/dobot_kinematics
[1.857s] copying dobot_kinematics/collision_detection_server.py -> /home/ubuntu/magician_ros2_control_system_ws/build/dobot_kinematics/build/lib/dobot_kinematics
[1.857s] running install
[1.857s] running install_lib
[1.857s] creating /home/ubuntu/magician_ros2_control_system_ws/install/dobot_kinematics/lib/python3.10/site-packages/dobot_kinematics
[1.857s] copying /home/ubuntu/magician_ros2_control_system_ws/build/dobot_kinematics/build/lib/dobot_kinematics/__init__.py -> /home/ubuntu/magician_ros2_control_system_ws/install/dobot_kinematics/lib/python3.10/site-packages/dobot_kinematics
[1.857s] copying /home/ubuntu/magician_ros2_control_system_ws/build/dobot_kinematics/build/lib/dobot_kinematics/trajectory_validator_server.py -> /home/ubuntu/magician_ros2_control_system_ws/install/dobot_kinematics/lib/python3.10/site-packages/dobot_kinematics
[1.857s] copying /home/ubuntu/magician_ros2_control_system_ws/build/dobot_kinematics/build/lib/dobot_kinematics/dobot_inv_kin.py -> /home/ubuntu/magician_ros2_control_system_ws/install/dobot_kinematics/lib/python3.10/site-packages/dobot_kinematics
[1.857s] copying /home/ubuntu/magician_ros2_control_system_ws/build/dobot_kinematics/build/lib/dobot_kinematics/dobot_forward_kin.py -> /home/ubuntu/magician_ros2_control_system_ws/install/dobot_kinematics/lib/python3.10/site-packages/dobot_kinematics
[1.858s] copying /home/ubuntu/magician_ros2_control_system_ws/build/dobot_kinematics/build/lib/dobot_kinematics/trajectory_validator_client.py -> /home/ubuntu/magician_ros2_control_system_ws/install/dobot_kinematics/lib/python3.10/site-packages/dobot_kinematics
[1.858s] copying /home/ubuntu/magician_ros2_control_system_ws/build/dobot_kinematics/build/lib/dobot_kinematics/collision_utils.py -> /home/ubuntu/magician_ros2_control_system_ws/install/dobot_kinematics/lib/python3.10/site-packages/dobot_kinematics
[1.858s] copying /home/ubuntu/magician_ros2_control_system_ws/build/dobot_kinematics/build/lib/dobot_kinematics/collision_detection_server.py -> /home/ubuntu/magician_ros2_control_system_ws/install/dobot_kinematics/lib/python3.10/site-packages/dobot_kinematics
[1.858s] byte-compiling /home/ubuntu/magician_ros2_control_system_ws/install/dobot_kinematics/lib/python3.10/site-packages/dobot_kinematics/__init__.py to __init__.cpython-310.pyc
[1.858s] byte-compiling /home/ubuntu/magician_ros2_control_system_ws/install/dobot_kinematics/lib/python3.10/site-packages/dobot_kinematics/trajectory_validator_server.py to trajectory_validator_server.cpython-310.pyc
[1.858s] byte-compiling /home/ubuntu/magician_ros2_control_system_ws/install/dobot_kinematics/lib/python3.10/site-packages/dobot_kinematics/dobot_inv_kin.py to dobot_inv_kin.cpython-310.pyc
[1.858s] byte-compiling /home/ubuntu/magician_ros2_control_system_ws/install/dobot_kinematics/lib/python3.10/site-packages/dobot_kinematics/dobot_forward_kin.py to dobot_forward_kin.cpython-310.pyc
[1.858s] byte-compiling /home/ubuntu/magician_ros2_control_system_ws/install/dobot_kinematics/lib/python3.10/site-packages/dobot_kinematics/trajectory_validator_client.py to trajectory_validator_client.cpython-310.pyc
[1.858s] byte-compiling /home/ubuntu/magician_ros2_control_system_ws/install/dobot_kinematics/lib/python3.10/site-packages/dobot_kinematics/collision_utils.py to collision_utils.cpython-310.pyc
[1.859s] byte-compiling /home/ubuntu/magician_ros2_control_system_ws/install/dobot_kinematics/lib/python3.10/site-packages/dobot_kinematics/collision_detection_server.py to collision_detection_server.cpython-310.pyc
[1.859s] running install_data
[1.859s] creating /home/ubuntu/magician_ros2_control_system_ws/install/dobot_kinematics/share/ament_index
[1.860s] creating /home/ubuntu/magician_ros2_control_system_ws/install/dobot_kinematics/share/ament_index/resource_index
[1.860s] creating /home/ubuntu/magician_ros2_control_system_ws/install/dobot_kinematics/share/ament_index/resource_index/packages
[1.860s] copying resource/dobot_kinematics -> /home/ubuntu/magician_ros2_control_system_ws/install/dobot_kinematics/share/ament_index/resource_index/packages
[1.860s] copying package.xml -> /home/ubuntu/magician_ros2_control_system_ws/install/dobot_kinematics/share/dobot_kinematics
[1.860s] copying launch/dobot_validate_trajectory.launch.py -> /home/ubuntu/magician_ros2_control_system_ws/install/dobot_kinematics/share/dobot_kinematics
[1.860s] creating /home/ubuntu/magician_ros2_control_system_ws/install/dobot_kinematics/share/dobot_kinematics/config
[1.860s] copying config/axis_limits.yaml -> /home/ubuntu/magician_ros2_control_system_ws/install/dobot_kinematics/share/dobot_kinematics/config
[1.860s] running install_egg_info
[1.861s] Copying ../../build/dobot_kinematics/dobot_kinematics.egg-info to /home/ubuntu/magician_ros2_control_system_ws/install/dobot_kinematics/lib/python3.10/site-packages/dobot_kinematics-1.0.0-py3.10.egg-info
[1.861s] running install_scripts
[1.875s] Installing trajectory_validator_client script to /home/ubuntu/magician_ros2_control_system_ws/install/dobot_kinematics/lib/dobot_kinematics
[1.875s] Installing trajectory_validator_server script to /home/ubuntu/magician_ros2_control_system_ws/install/dobot_kinematics/lib/dobot_kinematics
[1.875s] writing list of installed files to '/home/ubuntu/magician_ros2_control_system_ws/build/dobot_kinematics/install.log'
[1.896s] Invoked command in '/home/ubuntu/magician_ros2_control_system_ws/src/dobot_kinematics' returned '0': AMENT_PREFIX_PATH=/home/ubuntu/magician_ros2_control_system_ws/install/dobot_msgs:${AMENT_PREFIX_PATH} CMAKE_PREFIX_PATH=/home/ubuntu/magician_ros2_control_system_ws/install/dobot_msgs LD_LIBRARY_PATH=/home/ubuntu/magician_ros2_control_system_ws/install/dobot_msgs/lib:${LD_LIBRARY_PATH} PYTHONPATH=/home/ubuntu/magician_ros2_control_system_ws/build/dobot_kinematics/prefix_override:/usr/lib/python3/dist-packages/colcon_core/task/python/colcon_distutils_commands:/home/ubuntu/magician_ros2_control_system_ws/install/dobot_kinematics/lib/python3.10/site-packages:/home/ubuntu/magician_ros2_control_system_ws/install/dobot_msgs/local/lib/python3.10/dist-packages:${PYTHONPATH} /usr/bin/python3 -W ignore:setup.py install is deprecated setup.py egg_info --egg-base ../../build/dobot_kinematics build --build-base /home/ubuntu/magician_ros2_control_system_ws/build/dobot_kinematics/build install --record /home/ubuntu/magician_ros2_control_system_ws/build/dobot_kinematics/install.log --single-version-externally-managed install_data
