[1.580s] Invoking command in '/home/ubuntu/magician_ros2_control_system_ws/src/dobot_state_updater': PYTHONPATH=/home/ubuntu/magician_ros2_control_system_ws/build/dobot_state_updater/prefix_override:/usr/lib/python3/dist-packages/colcon_core/task/python/colcon_distutils_commands:/home/ubuntu/magician_ros2_control_system_ws/install/dobot_state_updater/lib/python3.10/site-packages:${PYTHONPATH} /usr/bin/python3 -W ignore:setup.py install is deprecated setup.py egg_info --egg-base ../../build/dobot_state_updater build --build-base /home/ubuntu/magician_ros2_control_system_ws/build/dobot_state_updater/build install --record /home/ubuntu/magician_ros2_control_system_ws/build/dobot_state_updater/install.log --single-version-externally-managed install_data
[1.755s] running egg_info
[1.756s] writing ../../build/dobot_state_updater/dobot_state_updater.egg-info/PKG-INFO
[1.756s] writing dependency_links to ../../build/dobot_state_updater/dobot_state_updater.egg-info/dependency_links.txt
[1.756s] writing entry points to ../../build/dobot_state_updater/dobot_state_updater.egg-info/entry_points.txt
[1.756s] writing requirements to ../../build/dobot_state_updater/dobot_state_updater.egg-info/requires.txt
[1.756s] writing top-level names to ../../build/dobot_state_updater/dobot_state_updater.egg-info/top_level.txt
[1.759s] reading manifest file '../../build/dobot_state_updater/dobot_state_updater.egg-info/SOURCES.txt'
[1.759s] writing manifest file '../../build/dobot_state_updater/dobot_state_updater.egg-info/SOURCES.txt'
[1.760s] running build
[1.760s] running build_py
[1.760s] running install
[1.760s] running install_lib
[1.760s] running install_data
[1.760s] running install_egg_info
[1.760s] removing '/home/ubuntu/magician_ros2_control_system_ws/install/dobot_state_updater/lib/python3.10/site-packages/dobot_state_updater-1.0.0-py3.10.egg-info' (and everything under it)
[1.761s] Copying ../../build/dobot_state_updater/dobot_state_updater.egg-info to /home/ubuntu/magician_ros2_control_system_ws/install/dobot_state_updater/lib/python3.10/site-packages/dobot_state_updater-1.0.0-py3.10.egg-info
[1.761s] running install_scripts
[1.783s] Installing state_publisher script to /home/ubuntu/magician_ros2_control_system_ws/install/dobot_state_updater/lib/dobot_state_updater
[1.783s] writing list of installed files to '/home/ubuntu/magician_ros2_control_system_ws/build/dobot_state_updater/install.log'
[1.809s] Invoked command in '/home/ubuntu/magician_ros2_control_system_ws/src/dobot_state_updater' returned '0': PYTHONPATH=/home/ubuntu/magician_ros2_control_system_ws/build/dobot_state_updater/prefix_override:/usr/lib/python3/dist-packages/colcon_core/task/python/colcon_distutils_commands:/home/ubuntu/magician_ros2_control_system_ws/install/dobot_state_updater/lib/python3.10/site-packages:${PYTHONPATH} /usr/bin/python3 -W ignore:setup.py install is deprecated setup.py egg_info --egg-base ../../build/dobot_state_updater build --build-base /home/ubuntu/magician_ros2_control_system_ws/build/dobot_state_updater/build install --record /home/ubuntu/magician_ros2_control_system_ws/build/dobot_state_updater/install.log --single-version-externally-managed install_data
