[1.628s] Invoking command in '/home/ubuntu/magician_ros2_control_system_ws/src/dobot_kinematics': PYTHONPATH=/home/ubuntu/magician_ros2_control_system_ws/build/dobot_kinematics/prefix_override:/usr/lib/python3/dist-packages/colcon_core/task/python/colcon_distutils_commands:/home/ubuntu/magician_ros2_control_system_ws/install/dobot_kinematics/lib/python3.10/site-packages:${PYTHONPATH} /usr/bin/python3 -W ignore:setup.py install is deprecated setup.py egg_info --egg-base ../../build/dobot_kinematics build --build-base /home/ubuntu/magician_ros2_control_system_ws/build/dobot_kinematics/build install --record /home/ubuntu/magician_ros2_control_system_ws/build/dobot_kinematics/install.log --single-version-externally-managed install_data
[1.798s] running egg_info
[1.798s] writing ../../build/dobot_kinematics/dobot_kinematics.egg-info/PKG-INFO
[1.799s] writing dependency_links to ../../build/dobot_kinematics/dobot_kinematics.egg-info/dependency_links.txt
[1.799s] writing entry points to ../../build/dobot_kinematics/dobot_kinematics.egg-info/entry_points.txt
[1.799s] writing requirements to ../../build/dobot_kinematics/dobot_kinematics.egg-info/requires.txt
[1.799s] writing top-level names to ../../build/dobot_kinematics/dobot_kinematics.egg-info/top_level.txt
[1.800s] reading manifest file '../../build/dobot_kinematics/dobot_kinematics.egg-info/SOURCES.txt'
[1.800s] writing manifest file '../../build/dobot_kinematics/dobot_kinematics.egg-info/SOURCES.txt'
[1.801s] running build
[1.801s] running build_py
[1.801s] running install
[1.801s] running install_lib
[1.802s] running install_data
[1.802s] running install_egg_info
[1.803s] removing '/home/ubuntu/magician_ros2_control_system_ws/install/dobot_kinematics/lib/python3.10/site-packages/dobot_kinematics-1.0.0-py3.10.egg-info' (and everything under it)
[1.803s] Copying ../../build/dobot_kinematics/dobot_kinematics.egg-info to /home/ubuntu/magician_ros2_control_system_ws/install/dobot_kinematics/lib/python3.10/site-packages/dobot_kinematics-1.0.0-py3.10.egg-info
[1.803s] running install_scripts
[1.817s] Installing trajectory_validator_client script to /home/ubuntu/magician_ros2_control_system_ws/install/dobot_kinematics/lib/dobot_kinematics
[1.817s] Installing trajectory_validator_server script to /home/ubuntu/magician_ros2_control_system_ws/install/dobot_kinematics/lib/dobot_kinematics
[1.817s] writing list of installed files to '/home/ubuntu/magician_ros2_control_system_ws/build/dobot_kinematics/install.log'
[1.836s] Invoked command in '/home/ubuntu/magician_ros2_control_system_ws/src/dobot_kinematics' returned '0': PYTHONPATH=/home/ubuntu/magician_ros2_control_system_ws/build/dobot_kinematics/prefix_override:/usr/lib/python3/dist-packages/colcon_core/task/python/colcon_distutils_commands:/home/ubuntu/magician_ros2_control_system_ws/install/dobot_kinematics/lib/python3.10/site-packages:${PYTHONPATH} /usr/bin/python3 -W ignore:setup.py install is deprecated setup.py egg_info --egg-base ../../build/dobot_kinematics build --build-base /home/ubuntu/magician_ros2_control_system_ws/build/dobot_kinematics/build install --record /home/ubuntu/magician_ros2_control_system_ws/build/dobot_kinematics/install.log --single-version-externally-managed install_data
