[  1%] [34m[1mGenerating C code for ROS interfaces[0m
[  2%] [34m[1mGenerating C++ code for ROS interfaces[0m
[  2%] Built target ament_cmake_python_copy_dobot_msgs
running egg_info
creating dobot_msgs.egg-info
writing dobot_msgs.egg-info/PKG-INFO
writing dependency_links to dobot_msgs.egg-info/dependency_links.txt
writing top-level names to dobot_msgs.egg-info/top_level.txt
writing manifest file 'dobot_msgs.egg-info/SOURCES.txt'
reading manifest file 'dobot_msgs.egg-info/SOURCES.txt'
[  2%] Built target dobot_msgs__cpp
[  3%] [32mBuilding C object CMakeFiles/dobot_msgs__rosidl_generator_c.dir/rosidl_generator_c/dobot_msgs/msg/detail/gripper_status__functions.c.o[0m
[  4%] [32mBuilding C object CMakeFiles/dobot_msgs__rosidl_generator_c.dir/rosidl_generator_c/dobot_msgs/srv/detail/execute_homing_procedure__functions.c.o[0m
[  5%] [32mBuilding C object CMakeFiles/dobot_msgs__rosidl_generator_c.dir/rosidl_generator_c/dobot_msgs/msg/detail/dobot_alarm_codes__functions.c.o[0m
[  6%] [32mBuilding C object CMakeFiles/dobot_msgs__rosidl_generator_c.dir/rosidl_generator_c/dobot_msgs/action/detail/sliding_rail__functions.c.o[0m
[  8%] [32mBuilding C object CMakeFiles/dobot_msgs__rosidl_generator_c.dir/rosidl_generator_c/dobot_msgs/action/detail/point_to_point__functions.c.o[0m
[  9%] [32mBuilding C object CMakeFiles/dobot_msgs__rosidl_generator_c.dir/rosidl_generator_c/dobot_msgs/srv/detail/gripper_control__functions.c.o[0m
[ 10%] [32mBuilding C object CMakeFiles/dobot_msgs__rosidl_generator_c.dir/rosidl_generator_c/dobot_msgs/srv/detail/suction_cup_control__functions.c.o[0m
[ 11%] [32mBuilding C object CMakeFiles/dobot_msgs__rosidl_generator_c.dir/rosidl_generator_c/dobot_msgs/srv/detail/evaluate_ptp_trajectory__functions.c.o[0m
[ 12%] [32m[1mLinking C shared library libdobot_msgs__rosidl_generator_c.so[0m
[ 12%] Built target dobot_msgs__rosidl_generator_c
