[1.227s] Invoking command in '/home/ubuntu/magician_ros2_control_system_ws/src/gyeong_pkg': PYTHONPATH=/home/ubuntu/magician_ros2_control_system_ws/build/gyeong_pkg/prefix_override:/usr/lib/python3/dist-packages/colcon_core/task/python/colcon_distutils_commands:/home/ubuntu/magician_ros2_control_system_ws/install/gyeong_pkg/lib/python3.10/site-packages:${PYTHONPATH} /usr/bin/python3 -W ignore:setup.py install is deprecated setup.py egg_info --egg-base ../../build/gyeong_pkg build --build-base /home/ubuntu/magician_ros2_control_system_ws/build/gyeong_pkg/build install --record /home/ubuntu/magician_ros2_control_system_ws/build/gyeong_pkg/install.log --single-version-externally-managed install_data
[1.381s] /home/ubuntu/.local/lib/python3.10/site-packages/setuptools/_distutils/dist.py:261: UserWarning: Unknown distribution option: 'tests_require'
[1.381s]   warnings.warn(msg)
[1.439s] running egg_info
[1.449s] creating ../../build/gyeong_pkg/gyeong_pkg.egg-info
[1.449s] writing ../../build/gyeong_pkg/gyeong_pkg.egg-info/PKG-INFO
[1.449s] writing dependency_links to ../../build/gyeong_pkg/gyeong_pkg.egg-info/dependency_links.txt
[1.449s] writing entry points to ../../build/gyeong_pkg/gyeong_pkg.egg-info/entry_points.txt
[1.449s] writing requirements to ../../build/gyeong_pkg/gyeong_pkg.egg-info/requires.txt
[1.449s] writing top-level names to ../../build/gyeong_pkg/gyeong_pkg.egg-info/top_level.txt
[1.449s] writing manifest file '../../build/gyeong_pkg/gyeong_pkg.egg-info/SOURCES.txt'
[1.469s] reading manifest file '../../build/gyeong_pkg/gyeong_pkg.egg-info/SOURCES.txt'
[1.469s] Traceback (most recent call last):
[1.469s]   File "/home/ubuntu/magician_ros2_control_system_ws/src/gyeong_pkg/setup.py", line 7, in <module>
[1.469s]     setup(
[1.469s]   File "/home/ubuntu/.local/lib/python3.10/site-packages/setuptools/__init__.py", line 117, in setup
[1.469s]     return distutils.core.setup(**attrs)
[1.469s]   File "/home/ubuntu/.local/lib/python3.10/site-packages/setuptools/_distutils/core.py", line 183, in setup
[1.470s]     return run_commands(dist)
[1.470s]   File "/home/ubuntu/.local/lib/python3.10/site-packages/setuptools/_distutils/core.py", line 199, in run_commands
[1.470s]     dist.run_commands()
[1.470s]   File "/home/ubuntu/.local/lib/python3.10/site-packages/setuptools/_distutils/dist.py", line 954, in run_commands
[1.470s]     self.run_command(cmd)
[1.470s]   File "/home/ubuntu/.local/lib/python3.10/site-packages/setuptools/dist.py", line 994, in run_command
[1.470s]     super().run_command(command)
[1.470s]   File "/home/ubuntu/.local/lib/python3.10/site-packages/setuptools/_distutils/dist.py", line 973, in run_command
[1.470s]     cmd_obj.run()
[1.470s]   File "/home/ubuntu/.local/lib/python3.10/site-packages/setuptools/command/egg_info.py", line 312, in run
[1.470s]     self.find_sources()
[1.470s]   File "/home/ubuntu/.local/lib/python3.10/site-packages/setuptools/command/egg_info.py", line 320, in find_sources
[1.470s]     mm.run()
[1.470s]   File "/home/ubuntu/.local/lib/python3.10/site-packages/setuptools/command/egg_info.py", line 548, in run
[1.471s]     self.prune_file_list()
[1.471s]   File "/home/ubuntu/.local/lib/python3.10/site-packages/setuptools/command/sdist.py", line 162, in prune_file_list
[1.471s]     super().prune_file_list()
[1.471s]   File "/home/ubuntu/.local/lib/python3.10/site-packages/setuptools/_distutils/command/sdist.py", line 380, in prune_file_list
[1.471s]     base_dir = self.distribution.get_fullname()
[1.471s]   File "/home/ubuntu/.local/lib/python3.10/site-packages/setuptools/_core_metadata.py", line 267, in get_fullname
[1.471s]     return _distribution_fullname(self.get_name(), self.get_version())
[1.471s]   File "/home/ubuntu/.local/lib/python3.10/site-packages/setuptools/_core_metadata.py", line 285, in _distribution_fullname
[1.471s]     canonicalize_version(version, strip_trailing_zero=False),
[1.471s] TypeError: canonicalize_version() got an unexpected keyword argument 'strip_trailing_zero'
