Built target ament_cmake_python_copy_dobot_driver
running egg_info
writing dobot_driver.egg-info/PKG-INFO
writing dependency_links to dobot_driver.egg-info/dependency_links.txt
writing top-level names to dobot_driver.egg-info/top_level.txt
reading manifest file 'dobot_driver.egg-info/SOURCES.txt'
writing manifest file 'dobot_driver.egg-info/SOURCES.txt'
Built target ament_cmake_python_build_dobot_driver_egg
-- Install configuration: ""
-- Installing: /home/ubuntu/magician_ros2_control_system_ws/install/dobot_driver/share/dobot_driver/environment/pythonpath.sh
-- Installing: /home/ubuntu/magician_ros2_control_system_ws/install/dobot_driver/share/dobot_driver/environment/pythonpath.dsv
-- Installing: /home/ubuntu/magician_ros2_control_system_ws/install/dobot_driver/local/lib/python3.10/dist-packages/dobot_driver-1.0.0-py3.10.egg-info
-- Installing: /home/ubuntu/magician_ros2_control_system_ws/install/dobot_driver/local/lib/python3.10/dist-packages/dobot_driver-1.0.0-py3.10.egg-info/SOURCES.txt
-- Installing: /home/ubuntu/magician_ros2_control_system_ws/install/dobot_driver/local/lib/python3.10/dist-packages/dobot_driver-1.0.0-py3.10.egg-info/dependency_links.txt
-- Installing: /home/ubuntu/magician_ros2_control_system_ws/install/dobot_driver/local/lib/python3.10/dist-packages/dobot_driver-1.0.0-py3.10.egg-info/PKG-INFO
-- Installing: /home/ubuntu/magician_ros2_control_system_ws/install/dobot_driver/local/lib/python3.10/dist-packages/dobot_driver-1.0.0-py3.10.egg-info/top_level.txt
-- Installing: /home/ubuntu/magician_ros2_control_system_ws/install/dobot_driver/local/lib/python3.10/dist-packages/dobot_driver
-- Installing: /home/ubuntu/magician_ros2_control_system_ws/install/dobot_driver/local/lib/python3.10/dist-packages/dobot_driver/__init__.py
-- Installing: /home/ubuntu/magician_ros2_control_system_ws/install/dobot_driver/local/lib/python3.10/dist-packages/dobot_driver/parsers.py
-- Installing: /home/ubuntu/magician_ros2_control_system_ws/install/dobot_driver/local/lib/python3.10/dist-packages/dobot_driver/interface.py
-- Installing: /home/ubuntu/magician_ros2_control_system_ws/install/dobot_driver/local/lib/python3.10/dist-packages/dobot_driver/dobot_handle.py
-- Installing: /home/ubuntu/magician_ros2_control_system_ws/install/dobot_driver/local/lib/python3.10/dist-packages/dobot_driver/message.py
Listing '/home/ubuntu/magician_ros2_control_system_ws/install/dobot_driver/local/lib/python3.10/dist-packages/dobot_driver'...
Compiling '/home/ubuntu/magician_ros2_control_system_ws/install/dobot_driver/local/lib/python3.10/dist-packages/dobot_driver/__init__.py'...
Compiling '/home/ubuntu/magician_ros2_control_system_ws/install/dobot_driver/local/lib/python3.10/dist-packages/dobot_driver/dobot_handle.py'...
Compiling '/home/ubuntu/magician_ros2_control_system_ws/install/dobot_driver/local/lib/python3.10/dist-packages/dobot_driver/interface.py'...
Compiling '/home/ubuntu/magician_ros2_control_system_ws/install/dobot_driver/local/lib/python3.10/dist-packages/dobot_driver/message.py'...
Compiling '/home/ubuntu/magician_ros2_control_system_ws/install/dobot_driver/local/lib/python3.10/dist-packages/dobot_driver/parsers.py'...
-- Installing: /home/ubuntu/magician_ros2_control_system_ws/install/dobot_driver/share/ament_index/resource_index/package_run_dependencies/dobot_driver
-- Installing: /home/ubuntu/magician_ros2_control_system_ws/install/dobot_driver/share/ament_index/resource_index/parent_prefix_path/dobot_driver
-- Installing: /home/ubuntu/magician_ros2_control_system_ws/install/dobot_driver/share/dobot_driver/environment/ament_prefix_path.sh
-- Installing: /home/ubuntu/magician_ros2_control_system_ws/install/dobot_driver/share/dobot_driver/environment/ament_prefix_path.dsv
-- Installing: /home/ubuntu/magician_ros2_control_system_ws/install/dobot_driver/share/dobot_driver/environment/path.sh
-- Installing: /home/ubuntu/magician_ros2_control_system_ws/install/dobot_driver/share/dobot_driver/environment/path.dsv
-- Installing: /home/ubuntu/magician_ros2_control_system_ws/install/dobot_driver/share/dobot_driver/local_setup.bash
-- Installing: /home/ubuntu/magician_ros2_control_system_ws/install/dobot_driver/share/dobot_driver/local_setup.sh
-- Installing: /home/ubuntu/magician_ros2_control_system_ws/install/dobot_driver/share/dobot_driver/local_setup.zsh
-- Installing: /home/ubuntu/magician_ros2_control_system_ws/install/dobot_driver/share/dobot_driver/local_setup.dsv
-- Installing: /home/ubuntu/magician_ros2_control_system_ws/install/dobot_driver/share/dobot_driver/package.dsv
-- Installing: /home/ubuntu/magician_ros2_control_system_ws/install/dobot_driver/share/ament_index/resource_index/packages/dobot_driver
-- Installing: /home/ubuntu/magician_ros2_control_system_ws/install/dobot_driver/share/dobot_driver/cmake/dobot_driverConfig.cmake
-- Installing: /home/ubuntu/magician_ros2_control_system_ws/install/dobot_driver/share/dobot_driver/cmake/dobot_driverConfig-version.cmake
-- Installing: /home/ubuntu/magician_ros2_control_system_ws/install/dobot_driver/share/dobot_driver/package.xml
