[1.319s] Invoking command in '/home/ubuntu/magician_ros2_control_system_ws/src/gyeong_pkg': PYTHONPATH=/home/ubuntu/magician_ros2_control_system_ws/build/gyeong_pkg/prefix_override:/usr/lib/python3/dist-packages/colcon_core/task/python/colcon_distutils_commands:/home/ubuntu/magician_ros2_control_system_ws/install/gyeong_pkg/lib/python3.10/site-packages:${PYTHONPATH} /usr/bin/python3 -W ignore:setup.py install is deprecated setup.py egg_info --egg-base ../../build/gyeong_pkg build --build-base /home/ubuntu/magician_ros2_control_system_ws/build/gyeong_pkg/build install --record /home/ubuntu/magician_ros2_control_system_ws/build/gyeong_pkg/install.log --single-version-externally-managed install_data
[1.555s] running egg_info
[1.555s] writing ../../build/gyeong_pkg/gyeong_pkg.egg-info/PKG-INFO
[1.556s] writing dependency_links to ../../build/gyeong_pkg/gyeong_pkg.egg-info/dependency_links.txt
[1.556s] writing entry points to ../../build/gyeong_pkg/gyeong_pkg.egg-info/entry_points.txt
[1.556s] writing requirements to ../../build/gyeong_pkg/gyeong_pkg.egg-info/requires.txt
[1.556s] writing top-level names to ../../build/gyeong_pkg/gyeong_pkg.egg-info/top_level.txt
[1.557s] reading manifest file '../../build/gyeong_pkg/gyeong_pkg.egg-info/SOURCES.txt'
[1.558s] writing manifest file '../../build/gyeong_pkg/gyeong_pkg.egg-info/SOURCES.txt'
[1.558s] running build
[1.558s] running build_py
[1.558s] copying gyeong_pkg/pie(notuse).py -> /home/ubuntu/magician_ros2_control_system_ws/build/gyeong_pkg/build/lib/gyeong_pkg
[1.559s] copying gyeong_pkg/mvrobotbydk(window_notuse).py -> /home/ubuntu/magician_ros2_control_system_ws/build/gyeong_pkg/build/lib/gyeong_pkg
[1.559s] copying gyeong_pkg/mvdkbyrobot.py -> /home/ubuntu/magician_ros2_control_system_ws/build/gyeong_pkg/build/lib/gyeong_pkg
[1.559s] copying gyeong_pkg/mvdkbyrobot(window_notuse).py -> /home/ubuntu/magician_ros2_control_system_ws/build/gyeong_pkg/build/lib/gyeong_pkg
[1.559s] copying gyeong_pkg/yolo_with_socket.py -> /home/ubuntu/magician_ros2_control_system_ws/build/gyeong_pkg/build/lib/gyeong_pkg
[1.559s] copying gyeong_pkg/mvrobotbydk.py -> /home/ubuntu/magician_ros2_control_system_ws/build/gyeong_pkg/build/lib/gyeong_pkg
[1.559s] copying gyeong_pkg/dobot_mv.py -> /home/ubuntu/magician_ros2_control_system_ws/build/gyeong_pkg/build/lib/gyeong_pkg
[1.559s] running install
[1.559s] running install_lib
[1.559s] copying /home/ubuntu/magician_ros2_control_system_ws/build/gyeong_pkg/build/lib/gyeong_pkg/pie(notuse).py -> /home/ubuntu/magician_ros2_control_system_ws/install/gyeong_pkg/lib/python3.10/site-packages/gyeong_pkg
[1.559s] copying /home/ubuntu/magician_ros2_control_system_ws/build/gyeong_pkg/build/lib/gyeong_pkg/mvrobotbydk(window_notuse).py -> /home/ubuntu/magician_ros2_control_system_ws/install/gyeong_pkg/lib/python3.10/site-packages/gyeong_pkg
[1.560s] copying /home/ubuntu/magician_ros2_control_system_ws/build/gyeong_pkg/build/lib/gyeong_pkg/mvdkbyrobot.py -> /home/ubuntu/magician_ros2_control_system_ws/install/gyeong_pkg/lib/python3.10/site-packages/gyeong_pkg
[1.560s] copying /home/ubuntu/magician_ros2_control_system_ws/build/gyeong_pkg/build/lib/gyeong_pkg/mvdkbyrobot(window_notuse).py -> /home/ubuntu/magician_ros2_control_system_ws/install/gyeong_pkg/lib/python3.10/site-packages/gyeong_pkg
[1.560s] copying /home/ubuntu/magician_ros2_control_system_ws/build/gyeong_pkg/build/lib/gyeong_pkg/yolo_with_socket.py -> /home/ubuntu/magician_ros2_control_system_ws/install/gyeong_pkg/lib/python3.10/site-packages/gyeong_pkg
[1.560s] copying /home/ubuntu/magician_ros2_control_system_ws/build/gyeong_pkg/build/lib/gyeong_pkg/mvrobotbydk.py -> /home/ubuntu/magician_ros2_control_system_ws/install/gyeong_pkg/lib/python3.10/site-packages/gyeong_pkg
[1.560s] copying /home/ubuntu/magician_ros2_control_system_ws/build/gyeong_pkg/build/lib/gyeong_pkg/dobot_mv.py -> /home/ubuntu/magician_ros2_control_system_ws/install/gyeong_pkg/lib/python3.10/site-packages/gyeong_pkg
[1.560s] byte-compiling /home/ubuntu/magician_ros2_control_system_ws/install/gyeong_pkg/lib/python3.10/site-packages/gyeong_pkg/pie(notuse).py to pie(notuse).cpython-310.pyc
[1.561s] byte-compiling /home/ubuntu/magician_ros2_control_system_ws/install/gyeong_pkg/lib/python3.10/site-packages/gyeong_pkg/mvrobotbydk(window_notuse).py to mvrobotbydk(window_notuse).cpython-310.pyc
[1.561s] byte-compiling /home/ubuntu/magician_ros2_control_system_ws/install/gyeong_pkg/lib/python3.10/site-packages/gyeong_pkg/mvdkbyrobot.py to mvdkbyrobot.cpython-310.pyc
[1.561s] byte-compiling /home/ubuntu/magician_ros2_control_system_ws/install/gyeong_pkg/lib/python3.10/site-packages/gyeong_pkg/mvdkbyrobot(window_notuse).py to mvdkbyrobot(window_notuse).cpython-310.pyc
[1.562s] byte-compiling /home/ubuntu/magician_ros2_control_system_ws/install/gyeong_pkg/lib/python3.10/site-packages/gyeong_pkg/yolo_with_socket.py to yolo_with_socket.cpython-310.pyc
[1.563s] byte-compiling /home/ubuntu/magician_ros2_control_system_ws/install/gyeong_pkg/lib/python3.10/site-packages/gyeong_pkg/mvrobotbydk.py to mvrobotbydk.cpython-310.pyc
[1.563s] byte-compiling /home/ubuntu/magician_ros2_control_system_ws/install/gyeong_pkg/lib/python3.10/site-packages/gyeong_pkg/dobot_mv.py to dobot_mv.cpython-310.pyc
[1.564s] running install_data
[1.564s] copying launch/test.launch.py -> /home/ubuntu/magician_ros2_control_system_ws/install/gyeong_pkg/share/gyeong_pkg
[1.564s] running install_egg_info
[1.565s] removing '/home/ubuntu/magician_ros2_control_system_ws/install/gyeong_pkg/lib/python3.10/site-packages/gyeong_pkg-0.0.0-py3.10.egg-info' (and everything under it)
[1.565s] Copying ../../build/gyeong_pkg/gyeong_pkg.egg-info to /home/ubuntu/magician_ros2_control_system_ws/install/gyeong_pkg/lib/python3.10/site-packages/gyeong_pkg-0.0.0-py3.10.egg-info
[1.566s] running install_scripts
[1.579s] Installing dobot_mv script to /home/ubuntu/magician_ros2_control_system_ws/install/gyeong_pkg/lib/gyeong_pkg
[1.579s] Installing mvdkbyrobot script to /home/ubuntu/magician_ros2_control_system_ws/install/gyeong_pkg/lib/gyeong_pkg
[1.579s] Installing mvrobotbydk script to /home/ubuntu/magician_ros2_control_system_ws/install/gyeong_pkg/lib/gyeong_pkg
[1.579s] Installing sock_yolo script to /home/ubuntu/magician_ros2_control_system_ws/install/gyeong_pkg/lib/gyeong_pkg
[1.579s] writing list of installed files to '/home/ubuntu/magician_ros2_control_system_ws/build/gyeong_pkg/install.log'
[2.790s] Invoked command in '/home/ubuntu/magician_ros2_control_system_ws/src/gyeong_pkg' returned '0': PYTHONPATH=/home/ubuntu/magician_ros2_control_system_ws/build/gyeong_pkg/prefix_override:/usr/lib/python3/dist-packages/colcon_core/task/python/colcon_distutils_commands:/home/ubuntu/magician_ros2_control_system_ws/install/gyeong_pkg/lib/python3.10/site-packages:${PYTHONPATH} /usr/bin/python3 -W ignore:setup.py install is deprecated setup.py egg_info --egg-base ../../build/gyeong_pkg build --build-base /home/ubuntu/magician_ros2_control_system_ws/build/gyeong_pkg/build install --record /home/ubuntu/magician_ros2_control_system_ws/build/gyeong_pkg/install.log --single-version-externally-managed install_data
