[0.025s] Invoking command in '/home/ubuntu/magician_ros2_control_system_ws/build/dobot_msgs': CMAKE_PREFIX_PATH=/opt/ros/humble /usr/bin/cmake --build /home/ubuntu/magician_ros2_control_system_ws/build/dobot_msgs -- -j20 -l20
[1.091s] [35m[1mConsolidate compiler generated dependencies of target dobot_msgs__rosidl_generator_c[0m
[1.091s] [  1%] Built target dobot_msgs__cpp
[1.091s] [ 12%] Built target dobot_msgs__rosidl_generator_c
[1.091s] [ 12%] Built target ament_cmake_python_copy_dobot_msgs
[1.091s] [ 13%] [34m[1mGenerating C type support dispatch for ROS interfaces[0m
[1.092s] [ 14%] [34m[1mGenerating C++ type support for eProsima Fast-RTPS[0m
[1.092s] [ 16%] [34m[1mGenerating C++ introspection for ROS interfaces[0m
[1.092s] [ 18%] [34m[1mGenerating C++ type support dispatch for ROS interfaces[0m
[1.092s] [ 18%] [34m[1mGenerating C type support for eProsima Fast-RTPS[0m
[1.092s] [ 19%] [34m[1mGenerating C introspection for ROS interfaces[0m
[1.092s] running egg_info
[1.092s] writing dobot_msgs.egg-info/PKG-INFO
[1.092s] writing dependency_links to dobot_msgs.egg-info/dependency_links.txt
[1.092s] writing top-level names to dobot_msgs.egg-info/top_level.txt
[1.092s] reading manifest file 'dobot_msgs.egg-info/SOURCES.txt'
[1.092s] writing manifest file 'dobot_msgs.egg-info/SOURCES.txt'
[1.092s] [ 19%] Built target ament_cmake_python_build_dobot_msgs_egg
[1.092s] [ 20%] [32mBuilding CXX object CMakeFiles/dobot_msgs__rosidl_typesupport_c.dir/rosidl_typesupport_c/dobot_msgs/action/sliding_rail__type_support.cpp.o[0m
[1.096s] [ 21%] [32mBuilding CXX object CMakeFiles/dobot_msgs__rosidl_typesupport_c.dir/rosidl_typesupport_c/dobot_msgs/msg/gripper_status__type_support.cpp.o[0m
[1.096s] [ 22%] [32mBuilding CXX object CMakeFiles/dobot_msgs__rosidl_typesupport_c.dir/rosidl_typesupport_c/dobot_msgs/action/point_to_point__type_support.cpp.o[0m
[1.096s] [ 24%] [32mBuilding CXX object CMakeFiles/dobot_msgs__rosidl_typesupport_c.dir/rosidl_typesupport_c/dobot_msgs/srv/execute_homing_procedure__type_support.cpp.o[0m
[1.096s] [ 25%] [32mBuilding CXX object CMakeFiles/dobot_msgs__rosidl_typesupport_c.dir/rosidl_typesupport_c/dobot_msgs/srv/gripper_control__type_support.cpp.o[0m
[1.096s] [ 26%] [32mBuilding CXX object CMakeFiles/dobot_msgs__rosidl_typesupport_c.dir/rosidl_typesupport_c/dobot_msgs/srv/suction_cup_control__type_support.cpp.o[0m
[1.096s] [ 27%] [32mBuilding CXX object CMakeFiles/dobot_msgs__rosidl_typesupport_c.dir/rosidl_typesupport_c/dobot_msgs/msg/dobot_alarm_codes__type_support.cpp.o[0m
[1.096s] [ 28%] [32mBuilding CXX object CMakeFiles/dobot_msgs__rosidl_typesupport_c.dir/rosidl_typesupport_c/dobot_msgs/srv/evaluate_ptp_trajectory__type_support.cpp.o[0m
[1.096s] [ 29%] [32m[1mLinking CXX shared library libdobot_msgs__rosidl_typesupport_c.so[0m
[1.096s] [ 29%] Built target dobot_msgs__rosidl_typesupport_c
[1.096s] [ 31%] [32mBuilding CXX object CMakeFiles/dobot_msgs__rosidl_typesupport_introspection_cpp.dir/rosidl_typesupport_introspection_cpp/dobot_msgs/msg/detail/gripper_status__type_support.cpp.o[0m
[1.096s] [ 33%] [32mBuilding CXX object CMakeFiles/dobot_msgs__rosidl_typesupport_introspection_cpp.dir/rosidl_typesupport_introspection_cpp/dobot_msgs/srv/detail/suction_cup_control__type_support.cpp.o[0m
[1.096s] [ 33%] [32mBuilding CXX object CMakeFiles/dobot_msgs__rosidl_typesupport_introspection_cpp.dir/rosidl_typesupport_introspection_cpp/dobot_msgs/srv/detail/gripper_control__type_support.cpp.o[0m
[1.096s] [ 34%] [32mBuilding CXX object CMakeFiles/dobot_msgs__rosidl_typesupport_introspection_cpp.dir/rosidl_typesupport_introspection_cpp/dobot_msgs/action/detail/sliding_rail__type_support.cpp.o[0m
[1.096s] [ 35%] [32mBuilding CXX object CMakeFiles/dobot_msgs__rosidl_typesupport_introspection_cpp.dir/rosidl_typesupport_introspection_cpp/dobot_msgs/action/detail/point_to_point__type_support.cpp.o[0m
[1.096s] [ 36%] [32mBuilding CXX object CMakeFiles/dobot_msgs__rosidl_typesupport_introspection_cpp.dir/rosidl_typesupport_introspection_cpp/dobot_msgs/msg/detail/dobot_alarm_codes__type_support.cpp.o[0m
[1.097s] [ 37%] [32mBuilding CXX object CMakeFiles/dobot_msgs__rosidl_typesupport_introspection_cpp.dir/rosidl_typesupport_introspection_cpp/dobot_msgs/srv/detail/evaluate_ptp_trajectory__type_support.cpp.o[0m
[1.097s] [ 39%] [32mBuilding CXX object CMakeFiles/dobot_msgs__rosidl_typesupport_introspection_cpp.dir/rosidl_typesupport_introspection_cpp/dobot_msgs/srv/detail/execute_homing_procedure__type_support.cpp.o[0m
[1.097s] [ 42%] [32mBuilding C object CMakeFiles/dobot_msgs__rosidl_typesupport_introspection_c.dir/rosidl_typesupport_introspection_c/dobot_msgs/action/detail/point_to_point__type_support.c.o[0m
[1.097s] [ 42%] [32mBuilding C object CMakeFiles/dobot_msgs__rosidl_typesupport_introspection_c.dir/rosidl_typesupport_introspection_c/dobot_msgs/msg/detail/dobot_alarm_codes__type_support.c.o[0m
[1.097s] [ 42%] [32mBuilding C object CMakeFiles/dobot_msgs__rosidl_typesupport_introspection_c.dir/rosidl_typesupport_introspection_c/dobot_msgs/action/detail/sliding_rail__type_support.c.o[0m
[1.097s] [ 43%] [32mBuilding C object CMakeFiles/dobot_msgs__rosidl_typesupport_introspection_c.dir/rosidl_typesupport_introspection_c/dobot_msgs/srv/detail/evaluate_ptp_trajectory__type_support.c.o[0m
[1.097s] [ 44%] [32mBuilding C object CMakeFiles/dobot_msgs__rosidl_typesupport_introspection_c.dir/rosidl_typesupport_introspection_c/dobot_msgs/srv/detail/execute_homing_procedure__type_support.c.o[0m
[1.097s] [ 45%] [32mBuilding C object CMakeFiles/dobot_msgs__rosidl_typesupport_introspection_c.dir/rosidl_typesupport_introspection_c/dobot_msgs/srv/detail/gripper_control__type_support.c.o[0m
[1.097s] [ 47%] [32mBuilding C object CMakeFiles/dobot_msgs__rosidl_typesupport_introspection_c.dir/rosidl_typesupport_introspection_c/dobot_msgs/msg/detail/gripper_status__type_support.c.o[0m
[1.097s] [ 48%] [32mBuilding C object CMakeFiles/dobot_msgs__rosidl_typesupport_introspection_c.dir/rosidl_typesupport_introspection_c/dobot_msgs/srv/detail/suction_cup_control__type_support.c.o[0m
[1.097s] [ 49%] [32m[1mLinking C shared library libdobot_msgs__rosidl_typesupport_introspection_c.so[0m
[1.097s] [ 49%] Built target dobot_msgs__rosidl_typesupport_introspection_c
[1.097s] [ 52%] [32mBuilding CXX object CMakeFiles/dobot_msgs__rosidl_typesupport_fastrtps_c.dir/rosidl_typesupport_fastrtps_c/dobot_msgs/action/detail/point_to_point__type_support_c.cpp.o[0m
[1.097s] [ 52%] [32mBuilding CXX object CMakeFiles/dobot_msgs__rosidl_typesupport_fastrtps_c.dir/rosidl_typesupport_fastrtps_c/dobot_msgs/msg/detail/gripper_status__type_support_c.cpp.o[0m
[1.097s] [ 52%] [32mBuilding CXX object CMakeFiles/dobot_msgs__rosidl_typesupport_fastrtps_c.dir/rosidl_typesupport_fastrtps_c/dobot_msgs/msg/detail/dobot_alarm_codes__type_support_c.cpp.o[0m
[1.097s] [ 54%] [32mBuilding CXX object CMakeFiles/dobot_msgs__rosidl_typesupport_fastrtps_c.dir/rosidl_typesupport_fastrtps_c/dobot_msgs/action/detail/sliding_rail__type_support_c.cpp.o[0m
[1.097s] [ 55%] [32mBuilding CXX object CMakeFiles/dobot_msgs__rosidl_typesupport_fastrtps_c.dir/rosidl_typesupport_fastrtps_c/dobot_msgs/srv/detail/evaluate_ptp_trajectory__type_support_c.cpp.o[0m
[1.098s] [ 56%] [32mBuilding CXX object CMakeFiles/dobot_msgs__rosidl_typesupport_fastrtps_c.dir/rosidl_typesupport_fastrtps_c/dobot_msgs/srv/detail/gripper_control__type_support_c.cpp.o[0m
[1.098s] [ 57%] [32mBuilding CXX object CMakeFiles/dobot_msgs__rosidl_typesupport_fastrtps_c.dir/rosidl_typesupport_fastrtps_c/dobot_msgs/srv/detail/suction_cup_control__type_support_c.cpp.o[0m
[1.098s] [ 58%] [32mBuilding CXX object CMakeFiles/dobot_msgs__rosidl_typesupport_fastrtps_c.dir/rosidl_typesupport_fastrtps_c/dobot_msgs/srv/detail/execute_homing_procedure__type_support_c.cpp.o[0m
[1.098s] [ 60%] [32mBuilding CXX object CMakeFiles/dobot_msgs__rosidl_typesupport_fastrtps_cpp.dir/rosidl_typesupport_fastrtps_cpp/dobot_msgs/action/detail/dds_fastrtps/point_to_point__type_support.cpp.o[0m
[1.098s] [ 60%] [32mBuilding CXX object CMakeFiles/dobot_msgs__rosidl_typesupport_fastrtps_cpp.dir/rosidl_typesupport_fastrtps_cpp/dobot_msgs/action/detail/dds_fastrtps/sliding_rail__type_support.cpp.o[0m
[1.098s] [ 62%] [32mBuilding CXX object CMakeFiles/dobot_msgs__rosidl_typesupport_fastrtps_cpp.dir/rosidl_typesupport_fastrtps_cpp/dobot_msgs/msg/detail/dds_fastrtps/dobot_alarm_codes__type_support.cpp.o[0m
[1.098s] [ 63%] [32mBuilding CXX object CMakeFiles/dobot_msgs__rosidl_typesupport_fastrtps_cpp.dir/rosidl_typesupport_fastrtps_cpp/dobot_msgs/msg/detail/dds_fastrtps/gripper_status__type_support.cpp.o[0m
[1.098s] [ 64%] [32mBuilding CXX object CMakeFiles/dobot_msgs__rosidl_typesupport_fastrtps_cpp.dir/rosidl_typesupport_fastrtps_cpp/dobot_msgs/srv/detail/dds_fastrtps/evaluate_ptp_trajectory__type_support.cpp.o[0m
[1.098s] [ 65%] [32mBuilding CXX object CMakeFiles/dobot_msgs__rosidl_typesupport_fastrtps_cpp.dir/rosidl_typesupport_fastrtps_cpp/dobot_msgs/srv/detail/dds_fastrtps/execute_homing_procedure__type_support.cpp.o[0m
[1.098s] [ 66%] [32mBuilding CXX object CMakeFiles/dobot_msgs__rosidl_typesupport_fastrtps_cpp.dir/rosidl_typesupport_fastrtps_cpp/dobot_msgs/srv/detail/dds_fastrtps/gripper_control__type_support.cpp.o[0m
[1.098s] [ 67%] [32mBuilding CXX object CMakeFiles/dobot_msgs__rosidl_typesupport_cpp.dir/rosidl_typesupport_cpp/dobot_msgs/action/point_to_point__type_support.cpp.o[0m
[1.099s] [ 68%] [32mBuilding CXX object CMakeFiles/dobot_msgs__rosidl_typesupport_fastrtps_cpp.dir/rosidl_typesupport_fastrtps_cpp/dobot_msgs/srv/detail/dds_fastrtps/suction_cup_control__type_support.cpp.o[0m
[1.099s] [ 70%] [32mBuilding CXX object CMakeFiles/dobot_msgs__rosidl_typesupport_cpp.dir/rosidl_typesupport_cpp/dobot_msgs/action/sliding_rail__type_support.cpp.o[0m
[1.180s] [ 71%] [32mBuilding CXX object CMakeFiles/dobot_msgs__rosidl_typesupport_cpp.dir/rosidl_typesupport_cpp/dobot_msgs/msg/gripper_status__type_support.cpp.o[0m
[1.181s] [ 72%] [32mBuilding CXX object CMakeFiles/dobot_msgs__rosidl_typesupport_cpp.dir/rosidl_typesupport_cpp/dobot_msgs/msg/dobot_alarm_codes__type_support.cpp.o[0m
[1.198s] [ 73%] [32mBuilding CXX object CMakeFiles/dobot_msgs__rosidl_typesupport_cpp.dir/rosidl_typesupport_cpp/dobot_msgs/srv/evaluate_ptp_trajectory__type_support.cpp.o[0m
[1.198s] [ 74%] [32mBuilding CXX object CMakeFiles/dobot_msgs__rosidl_typesupport_cpp.dir/rosidl_typesupport_cpp/dobot_msgs/srv/execute_homing_procedure__type_support.cpp.o[0m
[1.204s] [ 75%] [32mBuilding CXX object CMakeFiles/dobot_msgs__rosidl_typesupport_cpp.dir/rosidl_typesupport_cpp/dobot_msgs/srv/gripper_control__type_support.cpp.o[0m
[1.228s] [ 77%] [32mBuilding CXX object CMakeFiles/dobot_msgs__rosidl_typesupport_cpp.dir/rosidl_typesupport_cpp/dobot_msgs/srv/suction_cup_control__type_support.cpp.o[0m
[1.292s] [ 78%] [32m[1mLinking CXX shared library libdobot_msgs__rosidl_typesupport_fastrtps_c.so[0m
[1.380s] [ 78%] Built target dobot_msgs__rosidl_typesupport_fastrtps_c
[1.401s] [ 79%] [32m[1mLinking CXX shared library libdobot_msgs__rosidl_typesupport_introspection_cpp.so[0m
[1.487s] [ 79%] Built target dobot_msgs__rosidl_typesupport_introspection_cpp
[1.580s] [ 80%] [32m[1mLinking CXX shared library libdobot_msgs__rosidl_typesupport_fastrtps_cpp.so[0m
[1.609s] [ 81%] [32m[1mLinking CXX shared library libdobot_msgs__rosidl_typesupport_cpp.so[0m
[1.647s] [ 81%] Built target dobot_msgs__rosidl_typesupport_cpp
[1.663s] [ 81%] Built target dobot_msgs__rosidl_typesupport_fastrtps_cpp
[1.685s] [ 81%] Built target dobot_msgs
[1.710s] [ 82%] [34m[1mGenerating Python code for ROS interfaces[0m
[3.051s] [ 82%] Built target dobot_msgs__py
[3.071s] [ 83%] [32mBuilding C object CMakeFiles/dobot_msgs__rosidl_generator_py.dir/rosidl_generator_py/dobot_msgs/msg/_gripper_status_s.c.o[0m
[3.071s] [ 85%] [32mBuilding C object CMakeFiles/dobot_msgs__rosidl_generator_py.dir/rosidl_generator_py/dobot_msgs/srv/_evaluate_ptp_trajectory_s.c.o[0m
[3.072s] [ 86%] [32mBuilding C object CMakeFiles/dobot_msgs__rosidl_generator_py.dir/rosidl_generator_py/dobot_msgs/srv/_gripper_control_s.c.o[0m
[3.073s] [ 87%] [32mBuilding C object CMakeFiles/dobot_msgs__rosidl_generator_py.dir/rosidl_generator_py/dobot_msgs/srv/_suction_cup_control_s.c.o[0m
[3.074s] [ 88%] [32mBuilding C object CMakeFiles/dobot_msgs__rosidl_generator_py.dir/rosidl_generator_py/dobot_msgs/action/_point_to_point_s.c.o[0m
[3.074s] [ 89%] [32mBuilding C object CMakeFiles/dobot_msgs__rosidl_generator_py.dir/rosidl_generator_py/dobot_msgs/action/_sliding_rail_s.c.o[0m
[3.076s] [ 90%] [32mBuilding C object CMakeFiles/dobot_msgs__rosidl_generator_py.dir/rosidl_generator_py/dobot_msgs/msg/_dobot_alarm_codes_s.c.o[0m
[3.078s] [ 91%] [32mBuilding C object CMakeFiles/dobot_msgs__rosidl_generator_py.dir/rosidl_generator_py/dobot_msgs/srv/_execute_homing_procedure_s.c.o[0m
[3.228s] [ 93%] [32m[1mLinking C shared library rosidl_generator_py/dobot_msgs/libdobot_msgs__rosidl_generator_py.so[0m
[3.283s] [ 93%] Built target dobot_msgs__rosidl_generator_py
[3.309s] [ 94%] [32mBuilding C object CMakeFiles/dobot_msgs__rosidl_typesupport_fastrtps_c__pyext.dir/rosidl_generator_py/dobot_msgs/_dobot_msgs_s.ep.rosidl_typesupport_fastrtps_c.c.o[0m
[3.309s] [ 95%] [32mBuilding C object CMakeFiles/dobot_msgs__rosidl_typesupport_c__pyext.dir/rosidl_generator_py/dobot_msgs/_dobot_msgs_s.ep.rosidl_typesupport_c.c.o[0m
[3.309s] [ 96%] [32mBuilding C object CMakeFiles/dobot_msgs__rosidl_typesupport_introspection_c__pyext.dir/rosidl_generator_py/dobot_msgs/_dobot_msgs_s.ep.rosidl_typesupport_introspection_c.c.o[0m
[3.425s] [ 97%] [32m[1mLinking C shared library rosidl_generator_py/dobot_msgs/dobot_msgs_s__rosidl_typesupport_introspection_c.cpython-310-x86_64-linux-gnu.so[0m
[3.425s] [ 98%] [32m[1mLinking C shared library rosidl_generator_py/dobot_msgs/dobot_msgs_s__rosidl_typesupport_fastrtps_c.cpython-310-x86_64-linux-gnu.so[0m
[3.427s] [100%] [32m[1mLinking C shared library rosidl_generator_py/dobot_msgs/dobot_msgs_s__rosidl_typesupport_c.cpython-310-x86_64-linux-gnu.so[0m
[3.458s] [100%] Built target dobot_msgs__rosidl_typesupport_introspection_c__pyext
[3.458s] [100%] Built target dobot_msgs__rosidl_typesupport_fastrtps_c__pyext
[3.463s] [100%] Built target dobot_msgs__rosidl_typesupport_c__pyext
[3.479s] Invoked command in '/home/ubuntu/magician_ros2_control_system_ws/build/dobot_msgs' returned '0': CMAKE_PREFIX_PATH=/opt/ros/humble /usr/bin/cmake --build /home/ubuntu/magician_ros2_control_system_ws/build/dobot_msgs -- -j20 -l20
[3.651s] Invoking command in '/home/ubuntu/magician_ros2_control_system_ws/build/dobot_msgs': CMAKE_PREFIX_PATH=/opt/ros/humble /usr/bin/cmake --install /home/ubuntu/magician_ros2_control_system_ws/build/dobot_msgs
[3.657s] -- Install configuration: ""
[3.658s] -- Installing: /home/ubuntu/magician_ros2_control_system_ws/install/dobot_msgs/share/ament_index/resource_index/rosidl_interfaces/dobot_msgs
[3.658s] -- Installing: /home/ubuntu/magician_ros2_control_system_ws/install/dobot_msgs/include/dobot_msgs/dobot_msgs
[3.658s] -- Installing: /home/ubuntu/magician_ros2_control_system_ws/install/dobot_msgs/include/dobot_msgs/dobot_msgs/action
[3.658s] -- Installing: /home/ubuntu/magician_ros2_control_system_ws/install/dobot_msgs/include/dobot_msgs/dobot_msgs/action/point_to_point.h
[3.658s] -- Installing: /home/ubuntu/magician_ros2_control_system_ws/install/dobot_msgs/include/dobot_msgs/dobot_msgs/action/sliding_rail.h
[3.658s] -- Installing: /home/ubuntu/magician_ros2_control_system_ws/install/dobot_msgs/include/dobot_msgs/dobot_msgs/action/detail
[3.658s] -- Installing: /home/ubuntu/magician_ros2_control_system_ws/install/dobot_msgs/include/dobot_msgs/dobot_msgs/action/detail/sliding_rail__struct.h
[3.658s] -- Installing: /home/ubuntu/magician_ros2_control_system_ws/install/dobot_msgs/include/dobot_msgs/dobot_msgs/action/detail/point_to_point__functions.h
[3.658s] -- Installing: /home/ubuntu/magician_ros2_control_system_ws/install/dobot_msgs/include/dobot_msgs/dobot_msgs/action/detail/point_to_point__struct.h
[3.658s] -- Installing: /home/ubuntu/magician_ros2_control_system_ws/install/dobot_msgs/include/dobot_msgs/dobot_msgs/action/detail/point_to_point__functions.c
[3.658s] -- Installing: /home/ubuntu/magician_ros2_control_system_ws/install/dobot_msgs/include/dobot_msgs/dobot_msgs/action/detail/sliding_rail__functions.h
[3.658s] -- Installing: /home/ubuntu/magician_ros2_control_system_ws/install/dobot_msgs/include/dobot_msgs/dobot_msgs/action/detail/point_to_point__type_support.h
[3.658s] -- Installing: /home/ubuntu/magician_ros2_control_system_ws/install/dobot_msgs/include/dobot_msgs/dobot_msgs/action/detail/sliding_rail__functions.c
[3.658s] -- Installing: /home/ubuntu/magician_ros2_control_system_ws/install/dobot_msgs/include/dobot_msgs/dobot_msgs/action/detail/sliding_rail__type_support.h
[3.659s] -- Installing: /home/ubuntu/magician_ros2_control_system_ws/install/dobot_msgs/include/dobot_msgs/dobot_msgs/srv
[3.659s] -- Installing: /home/ubuntu/magician_ros2_control_system_ws/install/dobot_msgs/include/dobot_msgs/dobot_msgs/srv/suction_cup_control.h
[3.659s] -- Installing: /home/ubuntu/magician_ros2_control_system_ws/install/dobot_msgs/include/dobot_msgs/dobot_msgs/srv/execute_homing_procedure.h
[3.659s] -- Installing: /home/ubuntu/magician_ros2_control_system_ws/install/dobot_msgs/include/dobot_msgs/dobot_msgs/srv/gripper_control.h
[3.659s] -- Installing: /home/ubuntu/magician_ros2_control_system_ws/install/dobot_msgs/include/dobot_msgs/dobot_msgs/srv/detail
[3.659s] -- Installing: /home/ubuntu/magician_ros2_control_system_ws/install/dobot_msgs/include/dobot_msgs/dobot_msgs/srv/detail/gripper_control__struct.h
[3.659s] -- Installing: /home/ubuntu/magician_ros2_control_system_ws/install/dobot_msgs/include/dobot_msgs/dobot_msgs/srv/detail/execute_homing_procedure__functions.c
[3.659s] -- Installing: /home/ubuntu/magician_ros2_control_system_ws/install/dobot_msgs/include/dobot_msgs/dobot_msgs/srv/detail/execute_homing_procedure__struct.h
[3.659s] -- Installing: /home/ubuntu/magician_ros2_control_system_ws/install/dobot_msgs/include/dobot_msgs/dobot_msgs/srv/detail/evaluate_ptp_trajectory__functions.c
[3.659s] -- Installing: /home/ubuntu/magician_ros2_control_system_ws/install/dobot_msgs/include/dobot_msgs/dobot_msgs/srv/detail/suction_cup_control__functions.h
[3.659s] -- Installing: /home/ubuntu/magician_ros2_control_system_ws/install/dobot_msgs/include/dobot_msgs/dobot_msgs/srv/detail/suction_cup_control__struct.h
[3.659s] -- Installing: /home/ubuntu/magician_ros2_control_system_ws/install/dobot_msgs/include/dobot_msgs/dobot_msgs/srv/detail/gripper_control__functions.h
[3.659s] -- Installing: /home/ubuntu/magician_ros2_control_system_ws/install/dobot_msgs/include/dobot_msgs/dobot_msgs/srv/detail/suction_cup_control__functions.c
[3.659s] -- Installing: /home/ubuntu/magician_ros2_control_system_ws/install/dobot_msgs/include/dobot_msgs/dobot_msgs/srv/detail/gripper_control__type_support.h
[3.659s] -- Installing: /home/ubuntu/magician_ros2_control_system_ws/install/dobot_msgs/include/dobot_msgs/dobot_msgs/srv/detail/evaluate_ptp_trajectory__type_support.h
[3.660s] -- Installing: /home/ubuntu/magician_ros2_control_system_ws/install/dobot_msgs/include/dobot_msgs/dobot_msgs/srv/detail/execute_homing_procedure__functions.h
[3.660s] -- Installing: /home/ubuntu/magician_ros2_control_system_ws/install/dobot_msgs/include/dobot_msgs/dobot_msgs/srv/detail/gripper_control__functions.c
[3.660s] -- Installing: /home/ubuntu/magician_ros2_control_system_ws/install/dobot_msgs/include/dobot_msgs/dobot_msgs/srv/detail/execute_homing_procedure__type_support.h
[3.660s] -- Installing: /home/ubuntu/magician_ros2_control_system_ws/install/dobot_msgs/include/dobot_msgs/dobot_msgs/srv/detail/evaluate_ptp_trajectory__functions.h
[3.660s] -- Installing: /home/ubuntu/magician_ros2_control_system_ws/install/dobot_msgs/include/dobot_msgs/dobot_msgs/srv/detail/suction_cup_control__type_support.h
[3.660s] -- Installing: /home/ubuntu/magician_ros2_control_system_ws/install/dobot_msgs/include/dobot_msgs/dobot_msgs/srv/detail/evaluate_ptp_trajectory__struct.h
[3.660s] -- Installing: /home/ubuntu/magician_ros2_control_system_ws/install/dobot_msgs/include/dobot_msgs/dobot_msgs/srv/evaluate_ptp_trajectory.h
[3.660s] -- Installing: /home/ubuntu/magician_ros2_control_system_ws/install/dobot_msgs/include/dobot_msgs/dobot_msgs/msg
[3.660s] -- Installing: /home/ubuntu/magician_ros2_control_system_ws/install/dobot_msgs/include/dobot_msgs/dobot_msgs/msg/rosidl_generator_c__visibility_control.h
[3.660s] -- Installing: /home/ubuntu/magician_ros2_control_system_ws/install/dobot_msgs/include/dobot_msgs/dobot_msgs/msg/gripper_status.h
[3.660s] -- Installing: /home/ubuntu/magician_ros2_control_system_ws/install/dobot_msgs/include/dobot_msgs/dobot_msgs/msg/dobot_alarm_codes.h
[3.660s] -- Installing: /home/ubuntu/magician_ros2_control_system_ws/install/dobot_msgs/include/dobot_msgs/dobot_msgs/msg/detail
[3.660s] -- Installing: /home/ubuntu/magician_ros2_control_system_ws/install/dobot_msgs/include/dobot_msgs/dobot_msgs/msg/detail/dobot_alarm_codes__type_support.h
[3.661s] -- Installing: /home/ubuntu/magician_ros2_control_system_ws/install/dobot_msgs/include/dobot_msgs/dobot_msgs/msg/detail/gripper_status__type_support.h
[3.661s] -- Installing: /home/ubuntu/magician_ros2_control_system_ws/install/dobot_msgs/include/dobot_msgs/dobot_msgs/msg/detail/dobot_alarm_codes__struct.h
[3.661s] -- Installing: /home/ubuntu/magician_ros2_control_system_ws/install/dobot_msgs/include/dobot_msgs/dobot_msgs/msg/detail/dobot_alarm_codes__functions.h
[3.661s] -- Installing: /home/ubuntu/magician_ros2_control_system_ws/install/dobot_msgs/include/dobot_msgs/dobot_msgs/msg/detail/gripper_status__functions.h
[3.661s] -- Installing: /home/ubuntu/magician_ros2_control_system_ws/install/dobot_msgs/include/dobot_msgs/dobot_msgs/msg/detail/gripper_status__functions.c
[3.661s] -- Installing: /home/ubuntu/magician_ros2_control_system_ws/install/dobot_msgs/include/dobot_msgs/dobot_msgs/msg/detail/gripper_status__struct.h
[3.661s] -- Installing: /home/ubuntu/magician_ros2_control_system_ws/install/dobot_msgs/include/dobot_msgs/dobot_msgs/msg/detail/dobot_alarm_codes__functions.c
[3.661s] -- Installing: /home/ubuntu/magician_ros2_control_system_ws/install/dobot_msgs/share/dobot_msgs/environment/library_path.sh
[3.661s] -- Installing: /home/ubuntu/magician_ros2_control_system_ws/install/dobot_msgs/share/dobot_msgs/environment/library_path.dsv
[3.661s] -- Installing: /home/ubuntu/magician_ros2_control_system_ws/install/dobot_msgs/lib/libdobot_msgs__rosidl_generator_c.so
[3.662s] -- Set runtime path of "/home/ubuntu/magician_ros2_control_system_ws/install/dobot_msgs/lib/libdobot_msgs__rosidl_generator_c.so" to ""
[3.662s] -- Up-to-date: /home/ubuntu/magician_ros2_control_system_ws/install/dobot_msgs/include/dobot_msgs/dobot_msgs
[3.662s] -- Up-to-date: /home/ubuntu/magician_ros2_control_system_ws/install/dobot_msgs/include/dobot_msgs/dobot_msgs/action
[3.662s] -- Up-to-date: /home/ubuntu/magician_ros2_control_system_ws/install/dobot_msgs/include/dobot_msgs/dobot_msgs/action/detail
[3.662s] -- Installing: /home/ubuntu/magician_ros2_control_system_ws/install/dobot_msgs/include/dobot_msgs/dobot_msgs/action/detail/sliding_rail__rosidl_typesupport_fastrtps_c.h
[3.662s] -- Installing: /home/ubuntu/magician_ros2_control_system_ws/install/dobot_msgs/include/dobot_msgs/dobot_msgs/action/detail/point_to_point__rosidl_typesupport_fastrtps_c.h
[3.662s] -- Up-to-date: /home/ubuntu/magician_ros2_control_system_ws/install/dobot_msgs/include/dobot_msgs/dobot_msgs/srv
[3.662s] -- Up-to-date: /home/ubuntu/magician_ros2_control_system_ws/install/dobot_msgs/include/dobot_msgs/dobot_msgs/srv/detail
[3.662s] -- Installing: /home/ubuntu/magician_ros2_control_system_ws/install/dobot_msgs/include/dobot_msgs/dobot_msgs/srv/detail/suction_cup_control__rosidl_typesupport_fastrtps_c.h
[3.662s] -- Installing: /home/ubuntu/magician_ros2_control_system_ws/install/dobot_msgs/include/dobot_msgs/dobot_msgs/srv/detail/execute_homing_procedure__rosidl_typesupport_fastrtps_c.h
[3.662s] -- Installing: /home/ubuntu/magician_ros2_control_system_ws/install/dobot_msgs/include/dobot_msgs/dobot_msgs/srv/detail/evaluate_ptp_trajectory__rosidl_typesupport_fastrtps_c.h
[3.662s] -- Installing: /home/ubuntu/magician_ros2_control_system_ws/install/dobot_msgs/include/dobot_msgs/dobot_msgs/srv/detail/gripper_control__rosidl_typesupport_fastrtps_c.h
[3.663s] -- Up-to-date: /home/ubuntu/magician_ros2_control_system_ws/install/dobot_msgs/include/dobot_msgs/dobot_msgs/msg
[3.663s] -- Installing: /home/ubuntu/magician_ros2_control_system_ws/install/dobot_msgs/include/dobot_msgs/dobot_msgs/msg/rosidl_typesupport_fastrtps_c__visibility_control.h
[3.663s] -- Up-to-date: /home/ubuntu/magician_ros2_control_system_ws/install/dobot_msgs/include/dobot_msgs/dobot_msgs/msg/detail
[3.663s] -- Installing: /home/ubuntu/magician_ros2_control_system_ws/install/dobot_msgs/include/dobot_msgs/dobot_msgs/msg/detail/dobot_alarm_codes__rosidl_typesupport_fastrtps_c.h
[3.663s] -- Installing: /home/ubuntu/magician_ros2_control_system_ws/install/dobot_msgs/include/dobot_msgs/dobot_msgs/msg/detail/gripper_status__rosidl_typesupport_fastrtps_c.h
[3.663s] -- Installing: /home/ubuntu/magician_ros2_control_system_ws/install/dobot_msgs/lib/libdobot_msgs__rosidl_typesupport_fastrtps_c.so
[3.663s] -- Set runtime path of "/home/ubuntu/magician_ros2_control_system_ws/install/dobot_msgs/lib/libdobot_msgs__rosidl_typesupport_fastrtps_c.so" to ""
[3.663s] -- Up-to-date: /home/ubuntu/magician_ros2_control_system_ws/install/dobot_msgs/include/dobot_msgs/dobot_msgs
[3.663s] -- Up-to-date: /home/ubuntu/magician_ros2_control_system_ws/install/dobot_msgs/include/dobot_msgs/dobot_msgs/action
[3.663s] -- Up-to-date: /home/ubuntu/magician_ros2_control_system_ws/install/dobot_msgs/include/dobot_msgs/dobot_msgs/action/detail
[3.663s] -- Installing: /home/ubuntu/magician_ros2_control_system_ws/install/dobot_msgs/include/dobot_msgs/dobot_msgs/action/detail/sliding_rail__type_support.c
[3.663s] -- Installing: /home/ubuntu/magician_ros2_control_system_ws/install/dobot_msgs/include/dobot_msgs/dobot_msgs/action/detail/sliding_rail__rosidl_typesupport_introspection_c.h
[3.663s] -- Installing: /home/ubuntu/magician_ros2_control_system_ws/install/dobot_msgs/include/dobot_msgs/dobot_msgs/action/detail/point_to_point__rosidl_typesupport_introspection_c.h
[3.663s] -- Installing: /home/ubuntu/magician_ros2_control_system_ws/install/dobot_msgs/include/dobot_msgs/dobot_msgs/action/detail/point_to_point__type_support.c
[3.663s] -- Up-to-date: /home/ubuntu/magician_ros2_control_system_ws/install/dobot_msgs/include/dobot_msgs/dobot_msgs/srv
[3.663s] -- Up-to-date: /home/ubuntu/magician_ros2_control_system_ws/install/dobot_msgs/include/dobot_msgs/dobot_msgs/srv/detail
[3.664s] -- Installing: /home/ubuntu/magician_ros2_control_system_ws/install/dobot_msgs/include/dobot_msgs/dobot_msgs/srv/detail/execute_homing_procedure__type_support.c
[3.664s] -- Installing: /home/ubuntu/magician_ros2_control_system_ws/install/dobot_msgs/include/dobot_msgs/dobot_msgs/srv/detail/evaluate_ptp_trajectory__rosidl_typesupport_introspection_c.h
[3.664s] -- Installing: /home/ubuntu/magician_ros2_control_system_ws/install/dobot_msgs/include/dobot_msgs/dobot_msgs/srv/detail/execute_homing_procedure__rosidl_typesupport_introspection_c.h
[3.664s] -- Installing: /home/ubuntu/magician_ros2_control_system_ws/install/dobot_msgs/include/dobot_msgs/dobot_msgs/srv/detail/gripper_control__rosidl_typesupport_introspection_c.h
[3.664s] -- Installing: /home/ubuntu/magician_ros2_control_system_ws/install/dobot_msgs/include/dobot_msgs/dobot_msgs/srv/detail/suction_cup_control__rosidl_typesupport_introspection_c.h
[3.664s] -- Installing: /home/ubuntu/magician_ros2_control_system_ws/install/dobot_msgs/include/dobot_msgs/dobot_msgs/srv/detail/evaluate_ptp_trajectory__type_support.c
[3.664s] -- Installing: /home/ubuntu/magician_ros2_control_system_ws/install/dobot_msgs/include/dobot_msgs/dobot_msgs/srv/detail/gripper_control__type_support.c
[3.664s] -- Installing: /home/ubuntu/magician_ros2_control_system_ws/install/dobot_msgs/include/dobot_msgs/dobot_msgs/srv/detail/suction_cup_control__type_support.c
[3.664s] -- Up-to-date: /home/ubuntu/magician_ros2_control_system_ws/install/dobot_msgs/include/dobot_msgs/dobot_msgs/msg
[3.664s] -- Up-to-date: /home/ubuntu/magician_ros2_control_system_ws/install/dobot_msgs/include/dobot_msgs/dobot_msgs/msg/detail
[3.664s] -- Installing: /home/ubuntu/magician_ros2_control_system_ws/install/dobot_msgs/include/dobot_msgs/dobot_msgs/msg/detail/gripper_status__rosidl_typesupport_introspection_c.h
[3.664s] -- Installing: /home/ubuntu/magician_ros2_control_system_ws/install/dobot_msgs/include/dobot_msgs/dobot_msgs/msg/detail/gripper_status__type_support.c
[3.664s] -- Installing: /home/ubuntu/magician_ros2_control_system_ws/install/dobot_msgs/include/dobot_msgs/dobot_msgs/msg/detail/dobot_alarm_codes__rosidl_typesupport_introspection_c.h
[3.664s] -- Installing: /home/ubuntu/magician_ros2_control_system_ws/install/dobot_msgs/include/dobot_msgs/dobot_msgs/msg/detail/dobot_alarm_codes__type_support.c
[3.664s] -- Installing: /home/ubuntu/magician_ros2_control_system_ws/install/dobot_msgs/include/dobot_msgs/dobot_msgs/msg/rosidl_typesupport_introspection_c__visibility_control.h
[3.664s] -- Installing: /home/ubuntu/magician_ros2_control_system_ws/install/dobot_msgs/lib/libdobot_msgs__rosidl_typesupport_introspection_c.so
[3.665s] -- Set runtime path of "/home/ubuntu/magician_ros2_control_system_ws/install/dobot_msgs/lib/libdobot_msgs__rosidl_typesupport_introspection_c.so" to ""
[3.665s] -- Installing: /home/ubuntu/magician_ros2_control_system_ws/install/dobot_msgs/lib/libdobot_msgs__rosidl_typesupport_c.so
[3.665s] -- Set runtime path of "/home/ubuntu/magician_ros2_control_system_ws/install/dobot_msgs/lib/libdobot_msgs__rosidl_typesupport_c.so" to ""
[3.665s] -- Up-to-date: /home/ubuntu/magician_ros2_control_system_ws/install/dobot_msgs/include/dobot_msgs/dobot_msgs
[3.665s] -- Up-to-date: /home/ubuntu/magician_ros2_control_system_ws/install/dobot_msgs/include/dobot_msgs/dobot_msgs/action
[3.665s] -- Installing: /home/ubuntu/magician_ros2_control_system_ws/install/dobot_msgs/include/dobot_msgs/dobot_msgs/action/sliding_rail.hpp
[3.665s] -- Installing: /home/ubuntu/magician_ros2_control_system_ws/install/dobot_msgs/include/dobot_msgs/dobot_msgs/action/point_to_point.hpp
[3.665s] -- Up-to-date: /home/ubuntu/magician_ros2_control_system_ws/install/dobot_msgs/include/dobot_msgs/dobot_msgs/action/detail
[3.665s] -- Installing: /home/ubuntu/magician_ros2_control_system_ws/install/dobot_msgs/include/dobot_msgs/dobot_msgs/action/detail/sliding_rail__traits.hpp
[3.665s] -- Installing: /home/ubuntu/magician_ros2_control_system_ws/install/dobot_msgs/include/dobot_msgs/dobot_msgs/action/detail/point_to_point__builder.hpp
[3.665s] -- Installing: /home/ubuntu/magician_ros2_control_system_ws/install/dobot_msgs/include/dobot_msgs/dobot_msgs/action/detail/point_to_point__traits.hpp
[3.665s] -- Installing: /home/ubuntu/magician_ros2_control_system_ws/install/dobot_msgs/include/dobot_msgs/dobot_msgs/action/detail/point_to_point__struct.hpp
[3.665s] -- Installing: /home/ubuntu/magician_ros2_control_system_ws/install/dobot_msgs/include/dobot_msgs/dobot_msgs/action/detail/sliding_rail__struct.hpp
[3.665s] -- Installing: /home/ubuntu/magician_ros2_control_system_ws/install/dobot_msgs/include/dobot_msgs/dobot_msgs/action/detail/sliding_rail__builder.hpp
[3.666s] -- Up-to-date: /home/ubuntu/magician_ros2_control_system_ws/install/dobot_msgs/include/dobot_msgs/dobot_msgs/srv
[3.666s] -- Installing: /home/ubuntu/magician_ros2_control_system_ws/install/dobot_msgs/include/dobot_msgs/dobot_msgs/srv/evaluate_ptp_trajectory.hpp
[3.666s] -- Installing: /home/ubuntu/magician_ros2_control_system_ws/install/dobot_msgs/include/dobot_msgs/dobot_msgs/srv/gripper_control.hpp
[3.666s] -- Installing: /home/ubuntu/magician_ros2_control_system_ws/install/dobot_msgs/include/dobot_msgs/dobot_msgs/srv/execute_homing_procedure.hpp
[3.666s] -- Up-to-date: /home/ubuntu/magician_ros2_control_system_ws/install/dobot_msgs/include/dobot_msgs/dobot_msgs/srv/detail
[3.666s] -- Installing: /home/ubuntu/magician_ros2_control_system_ws/install/dobot_msgs/include/dobot_msgs/dobot_msgs/srv/detail/suction_cup_control__traits.hpp
[3.666s] -- Installing: /home/ubuntu/magician_ros2_control_system_ws/install/dobot_msgs/include/dobot_msgs/dobot_msgs/srv/detail/gripper_control__traits.hpp
[3.666s] -- Installing: /home/ubuntu/magician_ros2_control_system_ws/install/dobot_msgs/include/dobot_msgs/dobot_msgs/srv/detail/suction_cup_control__struct.hpp
[3.666s] -- Installing: /home/ubuntu/magician_ros2_control_system_ws/install/dobot_msgs/include/dobot_msgs/dobot_msgs/srv/detail/execute_homing_procedure__struct.hpp
[3.666s] -- Installing: /home/ubuntu/magician_ros2_control_system_ws/install/dobot_msgs/include/dobot_msgs/dobot_msgs/srv/detail/execute_homing_procedure__builder.hpp
[3.666s] -- Installing: /home/ubuntu/magician_ros2_control_system_ws/install/dobot_msgs/include/dobot_msgs/dobot_msgs/srv/detail/suction_cup_control__builder.hpp
[3.666s] -- Installing: /home/ubuntu/magician_ros2_control_system_ws/install/dobot_msgs/include/dobot_msgs/dobot_msgs/srv/detail/gripper_control__struct.hpp
[3.666s] -- Installing: /home/ubuntu/magician_ros2_control_system_ws/install/dobot_msgs/include/dobot_msgs/dobot_msgs/srv/detail/evaluate_ptp_trajectory__traits.hpp
[3.666s] -- Installing: /home/ubuntu/magician_ros2_control_system_ws/install/dobot_msgs/include/dobot_msgs/dobot_msgs/srv/detail/evaluate_ptp_trajectory__builder.hpp
[3.666s] -- Installing: /home/ubuntu/magician_ros2_control_system_ws/install/dobot_msgs/include/dobot_msgs/dobot_msgs/srv/detail/execute_homing_procedure__traits.hpp
[3.666s] -- Installing: /home/ubuntu/magician_ros2_control_system_ws/install/dobot_msgs/include/dobot_msgs/dobot_msgs/srv/detail/evaluate_ptp_trajectory__struct.hpp
[3.666s] -- Installing: /home/ubuntu/magician_ros2_control_system_ws/install/dobot_msgs/include/dobot_msgs/dobot_msgs/srv/detail/gripper_control__builder.hpp
[3.666s] -- Installing: /home/ubuntu/magician_ros2_control_system_ws/install/dobot_msgs/include/dobot_msgs/dobot_msgs/srv/suction_cup_control.hpp
[3.666s] -- Up-to-date: /home/ubuntu/magician_ros2_control_system_ws/install/dobot_msgs/include/dobot_msgs/dobot_msgs/msg
[3.666s] -- Installing: /home/ubuntu/magician_ros2_control_system_ws/install/dobot_msgs/include/dobot_msgs/dobot_msgs/msg/dobot_alarm_codes.hpp
[3.666s] -- Installing: /home/ubuntu/magician_ros2_control_system_ws/install/dobot_msgs/include/dobot_msgs/dobot_msgs/msg/gripper_status.hpp
[3.667s] -- Up-to-date: /home/ubuntu/magician_ros2_control_system_ws/install/dobot_msgs/include/dobot_msgs/dobot_msgs/msg/detail
[3.667s] -- Installing: /home/ubuntu/magician_ros2_control_system_ws/install/dobot_msgs/include/dobot_msgs/dobot_msgs/msg/detail/dobot_alarm_codes__traits.hpp
[3.667s] -- Installing: /home/ubuntu/magician_ros2_control_system_ws/install/dobot_msgs/include/dobot_msgs/dobot_msgs/msg/detail/gripper_status__traits.hpp
[3.667s] -- Installing: /home/ubuntu/magician_ros2_control_system_ws/install/dobot_msgs/include/dobot_msgs/dobot_msgs/msg/detail/gripper_status__builder.hpp
[3.667s] -- Installing: /home/ubuntu/magician_ros2_control_system_ws/install/dobot_msgs/include/dobot_msgs/dobot_msgs/msg/detail/gripper_status__struct.hpp
[3.667s] -- Installing: /home/ubuntu/magician_ros2_control_system_ws/install/dobot_msgs/include/dobot_msgs/dobot_msgs/msg/detail/dobot_alarm_codes__struct.hpp
[3.667s] -- Installing: /home/ubuntu/magician_ros2_control_system_ws/install/dobot_msgs/include/dobot_msgs/dobot_msgs/msg/detail/dobot_alarm_codes__builder.hpp
[3.667s] -- Up-to-date: /home/ubuntu/magician_ros2_control_system_ws/install/dobot_msgs/include/dobot_msgs/dobot_msgs
[3.667s] -- Up-to-date: /home/ubuntu/magician_ros2_control_system_ws/install/dobot_msgs/include/dobot_msgs/dobot_msgs/action
[3.667s] -- Up-to-date: /home/ubuntu/magician_ros2_control_system_ws/install/dobot_msgs/include/dobot_msgs/dobot_msgs/action/detail
[3.667s] -- Installing: /home/ubuntu/magician_ros2_control_system_ws/install/dobot_msgs/include/dobot_msgs/dobot_msgs/action/detail/sliding_rail__rosidl_typesupport_fastrtps_cpp.hpp
[3.667s] -- Installing: /home/ubuntu/magician_ros2_control_system_ws/install/dobot_msgs/include/dobot_msgs/dobot_msgs/action/detail/dds_fastrtps
[3.667s] -- Installing: /home/ubuntu/magician_ros2_control_system_ws/install/dobot_msgs/include/dobot_msgs/dobot_msgs/action/detail/point_to_point__rosidl_typesupport_fastrtps_cpp.hpp
[3.667s] -- Up-to-date: /home/ubuntu/magician_ros2_control_system_ws/install/dobot_msgs/include/dobot_msgs/dobot_msgs/srv
[3.667s] -- Up-to-date: /home/ubuntu/magician_ros2_control_system_ws/install/dobot_msgs/include/dobot_msgs/dobot_msgs/srv/detail
[3.667s] -- Installing: /home/ubuntu/magician_ros2_control_system_ws/install/dobot_msgs/include/dobot_msgs/dobot_msgs/srv/detail/evaluate_ptp_trajectory__rosidl_typesupport_fastrtps_cpp.hpp
[3.667s] -- Installing: /home/ubuntu/magician_ros2_control_system_ws/install/dobot_msgs/include/dobot_msgs/dobot_msgs/srv/detail/gripper_control__rosidl_typesupport_fastrtps_cpp.hpp
[3.667s] -- Installing: /home/ubuntu/magician_ros2_control_system_ws/install/dobot_msgs/include/dobot_msgs/dobot_msgs/srv/detail/suction_cup_control__rosidl_typesupport_fastrtps_cpp.hpp
[3.667s] -- Installing: /home/ubuntu/magician_ros2_control_system_ws/install/dobot_msgs/include/dobot_msgs/dobot_msgs/srv/detail/execute_homing_procedure__rosidl_typesupport_fastrtps_cpp.hpp
[3.667s] -- Installing: /home/ubuntu/magician_ros2_control_system_ws/install/dobot_msgs/include/dobot_msgs/dobot_msgs/srv/detail/dds_fastrtps
[3.667s] -- Up-to-date: /home/ubuntu/magician_ros2_control_system_ws/install/dobot_msgs/include/dobot_msgs/dobot_msgs/msg
[3.668s] -- Installing: /home/ubuntu/magician_ros2_control_system_ws/install/dobot_msgs/include/dobot_msgs/dobot_msgs/msg/rosidl_typesupport_fastrtps_cpp__visibility_control.h
[3.668s] -- Up-to-date: /home/ubuntu/magician_ros2_control_system_ws/install/dobot_msgs/include/dobot_msgs/dobot_msgs/msg/detail
[3.668s] -- Installing: /home/ubuntu/magician_ros2_control_system_ws/install/dobot_msgs/include/dobot_msgs/dobot_msgs/msg/detail/gripper_status__rosidl_typesupport_fastrtps_cpp.hpp
[3.668s] -- Installing: /home/ubuntu/magician_ros2_control_system_ws/install/dobot_msgs/include/dobot_msgs/dobot_msgs/msg/detail/dds_fastrtps
[3.668s] -- Installing: /home/ubuntu/magician_ros2_control_system_ws/install/dobot_msgs/include/dobot_msgs/dobot_msgs/msg/detail/dobot_alarm_codes__rosidl_typesupport_fastrtps_cpp.hpp
[3.668s] -- Installing: /home/ubuntu/magician_ros2_control_system_ws/install/dobot_msgs/lib/libdobot_msgs__rosidl_typesupport_fastrtps_cpp.so
[3.668s] -- Set runtime path of "/home/ubuntu/magician_ros2_control_system_ws/install/dobot_msgs/lib/libdobot_msgs__rosidl_typesupport_fastrtps_cpp.so" to ""
[3.668s] -- Up-to-date: /home/ubuntu/magician_ros2_control_system_ws/install/dobot_msgs/include/dobot_msgs/dobot_msgs
[3.668s] -- Up-to-date: /home/ubuntu/magician_ros2_control_system_ws/install/dobot_msgs/include/dobot_msgs/dobot_msgs/action
[3.668s] -- Up-to-date: /home/ubuntu/magician_ros2_control_system_ws/install/dobot_msgs/include/dobot_msgs/dobot_msgs/action/detail
[3.668s] -- Installing: /home/ubuntu/magician_ros2_control_system_ws/install/dobot_msgs/include/dobot_msgs/dobot_msgs/action/detail/point_to_point__type_support.cpp
[3.668s] -- Installing: /home/ubuntu/magician_ros2_control_system_ws/install/dobot_msgs/include/dobot_msgs/dobot_msgs/action/detail/point_to_point__rosidl_typesupport_introspection_cpp.hpp
[3.668s] -- Installing: /home/ubuntu/magician_ros2_control_system_ws/install/dobot_msgs/include/dobot_msgs/dobot_msgs/action/detail/sliding_rail__rosidl_typesupport_introspection_cpp.hpp
[3.668s] -- Installing: /home/ubuntu/magician_ros2_control_system_ws/install/dobot_msgs/include/dobot_msgs/dobot_msgs/action/detail/sliding_rail__type_support.cpp
[3.668s] -- Up-to-date: /home/ubuntu/magician_ros2_control_system_ws/install/dobot_msgs/include/dobot_msgs/dobot_msgs/srv
[3.668s] -- Up-to-date: /home/ubuntu/magician_ros2_control_system_ws/install/dobot_msgs/include/dobot_msgs/dobot_msgs/srv/detail
[3.668s] -- Installing: /home/ubuntu/magician_ros2_control_system_ws/install/dobot_msgs/include/dobot_msgs/dobot_msgs/srv/detail/execute_homing_procedure__type_support.cpp
[3.668s] -- Installing: /home/ubuntu/magician_ros2_control_system_ws/install/dobot_msgs/include/dobot_msgs/dobot_msgs/srv/detail/suction_cup_control__rosidl_typesupport_introspection_cpp.hpp
[3.668s] -- Installing: /home/ubuntu/magician_ros2_control_system_ws/install/dobot_msgs/include/dobot_msgs/dobot_msgs/srv/detail/suction_cup_control__type_support.cpp
[3.668s] -- Installing: /home/ubuntu/magician_ros2_control_system_ws/install/dobot_msgs/include/dobot_msgs/dobot_msgs/srv/detail/execute_homing_procedure__rosidl_typesupport_introspection_cpp.hpp
[3.668s] -- Installing: /home/ubuntu/magician_ros2_control_system_ws/install/dobot_msgs/include/dobot_msgs/dobot_msgs/srv/detail/evaluate_ptp_trajectory__type_support.cpp
[3.668s] -- Installing: /home/ubuntu/magician_ros2_control_system_ws/install/dobot_msgs/include/dobot_msgs/dobot_msgs/srv/detail/gripper_control__rosidl_typesupport_introspection_cpp.hpp
[3.668s] -- Installing: /home/ubuntu/magician_ros2_control_system_ws/install/dobot_msgs/include/dobot_msgs/dobot_msgs/srv/detail/evaluate_ptp_trajectory__rosidl_typesupport_introspection_cpp.hpp
[3.668s] -- Installing: /home/ubuntu/magician_ros2_control_system_ws/install/dobot_msgs/include/dobot_msgs/dobot_msgs/srv/detail/gripper_control__type_support.cpp
[3.669s] -- Up-to-date: /home/ubuntu/magician_ros2_control_system_ws/install/dobot_msgs/include/dobot_msgs/dobot_msgs/msg
[3.669s] -- Up-to-date: /home/ubuntu/magician_ros2_control_system_ws/install/dobot_msgs/include/dobot_msgs/dobot_msgs/msg/detail
[3.669s] -- Installing: /home/ubuntu/magician_ros2_control_system_ws/install/dobot_msgs/include/dobot_msgs/dobot_msgs/msg/detail/dobot_alarm_codes__type_support.cpp
[3.669s] -- Installing: /home/ubuntu/magician_ros2_control_system_ws/install/dobot_msgs/include/dobot_msgs/dobot_msgs/msg/detail/gripper_status__rosidl_typesupport_introspection_cpp.hpp
[3.669s] -- Installing: /home/ubuntu/magician_ros2_control_system_ws/install/dobot_msgs/include/dobot_msgs/dobot_msgs/msg/detail/gripper_status__type_support.cpp
[3.669s] -- Installing: /home/ubuntu/magician_ros2_control_system_ws/install/dobot_msgs/include/dobot_msgs/dobot_msgs/msg/detail/dobot_alarm_codes__rosidl_typesupport_introspection_cpp.hpp
[3.669s] -- Installing: /home/ubuntu/magician_ros2_control_system_ws/install/dobot_msgs/lib/libdobot_msgs__rosidl_typesupport_introspection_cpp.so
[3.669s] -- Set runtime path of "/home/ubuntu/magician_ros2_control_system_ws/install/dobot_msgs/lib/libdobot_msgs__rosidl_typesupport_introspection_cpp.so" to ""
[3.669s] -- Installing: /home/ubuntu/magician_ros2_control_system_ws/install/dobot_msgs/lib/libdobot_msgs__rosidl_typesupport_cpp.so
[3.669s] -- Set runtime path of "/home/ubuntu/magician_ros2_control_system_ws/install/dobot_msgs/lib/libdobot_msgs__rosidl_typesupport_cpp.so" to ""
[3.669s] -- Installing: /home/ubuntu/magician_ros2_control_system_ws/install/dobot_msgs/share/dobot_msgs/environment/pythonpath.sh
[3.669s] -- Installing: /home/ubuntu/magician_ros2_control_system_ws/install/dobot_msgs/share/dobot_msgs/environment/pythonpath.dsv
[3.670s] -- Installing: /home/ubuntu/magician_ros2_control_system_ws/install/dobot_msgs/local/lib/python3.10/dist-packages/dobot_msgs-1.0.0-py3.10.egg-info
[3.670s] -- Installing: /home/ubuntu/magician_ros2_control_system_ws/install/dobot_msgs/local/lib/python3.10/dist-packages/dobot_msgs-1.0.0-py3.10.egg-info/SOURCES.txt
[3.670s] -- Installing: /home/ubuntu/magician_ros2_control_system_ws/install/dobot_msgs/local/lib/python3.10/dist-packages/dobot_msgs-1.0.0-py3.10.egg-info/dependency_links.txt
[3.670s] -- Installing: /home/ubuntu/magician_ros2_control_system_ws/install/dobot_msgs/local/lib/python3.10/dist-packages/dobot_msgs-1.0.0-py3.10.egg-info/PKG-INFO
[3.670s] -- Installing: /home/ubuntu/magician_ros2_control_system_ws/install/dobot_msgs/local/lib/python3.10/dist-packages/dobot_msgs-1.0.0-py3.10.egg-info/top_level.txt
[3.670s] -- Installing: /home/ubuntu/magician_ros2_control_system_ws/install/dobot_msgs/local/lib/python3.10/dist-packages/dobot_msgs
[3.670s] -- Installing: /home/ubuntu/magician_ros2_control_system_ws/install/dobot_msgs/local/lib/python3.10/dist-packages/dobot_msgs/dobot_msgs_s__rosidl_typesupport_c.cpython-310-x86_64-linux-gnu.so
[3.670s] -- Installing: /home/ubuntu/magician_ros2_control_system_ws/install/dobot_msgs/local/lib/python3.10/dist-packages/dobot_msgs/__init__.py
[3.670s] -- Installing: /home/ubuntu/magician_ros2_control_system_ws/install/dobot_msgs/local/lib/python3.10/dist-packages/dobot_msgs/dobot_msgs_s__rosidl_typesupport_introspection_c.cpython-310-x86_64-linux-gnu.so
[3.670s] -- Installing: /home/ubuntu/magician_ros2_control_system_ws/install/dobot_msgs/local/lib/python3.10/dist-packages/dobot_msgs/action
[3.670s] -- Installing: /home/ubuntu/magician_ros2_control_system_ws/install/dobot_msgs/local/lib/python3.10/dist-packages/dobot_msgs/action/__init__.py
[3.670s] -- Installing: /home/ubuntu/magician_ros2_control_system_ws/install/dobot_msgs/local/lib/python3.10/dist-packages/dobot_msgs/action/_sliding_rail_s.c
[3.670s] -- Installing: /home/ubuntu/magician_ros2_control_system_ws/install/dobot_msgs/local/lib/python3.10/dist-packages/dobot_msgs/action/_point_to_point.py
[3.670s] -- Installing: /home/ubuntu/magician_ros2_control_system_ws/install/dobot_msgs/local/lib/python3.10/dist-packages/dobot_msgs/action/_point_to_point_s.c
[3.670s] -- Installing: /home/ubuntu/magician_ros2_control_system_ws/install/dobot_msgs/local/lib/python3.10/dist-packages/dobot_msgs/action/_sliding_rail.py
[3.670s] -- Installing: /home/ubuntu/magician_ros2_control_system_ws/install/dobot_msgs/local/lib/python3.10/dist-packages/dobot_msgs/_dobot_msgs_s.ep.rosidl_typesupport_introspection_c.c
[3.670s] -- Installing: /home/ubuntu/magician_ros2_control_system_ws/install/dobot_msgs/local/lib/python3.10/dist-packages/dobot_msgs/srv
[3.670s] -- Installing: /home/ubuntu/magician_ros2_control_system_ws/install/dobot_msgs/local/lib/python3.10/dist-packages/dobot_msgs/srv/__init__.py
[3.670s] -- Installing: /home/ubuntu/magician_ros2_control_system_ws/install/dobot_msgs/local/lib/python3.10/dist-packages/dobot_msgs/srv/_gripper_control.py
[3.670s] -- Installing: /home/ubuntu/magician_ros2_control_system_ws/install/dobot_msgs/local/lib/python3.10/dist-packages/dobot_msgs/srv/_evaluate_ptp_trajectory_s.c
[3.670s] -- Installing: /home/ubuntu/magician_ros2_control_system_ws/install/dobot_msgs/local/lib/python3.10/dist-packages/dobot_msgs/srv/_evaluate_ptp_trajectory.py
[3.671s] -- Installing: /home/ubuntu/magician_ros2_control_system_ws/install/dobot_msgs/local/lib/python3.10/dist-packages/dobot_msgs/srv/_suction_cup_control.py
[3.671s] -- Installing: /home/ubuntu/magician_ros2_control_system_ws/install/dobot_msgs/local/lib/python3.10/dist-packages/dobot_msgs/srv/_gripper_control_s.c
[3.671s] -- Installing: /home/ubuntu/magician_ros2_control_system_ws/install/dobot_msgs/local/lib/python3.10/dist-packages/dobot_msgs/srv/_execute_homing_procedure_s.c
[3.671s] -- Installing: /home/ubuntu/magician_ros2_control_system_ws/install/dobot_msgs/local/lib/python3.10/dist-packages/dobot_msgs/srv/_suction_cup_control_s.c
[3.671s] -- Installing: /home/ubuntu/magician_ros2_control_system_ws/install/dobot_msgs/local/lib/python3.10/dist-packages/dobot_msgs/srv/_execute_homing_procedure.py
[3.671s] -- Installing: /home/ubuntu/magician_ros2_control_system_ws/install/dobot_msgs/local/lib/python3.10/dist-packages/dobot_msgs/dobot_msgs_s__rosidl_typesupport_fastrtps_c.cpython-310-x86_64-linux-gnu.so
[3.671s] -- Installing: /home/ubuntu/magician_ros2_control_system_ws/install/dobot_msgs/local/lib/python3.10/dist-packages/dobot_msgs/msg
[3.671s] -- Installing: /home/ubuntu/magician_ros2_control_system_ws/install/dobot_msgs/local/lib/python3.10/dist-packages/dobot_msgs/msg/__init__.py
[3.671s] -- Installing: /home/ubuntu/magician_ros2_control_system_ws/install/dobot_msgs/local/lib/python3.10/dist-packages/dobot_msgs/msg/_gripper_status.py
[3.671s] -- Installing: /home/ubuntu/magician_ros2_control_system_ws/install/dobot_msgs/local/lib/python3.10/dist-packages/dobot_msgs/msg/_dobot_alarm_codes_s.c
[3.671s] -- Installing: /home/ubuntu/magician_ros2_control_system_ws/install/dobot_msgs/local/lib/python3.10/dist-packages/dobot_msgs/msg/_gripper_status_s.c
[3.671s] -- Installing: /home/ubuntu/magician_ros2_control_system_ws/install/dobot_msgs/local/lib/python3.10/dist-packages/dobot_msgs/msg/_dobot_alarm_codes.py
[3.671s] -- Installing: /home/ubuntu/magician_ros2_control_system_ws/install/dobot_msgs/local/lib/python3.10/dist-packages/dobot_msgs/_dobot_msgs_s.ep.rosidl_typesupport_c.c
[3.671s] -- Installing: /home/ubuntu/magician_ros2_control_system_ws/install/dobot_msgs/local/lib/python3.10/dist-packages/dobot_msgs/libdobot_msgs__rosidl_generator_py.so
[3.671s] -- Installing: /home/ubuntu/magician_ros2_control_system_ws/install/dobot_msgs/local/lib/python3.10/dist-packages/dobot_msgs/_dobot_msgs_s.ep.rosidl_typesupport_fastrtps_c.c
[3.707s] Listing '/home/ubuntu/magician_ros2_control_system_ws/install/dobot_msgs/local/lib/python3.10/dist-packages/dobot_msgs'...
[3.707s] Compiling '/home/ubuntu/magician_ros2_control_system_ws/install/dobot_msgs/local/lib/python3.10/dist-packages/dobot_msgs/__init__.py'...
[3.707s] Listing '/home/ubuntu/magician_ros2_control_system_ws/install/dobot_msgs/local/lib/python3.10/dist-packages/dobot_msgs/action'...
[3.707s] Compiling '/home/ubuntu/magician_ros2_control_system_ws/install/dobot_msgs/local/lib/python3.10/dist-packages/dobot_msgs/action/__init__.py'...
[3.707s] Compiling '/home/ubuntu/magician_ros2_control_system_ws/install/dobot_msgs/local/lib/python3.10/dist-packages/dobot_msgs/action/_point_to_point.py'...
[3.707s] Compiling '/home/ubuntu/magician_ros2_control_system_ws/install/dobot_msgs/local/lib/python3.10/dist-packages/dobot_msgs/action/_sliding_rail.py'...
[3.707s] Listing '/home/ubuntu/magician_ros2_control_system_ws/install/dobot_msgs/local/lib/python3.10/dist-packages/dobot_msgs/msg'...
[3.707s] Compiling '/home/ubuntu/magician_ros2_control_system_ws/install/dobot_msgs/local/lib/python3.10/dist-packages/dobot_msgs/msg/__init__.py'...
[3.708s] Compiling '/home/ubuntu/magician_ros2_control_system_ws/install/dobot_msgs/local/lib/python3.10/dist-packages/dobot_msgs/msg/_dobot_alarm_codes.py'...
[3.708s] Compiling '/home/ubuntu/magician_ros2_control_system_ws/install/dobot_msgs/local/lib/python3.10/dist-packages/dobot_msgs/msg/_gripper_status.py'...
[3.708s] Listing '/home/ubuntu/magician_ros2_control_system_ws/install/dobot_msgs/local/lib/python3.10/dist-packages/dobot_msgs/srv'...
[3.708s] Compiling '/home/ubuntu/magician_ros2_control_system_ws/install/dobot_msgs/local/lib/python3.10/dist-packages/dobot_msgs/srv/__init__.py'...
[3.708s] Compiling '/home/ubuntu/magician_ros2_control_system_ws/install/dobot_msgs/local/lib/python3.10/dist-packages/dobot_msgs/srv/_evaluate_ptp_trajectory.py'...
[3.708s] Compiling '/home/ubuntu/magician_ros2_control_system_ws/install/dobot_msgs/local/lib/python3.10/dist-packages/dobot_msgs/srv/_execute_homing_procedure.py'...
[3.708s] Compiling '/home/ubuntu/magician_ros2_control_system_ws/install/dobot_msgs/local/lib/python3.10/dist-packages/dobot_msgs/srv/_gripper_control.py'...
[3.708s] Compiling '/home/ubuntu/magician_ros2_control_system_ws/install/dobot_msgs/local/lib/python3.10/dist-packages/dobot_msgs/srv/_suction_cup_control.py'...
[3.710s] -- Installing: /home/ubuntu/magician_ros2_control_system_ws/install/dobot_msgs/local/lib/python3.10/dist-packages/dobot_msgs/dobot_msgs_s__rosidl_typesupport_fastrtps_c.cpython-310-x86_64-linux-gnu.so
[3.710s] -- Set runtime path of "/home/ubuntu/magician_ros2_control_system_ws/install/dobot_msgs/local/lib/python3.10/dist-packages/dobot_msgs/dobot_msgs_s__rosidl_typesupport_fastrtps_c.cpython-310-x86_64-linux-gnu.so" to ""
[3.710s] -- Installing: /home/ubuntu/magician_ros2_control_system_ws/install/dobot_msgs/local/lib/python3.10/dist-packages/dobot_msgs/dobot_msgs_s__rosidl_typesupport_introspection_c.cpython-310-x86_64-linux-gnu.so
[3.711s] -- Set runtime path of "/home/ubuntu/magician_ros2_control_system_ws/install/dobot_msgs/local/lib/python3.10/dist-packages/dobot_msgs/dobot_msgs_s__rosidl_typesupport_introspection_c.cpython-310-x86_64-linux-gnu.so" to ""
[3.711s] -- Installing: /home/ubuntu/magician_ros2_control_system_ws/install/dobot_msgs/local/lib/python3.10/dist-packages/dobot_msgs/dobot_msgs_s__rosidl_typesupport_c.cpython-310-x86_64-linux-gnu.so
[3.711s] -- Set runtime path of "/home/ubuntu/magician_ros2_control_system_ws/install/dobot_msgs/local/lib/python3.10/dist-packages/dobot_msgs/dobot_msgs_s__rosidl_typesupport_c.cpython-310-x86_64-linux-gnu.so" to ""
[3.711s] -- Installing: /home/ubuntu/magician_ros2_control_system_ws/install/dobot_msgs/lib/libdobot_msgs__rosidl_generator_py.so
[3.711s] -- Set runtime path of "/home/ubuntu/magician_ros2_control_system_ws/install/dobot_msgs/lib/libdobot_msgs__rosidl_generator_py.so" to ""
[3.711s] -- Installing: /home/ubuntu/magician_ros2_control_system_ws/install/dobot_msgs/share/dobot_msgs/action/PointToPoint.idl
[3.711s] -- Installing: /home/ubuntu/magician_ros2_control_system_ws/install/dobot_msgs/share/dobot_msgs/action/SlidingRail.idl
[3.711s] -- Installing: /home/ubuntu/magician_ros2_control_system_ws/install/dobot_msgs/share/dobot_msgs/msg/DobotAlarmCodes.idl
[3.711s] -- Installing: /home/ubuntu/magician_ros2_control_system_ws/install/dobot_msgs/share/dobot_msgs/msg/GripperStatus.idl
[3.711s] -- Installing: /home/ubuntu/magician_ros2_control_system_ws/install/dobot_msgs/share/dobot_msgs/srv/EvaluatePTPTrajectory.idl
[3.711s] -- Installing: /home/ubuntu/magician_ros2_control_system_ws/install/dobot_msgs/share/dobot_msgs/srv/ExecuteHomingProcedure.idl
[3.711s] -- Installing: /home/ubuntu/magician_ros2_control_system_ws/install/dobot_msgs/share/dobot_msgs/srv/GripperControl.idl
[3.711s] -- Installing: /home/ubuntu/magician_ros2_control_system_ws/install/dobot_msgs/share/dobot_msgs/srv/SuctionCupControl.idl
[3.712s] -- Installing: /home/ubuntu/magician_ros2_control_system_ws/install/dobot_msgs/share/dobot_msgs/action/PointToPoint.action
[3.712s] -- Installing: /home/ubuntu/magician_ros2_control_system_ws/install/dobot_msgs/share/dobot_msgs/action/SlidingRail.action
[3.712s] -- Installing: /home/ubuntu/magician_ros2_control_system_ws/install/dobot_msgs/share/dobot_msgs/msg/DobotAlarmCodes.msg
[3.712s] -- Installing: /home/ubuntu/magician_ros2_control_system_ws/install/dobot_msgs/share/dobot_msgs/msg/GripperStatus.msg
[3.712s] -- Installing: /home/ubuntu/magician_ros2_control_system_ws/install/dobot_msgs/share/dobot_msgs/srv/EvaluatePTPTrajectory.srv
[3.712s] -- Installing: /home/ubuntu/magician_ros2_control_system_ws/install/dobot_msgs/share/dobot_msgs/srv/EvaluatePTPTrajectory_Request.msg
[3.712s] -- Installing: /home/ubuntu/magician_ros2_control_system_ws/install/dobot_msgs/share/dobot_msgs/srv/EvaluatePTPTrajectory_Response.msg
[3.712s] -- Installing: /home/ubuntu/magician_ros2_control_system_ws/install/dobot_msgs/share/dobot_msgs/srv/ExecuteHomingProcedure.srv
[3.712s] -- Installing: /home/ubuntu/magician_ros2_control_system_ws/install/dobot_msgs/share/dobot_msgs/srv/ExecuteHomingProcedure_Request.msg
[3.712s] -- Installing: /home/ubuntu/magician_ros2_control_system_ws/install/dobot_msgs/share/dobot_msgs/srv/ExecuteHomingProcedure_Response.msg
[3.713s] -- Installing: /home/ubuntu/magician_ros2_control_system_ws/install/dobot_msgs/share/dobot_msgs/srv/GripperControl.srv
[3.713s] -- Installing: /home/ubuntu/magician_ros2_control_system_ws/install/dobot_msgs/share/dobot_msgs/srv/GripperControl_Request.msg
[3.713s] -- Installing: /home/ubuntu/magician_ros2_control_system_ws/install/dobot_msgs/share/dobot_msgs/srv/GripperControl_Response.msg
[3.713s] -- Installing: /home/ubuntu/magician_ros2_control_system_ws/install/dobot_msgs/share/dobot_msgs/srv/SuctionCupControl.srv
[3.713s] -- Installing: /home/ubuntu/magician_ros2_control_system_ws/install/dobot_msgs/share/dobot_msgs/srv/SuctionCupControl_Request.msg
[3.713s] -- Installing: /home/ubuntu/magician_ros2_control_system_ws/install/dobot_msgs/share/dobot_msgs/srv/SuctionCupControl_Response.msg
[3.713s] -- Installing: /home/ubuntu/magician_ros2_control_system_ws/install/dobot_msgs/share/ament_index/resource_index/package_run_dependencies/dobot_msgs
[3.713s] -- Installing: /home/ubuntu/magician_ros2_control_system_ws/install/dobot_msgs/share/ament_index/resource_index/parent_prefix_path/dobot_msgs
[3.713s] -- Installing: /home/ubuntu/magician_ros2_control_system_ws/install/dobot_msgs/share/dobot_msgs/environment/ament_prefix_path.sh
[3.713s] -- Installing: /home/ubuntu/magician_ros2_control_system_ws/install/dobot_msgs/share/dobot_msgs/environment/ament_prefix_path.dsv
[3.713s] -- Installing: /home/ubuntu/magician_ros2_control_system_ws/install/dobot_msgs/share/dobot_msgs/environment/path.sh
[3.713s] -- Installing: /home/ubuntu/magician_ros2_control_system_ws/install/dobot_msgs/share/dobot_msgs/environment/path.dsv
[3.713s] -- Installing: /home/ubuntu/magician_ros2_control_system_ws/install/dobot_msgs/share/dobot_msgs/local_setup.bash
[3.713s] -- Installing: /home/ubuntu/magician_ros2_control_system_ws/install/dobot_msgs/share/dobot_msgs/local_setup.sh
[3.713s] -- Installing: /home/ubuntu/magician_ros2_control_system_ws/install/dobot_msgs/share/dobot_msgs/local_setup.zsh
[3.713s] -- Installing: /home/ubuntu/magician_ros2_control_system_ws/install/dobot_msgs/share/dobot_msgs/local_setup.dsv
[3.713s] -- Installing: /home/ubuntu/magician_ros2_control_system_ws/install/dobot_msgs/share/dobot_msgs/package.dsv
[3.713s] -- Installing: /home/ubuntu/magician_ros2_control_system_ws/install/dobot_msgs/share/ament_index/resource_index/packages/dobot_msgs
[3.713s] -- Installing: /home/ubuntu/magician_ros2_control_system_ws/install/dobot_msgs/share/dobot_msgs/cmake/export_dobot_msgs__rosidl_generator_cExport.cmake
[3.713s] -- Installing: /home/ubuntu/magician_ros2_control_system_ws/install/dobot_msgs/share/dobot_msgs/cmake/export_dobot_msgs__rosidl_generator_cExport-noconfig.cmake
[3.714s] -- Installing: /home/ubuntu/magician_ros2_control_system_ws/install/dobot_msgs/share/dobot_msgs/cmake/export_dobot_msgs__rosidl_typesupport_fastrtps_cExport.cmake
[3.714s] -- Installing: /home/ubuntu/magician_ros2_control_system_ws/install/dobot_msgs/share/dobot_msgs/cmake/export_dobot_msgs__rosidl_typesupport_fastrtps_cExport-noconfig.cmake
[3.714s] -- Installing: /home/ubuntu/magician_ros2_control_system_ws/install/dobot_msgs/share/dobot_msgs/cmake/dobot_msgs__rosidl_typesupport_introspection_cExport.cmake
[3.714s] -- Installing: /home/ubuntu/magician_ros2_control_system_ws/install/dobot_msgs/share/dobot_msgs/cmake/dobot_msgs__rosidl_typesupport_introspection_cExport-noconfig.cmake
[3.714s] -- Installing: /home/ubuntu/magician_ros2_control_system_ws/install/dobot_msgs/share/dobot_msgs/cmake/dobot_msgs__rosidl_typesupport_cExport.cmake
[3.714s] -- Installing: /home/ubuntu/magician_ros2_control_system_ws/install/dobot_msgs/share/dobot_msgs/cmake/dobot_msgs__rosidl_typesupport_cExport-noconfig.cmake
[3.714s] -- Installing: /home/ubuntu/magician_ros2_control_system_ws/install/dobot_msgs/share/dobot_msgs/cmake/export_dobot_msgs__rosidl_generator_cppExport.cmake
[3.714s] -- Installing: /home/ubuntu/magician_ros2_control_system_ws/install/dobot_msgs/share/dobot_msgs/cmake/export_dobot_msgs__rosidl_typesupport_fastrtps_cppExport.cmake
[3.714s] -- Installing: /home/ubuntu/magician_ros2_control_system_ws/install/dobot_msgs/share/dobot_msgs/cmake/export_dobot_msgs__rosidl_typesupport_fastrtps_cppExport-noconfig.cmake
[3.714s] -- Installing: /home/ubuntu/magician_ros2_control_system_ws/install/dobot_msgs/share/dobot_msgs/cmake/dobot_msgs__rosidl_typesupport_introspection_cppExport.cmake
[3.714s] -- Installing: /home/ubuntu/magician_ros2_control_system_ws/install/dobot_msgs/share/dobot_msgs/cmake/dobot_msgs__rosidl_typesupport_introspection_cppExport-noconfig.cmake
[3.714s] -- Installing: /home/ubuntu/magician_ros2_control_system_ws/install/dobot_msgs/share/dobot_msgs/cmake/dobot_msgs__rosidl_typesupport_cppExport.cmake
[3.714s] -- Installing: /home/ubuntu/magician_ros2_control_system_ws/install/dobot_msgs/share/dobot_msgs/cmake/dobot_msgs__rosidl_typesupport_cppExport-noconfig.cmake
[3.714s] -- Installing: /home/ubuntu/magician_ros2_control_system_ws/install/dobot_msgs/share/dobot_msgs/cmake/export_dobot_msgs__rosidl_generator_pyExport.cmake
[3.714s] -- Installing: /home/ubuntu/magician_ros2_control_system_ws/install/dobot_msgs/share/dobot_msgs/cmake/export_dobot_msgs__rosidl_generator_pyExport-noconfig.cmake
[3.714s] -- Installing: /home/ubuntu/magician_ros2_control_system_ws/install/dobot_msgs/share/dobot_msgs/cmake/rosidl_cmake-extras.cmake
[3.714s] -- Installing: /home/ubuntu/magician_ros2_control_system_ws/install/dobot_msgs/share/dobot_msgs/cmake/ament_cmake_export_dependencies-extras.cmake
[3.714s] -- Installing: /home/ubuntu/magician_ros2_control_system_ws/install/dobot_msgs/share/dobot_msgs/cmake/ament_cmake_export_include_directories-extras.cmake
[3.715s] -- Installing: /home/ubuntu/magician_ros2_control_system_ws/install/dobot_msgs/share/dobot_msgs/cmake/ament_cmake_export_libraries-extras.cmake
[3.715s] -- Installing: /home/ubuntu/magician_ros2_control_system_ws/install/dobot_msgs/share/dobot_msgs/cmake/ament_cmake_export_targets-extras.cmake
[3.715s] -- Installing: /home/ubuntu/magician_ros2_control_system_ws/install/dobot_msgs/share/dobot_msgs/cmake/rosidl_cmake_export_typesupport_targets-extras.cmake
[3.715s] -- Installing: /home/ubuntu/magician_ros2_control_system_ws/install/dobot_msgs/share/dobot_msgs/cmake/rosidl_cmake_export_typesupport_libraries-extras.cmake
[3.715s] -- Installing: /home/ubuntu/magician_ros2_control_system_ws/install/dobot_msgs/share/dobot_msgs/cmake/dobot_msgsConfig.cmake
[3.715s] -- Installing: /home/ubuntu/magician_ros2_control_system_ws/install/dobot_msgs/share/dobot_msgs/cmake/dobot_msgsConfig-version.cmake
[3.715s] -- Installing: /home/ubuntu/magician_ros2_control_system_ws/install/dobot_msgs/share/dobot_msgs/package.xml
[3.717s] Invoked command in '/home/ubuntu/magician_ros2_control_system_ws/build/dobot_msgs' returned '0': CMAKE_PREFIX_PATH=/opt/ros/humble /usr/bin/cmake --install /home/ubuntu/magician_ros2_control_system_ws/build/dobot_msgs
