[1.169s] Invoking command in '/home/ubuntu/magician_ros2_control_system_ws/src/gyeong_pkg': PYTHONPATH=/home/ubuntu/magician_ros2_control_system_ws/build/gyeong_pkg/prefix_override:/usr/lib/python3/dist-packages/colcon_core/task/python/colcon_distutils_commands:/home/ubuntu/magician_ros2_control_system_ws/install/gyeong_pkg/lib/python3.10/site-packages:${PYTHONPATH} /usr/bin/python3 -W ignore:setup.py install is deprecated setup.py egg_info --egg-base ../../build/gyeong_pkg build --build-base /home/ubuntu/magician_ros2_control_system_ws/build/gyeong_pkg/build install --record /home/ubuntu/magician_ros2_control_system_ws/build/gyeong_pkg/install.log --single-version-externally-managed install_data
[1.335s] running egg_info
[1.335s] writing ../../build/gyeong_pkg/gyeong_pkg.egg-info/PKG-INFO
[1.335s] writing dependency_links to ../../build/gyeong_pkg/gyeong_pkg.egg-info/dependency_links.txt
[1.336s] writing entry points to ../../build/gyeong_pkg/gyeong_pkg.egg-info/entry_points.txt
[1.336s] writing requirements to ../../build/gyeong_pkg/gyeong_pkg.egg-info/requires.txt
[1.336s] writing top-level names to ../../build/gyeong_pkg/gyeong_pkg.egg-info/top_level.txt
[1.336s] reading manifest file '../../build/gyeong_pkg/gyeong_pkg.egg-info/SOURCES.txt'
[1.337s] writing manifest file '../../build/gyeong_pkg/gyeong_pkg.egg-info/SOURCES.txt'
[1.337s] running build
[1.337s] running build_py
[1.338s] copying gyeong_pkg/robo_dk.py -> /home/ubuntu/magician_ros2_control_system_ws/build/gyeong_pkg/build/lib/gyeong_pkg
[1.338s] copying gyeong_pkg/yolo_with_socket.py -> /home/ubuntu/magician_ros2_control_system_ws/build/gyeong_pkg/build/lib/gyeong_pkg
[1.338s] running install
[1.338s] running install_lib
[1.338s] copying /home/ubuntu/magician_ros2_control_system_ws/build/gyeong_pkg/build/lib/gyeong_pkg/robo_dk.py -> /home/ubuntu/magician_ros2_control_system_ws/install/gyeong_pkg/lib/python3.10/site-packages/gyeong_pkg
[1.338s] copying /home/ubuntu/magician_ros2_control_system_ws/build/gyeong_pkg/build/lib/gyeong_pkg/yolo_with_socket.py -> /home/ubuntu/magician_ros2_control_system_ws/install/gyeong_pkg/lib/python3.10/site-packages/gyeong_pkg
[1.338s] byte-compiling /home/ubuntu/magician_ros2_control_system_ws/install/gyeong_pkg/lib/python3.10/site-packages/gyeong_pkg/robo_dk.py to robo_dk.cpython-310.pyc
[1.339s] byte-compiling /home/ubuntu/magician_ros2_control_system_ws/install/gyeong_pkg/lib/python3.10/site-packages/gyeong_pkg/yolo_with_socket.py to yolo_with_socket.cpython-310.pyc
[1.340s] running install_data
[1.340s] running install_egg_info
[1.341s] removing '/home/ubuntu/magician_ros2_control_system_ws/install/gyeong_pkg/lib/python3.10/site-packages/gyeong_pkg-0.0.0-py3.10.egg-info' (and everything under it)
[1.341s] Copying ../../build/gyeong_pkg/gyeong_pkg.egg-info to /home/ubuntu/magician_ros2_control_system_ws/install/gyeong_pkg/lib/python3.10/site-packages/gyeong_pkg-0.0.0-py3.10.egg-info
[1.342s] running install_scripts
[1.356s] Installing dobot_mv script to /home/ubuntu/magician_ros2_control_system_ws/install/gyeong_pkg/lib/gyeong_pkg
[1.356s] Installing robo_dk script to /home/ubuntu/magician_ros2_control_system_ws/install/gyeong_pkg/lib/gyeong_pkg
[1.356s] Installing sock_yolo script to /home/ubuntu/magician_ros2_control_system_ws/install/gyeong_pkg/lib/gyeong_pkg
[1.356s] Installing yolo script to /home/ubuntu/magician_ros2_control_system_ws/install/gyeong_pkg/lib/gyeong_pkg
[1.357s] writing list of installed files to '/home/ubuntu/magician_ros2_control_system_ws/build/gyeong_pkg/install.log'
[2.574s] Invoked command in '/home/ubuntu/magician_ros2_control_system_ws/src/gyeong_pkg' returned '0': PYTHONPATH=/home/ubuntu/magician_ros2_control_system_ws/build/gyeong_pkg/prefix_override:/usr/lib/python3/dist-packages/colcon_core/task/python/colcon_distutils_commands:/home/ubuntu/magician_ros2_control_system_ws/install/gyeong_pkg/lib/python3.10/site-packages:${PYTHONPATH} /usr/bin/python3 -W ignore:setup.py install is deprecated setup.py egg_info --egg-base ../../build/gyeong_pkg build --build-base /home/ubuntu/magician_ros2_control_system_ws/build/gyeong_pkg/build install --record /home/ubuntu/magician_ros2_control_system_ws/build/gyeong_pkg/install.log --single-version-externally-managed install_data
