[1.776s] Invoking command in '/home/ubuntu/magician_ros2_control_system_ws/src/dobot_homing': AMENT_PREFIX_PATH=/home/ubuntu/magician_ros2_control_system_ws/install/dobot_msgs:${AMENT_PREFIX_PATH} CMAKE_PREFIX_PATH=/home/ubuntu/magician_ros2_control_system_ws/install/dobot_msgs LD_LIBRARY_PATH=/home/ubuntu/magician_ros2_control_system_ws/install/dobot_msgs/lib:${LD_LIBRARY_PATH} PYTHONPATH=/home/ubuntu/magician_ros2_control_system_ws/build/dobot_homing/prefix_override:/usr/lib/python3/dist-packages/colcon_core/task/python/colcon_distutils_commands:/home/ubuntu/magician_ros2_control_system_ws/install/dobot_homing/lib/python3.10/site-packages:/home/ubuntu/magician_ros2_control_system_ws/install/dobot_msgs/local/lib/python3.10/dist-packages:${PYTHONPATH} /usr/bin/python3 -W ignore:setup.py install is deprecated setup.py egg_info --egg-base ../../build/dobot_homing build --build-base /home/ubuntu/magician_ros2_control_system_ws/build/dobot_homing/build install --record /home/ubuntu/magician_ros2_control_system_ws/build/dobot_homing/install.log --single-version-externally-managed install_data
[1.963s] running egg_info
[1.963s] creating ../../build/dobot_homing/dobot_homing.egg-info
[1.963s] writing ../../build/dobot_homing/dobot_homing.egg-info/PKG-INFO
[1.964s] writing dependency_links to ../../build/dobot_homing/dobot_homing.egg-info/dependency_links.txt
[1.964s] writing entry points to ../../build/dobot_homing/dobot_homing.egg-info/entry_points.txt
[1.964s] writing requirements to ../../build/dobot_homing/dobot_homing.egg-info/requires.txt
[1.964s] writing top-level names to ../../build/dobot_homing/dobot_homing.egg-info/top_level.txt
[1.964s] writing manifest file '../../build/dobot_homing/dobot_homing.egg-info/SOURCES.txt'
[1.965s] reading manifest file '../../build/dobot_homing/dobot_homing.egg-info/SOURCES.txt'
[1.965s] writing manifest file '../../build/dobot_homing/dobot_homing.egg-info/SOURCES.txt'
[1.965s] running build
[1.965s] running build_py
[1.965s] creating /home/ubuntu/magician_ros2_control_system_ws/build/dobot_homing/build
[1.966s] creating /home/ubuntu/magician_ros2_control_system_ws/build/dobot_homing/build/lib
[1.966s] creating /home/ubuntu/magician_ros2_control_system_ws/build/dobot_homing/build/lib/dobot_homing
[1.966s] copying dobot_homing/__init__.py -> /home/ubuntu/magician_ros2_control_system_ws/build/dobot_homing/build/lib/dobot_homing
[1.966s] copying dobot_homing/homing_server.py -> /home/ubuntu/magician_ros2_control_system_ws/build/dobot_homing/build/lib/dobot_homing
[1.966s] running install
[1.966s] running install_lib
[1.966s] creating /home/ubuntu/magician_ros2_control_system_ws/install/dobot_homing/lib/python3.10/site-packages/dobot_homing
[1.966s] copying /home/ubuntu/magician_ros2_control_system_ws/build/dobot_homing/build/lib/dobot_homing/__init__.py -> /home/ubuntu/magician_ros2_control_system_ws/install/dobot_homing/lib/python3.10/site-packages/dobot_homing
[1.966s] copying /home/ubuntu/magician_ros2_control_system_ws/build/dobot_homing/build/lib/dobot_homing/homing_server.py -> /home/ubuntu/magician_ros2_control_system_ws/install/dobot_homing/lib/python3.10/site-packages/dobot_homing
[1.967s] byte-compiling /home/ubuntu/magician_ros2_control_system_ws/install/dobot_homing/lib/python3.10/site-packages/dobot_homing/__init__.py to __init__.cpython-310.pyc
[1.967s] byte-compiling /home/ubuntu/magician_ros2_control_system_ws/install/dobot_homing/lib/python3.10/site-packages/dobot_homing/homing_server.py to homing_server.cpython-310.pyc
[1.967s] running install_data
[1.967s] creating /home/ubuntu/magician_ros2_control_system_ws/install/dobot_homing/share/ament_index
[1.967s] creating /home/ubuntu/magician_ros2_control_system_ws/install/dobot_homing/share/ament_index/resource_index
[1.967s] creating /home/ubuntu/magician_ros2_control_system_ws/install/dobot_homing/share/ament_index/resource_index/packages
[1.967s] copying resource/dobot_homing -> /home/ubuntu/magician_ros2_control_system_ws/install/dobot_homing/share/ament_index/resource_index/packages
[1.967s] copying package.xml -> /home/ubuntu/magician_ros2_control_system_ws/install/dobot_homing/share/dobot_homing
[1.967s] copying launch/dobot_homing.launch.py -> /home/ubuntu/magician_ros2_control_system_ws/install/dobot_homing/share/dobot_homing
[1.967s] creating /home/ubuntu/magician_ros2_control_system_ws/install/dobot_homing/share/dobot_homing/config
[1.967s] copying config/homing_params.yaml -> /home/ubuntu/magician_ros2_control_system_ws/install/dobot_homing/share/dobot_homing/config
[1.967s] running install_egg_info
[1.968s] Copying ../../build/dobot_homing/dobot_homing.egg-info to /home/ubuntu/magician_ros2_control_system_ws/install/dobot_homing/lib/python3.10/site-packages/dobot_homing-1.0.0-py3.10.egg-info
[1.969s] running install_scripts
[1.982s] Installing homing_server script to /home/ubuntu/magician_ros2_control_system_ws/install/dobot_homing/lib/dobot_homing
[1.983s] writing list of installed files to '/home/ubuntu/magician_ros2_control_system_ws/build/dobot_homing/install.log'
[1.999s] Invoked command in '/home/ubuntu/magician_ros2_control_system_ws/src/dobot_homing' returned '0': AMENT_PREFIX_PATH=/home/ubuntu/magician_ros2_control_system_ws/install/dobot_msgs:${AMENT_PREFIX_PATH} CMAKE_PREFIX_PATH=/home/ubuntu/magician_ros2_control_system_ws/install/dobot_msgs LD_LIBRARY_PATH=/home/ubuntu/magician_ros2_control_system_ws/install/dobot_msgs/lib:${LD_LIBRARY_PATH} PYTHONPATH=/home/ubuntu/magician_ros2_control_system_ws/build/dobot_homing/prefix_override:/usr/lib/python3/dist-packages/colcon_core/task/python/colcon_distutils_commands:/home/ubuntu/magician_ros2_control_system_ws/install/dobot_homing/lib/python3.10/site-packages:/home/ubuntu/magician_ros2_control_system_ws/install/dobot_msgs/local/lib/python3.10/dist-packages:${PYTHONPATH} /usr/bin/python3 -W ignore:setup.py install is deprecated setup.py egg_info --egg-base ../../build/dobot_homing build --build-base /home/ubuntu/magician_ros2_control_system_ws/build/dobot_homing/build install --record /home/ubuntu/magician_ros2_control_system_ws/build/dobot_homing/install.log --single-version-externally-managed install_data
