[1.608s] Invoking command in '/home/ubuntu/magician_ros2_control_system_ws/src/dobot_homing': PYTHONPATH=/home/ubuntu/magician_ros2_control_system_ws/build/dobot_homing/prefix_override:/usr/lib/python3/dist-packages/colcon_core/task/python/colcon_distutils_commands:/home/ubuntu/magician_ros2_control_system_ws/install/dobot_homing/lib/python3.10/site-packages:${PYTHONPATH} /usr/bin/python3 -W ignore:setup.py install is deprecated setup.py egg_info --egg-base ../../build/dobot_homing build --build-base /home/ubuntu/magician_ros2_control_system_ws/build/dobot_homing/build install --record /home/ubuntu/magician_ros2_control_system_ws/build/dobot_homing/install.log --single-version-externally-managed install_data
[1.894s] running egg_info
[1.894s] writing ../../build/dobot_homing/dobot_homing.egg-info/PKG-INFO
[1.895s] writing dependency_links to ../../build/dobot_homing/dobot_homing.egg-info/dependency_links.txt
[1.895s] writing entry points to ../../build/dobot_homing/dobot_homing.egg-info/entry_points.txt
[1.895s] writing requirements to ../../build/dobot_homing/dobot_homing.egg-info/requires.txt
[1.895s] writing top-level names to ../../build/dobot_homing/dobot_homing.egg-info/top_level.txt
[1.896s] reading manifest file '../../build/dobot_homing/dobot_homing.egg-info/SOURCES.txt'
[1.896s] writing manifest file '../../build/dobot_homing/dobot_homing.egg-info/SOURCES.txt'
[1.897s] running build
[1.897s] running build_py
[1.897s] running install
[1.897s] running install_lib
[1.898s] running install_data
[1.898s] running install_egg_info
[1.899s] removing '/home/ubuntu/magician_ros2_control_system_ws/install/dobot_homing/lib/python3.10/site-packages/dobot_homing-1.0.0-py3.10.egg-info' (and everything under it)
[1.899s] Copying ../../build/dobot_homing/dobot_homing.egg-info to /home/ubuntu/magician_ros2_control_system_ws/install/dobot_homing/lib/python3.10/site-packages/dobot_homing-1.0.0-py3.10.egg-info
[1.899s] running install_scripts
[1.913s] Installing homing_server script to /home/ubuntu/magician_ros2_control_system_ws/install/dobot_homing/lib/dobot_homing
[1.913s] writing list of installed files to '/home/ubuntu/magician_ros2_control_system_ws/build/dobot_homing/install.log'
[1.932s] Invoked command in '/home/ubuntu/magician_ros2_control_system_ws/src/dobot_homing' returned '0': PYTHONPATH=/home/ubuntu/magician_ros2_control_system_ws/build/dobot_homing/prefix_override:/usr/lib/python3/dist-packages/colcon_core/task/python/colcon_distutils_commands:/home/ubuntu/magician_ros2_control_system_ws/install/dobot_homing/lib/python3.10/site-packages:${PYTHONPATH} /usr/bin/python3 -W ignore:setup.py install is deprecated setup.py egg_info --egg-base ../../build/dobot_homing build --build-base /home/ubuntu/magician_ros2_control_system_ws/build/dobot_homing/build install --record /home/ubuntu/magician_ros2_control_system_ws/build/dobot_homing/install.log --single-version-externally-managed install_data
