[1.652s] Invoking command in '/home/ubuntu/magician_ros2_control_system_ws/src/dobot_state_updater': PYTHONPATH=/home/ubuntu/magician_ros2_control_system_ws/build/dobot_state_updater/prefix_override:/usr/lib/python3/dist-packages/colcon_core/task/python/colcon_distutils_commands:/home/ubuntu/magician_ros2_control_system_ws/install/dobot_state_updater/lib/python3.10/site-packages:${PYTHONPATH} /usr/bin/python3 -W ignore:setup.py install is deprecated setup.py egg_info --egg-base ../../build/dobot_state_updater build --build-base /home/ubuntu/magician_ros2_control_system_ws/build/dobot_state_updater/build install --record /home/ubuntu/magician_ros2_control_system_ws/build/dobot_state_updater/install.log --single-version-externally-managed install_data
[2.019s] running egg_info
[2.020s] writing ../../build/dobot_state_updater/dobot_state_updater.egg-info/PKG-INFO
[2.020s] writing dependency_links to ../../build/dobot_state_updater/dobot_state_updater.egg-info/dependency_links.txt
[2.021s] writing entry points to ../../build/dobot_state_updater/dobot_state_updater.egg-info/entry_points.txt
[2.021s] writing requirements to ../../build/dobot_state_updater/dobot_state_updater.egg-info/requires.txt
[2.021s] writing top-level names to ../../build/dobot_state_updater/dobot_state_updater.egg-info/top_level.txt
[2.022s] reading manifest file '../../build/dobot_state_updater/dobot_state_updater.egg-info/SOURCES.txt'
[2.024s] writing manifest file '../../build/dobot_state_updater/dobot_state_updater.egg-info/SOURCES.txt'
[2.024s] running build
[2.024s] running build_py
[2.024s] running install
[2.025s] running install_lib
[2.026s] running install_data
[2.026s] running install_egg_info
[2.028s] removing '/home/ubuntu/magician_ros2_control_system_ws/install/dobot_state_updater/lib/python3.10/site-packages/dobot_state_updater-1.0.0-py3.10.egg-info' (and everything under it)
[2.028s] Copying ../../build/dobot_state_updater/dobot_state_updater.egg-info to /home/ubuntu/magician_ros2_control_system_ws/install/dobot_state_updater/lib/python3.10/site-packages/dobot_state_updater-1.0.0-py3.10.egg-info
[2.029s] running install_scripts
[2.046s] Installing state_publisher script to /home/ubuntu/magician_ros2_control_system_ws/install/dobot_state_updater/lib/dobot_state_updater
[2.047s] writing list of installed files to '/home/ubuntu/magician_ros2_control_system_ws/build/dobot_state_updater/install.log'
[2.078s] Invoked command in '/home/ubuntu/magician_ros2_control_system_ws/src/dobot_state_updater' returned '0': PYTHONPATH=/home/ubuntu/magician_ros2_control_system_ws/build/dobot_state_updater/prefix_override:/usr/lib/python3/dist-packages/colcon_core/task/python/colcon_distutils_commands:/home/ubuntu/magician_ros2_control_system_ws/install/dobot_state_updater/lib/python3.10/site-packages:${PYTHONPATH} /usr/bin/python3 -W ignore:setup.py install is deprecated setup.py egg_info --egg-base ../../build/dobot_state_updater build --build-base /home/ubuntu/magician_ros2_control_system_ws/build/dobot_state_updater/build install --record /home/ubuntu/magician_ros2_control_system_ws/build/dobot_state_updater/install.log --single-version-externally-managed install_data
