Traceback (most recent call last):
  File "/home/ubuntu/magician_ros2_control_system_ws/build/dobot_msgs/ament_cmake_python/dobot_msgs/setup.py", line 4, in <module>
    setup(
  File "/home/ubuntu/.local/lib/python3.10/site-packages/setuptools/__init__.py", line 117, in setup
    return distutils.core.setup(**attrs)
  File "/home/ubuntu/.local/lib/python3.10/site-packages/setuptools/_distutils/core.py", line 183, in setup
    return run_commands(dist)
  File "/home/ubuntu/.local/lib/python3.10/site-packages/setuptools/_distutils/core.py", line 199, in run_commands
    dist.run_commands()
  File "/home/ubuntu/.local/lib/python3.10/site-packages/setuptools/_distutils/dist.py", line 954, in run_commands
    self.run_command(cmd)
  File "/home/ubuntu/.local/lib/python3.10/site-packages/setuptools/dist.py", line 994, in run_command
    super().run_command(command)
  File "/home/ubuntu/.local/lib/python3.10/site-packages/setuptools/_distutils/dist.py", line 973, in run_command
    cmd_obj.run()
  File "/home/ubuntu/.local/lib/python3.10/site-packages/setuptools/command/egg_info.py", line 312, in run
    self.find_sources()
  File "/home/ubuntu/.local/lib/python3.10/site-packages/setuptools/command/egg_info.py", line 320, in find_sources
    mm.run()
  File "/home/ubuntu/.local/lib/python3.10/site-packages/setuptools/command/egg_info.py", line 548, in run
    self.prune_file_list()
  File "/home/ubuntu/.local/lib/python3.10/site-packages/setuptools/command/sdist.py", line 162, in prune_file_list
    super().prune_file_list()
  File "/home/ubuntu/.local/lib/python3.10/site-packages/setuptools/_distutils/command/sdist.py", line 380, in prune_file_list
    base_dir = self.distribution.get_fullname()
  File "/home/ubuntu/.local/lib/python3.10/site-packages/setuptools/_core_metadata.py", line 267, in get_fullname
    return _distribution_fullname(self.get_name(), self.get_version())
  File "/home/ubuntu/.local/lib/python3.10/site-packages/setuptools/_core_metadata.py", line 285, in _distribution_fullname
    canonicalize_version(version, strip_trailing_zero=False),
TypeError: canonicalize_version() got an unexpected keyword argument 'strip_trailing_zero'
gmake[2]: *** [CMakeFiles/ament_cmake_python_build_dobot_msgs_egg.dir/build.make:70: CMakeFiles/ament_cmake_python_build_dobot_msgs_egg] Error 1
gmake[1]: *** [CMakeFiles/Makefile2:447: CMakeFiles/ament_cmake_python_build_dobot_msgs_egg.dir/all] Error 2
gmake: *** [Makefile:146: all] Error 2
[  1%] Built target dobot_msgs__cpp
[ 12%] Built target dobot_msgs__rosidl_generator_c
[ 12%] Built target ament_cmake_python_copy_dobot_msgs
[35m[1mConsolidate compiler generated dependencies of target dobot_msgs__rosidl_typesupport_introspection_c[0m
[35m[1mConsolidate compiler generated dependencies of target dobot_msgs__rosidl_typesupport_introspection_cpp[0m
[35m[1mConsolidate compiler generated dependencies of target dobot_msgs__rosidl_typesupport_cpp[0m
[35m[1mConsolidate compiler generated dependencies of target dobot_msgs__rosidl_typesupport_c[0m
[35m[1mConsolidate compiler generated dependencies of target dobot_msgs__rosidl_typesupport_fastrtps_cpp[0m
[35m[1mConsolidate compiler generated dependencies of target dobot_msgs__rosidl_typesupport_fastrtps_c[0m
[ 24%] Built target dobot_msgs__rosidl_typesupport_c
[ 35%] Built target dobot_msgs__rosidl_typesupport_introspection_c
[ 55%] Built target dobot_msgs__rosidl_typesupport_introspection_cpp
[ 59%] Built target dobot_msgs__rosidl_typesupport_fastrtps_cpp
[ 70%] Built target dobot_msgs__rosidl_typesupport_cpp
[ 81%] Built target dobot_msgs__rosidl_typesupport_fastrtps_c
[ 81%] Built target dobot_msgs
[ 82%] Built target dobot_msgs__py
[35m[1mConsolidate compiler generated dependencies of target dobot_msgs__rosidl_generator_py[0m
[ 93%] Built target dobot_msgs__rosidl_generator_py
[35m[1mConsolidate compiler generated dependencies of target dobot_msgs__rosidl_typesupport_c__pyext[0m
[35m[1mConsolidate compiler generated dependencies of target dobot_msgs__rosidl_typesupport_fastrtps_c__pyext[0m
[35m[1mConsolidate compiler generated dependencies of target dobot_msgs__rosidl_typesupport_introspection_c__pyext[0m
[ 95%] Built target dobot_msgs__rosidl_typesupport_c__pyext
[ 97%] Built target dobot_msgs__rosidl_typesupport_fastrtps_c__pyext
[100%] Built target dobot_msgs__rosidl_typesupport_introspection_c__pyext
running egg_info
writing dobot_msgs.egg-info/PKG-INFO
writing dependency_links to dobot_msgs.egg-info/dependency_links.txt
writing top-level names to dobot_msgs.egg-info/top_level.txt
reading manifest file 'dobot_msgs.egg-info/SOURCES.txt'
