[0.034s] Invoking command in '/home/ubuntu/magician_ros2_control_system_ws/build/dobot_msgs': CMAKE_PREFIX_PATH=${CMAKE_PREFIX_PATH}:/home/ubuntu/magician_ros2_control_system_ws/install/interate_prac:/home/ubuntu/magician_ros2_control_system_ws/install/gyeong_pkg:/home/ubuntu/magician_ros2_control_system_ws/install/dobot_visualization_tools:/home/ubuntu/magician_ros2_control_system_ws/install/dobot_state_updater:/home/ubuntu/magician_ros2_control_system_ws/install/dobot_motion:/home/ubuntu/magician_ros2_control_system_ws/install/dobot_kinematics:/home/ubuntu/magician_ros2_control_system_ws/install/dobot_homing:/home/ubuntu/magician_ros2_control_system_ws/install/dobot_end_effector:/home/ubuntu/magician_ros2_control_system_ws/install/dobot_diagnostics:/home/ubuntu/magician_ros2_control_system_ws/install/dobot_demos:/home/ubuntu/magician_ros2_control_system_ws/install/dobot_control_panel:/home/ubuntu/magician_ros2_control_system_ws/install/dobot_bringup:/opt/ros/humble /usr/bin/cmake --build /home/ubuntu/magician_ros2_control_system_ws/build/dobot_msgs -- -j20 -l20
[0.652s] Traceback (most recent call last):
[0.652s]   File "/home/ubuntu/magician_ros2_control_system_ws/build/dobot_msgs/ament_cmake_python/dobot_msgs/setup.py", line 4, in <module>
[0.652s]     setup(
[0.652s]   File "/home/ubuntu/.local/lib/python3.10/site-packages/setuptools/__init__.py", line 117, in setup
[0.653s]     return distutils.core.setup(**attrs)
[0.653s]   File "/home/ubuntu/.local/lib/python3.10/site-packages/setuptools/_distutils/core.py", line 183, in setup
[0.653s]     return run_commands(dist)
[0.653s]   File "/home/ubuntu/.local/lib/python3.10/site-packages/setuptools/_distutils/core.py", line 199, in run_commands
[0.653s]     dist.run_commands()
[0.653s]   File "/home/ubuntu/.local/lib/python3.10/site-packages/setuptools/_distutils/dist.py", line 954, in run_commands
[0.653s]     self.run_command(cmd)
[0.653s]   File "/home/ubuntu/.local/lib/python3.10/site-packages/setuptools/dist.py", line 994, in run_command
[0.653s]     super().run_command(command)
[0.653s]   File "/home/ubuntu/.local/lib/python3.10/site-packages/setuptools/_distutils/dist.py", line 973, in run_command
[0.653s]     cmd_obj.run()
[0.653s]   File "/home/ubuntu/.local/lib/python3.10/site-packages/setuptools/command/egg_info.py", line 312, in run
[0.653s]     self.find_sources()
[0.653s]   File "/home/ubuntu/.local/lib/python3.10/site-packages/setuptools/command/egg_info.py", line 320, in find_sources
[0.654s]     mm.run()
[0.654s]   File "/home/ubuntu/.local/lib/python3.10/site-packages/setuptools/command/egg_info.py", line 548, in run
[0.654s]     self.prune_file_list()
[0.654s]   File "/home/ubuntu/.local/lib/python3.10/site-packages/setuptools/command/sdist.py", line 162, in prune_file_list
[0.654s]     super().prune_file_list()
[0.654s]   File "/home/ubuntu/.local/lib/python3.10/site-packages/setuptools/_distutils/command/sdist.py", line 380, in prune_file_list
[0.654s]     base_dir = self.distribution.get_fullname()
[0.654s]   File "/home/ubuntu/.local/lib/python3.10/site-packages/setuptools/_core_metadata.py", line 267, in get_fullname
[0.654s]     return _distribution_fullname(self.get_name(), self.get_version())
[0.654s]   File "/home/ubuntu/.local/lib/python3.10/site-packages/setuptools/_core_metadata.py", line 285, in _distribution_fullname
[0.654s]     canonicalize_version(version, strip_trailing_zero=False),
[0.654s] TypeError: canonicalize_version() got an unexpected keyword argument 'strip_trailing_zero'
[0.654s] gmake[2]: *** [CMakeFiles/ament_cmake_python_build_dobot_msgs_egg.dir/build.make:70: CMakeFiles/ament_cmake_python_build_dobot_msgs_egg] Error 1
[0.654s] gmake[1]: *** [CMakeFiles/Makefile2:447: CMakeFiles/ament_cmake_python_build_dobot_msgs_egg.dir/all] Error 2
[0.654s] gmake: *** [Makefile:146: all] Error 2
[0.654s] [  1%] Built target dobot_msgs__cpp
[0.654s] [ 12%] Built target dobot_msgs__rosidl_generator_c
[0.654s] [ 12%] Built target ament_cmake_python_copy_dobot_msgs
[0.654s] [35m[1mConsolidate compiler generated dependencies of target dobot_msgs__rosidl_typesupport_introspection_c[0m
[0.654s] [35m[1mConsolidate compiler generated dependencies of target dobot_msgs__rosidl_typesupport_introspection_cpp[0m
[0.654s] [35m[1mConsolidate compiler generated dependencies of target dobot_msgs__rosidl_typesupport_cpp[0m
[0.654s] [35m[1mConsolidate compiler generated dependencies of target dobot_msgs__rosidl_typesupport_c[0m
[0.654s] [35m[1mConsolidate compiler generated dependencies of target dobot_msgs__rosidl_typesupport_fastrtps_cpp[0m
[0.654s] [35m[1mConsolidate compiler generated dependencies of target dobot_msgs__rosidl_typesupport_fastrtps_c[0m
[0.654s] [ 24%] Built target dobot_msgs__rosidl_typesupport_c
[0.654s] [ 35%] Built target dobot_msgs__rosidl_typesupport_introspection_c
[0.654s] [ 55%] Built target dobot_msgs__rosidl_typesupport_introspection_cpp
[0.654s] [ 59%] Built target dobot_msgs__rosidl_typesupport_fastrtps_cpp
[0.654s] [ 70%] Built target dobot_msgs__rosidl_typesupport_cpp
[0.654s] [ 81%] Built target dobot_msgs__rosidl_typesupport_fastrtps_c
[0.654s] [ 81%] Built target dobot_msgs
[0.654s] [ 82%] Built target dobot_msgs__py
[0.654s] [35m[1mConsolidate compiler generated dependencies of target dobot_msgs__rosidl_generator_py[0m
[0.654s] [ 93%] Built target dobot_msgs__rosidl_generator_py
[0.655s] [35m[1mConsolidate compiler generated dependencies of target dobot_msgs__rosidl_typesupport_c__pyext[0m
[0.655s] [35m[1mConsolidate compiler generated dependencies of target dobot_msgs__rosidl_typesupport_fastrtps_c__pyext[0m
[0.655s] [35m[1mConsolidate compiler generated dependencies of target dobot_msgs__rosidl_typesupport_introspection_c__pyext[0m
[0.655s] [ 95%] Built target dobot_msgs__rosidl_typesupport_c__pyext
[0.655s] [ 97%] Built target dobot_msgs__rosidl_typesupport_fastrtps_c__pyext
[0.655s] [100%] Built target dobot_msgs__rosidl_typesupport_introspection_c__pyext
[0.655s] running egg_info
[0.655s] writing dobot_msgs.egg-info/PKG-INFO
[0.655s] writing dependency_links to dobot_msgs.egg-info/dependency_links.txt
[0.655s] writing top-level names to dobot_msgs.egg-info/top_level.txt
[0.655s] reading manifest file 'dobot_msgs.egg-info/SOURCES.txt'
[0.657s] Invoked command in '/home/ubuntu/magician_ros2_control_system_ws/build/dobot_msgs' returned '2': CMAKE_PREFIX_PATH=${CMAKE_PREFIX_PATH}:/home/ubuntu/magician_ros2_control_system_ws/install/interate_prac:/home/ubuntu/magician_ros2_control_system_ws/install/gyeong_pkg:/home/ubuntu/magician_ros2_control_system_ws/install/dobot_visualization_tools:/home/ubuntu/magician_ros2_control_system_ws/install/dobot_state_updater:/home/ubuntu/magician_ros2_control_system_ws/install/dobot_motion:/home/ubuntu/magician_ros2_control_system_ws/install/dobot_kinematics:/home/ubuntu/magician_ros2_control_system_ws/install/dobot_homing:/home/ubuntu/magician_ros2_control_system_ws/install/dobot_end_effector:/home/ubuntu/magician_ros2_control_system_ws/install/dobot_diagnostics:/home/ubuntu/magician_ros2_control_system_ws/install/dobot_demos:/home/ubuntu/magician_ros2_control_system_ws/install/dobot_control_panel:/home/ubuntu/magician_ros2_control_system_ws/install/dobot_bringup:/opt/ros/humble /usr/bin/cmake --build /home/ubuntu/magician_ros2_control_system_ws/build/dobot_msgs -- -j20 -l20
