[1.651s] Invoking command in '/home/ubuntu/magician_ros2_control_system_ws/src/dobot_end_effector': AMENT_PREFIX_PATH=/home/ubuntu/magician_ros2_control_system_ws/install/dobot_msgs:${AMENT_PREFIX_PATH} CMAKE_PREFIX_PATH=/home/ubuntu/magician_ros2_control_system_ws/install/dobot_msgs LD_LIBRARY_PATH=/home/ubuntu/magician_ros2_control_system_ws/install/dobot_msgs/lib:${LD_LIBRARY_PATH} PYTHONPATH=/home/ubuntu/magician_ros2_control_system_ws/build/dobot_end_effector/prefix_override:/usr/lib/python3/dist-packages/colcon_core/task/python/colcon_distutils_commands:/home/ubuntu/magician_ros2_control_system_ws/install/dobot_end_effector/lib/python3.10/site-packages:/home/ubuntu/magician_ros2_control_system_ws/install/dobot_msgs/local/lib/python3.10/dist-packages:${PYTHONPATH} /usr/bin/python3 -W ignore:setup.py install is deprecated setup.py egg_info --egg-base ../../build/dobot_end_effector build --build-base /home/ubuntu/magician_ros2_control_system_ws/build/dobot_end_effector/build install --record /home/ubuntu/magician_ros2_control_system_ws/build/dobot_end_effector/install.log --single-version-externally-managed install_data
[1.819s] running egg_info
[1.819s] creating ../../build/dobot_end_effector/dobot_end_effector.egg-info
[1.819s] writing ../../build/dobot_end_effector/dobot_end_effector.egg-info/PKG-INFO
[1.819s] writing dependency_links to ../../build/dobot_end_effector/dobot_end_effector.egg-info/dependency_links.txt
[1.820s] writing entry points to ../../build/dobot_end_effector/dobot_end_effector.egg-info/entry_points.txt
[1.820s] writing requirements to ../../build/dobot_end_effector/dobot_end_effector.egg-info/requires.txt
[1.820s] writing top-level names to ../../build/dobot_end_effector/dobot_end_effector.egg-info/top_level.txt
[1.820s] writing manifest file '../../build/dobot_end_effector/dobot_end_effector.egg-info/SOURCES.txt'
[1.821s] reading manifest file '../../build/dobot_end_effector/dobot_end_effector.egg-info/SOURCES.txt'
[1.821s] writing manifest file '../../build/dobot_end_effector/dobot_end_effector.egg-info/SOURCES.txt'
[1.821s] running build
[1.822s] running build_py
[1.822s] creating /home/ubuntu/magician_ros2_control_system_ws/build/dobot_end_effector/build
[1.822s] creating /home/ubuntu/magician_ros2_control_system_ws/build/dobot_end_effector/build/lib
[1.822s] creating /home/ubuntu/magician_ros2_control_system_ws/build/dobot_end_effector/build/lib/dobot_end_effector
[1.822s] copying dobot_end_effector/__init__.py -> /home/ubuntu/magician_ros2_control_system_ws/build/dobot_end_effector/build/lib/dobot_end_effector
[1.822s] copying dobot_end_effector/gripper_server.py -> /home/ubuntu/magician_ros2_control_system_ws/build/dobot_end_effector/build/lib/dobot_end_effector
[1.822s] copying dobot_end_effector/suction_cup_server.py -> /home/ubuntu/magician_ros2_control_system_ws/build/dobot_end_effector/build/lib/dobot_end_effector
[1.822s] running install
[1.822s] running install_lib
[1.822s] creating /home/ubuntu/magician_ros2_control_system_ws/install/dobot_end_effector/lib/python3.10/site-packages/dobot_end_effector
[1.822s] copying /home/ubuntu/magician_ros2_control_system_ws/build/dobot_end_effector/build/lib/dobot_end_effector/__init__.py -> /home/ubuntu/magician_ros2_control_system_ws/install/dobot_end_effector/lib/python3.10/site-packages/dobot_end_effector
[1.823s] copying /home/ubuntu/magician_ros2_control_system_ws/build/dobot_end_effector/build/lib/dobot_end_effector/gripper_server.py -> /home/ubuntu/magician_ros2_control_system_ws/install/dobot_end_effector/lib/python3.10/site-packages/dobot_end_effector
[1.823s] copying /home/ubuntu/magician_ros2_control_system_ws/build/dobot_end_effector/build/lib/dobot_end_effector/suction_cup_server.py -> /home/ubuntu/magician_ros2_control_system_ws/install/dobot_end_effector/lib/python3.10/site-packages/dobot_end_effector
[1.823s] byte-compiling /home/ubuntu/magician_ros2_control_system_ws/install/dobot_end_effector/lib/python3.10/site-packages/dobot_end_effector/__init__.py to __init__.cpython-310.pyc
[1.823s] byte-compiling /home/ubuntu/magician_ros2_control_system_ws/install/dobot_end_effector/lib/python3.10/site-packages/dobot_end_effector/gripper_server.py to gripper_server.cpython-310.pyc
[1.823s] byte-compiling /home/ubuntu/magician_ros2_control_system_ws/install/dobot_end_effector/lib/python3.10/site-packages/dobot_end_effector/suction_cup_server.py to suction_cup_server.cpython-310.pyc
[1.824s] running install_data
[1.824s] creating /home/ubuntu/magician_ros2_control_system_ws/install/dobot_end_effector/share/ament_index
[1.824s] creating /home/ubuntu/magician_ros2_control_system_ws/install/dobot_end_effector/share/ament_index/resource_index
[1.824s] creating /home/ubuntu/magician_ros2_control_system_ws/install/dobot_end_effector/share/ament_index/resource_index/packages
[1.824s] copying resource/dobot_end_effector -> /home/ubuntu/magician_ros2_control_system_ws/install/dobot_end_effector/share/ament_index/resource_index/packages
[1.824s] copying package.xml -> /home/ubuntu/magician_ros2_control_system_ws/install/dobot_end_effector/share/dobot_end_effector
[1.824s] running install_egg_info
[1.825s] Copying ../../build/dobot_end_effector/dobot_end_effector.egg-info to /home/ubuntu/magician_ros2_control_system_ws/install/dobot_end_effector/lib/python3.10/site-packages/dobot_end_effector-1.0.0-py3.10.egg-info
[1.825s] running install_scripts
[1.840s] Installing gripper_server script to /home/ubuntu/magician_ros2_control_system_ws/install/dobot_end_effector/lib/dobot_end_effector
[1.840s] Installing suction_cup_server script to /home/ubuntu/magician_ros2_control_system_ws/install/dobot_end_effector/lib/dobot_end_effector
[1.840s] writing list of installed files to '/home/ubuntu/magician_ros2_control_system_ws/build/dobot_end_effector/install.log'
[1.859s] Invoked command in '/home/ubuntu/magician_ros2_control_system_ws/src/dobot_end_effector' returned '0': AMENT_PREFIX_PATH=/home/ubuntu/magician_ros2_control_system_ws/install/dobot_msgs:${AMENT_PREFIX_PATH} CMAKE_PREFIX_PATH=/home/ubuntu/magician_ros2_control_system_ws/install/dobot_msgs LD_LIBRARY_PATH=/home/ubuntu/magician_ros2_control_system_ws/install/dobot_msgs/lib:${LD_LIBRARY_PATH} PYTHONPATH=/home/ubuntu/magician_ros2_control_system_ws/build/dobot_end_effector/prefix_override:/usr/lib/python3/dist-packages/colcon_core/task/python/colcon_distutils_commands:/home/ubuntu/magician_ros2_control_system_ws/install/dobot_end_effector/lib/python3.10/site-packages:/home/ubuntu/magician_ros2_control_system_ws/install/dobot_msgs/local/lib/python3.10/dist-packages:${PYTHONPATH} /usr/bin/python3 -W ignore:setup.py install is deprecated setup.py egg_info --egg-base ../../build/dobot_end_effector build --build-base /home/ubuntu/magician_ros2_control_system_ws/build/dobot_end_effector/build install --record /home/ubuntu/magician_ros2_control_system_ws/build/dobot_end_effector/install.log --single-version-externally-managed install_data
