[1.122s] Invoking command in '/home/ubuntu/magician_ros2_control_system_ws/src/interate_prac': PYTHONPATH=/home/ubuntu/magician_ros2_control_system_ws/build/interate_prac/prefix_override:/usr/lib/python3/dist-packages/colcon_core/task/python/colcon_distutils_commands:/home/ubuntu/magician_ros2_control_system_ws/install/interate_prac/lib/python3.10/site-packages:${PYTHONPATH} /usr/bin/python3 -W ignore:setup.py install is deprecated setup.py egg_info --egg-base ../../build/interate_prac build --build-base /home/ubuntu/magician_ros2_control_system_ws/build/interate_prac/build install --record /home/ubuntu/magician_ros2_control_system_ws/build/interate_prac/install.log --single-version-externally-managed install_data
[1.237s] /home/ubuntu/.local/lib/python3.10/site-packages/setuptools/_distutils/dist.py:261: UserWarning: Unknown distribution option: 'tests_require'
[1.237s]   warnings.warn(msg)
[1.295s] running egg_info
[1.304s] creating ../../build/interate_prac/interate_prac.egg-info
[1.304s] writing ../../build/interate_prac/interate_prac.egg-info/PKG-INFO
[1.305s] writing dependency_links to ../../build/interate_prac/interate_prac.egg-info/dependency_links.txt
[1.305s] writing entry points to ../../build/interate_prac/interate_prac.egg-info/entry_points.txt
[1.305s] writing requirements to ../../build/interate_prac/interate_prac.egg-info/requires.txt
[1.305s] writing top-level names to ../../build/interate_prac/interate_prac.egg-info/top_level.txt
[1.305s] writing manifest file '../../build/interate_prac/interate_prac.egg-info/SOURCES.txt'
[1.325s] reading manifest file '../../build/interate_prac/interate_prac.egg-info/SOURCES.txt'
[1.325s] Traceback (most recent call last):
[1.325s]   File "/home/ubuntu/magician_ros2_control_system_ws/src/interate_prac/setup.py", line 5, in <module>
[1.325s]     setup(
[1.325s]   File "/home/ubuntu/.local/lib/python3.10/site-packages/setuptools/__init__.py", line 117, in setup
[1.325s]     return distutils.core.setup(**attrs)
[1.325s]   File "/home/ubuntu/.local/lib/python3.10/site-packages/setuptools/_distutils/core.py", line 183, in setup
[1.325s]     return run_commands(dist)
[1.325s]   File "/home/ubuntu/.local/lib/python3.10/site-packages/setuptools/_distutils/core.py", line 199, in run_commands
[1.325s]     dist.run_commands()
[1.325s]   File "/home/ubuntu/.local/lib/python3.10/site-packages/setuptools/_distutils/dist.py", line 954, in run_commands
[1.326s]     self.run_command(cmd)
[1.326s]   File "/home/ubuntu/.local/lib/python3.10/site-packages/setuptools/dist.py", line 994, in run_command
[1.326s]     super().run_command(command)
[1.326s]   File "/home/ubuntu/.local/lib/python3.10/site-packages/setuptools/_distutils/dist.py", line 973, in run_command
[1.326s]     cmd_obj.run()
[1.326s]   File "/home/ubuntu/.local/lib/python3.10/site-packages/setuptools/command/egg_info.py", line 312, in run
[1.326s]     self.find_sources()
[1.326s]   File "/home/ubuntu/.local/lib/python3.10/site-packages/setuptools/command/egg_info.py", line 320, in find_sources
[1.326s]     mm.run()
[1.326s]   File "/home/ubuntu/.local/lib/python3.10/site-packages/setuptools/command/egg_info.py", line 548, in run
[1.326s]     self.prune_file_list()
[1.326s]   File "/home/ubuntu/.local/lib/python3.10/site-packages/setuptools/command/sdist.py", line 162, in prune_file_list
[1.326s]     super().prune_file_list()
[1.326s]   File "/home/ubuntu/.local/lib/python3.10/site-packages/setuptools/_distutils/command/sdist.py", line 380, in prune_file_list
[1.327s]     base_dir = self.distribution.get_fullname()
[1.327s]   File "/home/ubuntu/.local/lib/python3.10/site-packages/setuptools/_core_metadata.py", line 267, in get_fullname
[1.327s]     return _distribution_fullname(self.get_name(), self.get_version())
[1.327s]   File "/home/ubuntu/.local/lib/python3.10/site-packages/setuptools/_core_metadata.py", line 285, in _distribution_fullname
[1.327s]     canonicalize_version(version, strip_trailing_zero=False),
[1.327s] TypeError: canonicalize_version() got an unexpected keyword argument 'strip_trailing_zero'
[1.345s] Invoked command in '/home/ubuntu/magician_ros2_control_system_ws/src/interate_prac' returned '1': PYTHONPATH=/home/ubuntu/magician_ros2_control_system_ws/build/interate_prac/prefix_override:/usr/lib/python3/dist-packages/colcon_core/task/python/colcon_distutils_commands:/home/ubuntu/magician_ros2_control_system_ws/install/interate_prac/lib/python3.10/site-packages:${PYTHONPATH} /usr/bin/python3 -W ignore:setup.py install is deprecated setup.py egg_info --egg-base ../../build/interate_prac build --build-base /home/ubuntu/magician_ros2_control_system_ws/build/interate_prac/build install --record /home/ubuntu/magician_ros2_control_system_ws/build/interate_prac/install.log --single-version-externally-managed install_data
